ARM GAS  C:\Users\Sarah\AppData\Local\Temp\ccclTPOi.s 			page 1


   1              		.cpu cortex-m0
   2              		.fpu softvfp
   3              		.eabi_attribute 20, 1
   4              		.eabi_attribute 21, 1
   5              		.eabi_attribute 23, 3
   6              		.eabi_attribute 24, 1
   7              		.eabi_attribute 25, 1
   8              		.eabi_attribute 26, 1
   9              		.eabi_attribute 30, 1
  10              		.eabi_attribute 34, 0
  11              		.eabi_attribute 18, 4
  12              		.code	16
  13              		.file	"cyfitter_cfg.c"
  14              		.text
  15              	.Ltext0:
  16              		.cfi_sections	.debug_frame
  17              		.section	.text.AnalogSetDefault,"ax",%progbits
  18              		.align	2
  19              		.code	16
  20              		.thumb_func
  21              		.type	AnalogSetDefault, %function
  22              	AnalogSetDefault:
  23              	.LFB6:
  24              		.file 1 "Generated_Source\\PSoC4\\cyfitter_cfg.c"
   1:Generated_Source\PSoC4/cyfitter_cfg.c **** /*******************************************************************************
   2:Generated_Source\PSoC4/cyfitter_cfg.c **** * File Name: cyfitter_cfg.c
   3:Generated_Source\PSoC4/cyfitter_cfg.c **** * 
   4:Generated_Source\PSoC4/cyfitter_cfg.c **** * PSoC Creator  4.0 Update 1
   5:Generated_Source\PSoC4/cyfitter_cfg.c **** *
   6:Generated_Source\PSoC4/cyfitter_cfg.c **** * Description:
   7:Generated_Source\PSoC4/cyfitter_cfg.c **** * This file contains device initialization code.
   8:Generated_Source\PSoC4/cyfitter_cfg.c **** * Except for the user defined sections in CyClockStartupError(), this file should not be modified.
   9:Generated_Source\PSoC4/cyfitter_cfg.c **** * This file is automatically generated by PSoC Creator.
  10:Generated_Source\PSoC4/cyfitter_cfg.c **** *
  11:Generated_Source\PSoC4/cyfitter_cfg.c **** ********************************************************************************
  12:Generated_Source\PSoC4/cyfitter_cfg.c **** * Copyright (c) 2007-2016 Cypress Semiconductor.  All rights reserved.
  13:Generated_Source\PSoC4/cyfitter_cfg.c **** * You may use this file only in accordance with the license, terms, conditions, 
  14:Generated_Source\PSoC4/cyfitter_cfg.c **** * disclaimers, and limitations in the end user license agreement accompanying 
  15:Generated_Source\PSoC4/cyfitter_cfg.c **** * the software package with which this file was provided.
  16:Generated_Source\PSoC4/cyfitter_cfg.c **** ********************************************************************************/
  17:Generated_Source\PSoC4/cyfitter_cfg.c **** 
  18:Generated_Source\PSoC4/cyfitter_cfg.c **** #include <string.h>
  19:Generated_Source\PSoC4/cyfitter_cfg.c **** #include "cytypes.h"
  20:Generated_Source\PSoC4/cyfitter_cfg.c **** #include "cydevice_trm.h"
  21:Generated_Source\PSoC4/cyfitter_cfg.c **** #include "cyfitter.h"
  22:Generated_Source\PSoC4/cyfitter_cfg.c **** #include "CyLib.h"
  23:Generated_Source\PSoC4/cyfitter_cfg.c **** #include "CyLFClk.h"
  24:Generated_Source\PSoC4/cyfitter_cfg.c **** #include "cyfitter_cfg.h"
  25:Generated_Source\PSoC4/cyfitter_cfg.c **** #include "cyapicallbacks.h"
  26:Generated_Source\PSoC4/cyfitter_cfg.c **** 
  27:Generated_Source\PSoC4/cyfitter_cfg.c **** 
  28:Generated_Source\PSoC4/cyfitter_cfg.c **** #if defined(__GNUC__) || defined(__ARMCC_VERSION)
  29:Generated_Source\PSoC4/cyfitter_cfg.c ****     #define CYPACKED 
  30:Generated_Source\PSoC4/cyfitter_cfg.c ****     #define CYPACKED_ATTR __attribute__ ((packed))
  31:Generated_Source\PSoC4/cyfitter_cfg.c ****     #define CYALIGNED __attribute__ ((aligned))
  32:Generated_Source\PSoC4/cyfitter_cfg.c ****     #define CY_CFG_UNUSED __attribute__ ((unused))
  33:Generated_Source\PSoC4/cyfitter_cfg.c ****     #ifndef CY_CFG_SECTION
ARM GAS  C:\Users\Sarah\AppData\Local\Temp\ccclTPOi.s 			page 2


  34:Generated_Source\PSoC4/cyfitter_cfg.c ****         #define CY_CFG_SECTION __attribute__ ((section(".psocinit")))
  35:Generated_Source\PSoC4/cyfitter_cfg.c ****     #endif
  36:Generated_Source\PSoC4/cyfitter_cfg.c ****     
  37:Generated_Source\PSoC4/cyfitter_cfg.c ****     #if defined(__ARMCC_VERSION)
  38:Generated_Source\PSoC4/cyfitter_cfg.c ****         #define CY_CFG_MEMORY_BARRIER() __memory_changed()
  39:Generated_Source\PSoC4/cyfitter_cfg.c ****     #else
  40:Generated_Source\PSoC4/cyfitter_cfg.c ****         #define CY_CFG_MEMORY_BARRIER() __sync_synchronize()
  41:Generated_Source\PSoC4/cyfitter_cfg.c ****     #endif
  42:Generated_Source\PSoC4/cyfitter_cfg.c ****     
  43:Generated_Source\PSoC4/cyfitter_cfg.c **** #elif defined(__ICCARM__)
  44:Generated_Source\PSoC4/cyfitter_cfg.c ****     #include <intrinsics.h>
  45:Generated_Source\PSoC4/cyfitter_cfg.c **** 
  46:Generated_Source\PSoC4/cyfitter_cfg.c ****     #define CYPACKED __packed
  47:Generated_Source\PSoC4/cyfitter_cfg.c ****     #define CYPACKED_ATTR 
  48:Generated_Source\PSoC4/cyfitter_cfg.c ****     #define CYALIGNED _Pragma("data_alignment=4")
  49:Generated_Source\PSoC4/cyfitter_cfg.c ****     #define CY_CFG_UNUSED _Pragma("diag_suppress=Pe177")
  50:Generated_Source\PSoC4/cyfitter_cfg.c ****     #define CY_CFG_SECTION _Pragma("location=\".psocinit\"")
  51:Generated_Source\PSoC4/cyfitter_cfg.c ****     
  52:Generated_Source\PSoC4/cyfitter_cfg.c ****     #define CY_CFG_MEMORY_BARRIER() __DMB()
  53:Generated_Source\PSoC4/cyfitter_cfg.c ****     
  54:Generated_Source\PSoC4/cyfitter_cfg.c **** #else
  55:Generated_Source\PSoC4/cyfitter_cfg.c ****     #error Unsupported toolchain
  56:Generated_Source\PSoC4/cyfitter_cfg.c **** #endif
  57:Generated_Source\PSoC4/cyfitter_cfg.c **** 
  58:Generated_Source\PSoC4/cyfitter_cfg.c **** 
  59:Generated_Source\PSoC4/cyfitter_cfg.c **** CY_CFG_UNUSED
  60:Generated_Source\PSoC4/cyfitter_cfg.c **** static void CYMEMZERO(void *s, size_t n);
  61:Generated_Source\PSoC4/cyfitter_cfg.c **** CY_CFG_UNUSED
  62:Generated_Source\PSoC4/cyfitter_cfg.c **** static void CYMEMZERO(void *s, size_t n)
  63:Generated_Source\PSoC4/cyfitter_cfg.c **** {
  64:Generated_Source\PSoC4/cyfitter_cfg.c **** 	(void)memset(s, 0, n);
  65:Generated_Source\PSoC4/cyfitter_cfg.c **** }
  66:Generated_Source\PSoC4/cyfitter_cfg.c **** CY_CFG_UNUSED
  67:Generated_Source\PSoC4/cyfitter_cfg.c **** static void CYCONFIGCPY(void *dest, const void *src, size_t n);
  68:Generated_Source\PSoC4/cyfitter_cfg.c **** CY_CFG_UNUSED
  69:Generated_Source\PSoC4/cyfitter_cfg.c **** static void CYCONFIGCPY(void *dest, const void *src, size_t n)
  70:Generated_Source\PSoC4/cyfitter_cfg.c **** {
  71:Generated_Source\PSoC4/cyfitter_cfg.c **** 	(void)memcpy(dest, src, n);
  72:Generated_Source\PSoC4/cyfitter_cfg.c **** }
  73:Generated_Source\PSoC4/cyfitter_cfg.c **** CY_CFG_UNUSED
  74:Generated_Source\PSoC4/cyfitter_cfg.c **** static void CYCONFIGCPYCODE(void *dest, const void *src, size_t n);
  75:Generated_Source\PSoC4/cyfitter_cfg.c **** CY_CFG_UNUSED
  76:Generated_Source\PSoC4/cyfitter_cfg.c **** static void CYCONFIGCPYCODE(void *dest, const void *src, size_t n)
  77:Generated_Source\PSoC4/cyfitter_cfg.c **** {
  78:Generated_Source\PSoC4/cyfitter_cfg.c **** 	(void)memcpy(dest, src, n);
  79:Generated_Source\PSoC4/cyfitter_cfg.c **** }
  80:Generated_Source\PSoC4/cyfitter_cfg.c **** 
  81:Generated_Source\PSoC4/cyfitter_cfg.c **** 
  82:Generated_Source\PSoC4/cyfitter_cfg.c **** 
  83:Generated_Source\PSoC4/cyfitter_cfg.c **** 
  84:Generated_Source\PSoC4/cyfitter_cfg.c **** /* Clock startup error codes                                                   */
  85:Generated_Source\PSoC4/cyfitter_cfg.c **** #define CYCLOCKSTART_NO_ERROR    0u
  86:Generated_Source\PSoC4/cyfitter_cfg.c **** #define CYCLOCKSTART_XTAL_ERROR  1u
  87:Generated_Source\PSoC4/cyfitter_cfg.c **** #define CYCLOCKSTART_32KHZ_ERROR 2u
  88:Generated_Source\PSoC4/cyfitter_cfg.c **** #define CYCLOCKSTART_PLL_ERROR   3u
  89:Generated_Source\PSoC4/cyfitter_cfg.c **** 
  90:Generated_Source\PSoC4/cyfitter_cfg.c **** 
ARM GAS  C:\Users\Sarah\AppData\Local\Temp\ccclTPOi.s 			page 3


  91:Generated_Source\PSoC4/cyfitter_cfg.c **** #ifdef CY_NEED_CYCLOCKSTARTUPERROR
  92:Generated_Source\PSoC4/cyfitter_cfg.c **** /*******************************************************************************
  93:Generated_Source\PSoC4/cyfitter_cfg.c **** * Function Name: CyClockStartupError
  94:Generated_Source\PSoC4/cyfitter_cfg.c **** ********************************************************************************
  95:Generated_Source\PSoC4/cyfitter_cfg.c **** * Summary:
  96:Generated_Source\PSoC4/cyfitter_cfg.c **** *  If an error is encountered during clock configuration (crystal startup error,
  97:Generated_Source\PSoC4/cyfitter_cfg.c **** *  PLL lock error, etc.), the system will end up here.  Unless reimplemented by
  98:Generated_Source\PSoC4/cyfitter_cfg.c **** *  the customer, this function will stop in an infinite loop.
  99:Generated_Source\PSoC4/cyfitter_cfg.c **** *
 100:Generated_Source\PSoC4/cyfitter_cfg.c **** * Parameters:
 101:Generated_Source\PSoC4/cyfitter_cfg.c **** *   void
 102:Generated_Source\PSoC4/cyfitter_cfg.c **** *
 103:Generated_Source\PSoC4/cyfitter_cfg.c **** * Return:
 104:Generated_Source\PSoC4/cyfitter_cfg.c **** *   void
 105:Generated_Source\PSoC4/cyfitter_cfg.c **** *
 106:Generated_Source\PSoC4/cyfitter_cfg.c **** *******************************************************************************/
 107:Generated_Source\PSoC4/cyfitter_cfg.c **** CY_CFG_UNUSED
 108:Generated_Source\PSoC4/cyfitter_cfg.c **** static void CyClockStartupError(uint8 errorCode);
 109:Generated_Source\PSoC4/cyfitter_cfg.c **** CY_CFG_UNUSED
 110:Generated_Source\PSoC4/cyfitter_cfg.c **** static void CyClockStartupError(uint8 errorCode)
 111:Generated_Source\PSoC4/cyfitter_cfg.c **** {
 112:Generated_Source\PSoC4/cyfitter_cfg.c ****     /* To remove the compiler warning if errorCode not used.                */
 113:Generated_Source\PSoC4/cyfitter_cfg.c ****     errorCode = errorCode;
 114:Generated_Source\PSoC4/cyfitter_cfg.c **** 
 115:Generated_Source\PSoC4/cyfitter_cfg.c ****     /* If we have a clock startup error (bad MHz crystal, PLL lock, etc.),  */
 116:Generated_Source\PSoC4/cyfitter_cfg.c ****     /* we will end up here to allow the customer to implement something to  */
 117:Generated_Source\PSoC4/cyfitter_cfg.c ****     /* deal with the clock condition.                                       */
 118:Generated_Source\PSoC4/cyfitter_cfg.c **** 
 119:Generated_Source\PSoC4/cyfitter_cfg.c **** #ifdef CY_CFG_CLOCK_STARTUP_ERROR_CALLBACK
 120:Generated_Source\PSoC4/cyfitter_cfg.c **** 	CY_CFG_Clock_Startup_ErrorCallback();
 121:Generated_Source\PSoC4/cyfitter_cfg.c **** #else
 122:Generated_Source\PSoC4/cyfitter_cfg.c **** 	/*  If not using CY_CFG_CLOCK_STARTUP_ERROR_CALLBACK, place your clock startup code here. */
 123:Generated_Source\PSoC4/cyfitter_cfg.c ****     /* `#START CyClockStartupError` */
 124:Generated_Source\PSoC4/cyfitter_cfg.c **** 
 125:Generated_Source\PSoC4/cyfitter_cfg.c **** 
 126:Generated_Source\PSoC4/cyfitter_cfg.c **** 
 127:Generated_Source\PSoC4/cyfitter_cfg.c ****     /* `#END` */
 128:Generated_Source\PSoC4/cyfitter_cfg.c **** 
 129:Generated_Source\PSoC4/cyfitter_cfg.c ****     /* If nothing else, stop here since the clocks have not started         */
 130:Generated_Source\PSoC4/cyfitter_cfg.c ****     /* correctly.                                                           */
 131:Generated_Source\PSoC4/cyfitter_cfg.c ****     while(1) {}
 132:Generated_Source\PSoC4/cyfitter_cfg.c **** #endif /* CY_CFG_CLOCK_STARTUP_ERROR_CALLBACK */ 
 133:Generated_Source\PSoC4/cyfitter_cfg.c **** }
 134:Generated_Source\PSoC4/cyfitter_cfg.c **** #endif
 135:Generated_Source\PSoC4/cyfitter_cfg.c **** 
 136:Generated_Source\PSoC4/cyfitter_cfg.c **** 
 137:Generated_Source\PSoC4/cyfitter_cfg.c **** 
 138:Generated_Source\PSoC4/cyfitter_cfg.c **** /*******************************************************************************
 139:Generated_Source\PSoC4/cyfitter_cfg.c **** * Function Name: ClockSetup
 140:Generated_Source\PSoC4/cyfitter_cfg.c **** ********************************************************************************
 141:Generated_Source\PSoC4/cyfitter_cfg.c **** *
 142:Generated_Source\PSoC4/cyfitter_cfg.c **** * Summary:
 143:Generated_Source\PSoC4/cyfitter_cfg.c **** *   Performs the initialization of all of the clocks in the device based on the
 144:Generated_Source\PSoC4/cyfitter_cfg.c **** *   settings in the Clock tab of the DWR.  This includes enabling the requested
 145:Generated_Source\PSoC4/cyfitter_cfg.c **** *   clocks and setting the necessary dividers to produce the desired frequency. 
 146:Generated_Source\PSoC4/cyfitter_cfg.c **** *
 147:Generated_Source\PSoC4/cyfitter_cfg.c **** * Parameters:
ARM GAS  C:\Users\Sarah\AppData\Local\Temp\ccclTPOi.s 			page 4


 148:Generated_Source\PSoC4/cyfitter_cfg.c **** *   void
 149:Generated_Source\PSoC4/cyfitter_cfg.c **** *
 150:Generated_Source\PSoC4/cyfitter_cfg.c **** * Return:
 151:Generated_Source\PSoC4/cyfitter_cfg.c **** *   void
 152:Generated_Source\PSoC4/cyfitter_cfg.c **** *
 153:Generated_Source\PSoC4/cyfitter_cfg.c **** *******************************************************************************/
 154:Generated_Source\PSoC4/cyfitter_cfg.c **** static void ClockSetup(void);
 155:Generated_Source\PSoC4/cyfitter_cfg.c **** CY_CFG_SECTION
 156:Generated_Source\PSoC4/cyfitter_cfg.c **** static void ClockSetup(void)
 157:Generated_Source\PSoC4/cyfitter_cfg.c **** {
 158:Generated_Source\PSoC4/cyfitter_cfg.c **** 
 159:Generated_Source\PSoC4/cyfitter_cfg.c **** 	/* Set Flash Cycles based on max possible frequency in case a glitch occurs during ClockSetup(). *
 160:Generated_Source\PSoC4/cyfitter_cfg.c **** 	CY_SET_REG32((void CYXDATA *)(CYREG_CPUSS_FLASH_CTL), (0x0012u));
 161:Generated_Source\PSoC4/cyfitter_cfg.c **** 
 162:Generated_Source\PSoC4/cyfitter_cfg.c **** 	/* Start the WCO */
 163:Generated_Source\PSoC4/cyfitter_cfg.c **** 	CySysClkWcoStart();
 164:Generated_Source\PSoC4/cyfitter_cfg.c **** 	CyDelayCycles(12000000u); /* WCO may take up to 500ms to start */
 165:Generated_Source\PSoC4/cyfitter_cfg.c **** 	(void)CySysClkWcoSetPowerMode(CY_SYS_CLK_WCO_LPM);    /* Switch to the low power mode */
 166:Generated_Source\PSoC4/cyfitter_cfg.c **** 
 167:Generated_Source\PSoC4/cyfitter_cfg.c **** 	/* Setup and trim IMO based on desired frequency. */
 168:Generated_Source\PSoC4/cyfitter_cfg.c **** 	CySysClkWriteImoFreq(48u);
 169:Generated_Source\PSoC4/cyfitter_cfg.c **** 	/* CYDEV_CLK_ILO_CONFIG Starting address: CYDEV_CLK_ILO_CONFIG */
 170:Generated_Source\PSoC4/cyfitter_cfg.c **** 	CY_SET_XTND_REG32((void CYFAR *)(CYREG_CLK_ILO_CONFIG), 0x80000006u);
 171:Generated_Source\PSoC4/cyfitter_cfg.c **** 
 172:Generated_Source\PSoC4/cyfitter_cfg.c **** 	/* CYDEV_WDT_CONFIG Starting address: CYDEV_WDT_CONFIG */
 173:Generated_Source\PSoC4/cyfitter_cfg.c **** 	CY_SET_XTND_REG32((void CYFAR *)(CYREG_WDT_CONFIG), 0x40000000u);
 174:Generated_Source\PSoC4/cyfitter_cfg.c **** 
 175:Generated_Source\PSoC4/cyfitter_cfg.c **** 
 176:Generated_Source\PSoC4/cyfitter_cfg.c **** 	/* Enable fast start mode for XO */
 177:Generated_Source\PSoC4/cyfitter_cfg.c **** 	CY_SET_REG32((void*)CYREG_BLE_BLERD_BB_XO, CY_GET_REG32((void*)CYREG_BLE_BLERD_BB_XO) | (uint32)0x
 178:Generated_Source\PSoC4/cyfitter_cfg.c **** 	CY_SET_XTND_REG32((void CYFAR *)(CYREG_BLE_BLERD_BB_XO_CAPTRIM), 0x00003E2Du);
 179:Generated_Source\PSoC4/cyfitter_cfg.c **** 	/*Set XTAL(ECO) divider*/
 180:Generated_Source\PSoC4/cyfitter_cfg.c **** 	CY_SET_XTND_REG32((void CYFAR *)(CYREG_BLE_BLESS_XTAL_CLK_DIV_CONFIG), 0x00000000u);
 181:Generated_Source\PSoC4/cyfitter_cfg.c **** 	/* Disable Crystal Stable Interrupt before enabling ECO */
 182:Generated_Source\PSoC4/cyfitter_cfg.c **** 	CY_SET_REG32((void*)CYREG_BLE_BLESS_LL_DSM_CTRL, CY_GET_REG32((void*)CYREG_BLE_BLESS_LL_DSM_CTRL) 
 183:Generated_Source\PSoC4/cyfitter_cfg.c **** 	/* Start the ECO and do not check status since it is not needed for HFCLK */
 184:Generated_Source\PSoC4/cyfitter_cfg.c **** 	(void)CySysClkEcoStart(2000u);
 185:Generated_Source\PSoC4/cyfitter_cfg.c **** 	CyDelayUs(1500u); /* Wait to stabalize */
 186:Generated_Source\PSoC4/cyfitter_cfg.c **** 
 187:Generated_Source\PSoC4/cyfitter_cfg.c **** 	/* Setup phase aligned clocks */
 188:Generated_Source\PSoC4/cyfitter_cfg.c **** 	CY_SET_REG32((void *)CYREG_PERI_DIV_16_CTL0, 0x00002200u);
 189:Generated_Source\PSoC4/cyfitter_cfg.c **** 	CY_SET_REG32((void *)CYREG_PERI_DIV_CMD, 0x8000FF40u);
 190:Generated_Source\PSoC4/cyfitter_cfg.c **** 
 191:Generated_Source\PSoC4/cyfitter_cfg.c **** 	/* CYDEV_CLK_IMO_CONFIG Starting address: CYDEV_CLK_IMO_CONFIG */
 192:Generated_Source\PSoC4/cyfitter_cfg.c **** 	CY_SET_XTND_REG32((void CYFAR *)(CYREG_CLK_IMO_CONFIG), 0x80000000u);
 193:Generated_Source\PSoC4/cyfitter_cfg.c **** 
 194:Generated_Source\PSoC4/cyfitter_cfg.c **** 	/* CYDEV_CLK_SELECT Starting address: CYDEV_CLK_SELECT */
 195:Generated_Source\PSoC4/cyfitter_cfg.c **** 	CY_SET_XTND_REG32((void CYFAR *)(CYREG_CLK_SELECT), 0x00040000u);
 196:Generated_Source\PSoC4/cyfitter_cfg.c **** 
 197:Generated_Source\PSoC4/cyfitter_cfg.c **** 	/* CYDEV_PERI_PCLK_CTL1 Starting address: CYDEV_PERI_PCLK_CTL1 */
 198:Generated_Source\PSoC4/cyfitter_cfg.c **** 	CY_SET_XTND_REG32((void CYFAR *)(CYREG_PERI_PCLK_CTL1), 0x00000040u);
 199:Generated_Source\PSoC4/cyfitter_cfg.c **** 
 200:Generated_Source\PSoC4/cyfitter_cfg.c **** 	(void)CyIntSetVector(8u, &CySysWdtIsr);
 201:Generated_Source\PSoC4/cyfitter_cfg.c **** 	CyIntEnable(8u);
 202:Generated_Source\PSoC4/cyfitter_cfg.c **** 	CY_SET_XTND_REG32((void CYFAR *)(CYREG_WDT_CONFIG), 0x40000000u);
 203:Generated_Source\PSoC4/cyfitter_cfg.c **** }
 204:Generated_Source\PSoC4/cyfitter_cfg.c **** 
ARM GAS  C:\Users\Sarah\AppData\Local\Temp\ccclTPOi.s 			page 5


 205:Generated_Source\PSoC4/cyfitter_cfg.c **** 
 206:Generated_Source\PSoC4/cyfitter_cfg.c **** /* Analog API Functions */
 207:Generated_Source\PSoC4/cyfitter_cfg.c **** 
 208:Generated_Source\PSoC4/cyfitter_cfg.c **** 
 209:Generated_Source\PSoC4/cyfitter_cfg.c **** /*******************************************************************************
 210:Generated_Source\PSoC4/cyfitter_cfg.c **** * Function Name: AnalogSetDefault
 211:Generated_Source\PSoC4/cyfitter_cfg.c **** ********************************************************************************
 212:Generated_Source\PSoC4/cyfitter_cfg.c **** *
 213:Generated_Source\PSoC4/cyfitter_cfg.c **** * Summary:
 214:Generated_Source\PSoC4/cyfitter_cfg.c **** *  Sets up the analog portions of the chip to default values based on chip
 215:Generated_Source\PSoC4/cyfitter_cfg.c **** *  configuration options from the project.
 216:Generated_Source\PSoC4/cyfitter_cfg.c **** *
 217:Generated_Source\PSoC4/cyfitter_cfg.c **** * Parameters:
 218:Generated_Source\PSoC4/cyfitter_cfg.c **** *  void
 219:Generated_Source\PSoC4/cyfitter_cfg.c **** *
 220:Generated_Source\PSoC4/cyfitter_cfg.c **** * Return:
 221:Generated_Source\PSoC4/cyfitter_cfg.c **** *  void
 222:Generated_Source\PSoC4/cyfitter_cfg.c **** *
 223:Generated_Source\PSoC4/cyfitter_cfg.c **** *******************************************************************************/
 224:Generated_Source\PSoC4/cyfitter_cfg.c **** static void AnalogSetDefault(void);
 225:Generated_Source\PSoC4/cyfitter_cfg.c **** static void AnalogSetDefault(void)
 226:Generated_Source\PSoC4/cyfitter_cfg.c **** {
  25              		.loc 1 226 0
  26              		.cfi_startproc
 227:Generated_Source\PSoC4/cyfitter_cfg.c **** 	CY_SET_XTND_REG32((void CYFAR *)CYREG_CTBM0_DFT_CTRL, 0x00000003u);
  27              		.loc 1 227 0
  28 0000 0323     		mov	r3, #3
  29 0002 044A     		ldr	r2, .L2
  30 0004 1360     		str	r3, [r2]
 228:Generated_Source\PSoC4/cyfitter_cfg.c **** 	CY_SET_XTND_REG32((void CYFAR *)CYREG_CTBM1_DFT_CTRL, 0x00000003u);
  31              		.loc 1 228 0
  32 0006 044A     		ldr	r2, .L2+4
  33 0008 1360     		str	r3, [r2]
 229:Generated_Source\PSoC4/cyfitter_cfg.c **** 	CY_SET_XTND_REG32((void CYFAR *)CYREG_PASS_DSAB_DSAB_CTRL, 0x00000000u);
  34              		.loc 1 229 0
  35 000a 0022     		mov	r2, #0
  36 000c 034B     		ldr	r3, .L2+8
  37 000e 1A60     		str	r2, [r3]
 230:Generated_Source\PSoC4/cyfitter_cfg.c **** }
  38              		.loc 1 230 0
  39              		@ sp needed
  40 0010 7047     		bx	lr
  41              	.L3:
  42 0012 C046     		.align	2
  43              	.L2:
  44 0014 30003040 		.word	1076887600
  45 0018 30003140 		.word	1076953136
  46 001c 000E3F40 		.word	1077874176
  47              		.cfi_endproc
  48              	.LFE6:
  49              		.size	AnalogSetDefault, .-AnalogSetDefault
  50              		.section	.text.CYMEMZERO,"ax",%progbits
  51              		.align	2
  52              		.code	16
  53              		.thumb_func
  54              		.type	CYMEMZERO, %function
  55              	CYMEMZERO:
ARM GAS  C:\Users\Sarah\AppData\Local\Temp\ccclTPOi.s 			page 6


  56              	.LFB2:
  63:Generated_Source\PSoC4/cyfitter_cfg.c **** 	(void)memset(s, 0, n);
  57              		.loc 1 63 0
  58              		.cfi_startproc
  59              	.LVL0:
  60 0000 08B5     		push	{r3, lr}
  61              		.cfi_def_cfa_offset 8
  62              		.cfi_offset 3, -8
  63              		.cfi_offset 14, -4
  64 0002 0A1C     		mov	r2, r1
  64:Generated_Source\PSoC4/cyfitter_cfg.c **** }
  65              		.loc 1 64 0
  66 0004 0021     		mov	r1, #0
  67              	.LVL1:
  68 0006 FFF7FEFF 		bl	memset
  69              	.LVL2:
  65:Generated_Source\PSoC4/cyfitter_cfg.c **** CY_CFG_UNUSED
  70              		.loc 1 65 0
  71              		@ sp needed
  72 000a 08BD     		pop	{r3, pc}
  73              		.cfi_endproc
  74              	.LFE2:
  75              		.size	CYMEMZERO, .-CYMEMZERO
  76              		.section	.psocinit,"ax",%progbits
  77              		.align	2
  78              		.code	16
  79              		.thumb_func
  80              		.type	ClockSetup, %function
  81              	ClockSetup:
  82              	.LFB5:
 157:Generated_Source\PSoC4/cyfitter_cfg.c **** 
  83              		.loc 1 157 0
  84              		.cfi_startproc
  85 0000 38B5     		push	{r3, r4, r5, lr}
  86              		.cfi_def_cfa_offset 16
  87              		.cfi_offset 3, -16
  88              		.cfi_offset 4, -12
  89              		.cfi_offset 5, -8
  90              		.cfi_offset 14, -4
 160:Generated_Source\PSoC4/cyfitter_cfg.c **** 
  91              		.loc 1 160 0
  92 0002 1222     		mov	r2, #18
  93 0004 224B     		ldr	r3, .L6
  94 0006 1A60     		str	r2, [r3]
 163:Generated_Source\PSoC4/cyfitter_cfg.c **** 	CyDelayCycles(12000000u); /* WCO may take up to 500ms to start */
  95              		.loc 1 163 0
  96 0008 FFF7FEFF 		bl	CySysClkWcoStart
  97              	.LVL3:
 164:Generated_Source\PSoC4/cyfitter_cfg.c **** 	(void)CySysClkWcoSetPowerMode(CY_SYS_CLK_WCO_LPM);    /* Switch to the low power mode */
  98              		.loc 1 164 0
  99 000c 2148     		ldr	r0, .L6+4
 100 000e FFF7FEFF 		bl	CyDelayCycles
 101              	.LVL4:
 165:Generated_Source\PSoC4/cyfitter_cfg.c **** 
 102              		.loc 1 165 0
 103 0012 0120     		mov	r0, #1
 104 0014 FFF7FEFF 		bl	CySysClkWcoSetPowerMode
ARM GAS  C:\Users\Sarah\AppData\Local\Temp\ccclTPOi.s 			page 7


 105              	.LVL5:
 168:Generated_Source\PSoC4/cyfitter_cfg.c **** 	/* CYDEV_CLK_ILO_CONFIG Starting address: CYDEV_CLK_ILO_CONFIG */
 106              		.loc 1 168 0
 107 0018 3020     		mov	r0, #48
 108 001a FFF7FEFF 		bl	CySysClkWriteImoFreq
 109              	.LVL6:
 170:Generated_Source\PSoC4/cyfitter_cfg.c **** 
 110              		.loc 1 170 0
 111 001e 1E4A     		ldr	r2, .L6+8
 112 0020 1E4B     		ldr	r3, .L6+12
 113 0022 1A60     		str	r2, [r3]
 173:Generated_Source\PSoC4/cyfitter_cfg.c **** 
 114              		.loc 1 173 0
 115 0024 1E4C     		ldr	r4, .L6+16
 116 0026 8025     		mov	r5, #128
 117 0028 ED05     		lsl	r5, r5, #23
 118 002a 2560     		str	r5, [r4]
 177:Generated_Source\PSoC4/cyfitter_cfg.c **** 	CY_SET_XTND_REG32((void CYFAR *)(CYREG_BLE_BLERD_BB_XO_CAPTRIM), 0x00003E2Du);
 119              		.loc 1 177 0
 120 002c 1D4A     		ldr	r2, .L6+20
 121 002e 1168     		ldr	r1, [r2]
 122 0030 0223     		mov	r3, #2
 123 0032 0B43     		orr	r3, r1
 124 0034 1360     		str	r3, [r2]
 178:Generated_Source\PSoC4/cyfitter_cfg.c **** 	/*Set XTAL(ECO) divider*/
 125              		.loc 1 178 0
 126 0036 1C4A     		ldr	r2, .L6+24
 127 0038 1C4B     		ldr	r3, .L6+28
 128 003a 1A60     		str	r2, [r3]
 180:Generated_Source\PSoC4/cyfitter_cfg.c **** 	/* Disable Crystal Stable Interrupt before enabling ECO */
 129              		.loc 1 180 0
 130 003c 0022     		mov	r2, #0
 131 003e 1C4B     		ldr	r3, .L6+32
 132 0040 1A60     		str	r2, [r3]
 182:Generated_Source\PSoC4/cyfitter_cfg.c **** 	/* Start the ECO and do not check status since it is not needed for HFCLK */
 133              		.loc 1 182 0
 134 0042 1C4A     		ldr	r2, .L6+36
 135 0044 1368     		ldr	r3, [r2]
 136 0046 0821     		mov	r1, #8
 137 0048 8B43     		bic	r3, r1
 138 004a 1360     		str	r3, [r2]
 184:Generated_Source\PSoC4/cyfitter_cfg.c **** 	CyDelayUs(1500u); /* Wait to stabalize */
 139              		.loc 1 184 0
 140 004c FA20     		mov	r0, #250
 141 004e C000     		lsl	r0, r0, #3
 142 0050 FFF7FEFF 		bl	CySysClkEcoStart
 143              	.LVL7:
 185:Generated_Source\PSoC4/cyfitter_cfg.c **** 
 144              		.loc 1 185 0
 145 0054 1848     		ldr	r0, .L6+40
 146 0056 FFF7FEFF 		bl	CyDelayUs
 147              	.LVL8:
 188:Generated_Source\PSoC4/cyfitter_cfg.c **** 	CY_SET_REG32((void *)CYREG_PERI_DIV_CMD, 0x8000FF40u);
 148              		.loc 1 188 0
 149 005a 8822     		mov	r2, #136
 150 005c 9201     		lsl	r2, r2, #6
 151 005e 174B     		ldr	r3, .L6+44
ARM GAS  C:\Users\Sarah\AppData\Local\Temp\ccclTPOi.s 			page 8


 152 0060 1A60     		str	r2, [r3]
 189:Generated_Source\PSoC4/cyfitter_cfg.c **** 
 153              		.loc 1 189 0
 154 0062 174A     		ldr	r2, .L6+48
 155 0064 174B     		ldr	r3, .L6+52
 156 0066 1A60     		str	r2, [r3]
 192:Generated_Source\PSoC4/cyfitter_cfg.c **** 
 157              		.loc 1 192 0
 158 0068 8022     		mov	r2, #128
 159 006a 1206     		lsl	r2, r2, #24
 160 006c 164B     		ldr	r3, .L6+56
 161 006e 1A60     		str	r2, [r3]
 195:Generated_Source\PSoC4/cyfitter_cfg.c **** 
 162              		.loc 1 195 0
 163 0070 8022     		mov	r2, #128
 164 0072 D202     		lsl	r2, r2, #11
 165 0074 154B     		ldr	r3, .L6+60
 166 0076 1A60     		str	r2, [r3]
 198:Generated_Source\PSoC4/cyfitter_cfg.c **** 
 167              		.loc 1 198 0
 168 0078 4022     		mov	r2, #64
 169 007a 154B     		ldr	r3, .L6+64
 170 007c 1A60     		str	r2, [r3]
 200:Generated_Source\PSoC4/cyfitter_cfg.c **** 	CyIntEnable(8u);
 171              		.loc 1 200 0
 172 007e 0820     		mov	r0, #8
 173 0080 1449     		ldr	r1, .L6+68
 174 0082 FFF7FEFF 		bl	CyIntSetVector
 175              	.LVL9:
 201:Generated_Source\PSoC4/cyfitter_cfg.c **** 	CY_SET_XTND_REG32((void CYFAR *)(CYREG_WDT_CONFIG), 0x40000000u);
 176              		.loc 1 201 0
 177 0086 0820     		mov	r0, #8
 178 0088 FFF7FEFF 		bl	CyIntEnable
 179              	.LVL10:
 202:Generated_Source\PSoC4/cyfitter_cfg.c **** }
 180              		.loc 1 202 0
 181 008c 2560     		str	r5, [r4]
 203:Generated_Source\PSoC4/cyfitter_cfg.c **** 
 182              		.loc 1 203 0
 183              		@ sp needed
 184 008e 38BD     		pop	{r3, r4, r5, pc}
 185              	.L7:
 186              		.align	2
 187              	.L6:
 188 0090 30001040 		.word	1074790448
 189 0094 001BB700 		.word	12000000
 190 0098 06000080 		.word	-2147483642
 191 009c 04010B40 		.word	1074462980
 192 00a0 0C020B40 		.word	1074463244
 193 00a4 78002E40 		.word	1076756600
 194 00a8 2D3E0000 		.word	15917
 195 00ac 7C002E40 		.word	1076756604
 196 00b0 64F02E40 		.word	1076818020
 197 00b4 6CF02E40 		.word	1076818028
 198 00b8 DC050000 		.word	1500
 199 00bc 00030140 		.word	1073808128
 200 00c0 40FF0080 		.word	-2147418304
ARM GAS  C:\Users\Sarah\AppData\Local\Temp\ccclTPOi.s 			page 9


 201 00c4 00000140 		.word	1073807360
 202 00c8 08010B40 		.word	1074462984
 203 00cc 00010B40 		.word	1074462976
 204 00d0 04010140 		.word	1073807620
 205 00d4 00000000 		.word	CySysWdtIsr
 206              		.cfi_endproc
 207              	.LFE5:
 208              		.size	ClockSetup, .-ClockSetup
 209              		.align	2
 210              		.global	cyfitter_cfg
 211              		.code	16
 212              		.thumb_func
 213              		.type	cyfitter_cfg, %function
 214              	cyfitter_cfg:
 215              	.LFB7:
 231:Generated_Source\PSoC4/cyfitter_cfg.c **** 
 232:Generated_Source\PSoC4/cyfitter_cfg.c **** #define CY_AMUX_UNUSED CYREG_CM0_ROM_DWT
 233:Generated_Source\PSoC4/cyfitter_cfg.c **** 
 234:Generated_Source\PSoC4/cyfitter_cfg.c **** 
 235:Generated_Source\PSoC4/cyfitter_cfg.c **** /*******************************************************************************
 236:Generated_Source\PSoC4/cyfitter_cfg.c **** * Function Name: cyfitter_cfg
 237:Generated_Source\PSoC4/cyfitter_cfg.c **** ********************************************************************************
 238:Generated_Source\PSoC4/cyfitter_cfg.c **** * Summary:
 239:Generated_Source\PSoC4/cyfitter_cfg.c **** *  This function is called by the start-up code for the selected device. It
 240:Generated_Source\PSoC4/cyfitter_cfg.c **** *  performs all of the necessary device configuration based on the design
 241:Generated_Source\PSoC4/cyfitter_cfg.c **** *  settings.  This includes settings from the Design Wide Resources (DWR) such
 242:Generated_Source\PSoC4/cyfitter_cfg.c **** *  as Clocks and Pins as well as any component configuration that is necessary.
 243:Generated_Source\PSoC4/cyfitter_cfg.c **** *
 244:Generated_Source\PSoC4/cyfitter_cfg.c **** * Parameters:  
 245:Generated_Source\PSoC4/cyfitter_cfg.c **** *   void
 246:Generated_Source\PSoC4/cyfitter_cfg.c **** *
 247:Generated_Source\PSoC4/cyfitter_cfg.c **** * Return:
 248:Generated_Source\PSoC4/cyfitter_cfg.c **** *   void
 249:Generated_Source\PSoC4/cyfitter_cfg.c **** *
 250:Generated_Source\PSoC4/cyfitter_cfg.c **** *******************************************************************************/
 251:Generated_Source\PSoC4/cyfitter_cfg.c **** CY_CFG_SECTION
 252:Generated_Source\PSoC4/cyfitter_cfg.c **** void cyfitter_cfg(void)
 253:Generated_Source\PSoC4/cyfitter_cfg.c **** {
 216              		.loc 1 253 0
 217              		.cfi_startproc
 218 00d8 10B5     		push	{r4, lr}
 219              		.cfi_def_cfa_offset 8
 220              		.cfi_offset 4, -8
 221              		.cfi_offset 14, -4
 254:Generated_Source\PSoC4/cyfitter_cfg.c **** 	/* Disable interrupts by default. Let user enable if/when they want. */
 255:Generated_Source\PSoC4/cyfitter_cfg.c **** 	CyGlobalIntDisable;
 222              		.loc 1 255 0
 223              	@ 255 "Generated_Source\PSoC4\cyfitter_cfg.c" 1
 224 00da 72B6     		CPSID   i
 225              	@ 0 "" 2
 256:Generated_Source\PSoC4/cyfitter_cfg.c **** 
 257:Generated_Source\PSoC4/cyfitter_cfg.c **** 	CY_SET_XTND_REG32((void CYFAR *)(CYREG_BLE_BLESS_LL_DSM_CTRL), 0x00000000u);
 226              		.loc 1 257 0
 227              		.code	16
 228 00dc 0022     		mov	r2, #0
 229 00de 274B     		ldr	r3, .L11
 230 00e0 1A60     		str	r2, [r3]
ARM GAS  C:\Users\Sarah\AppData\Local\Temp\ccclTPOi.s 			page 10


 231              	.LVL11:
 232              	.LBB2:
 258:Generated_Source\PSoC4/cyfitter_cfg.c **** 
 259:Generated_Source\PSoC4/cyfitter_cfg.c **** 	{
 260:Generated_Source\PSoC4/cyfitter_cfg.c **** 
 261:Generated_Source\PSoC4/cyfitter_cfg.c **** 		CYPACKED typedef struct {
 262:Generated_Source\PSoC4/cyfitter_cfg.c **** 			void CYFAR *address;
 263:Generated_Source\PSoC4/cyfitter_cfg.c **** 			uint16 size;
 264:Generated_Source\PSoC4/cyfitter_cfg.c **** 		} CYPACKED_ATTR cfg_memset_t;
 265:Generated_Source\PSoC4/cyfitter_cfg.c **** 
 266:Generated_Source\PSoC4/cyfitter_cfg.c **** 		static const cfg_memset_t CYCODE cfg_memset_list [] = {
 267:Generated_Source\PSoC4/cyfitter_cfg.c **** 			/* address, size */
 268:Generated_Source\PSoC4/cyfitter_cfg.c **** 			{(void CYFAR *)(CYDEV_UDB_P0_U0_BASE), 1024u},
 269:Generated_Source\PSoC4/cyfitter_cfg.c **** 			{(void CYFAR *)(CYDEV_UDB_DSI0_BASE), 1024u},
 270:Generated_Source\PSoC4/cyfitter_cfg.c **** 		};
 271:Generated_Source\PSoC4/cyfitter_cfg.c **** 
 272:Generated_Source\PSoC4/cyfitter_cfg.c **** 		uint8 CYDATA i;
 273:Generated_Source\PSoC4/cyfitter_cfg.c **** 
 274:Generated_Source\PSoC4/cyfitter_cfg.c **** 		/* Zero out critical memory blocks before beginning configuration */
 275:Generated_Source\PSoC4/cyfitter_cfg.c **** 		for (i = 0u; i < (sizeof(cfg_memset_list)/sizeof(cfg_memset_list[0])); i++)
 233              		.loc 1 275 0
 234 00e2 0024     		mov	r4, #0
 235 00e4 10E0     		b	.L9
 236              	.LVL12:
 237              	.L10:
 238              	.LBB3:
 276:Generated_Source\PSoC4/cyfitter_cfg.c **** 		{
 277:Generated_Source\PSoC4/cyfitter_cfg.c **** 			const cfg_memset_t CYCODE * CYDATA ms = &cfg_memset_list[i];
 278:Generated_Source\PSoC4/cyfitter_cfg.c **** 			CYMEMZERO(ms->address, (size_t)(uint32)(ms->size));
 239              		.loc 1 278 0 discriminator 3
 240 00e6 2648     		ldr	r0, .L11+4
 241 00e8 6300     		lsl	r3, r4, #1
 242 00ea 1A19     		add	r2, r3, r4
 243 00ec 5200     		lsl	r2, r2, #1
 244 00ee 8218     		add	r2, r0, r2
 245 00f0 9188     		ldrh	r1, [r2, #4]
 246 00f2 1B19     		add	r3, r3, r4
 247 00f4 5B00     		lsl	r3, r3, #1
 248 00f6 1A5A     		ldrh	r2, [r3, r0]
 249 00f8 C318     		add	r3, r0, r3
 250 00fa 5888     		ldrh	r0, [r3, #2]
 251 00fc 0004     		lsl	r0, r0, #16
 252 00fe 1043     		orr	r0, r2
 253 0100 FFF7FEFF 		bl	CYMEMZERO
 254              	.LVL13:
 255              	.LBE3:
 275:Generated_Source\PSoC4/cyfitter_cfg.c **** 		{
 256              		.loc 1 275 0 discriminator 3
 257 0104 0134     		add	r4, r4, #1
 258              	.LVL14:
 259 0106 E4B2     		uxtb	r4, r4
 260              	.LVL15:
 261              	.L9:
 275:Generated_Source\PSoC4/cyfitter_cfg.c **** 		{
 262              		.loc 1 275 0 is_stmt 0 discriminator 1
 263 0108 012C     		cmp	r4, #1
 264 010a ECD9     		bls	.L10
ARM GAS  C:\Users\Sarah\AppData\Local\Temp\ccclTPOi.s 			page 11


 279:Generated_Source\PSoC4/cyfitter_cfg.c **** 		}
 280:Generated_Source\PSoC4/cyfitter_cfg.c **** 
 281:Generated_Source\PSoC4/cyfitter_cfg.c **** 		/* HSIOM Starting address: CYDEV_HSIOM_BASE */
 282:Generated_Source\PSoC4/cyfitter_cfg.c **** 		CY_SET_XTND_REG32((void CYFAR *)(CYDEV_HSIOM_BASE), 0xEE000000u);
 265              		.loc 1 282 0 is_stmt 1
 266 010c EE22     		mov	r2, #238
 267 010e 1206     		lsl	r2, r2, #24
 268 0110 1C4B     		ldr	r3, .L11+8
 269 0112 1A60     		str	r2, [r3]
 283:Generated_Source\PSoC4/cyfitter_cfg.c **** 		CY_SET_XTND_REG32((void CYFAR *)(CYREG_HSIOM_PORT_SEL1), 0x00990000u);
 270              		.loc 1 283 0
 271 0114 9923     		mov	r3, #153
 272 0116 1B04     		lsl	r3, r3, #16
 273 0118 1B4A     		ldr	r2, .L11+12
 274 011a 1360     		str	r3, [r2]
 284:Generated_Source\PSoC4/cyfitter_cfg.c **** 
 285:Generated_Source\PSoC4/cyfitter_cfg.c **** 		/* UDB_PA_0 Starting address: CYDEV_UDB_PA0_BASE */
 286:Generated_Source\PSoC4/cyfitter_cfg.c **** 		CY_SET_XTND_REG32((void CYFAR *)(CYDEV_UDB_PA0_BASE), 0x00990000u);
 275              		.loc 1 286 0
 276 011c 1B4A     		ldr	r2, .L11+16
 277 011e 1360     		str	r3, [r2]
 287:Generated_Source\PSoC4/cyfitter_cfg.c **** 
 288:Generated_Source\PSoC4/cyfitter_cfg.c **** 		/* UDB_PA_1 Starting address: CYDEV_UDB_PA1_BASE */
 289:Generated_Source\PSoC4/cyfitter_cfg.c **** 		CY_SET_XTND_REG32((void CYFAR *)(CYDEV_UDB_PA1_BASE), 0x00990000u);
 278              		.loc 1 289 0
 279 0120 1B4A     		ldr	r2, .L11+20
 280 0122 1360     		str	r3, [r2]
 290:Generated_Source\PSoC4/cyfitter_cfg.c **** 
 291:Generated_Source\PSoC4/cyfitter_cfg.c **** 		/* UDB_PA_2 Starting address: CYDEV_UDB_PA2_BASE */
 292:Generated_Source\PSoC4/cyfitter_cfg.c **** 		CY_SET_XTND_REG32((void CYFAR *)(CYDEV_UDB_PA2_BASE), 0x00990000u);
 281              		.loc 1 292 0
 282 0124 1B4A     		ldr	r2, .L11+24
 283 0126 1360     		str	r3, [r2]
 293:Generated_Source\PSoC4/cyfitter_cfg.c **** 
 294:Generated_Source\PSoC4/cyfitter_cfg.c **** 		/* Enable digital routing */
 295:Generated_Source\PSoC4/cyfitter_cfg.c **** 		CY_SET_XTND_REG8((void *)CYREG_UDB_UDBIF_BANK_CTL, CY_GET_XTND_REG8((void *)CYREG_UDB_UDBIF_BANK_
 284              		.loc 1 295 0
 285 0128 1B4B     		ldr	r3, .L11+28
 286 012a 1978     		ldrb	r1, [r3]
 287 012c 0222     		mov	r2, #2
 288 012e 0A43     		orr	r2, r1
 289 0130 1A70     		strb	r2, [r3]
 296:Generated_Source\PSoC4/cyfitter_cfg.c **** 
 297:Generated_Source\PSoC4/cyfitter_cfg.c **** 		/* Enable UDB array */
 298:Generated_Source\PSoC4/cyfitter_cfg.c **** 		CY_SET_XTND_REG8((void *)CYREG_UDB_UDBIF_WAIT_CFG, (uint8)((CY_GET_XTND_REG8((void *)CYREG_UDB_UD
 290              		.loc 1 298 0
 291 0132 1A48     		ldr	r0, .L11+32
 292 0134 0278     		ldrb	r2, [r0]
 293 0136 3C21     		mov	r1, #60
 294 0138 8A43     		bic	r2, r1
 295 013a 2839     		sub	r1, r1, #40
 296 013c 0A43     		orr	r2, r1
 297 013e 0270     		strb	r2, [r0]
 299:Generated_Source\PSoC4/cyfitter_cfg.c **** 		CY_SET_XTND_REG8((void *)CYREG_UDB_UDBIF_BANK_CTL, (uint8)(CY_GET_XTND_REG8((void *)CYREG_UDB_UDB
 298              		.loc 1 299 0
 299 0140 1978     		ldrb	r1, [r3]
 300 0142 1622     		mov	r2, #22
ARM GAS  C:\Users\Sarah\AppData\Local\Temp\ccclTPOi.s 			page 12


 301 0144 0A43     		orr	r2, r1
 302 0146 1A70     		strb	r2, [r3]
 303              	.LBE2:
 300:Generated_Source\PSoC4/cyfitter_cfg.c **** 	}
 301:Generated_Source\PSoC4/cyfitter_cfg.c **** 
 302:Generated_Source\PSoC4/cyfitter_cfg.c **** 	/* Perform second pass device configuration. These items must be configured in specific order afte
 303:Generated_Source\PSoC4/cyfitter_cfg.c **** 	/* IOPINS0_0 Starting address: CYDEV_GPIO_PRT0_BASE */
 304:Generated_Source\PSoC4/cyfitter_cfg.c **** 	CY_SET_XTND_REG32((void CYFAR *)(CYREG_GPIO_PRT0_PC), 0x00D80000u);
 304              		.loc 1 304 0
 305 0148 D822     		mov	r2, #216
 306 014a 1204     		lsl	r2, r2, #16
 307 014c 144B     		ldr	r3, .L11+36
 308 014e 1A60     		str	r2, [r3]
 305:Generated_Source\PSoC4/cyfitter_cfg.c **** 
 306:Generated_Source\PSoC4/cyfitter_cfg.c **** 	/* IOPINS0_1 Starting address: CYDEV_GPIO_PRT1_BASE */
 307:Generated_Source\PSoC4/cyfitter_cfg.c **** 	CY_SET_XTND_REG32((void CYFAR *)(CYDEV_GPIO_PRT1_BASE), 0x00000020u);
 309              		.loc 1 307 0
 310 0150 2023     		mov	r3, #32
 311 0152 144A     		ldr	r2, .L11+40
 312 0154 1360     		str	r3, [r2]
 308:Generated_Source\PSoC4/cyfitter_cfg.c **** 	CY_SET_XTND_REG32((void CYFAR *)(CYREG_GPIO_PRT1_PC), 0x00031000u);
 313              		.loc 1 308 0
 314 0156 C421     		mov	r1, #196
 315 0158 8902     		lsl	r1, r1, #10
 316 015a 134A     		ldr	r2, .L11+44
 317 015c 1160     		str	r1, [r2]
 309:Generated_Source\PSoC4/cyfitter_cfg.c **** 	CY_SET_XTND_REG32((void CYFAR *)(CYREG_GPIO_PRT1_PC2), 0x00000020u);
 318              		.loc 1 309 0
 319 015e 134A     		ldr	r2, .L11+48
 320 0160 1360     		str	r3, [r2]
 310:Generated_Source\PSoC4/cyfitter_cfg.c **** 
 311:Generated_Source\PSoC4/cyfitter_cfg.c **** 	/* IOPINS0_2 Starting address: CYDEV_GPIO_PRT2_BASE */
 312:Generated_Source\PSoC4/cyfitter_cfg.c **** 	CY_SET_XTND_REG32((void CYFAR *)(CYDEV_GPIO_PRT2_BASE), 0x00000008u);
 321              		.loc 1 312 0
 322 0162 0822     		mov	r2, #8
 323 0164 124B     		ldr	r3, .L11+52
 324 0166 1A60     		str	r2, [r3]
 313:Generated_Source\PSoC4/cyfitter_cfg.c **** 	CY_SET_XTND_REG32((void CYFAR *)(CYREG_GPIO_PRT2_PC), 0x00000C00u);
 325              		.loc 1 313 0
 326 0168 C022     		mov	r2, #192
 327 016a 1201     		lsl	r2, r2, #4
 328 016c 114B     		ldr	r3, .L11+56
 329 016e 1A60     		str	r2, [r3]
 314:Generated_Source\PSoC4/cyfitter_cfg.c **** 
 315:Generated_Source\PSoC4/cyfitter_cfg.c **** 
 316:Generated_Source\PSoC4/cyfitter_cfg.c **** 	/* Setup clocks based on selections from Clock DWR */
 317:Generated_Source\PSoC4/cyfitter_cfg.c **** 	ClockSetup();
 330              		.loc 1 317 0
 331 0170 FFF746FF 		bl	ClockSetup
 332              	.LVL16:
 318:Generated_Source\PSoC4/cyfitter_cfg.c **** 
 319:Generated_Source\PSoC4/cyfitter_cfg.c **** 	/* Perform basic analog initialization to defaults */
 320:Generated_Source\PSoC4/cyfitter_cfg.c **** 	AnalogSetDefault();
 333              		.loc 1 320 0
 334 0174 FFF7FEFF 		bl	AnalogSetDefault
 335              	.LVL17:
 321:Generated_Source\PSoC4/cyfitter_cfg.c **** 
ARM GAS  C:\Users\Sarah\AppData\Local\Temp\ccclTPOi.s 			page 13


 322:Generated_Source\PSoC4/cyfitter_cfg.c **** }
 336              		.loc 1 322 0
 337              		@ sp needed
 338              	.LVL18:
 339 0178 10BD     		pop	{r4, pc}
 340              	.L12:
 341 017a C046     		.align	2
 342              	.L11:
 343 017c 6CF02E40 		.word	1076818028
 344 0180 00000000 		.word	.LANCHOR0
 345 0184 00000240 		.word	1073872896
 346 0188 00010240 		.word	1073873152
 347 018c 00500F40 		.word	1074745344
 348 0190 10500F40 		.word	1074745360
 349 0194 20500F40 		.word	1074745376
 350 0198 00700F40 		.word	1074753536
 351 019c 01700F40 		.word	1074753537
 352 01a0 08000440 		.word	1074003976
 353 01a4 00010440 		.word	1074004224
 354 01a8 08010440 		.word	1074004232
 355 01ac 18010440 		.word	1074004248
 356 01b0 00020440 		.word	1074004480
 357 01b4 08020440 		.word	1074004488
 358              		.cfi_endproc
 359              	.LFE7:
 360              		.size	cyfitter_cfg, .-cyfitter_cfg
 361              		.section	.rodata
 362              		.align	2
 363              		.set	.LANCHOR0,. + 0
 364              		.type	cfg_memset_list.4771, %object
 365              		.size	cfg_memset_list.4771, 12
 366              	cfg_memset_list.4771:
 367 0000 00300F40 		.word	1074737152
 368 0004 0004     		.short	1024
 369 0006 00400F40 		.4byte	1074741248
 370 000a 0004     		.short	1024
 371              		.text
 372              	.Letext0:
 373              		.file 2 "c:\\program files (x86)\\cypress\\psoc creator\\4.0\\psoc creator\\import\\gnu\\arm\\4.9.
 374              		.file 3 "Generated_Source\\PSoC4\\cytypes.h"
 375              		.file 4 "Generated_Source\\PSoC4\\CyLib.h"
 376              		.file 5 "Generated_Source\\PSoC4\\CyLFClk.h"
 377              		.section	.debug_info,"",%progbits
 378              	.Ldebug_info0:
 379 0000 6D030000 		.4byte	0x36d
 380 0004 0400     		.2byte	0x4
 381 0006 00000000 		.4byte	.Ldebug_abbrev0
 382 000a 04       		.byte	0x4
 383 000b 01       		.uleb128 0x1
 384 000c CA010000 		.4byte	.LASF34
 385 0010 01       		.byte	0x1
 386 0011 8C020000 		.4byte	.LASF35
 387 0015 69000000 		.4byte	.LASF36
 388 0019 00000000 		.4byte	.Ldebug_ranges0+0
 389 001d 00000000 		.4byte	0
 390 0021 00000000 		.4byte	.Ldebug_line0
 391 0025 02       		.uleb128 0x2
ARM GAS  C:\Users\Sarah\AppData\Local\Temp\ccclTPOi.s 			page 14


 392 0026 04       		.byte	0x4
 393 0027 05       		.byte	0x5
 394 0028 696E7400 		.ascii	"int\000"
 395 002c 03       		.uleb128 0x3
 396 002d 14000000 		.4byte	.LASF11
 397 0031 02       		.byte	0x2
 398 0032 D4       		.byte	0xd4
 399 0033 37000000 		.4byte	0x37
 400 0037 04       		.uleb128 0x4
 401 0038 04       		.byte	0x4
 402 0039 07       		.byte	0x7
 403 003a 40010000 		.4byte	.LASF0
 404 003e 04       		.uleb128 0x4
 405 003f 01       		.byte	0x1
 406 0040 06       		.byte	0x6
 407 0041 80020000 		.4byte	.LASF1
 408 0045 04       		.uleb128 0x4
 409 0046 01       		.byte	0x1
 410 0047 08       		.byte	0x8
 411 0048 01010000 		.4byte	.LASF2
 412 004c 04       		.uleb128 0x4
 413 004d 02       		.byte	0x2
 414 004e 05       		.byte	0x5
 415 004f 58020000 		.4byte	.LASF3
 416 0053 04       		.uleb128 0x4
 417 0054 02       		.byte	0x2
 418 0055 07       		.byte	0x7
 419 0056 56000000 		.4byte	.LASF4
 420 005a 04       		.uleb128 0x4
 421 005b 04       		.byte	0x4
 422 005c 05       		.byte	0x5
 423 005d 77020000 		.4byte	.LASF5
 424 0061 04       		.uleb128 0x4
 425 0062 04       		.byte	0x4
 426 0063 07       		.byte	0x7
 427 0064 CE000000 		.4byte	.LASF6
 428 0068 04       		.uleb128 0x4
 429 0069 08       		.byte	0x8
 430 006a 05       		.byte	0x5
 431 006b 9C010000 		.4byte	.LASF7
 432 006f 04       		.uleb128 0x4
 433 0070 08       		.byte	0x8
 434 0071 07       		.byte	0x7
 435 0072 62010000 		.4byte	.LASF8
 436 0076 04       		.uleb128 0x4
 437 0077 04       		.byte	0x4
 438 0078 07       		.byte	0x7
 439 0079 93010000 		.4byte	.LASF9
 440 007d 05       		.uleb128 0x5
 441 007e 04       		.byte	0x4
 442 007f 06       		.uleb128 0x6
 443 0080 04       		.byte	0x4
 444 0081 85000000 		.4byte	0x85
 445 0085 07       		.uleb128 0x7
 446 0086 04       		.uleb128 0x4
 447 0087 01       		.byte	0x1
 448 0088 08       		.byte	0x8
ARM GAS  C:\Users\Sarah\AppData\Local\Temp\ccclTPOi.s 			page 15


 449 0089 B4010000 		.4byte	.LASF10
 450 008d 08       		.uleb128 0x8
 451 008e E0000000 		.4byte	.LASF12
 452 0092 03       		.byte	0x3
 453 0093 B901     		.2byte	0x1b9
 454 0095 45000000 		.4byte	0x45
 455 0099 08       		.uleb128 0x8
 456 009a 29010000 		.4byte	.LASF13
 457 009e 03       		.byte	0x3
 458 009f BA01     		.2byte	0x1ba
 459 00a1 53000000 		.4byte	0x53
 460 00a5 08       		.uleb128 0x8
 461 00a6 39010000 		.4byte	.LASF14
 462 00aa 03       		.byte	0x3
 463 00ab BB01     		.2byte	0x1bb
 464 00ad 61000000 		.4byte	0x61
 465 00b1 04       		.uleb128 0x4
 466 00b2 04       		.byte	0x4
 467 00b3 04       		.byte	0x4
 468 00b4 A6000000 		.4byte	.LASF15
 469 00b8 04       		.uleb128 0x4
 470 00b9 08       		.byte	0x8
 471 00ba 04       		.byte	0x4
 472 00bb 16010000 		.4byte	.LASF16
 473 00bf 08       		.uleb128 0x8
 474 00c0 30010000 		.4byte	.LASF17
 475 00c4 03       		.byte	0x3
 476 00c5 5B02     		.2byte	0x25b
 477 00c7 61000000 		.4byte	0x61
 478 00cb 08       		.uleb128 0x8
 479 00cc C9000000 		.4byte	.LASF18
 480 00d0 03       		.byte	0x3
 481 00d1 6302     		.2byte	0x263
 482 00d3 D7000000 		.4byte	0xd7
 483 00d7 09       		.uleb128 0x9
 484 00d8 8D000000 		.4byte	0x8d
 485 00dc 08       		.uleb128 0x8
 486 00dd 0E000000 		.4byte	.LASF19
 487 00e1 03       		.byte	0x3
 488 00e2 6502     		.2byte	0x265
 489 00e4 E8000000 		.4byte	0xe8
 490 00e8 09       		.uleb128 0x9
 491 00e9 A5000000 		.4byte	0xa5
 492 00ed 08       		.uleb128 0x8
 493 00ee 79010000 		.4byte	.LASF20
 494 00f2 03       		.byte	0x3
 495 00f3 7502     		.2byte	0x275
 496 00f5 7F000000 		.4byte	0x7f
 497 00f9 0A       		.uleb128 0xa
 498 00fa 1B000000 		.4byte	.LASF37
 499 00fe 01       		.byte	0x1
 500 00ff E1       		.byte	0xe1
 501 0100 00000000 		.4byte	.LFB6
 502 0104 20000000 		.4byte	.LFE6-.LFB6
 503 0108 01       		.uleb128 0x1
 504 0109 9C       		.byte	0x9c
 505 010a 0B       		.uleb128 0xb
ARM GAS  C:\Users\Sarah\AppData\Local\Temp\ccclTPOi.s 			page 16


 506 010b F7000000 		.4byte	.LASF21
 507 010f 01       		.byte	0x1
 508 0110 3E       		.byte	0x3e
 509 0111 00000000 		.4byte	.LFB2
 510 0115 0C000000 		.4byte	.LFE2-.LFB2
 511 0119 01       		.uleb128 0x1
 512 011a 9C       		.byte	0x9c
 513 011b 57010000 		.4byte	0x157
 514 011f 0C       		.uleb128 0xc
 515 0120 7300     		.ascii	"s\000"
 516 0122 01       		.byte	0x1
 517 0123 3E       		.byte	0x3e
 518 0124 7D000000 		.4byte	0x7d
 519 0128 00000000 		.4byte	.LLST0
 520 012c 0C       		.uleb128 0xc
 521 012d 6E00     		.ascii	"n\000"
 522 012f 01       		.byte	0x1
 523 0130 3E       		.byte	0x3e
 524 0131 2C000000 		.4byte	0x2c
 525 0135 21000000 		.4byte	.LLST1
 526 0139 0D       		.uleb128 0xd
 527 013a 0A000000 		.4byte	.LVL2
 528 013e C8020000 		.4byte	0x2c8
 529 0142 0E       		.uleb128 0xe
 530 0143 01       		.uleb128 0x1
 531 0144 52       		.byte	0x52
 532 0145 03       		.uleb128 0x3
 533 0146 F3       		.byte	0xf3
 534 0147 01       		.uleb128 0x1
 535 0148 51       		.byte	0x51
 536 0149 0E       		.uleb128 0xe
 537 014a 01       		.uleb128 0x1
 538 014b 51       		.byte	0x51
 539 014c 01       		.uleb128 0x1
 540 014d 30       		.byte	0x30
 541 014e 0E       		.uleb128 0xe
 542 014f 01       		.uleb128 0x1
 543 0150 50       		.byte	0x50
 544 0151 03       		.uleb128 0x3
 545 0152 F3       		.byte	0xf3
 546 0153 01       		.uleb128 0x1
 547 0154 50       		.byte	0x50
 548 0155 00       		.byte	0
 549 0156 00       		.byte	0
 550 0157 0B       		.uleb128 0xb
 551 0158 4B000000 		.4byte	.LASF22
 552 015c 01       		.byte	0x1
 553 015d 9C       		.byte	0x9c
 554 015e 00000000 		.4byte	.LFB5
 555 0162 D8000000 		.4byte	.LFE5-.LFB5
 556 0166 01       		.uleb128 0x1
 557 0167 9C       		.byte	0x9c
 558 0168 00020000 		.4byte	0x200
 559 016c 0F       		.uleb128 0xf
 560 016d 0C000000 		.4byte	.LVL3
 561 0171 E5020000 		.4byte	0x2e5
 562 0175 10       		.uleb128 0x10
ARM GAS  C:\Users\Sarah\AppData\Local\Temp\ccclTPOi.s 			page 17


 563 0176 12000000 		.4byte	.LVL4
 564 017a EC020000 		.4byte	0x2ec
 565 017e 8C010000 		.4byte	0x18c
 566 0182 0E       		.uleb128 0xe
 567 0183 01       		.uleb128 0x1
 568 0184 50       		.byte	0x50
 569 0185 05       		.uleb128 0x5
 570 0186 0C       		.byte	0xc
 571 0187 001BB700 		.4byte	0xb71b00
 572 018b 00       		.byte	0
 573 018c 10       		.uleb128 0x10
 574 018d 18000000 		.4byte	.LVL5
 575 0191 FD020000 		.4byte	0x2fd
 576 0195 9F010000 		.4byte	0x19f
 577 0199 0E       		.uleb128 0xe
 578 019a 01       		.uleb128 0x1
 579 019b 50       		.byte	0x50
 580 019c 01       		.uleb128 0x1
 581 019d 31       		.byte	0x31
 582 019e 00       		.byte	0
 583 019f 10       		.uleb128 0x10
 584 01a0 1E000000 		.4byte	.LVL6
 585 01a4 12030000 		.4byte	0x312
 586 01a8 B3010000 		.4byte	0x1b3
 587 01ac 0E       		.uleb128 0xe
 588 01ad 01       		.uleb128 0x1
 589 01ae 50       		.byte	0x50
 590 01af 02       		.uleb128 0x2
 591 01b0 08       		.byte	0x8
 592 01b1 30       		.byte	0x30
 593 01b2 00       		.byte	0
 594 01b3 10       		.uleb128 0x10
 595 01b4 54000000 		.4byte	.LVL7
 596 01b8 23030000 		.4byte	0x323
 597 01bc C8010000 		.4byte	0x1c8
 598 01c0 0E       		.uleb128 0xe
 599 01c1 01       		.uleb128 0x1
 600 01c2 50       		.byte	0x50
 601 01c3 03       		.uleb128 0x3
 602 01c4 0A       		.byte	0xa
 603 01c5 D007     		.2byte	0x7d0
 604 01c7 00       		.byte	0
 605 01c8 10       		.uleb128 0x10
 606 01c9 5A000000 		.4byte	.LVL8
 607 01cd 38030000 		.4byte	0x338
 608 01d1 DD010000 		.4byte	0x1dd
 609 01d5 0E       		.uleb128 0xe
 610 01d6 01       		.uleb128 0x1
 611 01d7 50       		.byte	0x50
 612 01d8 03       		.uleb128 0x3
 613 01d9 0A       		.byte	0xa
 614 01da DC05     		.2byte	0x5dc
 615 01dc 00       		.byte	0
 616 01dd 10       		.uleb128 0x10
 617 01de 86000000 		.4byte	.LVL9
 618 01e2 49030000 		.4byte	0x349
 619 01e6 F0010000 		.4byte	0x1f0
ARM GAS  C:\Users\Sarah\AppData\Local\Temp\ccclTPOi.s 			page 18


 620 01ea 0E       		.uleb128 0xe
 621 01eb 01       		.uleb128 0x1
 622 01ec 50       		.byte	0x50
 623 01ed 01       		.uleb128 0x1
 624 01ee 38       		.byte	0x38
 625 01ef 00       		.byte	0
 626 01f0 0D       		.uleb128 0xd
 627 01f1 8C000000 		.4byte	.LVL10
 628 01f5 63030000 		.4byte	0x363
 629 01f9 0E       		.uleb128 0xe
 630 01fa 01       		.uleb128 0x1
 631 01fb 50       		.byte	0x50
 632 01fc 01       		.uleb128 0x1
 633 01fd 38       		.byte	0x38
 634 01fe 00       		.byte	0
 635 01ff 00       		.byte	0
 636 0200 11       		.uleb128 0x11
 637 0201 4D010000 		.4byte	.LASF38
 638 0205 01       		.byte	0x1
 639 0206 FC       		.byte	0xfc
 640 0207 D8000000 		.4byte	.LFB7
 641 020b E0000000 		.4byte	.LFE7-.LFB7
 642 020f 01       		.uleb128 0x1
 643 0210 9C       		.byte	0x9c
 644 0211 C8020000 		.4byte	0x2c8
 645 0215 12       		.uleb128 0x12
 646 0216 E2000000 		.4byte	.LBB2
 647 021a 66000000 		.4byte	.LBE2-.LBB2
 648 021e B5020000 		.4byte	0x2b5
 649 0222 13       		.uleb128 0x13
 650 0223 06       		.byte	0x6
 651 0224 01       		.byte	0x1
 652 0225 0501     		.2byte	0x105
 653 0227 46020000 		.4byte	0x246
 654 022b 14       		.uleb128 0x14
 655 022c 5A010000 		.4byte	.LASF23
 656 0230 01       		.byte	0x1
 657 0231 0601     		.2byte	0x106
 658 0233 7D000000 		.4byte	0x7d
 659 0237 00       		.byte	0
 660 0238 14       		.uleb128 0x14
 661 0239 AC000000 		.4byte	.LASF24
 662 023d 01       		.byte	0x1
 663 023e 0701     		.2byte	0x107
 664 0240 99000000 		.4byte	0x99
 665 0244 04       		.byte	0x4
 666 0245 00       		.byte	0
 667 0246 08       		.uleb128 0x8
 668 0247 86010000 		.4byte	.LASF25
 669 024b 01       		.byte	0x1
 670 024c 0801     		.2byte	0x108
 671 024e 22020000 		.4byte	0x222
 672 0252 15       		.uleb128 0x15
 673 0253 46020000 		.4byte	0x246
 674 0257 62020000 		.4byte	0x262
 675 025b 16       		.uleb128 0x16
 676 025c 76000000 		.4byte	0x76
ARM GAS  C:\Users\Sarah\AppData\Local\Temp\ccclTPOi.s 			page 19


 677 0260 01       		.byte	0x1
 678 0261 00       		.byte	0
 679 0262 17       		.uleb128 0x17
 680 0263 3B000000 		.4byte	.LASF26
 681 0267 01       		.byte	0x1
 682 0268 0A01     		.2byte	0x10a
 683 026a 74020000 		.4byte	0x274
 684 026e 05       		.uleb128 0x5
 685 026f 03       		.byte	0x3
 686 0270 00000000 		.4byte	cfg_memset_list.4771
 687 0274 18       		.uleb128 0x18
 688 0275 52020000 		.4byte	0x252
 689 0279 19       		.uleb128 0x19
 690 027a 6900     		.ascii	"i\000"
 691 027c 01       		.byte	0x1
 692 027d 1001     		.2byte	0x110
 693 027f 8D000000 		.4byte	0x8d
 694 0283 4D000000 		.4byte	.LLST2
 695 0287 1A       		.uleb128 0x1a
 696 0288 E6000000 		.4byte	.LBB3
 697 028c 1E000000 		.4byte	.LBE3-.LBB3
 698 0290 19       		.uleb128 0x19
 699 0291 6D7300   		.ascii	"ms\000"
 700 0294 01       		.byte	0x1
 701 0295 1501     		.2byte	0x115
 702 0297 9F020000 		.4byte	0x29f
 703 029b 77000000 		.4byte	.LLST3
 704 029f 06       		.uleb128 0x6
 705 02a0 04       		.byte	0x4
 706 02a1 A5020000 		.4byte	0x2a5
 707 02a5 18       		.uleb128 0x18
 708 02a6 46020000 		.4byte	0x246
 709 02aa 0F       		.uleb128 0xf
 710 02ab 04010000 		.4byte	.LVL13
 711 02af 0A010000 		.4byte	0x10a
 712 02b3 00       		.byte	0
 713 02b4 00       		.byte	0
 714 02b5 0F       		.uleb128 0xf
 715 02b6 74010000 		.4byte	.LVL16
 716 02ba 57010000 		.4byte	0x157
 717 02be 0F       		.uleb128 0xf
 718 02bf 78010000 		.4byte	.LVL17
 719 02c3 F9000000 		.4byte	0xf9
 720 02c7 00       		.byte	0
 721 02c8 1B       		.uleb128 0x1b
 722 02c9 0F010000 		.4byte	.LASF27
 723 02cd 7D000000 		.4byte	0x7d
 724 02d1 E5020000 		.4byte	0x2e5
 725 02d5 1C       		.uleb128 0x1c
 726 02d6 7D000000 		.4byte	0x7d
 727 02da 1C       		.uleb128 0x1c
 728 02db 25000000 		.4byte	0x25
 729 02df 1C       		.uleb128 0x1c
 730 02e0 76000000 		.4byte	0x76
 731 02e4 00       		.byte	0
 732 02e5 1D       		.uleb128 0x1d
 733 02e6 E6000000 		.4byte	.LASF39
ARM GAS  C:\Users\Sarah\AppData\Local\Temp\ccclTPOi.s 			page 20


 734 02ea 05       		.byte	0x5
 735 02eb 4F       		.byte	0x4f
 736 02ec 1E       		.uleb128 0x1e
 737 02ed 00000000 		.4byte	.LASF28
 738 02f1 04       		.byte	0x4
 739 02f2 DC       		.byte	0xdc
 740 02f3 FD020000 		.4byte	0x2fd
 741 02f7 1C       		.uleb128 0x1c
 742 02f8 A5000000 		.4byte	0xa5
 743 02fc 00       		.byte	0
 744 02fd 1F       		.uleb128 0x1f
 745 02fe B1000000 		.4byte	.LASF30
 746 0302 05       		.byte	0x5
 747 0303 51       		.byte	0x51
 748 0304 A5000000 		.4byte	0xa5
 749 0308 12030000 		.4byte	0x312
 750 030c 1C       		.uleb128 0x1c
 751 030d A5000000 		.4byte	0xa5
 752 0311 00       		.byte	0
 753 0312 1E       		.uleb128 0x1e
 754 0313 62020000 		.4byte	.LASF29
 755 0317 04       		.byte	0x4
 756 0318 6C       		.byte	0x6c
 757 0319 23030000 		.4byte	0x323
 758 031d 1C       		.uleb128 0x1c
 759 031e A5000000 		.4byte	0xa5
 760 0322 00       		.byte	0
 761 0323 1F       		.uleb128 0x1f
 762 0324 B9010000 		.4byte	.LASF31
 763 0328 04       		.byte	0x4
 764 0329 84       		.byte	0x84
 765 032a BF000000 		.4byte	0xbf
 766 032e 38030000 		.4byte	0x338
 767 0332 1C       		.uleb128 0x1c
 768 0333 A5000000 		.4byte	0xa5
 769 0337 00       		.byte	0
 770 0338 1E       		.uleb128 0x1e
 771 0339 AA010000 		.4byte	.LASF32
 772 033d 04       		.byte	0x4
 773 033e DA       		.byte	0xda
 774 033f 49030000 		.4byte	0x349
 775 0343 1C       		.uleb128 0x1c
 776 0344 99000000 		.4byte	0x99
 777 0348 00       		.byte	0
 778 0349 1F       		.uleb128 0x1f
 779 034a 2C000000 		.4byte	.LASF33
 780 034e 04       		.byte	0x4
 781 034f BD       		.byte	0xbd
 782 0350 ED000000 		.4byte	0xed
 783 0354 63030000 		.4byte	0x363
 784 0358 1C       		.uleb128 0x1c
 785 0359 8D000000 		.4byte	0x8d
 786 035d 1C       		.uleb128 0x1c
 787 035e ED000000 		.4byte	0xed
 788 0362 00       		.byte	0
 789 0363 20       		.uleb128 0x20
 790 0364 1D010000 		.4byte	.LASF40
ARM GAS  C:\Users\Sarah\AppData\Local\Temp\ccclTPOi.s 			page 21


 791 0368 04       		.byte	0x4
 792 0369 C3       		.byte	0xc3
 793 036a 1C       		.uleb128 0x1c
 794 036b 8D000000 		.4byte	0x8d
 795 036f 00       		.byte	0
 796 0370 00       		.byte	0
 797              		.section	.debug_abbrev,"",%progbits
 798              	.Ldebug_abbrev0:
 799 0000 01       		.uleb128 0x1
 800 0001 11       		.uleb128 0x11
 801 0002 01       		.byte	0x1
 802 0003 25       		.uleb128 0x25
 803 0004 0E       		.uleb128 0xe
 804 0005 13       		.uleb128 0x13
 805 0006 0B       		.uleb128 0xb
 806 0007 03       		.uleb128 0x3
 807 0008 0E       		.uleb128 0xe
 808 0009 1B       		.uleb128 0x1b
 809 000a 0E       		.uleb128 0xe
 810 000b 55       		.uleb128 0x55
 811 000c 17       		.uleb128 0x17
 812 000d 11       		.uleb128 0x11
 813 000e 01       		.uleb128 0x1
 814 000f 10       		.uleb128 0x10
 815 0010 17       		.uleb128 0x17
 816 0011 00       		.byte	0
 817 0012 00       		.byte	0
 818 0013 02       		.uleb128 0x2
 819 0014 24       		.uleb128 0x24
 820 0015 00       		.byte	0
 821 0016 0B       		.uleb128 0xb
 822 0017 0B       		.uleb128 0xb
 823 0018 3E       		.uleb128 0x3e
 824 0019 0B       		.uleb128 0xb
 825 001a 03       		.uleb128 0x3
 826 001b 08       		.uleb128 0x8
 827 001c 00       		.byte	0
 828 001d 00       		.byte	0
 829 001e 03       		.uleb128 0x3
 830 001f 16       		.uleb128 0x16
 831 0020 00       		.byte	0
 832 0021 03       		.uleb128 0x3
 833 0022 0E       		.uleb128 0xe
 834 0023 3A       		.uleb128 0x3a
 835 0024 0B       		.uleb128 0xb
 836 0025 3B       		.uleb128 0x3b
 837 0026 0B       		.uleb128 0xb
 838 0027 49       		.uleb128 0x49
 839 0028 13       		.uleb128 0x13
 840 0029 00       		.byte	0
 841 002a 00       		.byte	0
 842 002b 04       		.uleb128 0x4
 843 002c 24       		.uleb128 0x24
 844 002d 00       		.byte	0
 845 002e 0B       		.uleb128 0xb
 846 002f 0B       		.uleb128 0xb
 847 0030 3E       		.uleb128 0x3e
ARM GAS  C:\Users\Sarah\AppData\Local\Temp\ccclTPOi.s 			page 22


 848 0031 0B       		.uleb128 0xb
 849 0032 03       		.uleb128 0x3
 850 0033 0E       		.uleb128 0xe
 851 0034 00       		.byte	0
 852 0035 00       		.byte	0
 853 0036 05       		.uleb128 0x5
 854 0037 0F       		.uleb128 0xf
 855 0038 00       		.byte	0
 856 0039 0B       		.uleb128 0xb
 857 003a 0B       		.uleb128 0xb
 858 003b 00       		.byte	0
 859 003c 00       		.byte	0
 860 003d 06       		.uleb128 0x6
 861 003e 0F       		.uleb128 0xf
 862 003f 00       		.byte	0
 863 0040 0B       		.uleb128 0xb
 864 0041 0B       		.uleb128 0xb
 865 0042 49       		.uleb128 0x49
 866 0043 13       		.uleb128 0x13
 867 0044 00       		.byte	0
 868 0045 00       		.byte	0
 869 0046 07       		.uleb128 0x7
 870 0047 15       		.uleb128 0x15
 871 0048 00       		.byte	0
 872 0049 27       		.uleb128 0x27
 873 004a 19       		.uleb128 0x19
 874 004b 00       		.byte	0
 875 004c 00       		.byte	0
 876 004d 08       		.uleb128 0x8
 877 004e 16       		.uleb128 0x16
 878 004f 00       		.byte	0
 879 0050 03       		.uleb128 0x3
 880 0051 0E       		.uleb128 0xe
 881 0052 3A       		.uleb128 0x3a
 882 0053 0B       		.uleb128 0xb
 883 0054 3B       		.uleb128 0x3b
 884 0055 05       		.uleb128 0x5
 885 0056 49       		.uleb128 0x49
 886 0057 13       		.uleb128 0x13
 887 0058 00       		.byte	0
 888 0059 00       		.byte	0
 889 005a 09       		.uleb128 0x9
 890 005b 35       		.uleb128 0x35
 891 005c 00       		.byte	0
 892 005d 49       		.uleb128 0x49
 893 005e 13       		.uleb128 0x13
 894 005f 00       		.byte	0
 895 0060 00       		.byte	0
 896 0061 0A       		.uleb128 0xa
 897 0062 2E       		.uleb128 0x2e
 898 0063 00       		.byte	0
 899 0064 03       		.uleb128 0x3
 900 0065 0E       		.uleb128 0xe
 901 0066 3A       		.uleb128 0x3a
 902 0067 0B       		.uleb128 0xb
 903 0068 3B       		.uleb128 0x3b
 904 0069 0B       		.uleb128 0xb
ARM GAS  C:\Users\Sarah\AppData\Local\Temp\ccclTPOi.s 			page 23


 905 006a 27       		.uleb128 0x27
 906 006b 19       		.uleb128 0x19
 907 006c 11       		.uleb128 0x11
 908 006d 01       		.uleb128 0x1
 909 006e 12       		.uleb128 0x12
 910 006f 06       		.uleb128 0x6
 911 0070 40       		.uleb128 0x40
 912 0071 18       		.uleb128 0x18
 913 0072 9742     		.uleb128 0x2117
 914 0074 19       		.uleb128 0x19
 915 0075 00       		.byte	0
 916 0076 00       		.byte	0
 917 0077 0B       		.uleb128 0xb
 918 0078 2E       		.uleb128 0x2e
 919 0079 01       		.byte	0x1
 920 007a 03       		.uleb128 0x3
 921 007b 0E       		.uleb128 0xe
 922 007c 3A       		.uleb128 0x3a
 923 007d 0B       		.uleb128 0xb
 924 007e 3B       		.uleb128 0x3b
 925 007f 0B       		.uleb128 0xb
 926 0080 27       		.uleb128 0x27
 927 0081 19       		.uleb128 0x19
 928 0082 11       		.uleb128 0x11
 929 0083 01       		.uleb128 0x1
 930 0084 12       		.uleb128 0x12
 931 0085 06       		.uleb128 0x6
 932 0086 40       		.uleb128 0x40
 933 0087 18       		.uleb128 0x18
 934 0088 9742     		.uleb128 0x2117
 935 008a 19       		.uleb128 0x19
 936 008b 01       		.uleb128 0x1
 937 008c 13       		.uleb128 0x13
 938 008d 00       		.byte	0
 939 008e 00       		.byte	0
 940 008f 0C       		.uleb128 0xc
 941 0090 05       		.uleb128 0x5
 942 0091 00       		.byte	0
 943 0092 03       		.uleb128 0x3
 944 0093 08       		.uleb128 0x8
 945 0094 3A       		.uleb128 0x3a
 946 0095 0B       		.uleb128 0xb
 947 0096 3B       		.uleb128 0x3b
 948 0097 0B       		.uleb128 0xb
 949 0098 49       		.uleb128 0x49
 950 0099 13       		.uleb128 0x13
 951 009a 02       		.uleb128 0x2
 952 009b 17       		.uleb128 0x17
 953 009c 00       		.byte	0
 954 009d 00       		.byte	0
 955 009e 0D       		.uleb128 0xd
 956 009f 898201   		.uleb128 0x4109
 957 00a2 01       		.byte	0x1
 958 00a3 11       		.uleb128 0x11
 959 00a4 01       		.uleb128 0x1
 960 00a5 31       		.uleb128 0x31
 961 00a6 13       		.uleb128 0x13
ARM GAS  C:\Users\Sarah\AppData\Local\Temp\ccclTPOi.s 			page 24


 962 00a7 00       		.byte	0
 963 00a8 00       		.byte	0
 964 00a9 0E       		.uleb128 0xe
 965 00aa 8A8201   		.uleb128 0x410a
 966 00ad 00       		.byte	0
 967 00ae 02       		.uleb128 0x2
 968 00af 18       		.uleb128 0x18
 969 00b0 9142     		.uleb128 0x2111
 970 00b2 18       		.uleb128 0x18
 971 00b3 00       		.byte	0
 972 00b4 00       		.byte	0
 973 00b5 0F       		.uleb128 0xf
 974 00b6 898201   		.uleb128 0x4109
 975 00b9 00       		.byte	0
 976 00ba 11       		.uleb128 0x11
 977 00bb 01       		.uleb128 0x1
 978 00bc 31       		.uleb128 0x31
 979 00bd 13       		.uleb128 0x13
 980 00be 00       		.byte	0
 981 00bf 00       		.byte	0
 982 00c0 10       		.uleb128 0x10
 983 00c1 898201   		.uleb128 0x4109
 984 00c4 01       		.byte	0x1
 985 00c5 11       		.uleb128 0x11
 986 00c6 01       		.uleb128 0x1
 987 00c7 31       		.uleb128 0x31
 988 00c8 13       		.uleb128 0x13
 989 00c9 01       		.uleb128 0x1
 990 00ca 13       		.uleb128 0x13
 991 00cb 00       		.byte	0
 992 00cc 00       		.byte	0
 993 00cd 11       		.uleb128 0x11
 994 00ce 2E       		.uleb128 0x2e
 995 00cf 01       		.byte	0x1
 996 00d0 3F       		.uleb128 0x3f
 997 00d1 19       		.uleb128 0x19
 998 00d2 03       		.uleb128 0x3
 999 00d3 0E       		.uleb128 0xe
 1000 00d4 3A       		.uleb128 0x3a
 1001 00d5 0B       		.uleb128 0xb
 1002 00d6 3B       		.uleb128 0x3b
 1003 00d7 0B       		.uleb128 0xb
 1004 00d8 27       		.uleb128 0x27
 1005 00d9 19       		.uleb128 0x19
 1006 00da 11       		.uleb128 0x11
 1007 00db 01       		.uleb128 0x1
 1008 00dc 12       		.uleb128 0x12
 1009 00dd 06       		.uleb128 0x6
 1010 00de 40       		.uleb128 0x40
 1011 00df 18       		.uleb128 0x18
 1012 00e0 9742     		.uleb128 0x2117
 1013 00e2 19       		.uleb128 0x19
 1014 00e3 01       		.uleb128 0x1
 1015 00e4 13       		.uleb128 0x13
 1016 00e5 00       		.byte	0
 1017 00e6 00       		.byte	0
 1018 00e7 12       		.uleb128 0x12
ARM GAS  C:\Users\Sarah\AppData\Local\Temp\ccclTPOi.s 			page 25


 1019 00e8 0B       		.uleb128 0xb
 1020 00e9 01       		.byte	0x1
 1021 00ea 11       		.uleb128 0x11
 1022 00eb 01       		.uleb128 0x1
 1023 00ec 12       		.uleb128 0x12
 1024 00ed 06       		.uleb128 0x6
 1025 00ee 01       		.uleb128 0x1
 1026 00ef 13       		.uleb128 0x13
 1027 00f0 00       		.byte	0
 1028 00f1 00       		.byte	0
 1029 00f2 13       		.uleb128 0x13
 1030 00f3 13       		.uleb128 0x13
 1031 00f4 01       		.byte	0x1
 1032 00f5 0B       		.uleb128 0xb
 1033 00f6 0B       		.uleb128 0xb
 1034 00f7 3A       		.uleb128 0x3a
 1035 00f8 0B       		.uleb128 0xb
 1036 00f9 3B       		.uleb128 0x3b
 1037 00fa 05       		.uleb128 0x5
 1038 00fb 01       		.uleb128 0x1
 1039 00fc 13       		.uleb128 0x13
 1040 00fd 00       		.byte	0
 1041 00fe 00       		.byte	0
 1042 00ff 14       		.uleb128 0x14
 1043 0100 0D       		.uleb128 0xd
 1044 0101 00       		.byte	0
 1045 0102 03       		.uleb128 0x3
 1046 0103 0E       		.uleb128 0xe
 1047 0104 3A       		.uleb128 0x3a
 1048 0105 0B       		.uleb128 0xb
 1049 0106 3B       		.uleb128 0x3b
 1050 0107 05       		.uleb128 0x5
 1051 0108 49       		.uleb128 0x49
 1052 0109 13       		.uleb128 0x13
 1053 010a 38       		.uleb128 0x38
 1054 010b 0B       		.uleb128 0xb
 1055 010c 00       		.byte	0
 1056 010d 00       		.byte	0
 1057 010e 15       		.uleb128 0x15
 1058 010f 01       		.uleb128 0x1
 1059 0110 01       		.byte	0x1
 1060 0111 49       		.uleb128 0x49
 1061 0112 13       		.uleb128 0x13
 1062 0113 01       		.uleb128 0x1
 1063 0114 13       		.uleb128 0x13
 1064 0115 00       		.byte	0
 1065 0116 00       		.byte	0
 1066 0117 16       		.uleb128 0x16
 1067 0118 21       		.uleb128 0x21
 1068 0119 00       		.byte	0
 1069 011a 49       		.uleb128 0x49
 1070 011b 13       		.uleb128 0x13
 1071 011c 2F       		.uleb128 0x2f
 1072 011d 0B       		.uleb128 0xb
 1073 011e 00       		.byte	0
 1074 011f 00       		.byte	0
 1075 0120 17       		.uleb128 0x17
ARM GAS  C:\Users\Sarah\AppData\Local\Temp\ccclTPOi.s 			page 26


 1076 0121 34       		.uleb128 0x34
 1077 0122 00       		.byte	0
 1078 0123 03       		.uleb128 0x3
 1079 0124 0E       		.uleb128 0xe
 1080 0125 3A       		.uleb128 0x3a
 1081 0126 0B       		.uleb128 0xb
 1082 0127 3B       		.uleb128 0x3b
 1083 0128 05       		.uleb128 0x5
 1084 0129 49       		.uleb128 0x49
 1085 012a 13       		.uleb128 0x13
 1086 012b 02       		.uleb128 0x2
 1087 012c 18       		.uleb128 0x18
 1088 012d 00       		.byte	0
 1089 012e 00       		.byte	0
 1090 012f 18       		.uleb128 0x18
 1091 0130 26       		.uleb128 0x26
 1092 0131 00       		.byte	0
 1093 0132 49       		.uleb128 0x49
 1094 0133 13       		.uleb128 0x13
 1095 0134 00       		.byte	0
 1096 0135 00       		.byte	0
 1097 0136 19       		.uleb128 0x19
 1098 0137 34       		.uleb128 0x34
 1099 0138 00       		.byte	0
 1100 0139 03       		.uleb128 0x3
 1101 013a 08       		.uleb128 0x8
 1102 013b 3A       		.uleb128 0x3a
 1103 013c 0B       		.uleb128 0xb
 1104 013d 3B       		.uleb128 0x3b
 1105 013e 05       		.uleb128 0x5
 1106 013f 49       		.uleb128 0x49
 1107 0140 13       		.uleb128 0x13
 1108 0141 02       		.uleb128 0x2
 1109 0142 17       		.uleb128 0x17
 1110 0143 00       		.byte	0
 1111 0144 00       		.byte	0
 1112 0145 1A       		.uleb128 0x1a
 1113 0146 0B       		.uleb128 0xb
 1114 0147 01       		.byte	0x1
 1115 0148 11       		.uleb128 0x11
 1116 0149 01       		.uleb128 0x1
 1117 014a 12       		.uleb128 0x12
 1118 014b 06       		.uleb128 0x6
 1119 014c 00       		.byte	0
 1120 014d 00       		.byte	0
 1121 014e 1B       		.uleb128 0x1b
 1122 014f 2E       		.uleb128 0x2e
 1123 0150 01       		.byte	0x1
 1124 0151 3F       		.uleb128 0x3f
 1125 0152 19       		.uleb128 0x19
 1126 0153 03       		.uleb128 0x3
 1127 0154 0E       		.uleb128 0xe
 1128 0155 27       		.uleb128 0x27
 1129 0156 19       		.uleb128 0x19
 1130 0157 49       		.uleb128 0x49
 1131 0158 13       		.uleb128 0x13
 1132 0159 34       		.uleb128 0x34
ARM GAS  C:\Users\Sarah\AppData\Local\Temp\ccclTPOi.s 			page 27


 1133 015a 19       		.uleb128 0x19
 1134 015b 3C       		.uleb128 0x3c
 1135 015c 19       		.uleb128 0x19
 1136 015d 01       		.uleb128 0x1
 1137 015e 13       		.uleb128 0x13
 1138 015f 00       		.byte	0
 1139 0160 00       		.byte	0
 1140 0161 1C       		.uleb128 0x1c
 1141 0162 05       		.uleb128 0x5
 1142 0163 00       		.byte	0
 1143 0164 49       		.uleb128 0x49
 1144 0165 13       		.uleb128 0x13
 1145 0166 00       		.byte	0
 1146 0167 00       		.byte	0
 1147 0168 1D       		.uleb128 0x1d
 1148 0169 2E       		.uleb128 0x2e
 1149 016a 00       		.byte	0
 1150 016b 3F       		.uleb128 0x3f
 1151 016c 19       		.uleb128 0x19
 1152 016d 03       		.uleb128 0x3
 1153 016e 0E       		.uleb128 0xe
 1154 016f 3A       		.uleb128 0x3a
 1155 0170 0B       		.uleb128 0xb
 1156 0171 3B       		.uleb128 0x3b
 1157 0172 0B       		.uleb128 0xb
 1158 0173 27       		.uleb128 0x27
 1159 0174 19       		.uleb128 0x19
 1160 0175 3C       		.uleb128 0x3c
 1161 0176 19       		.uleb128 0x19
 1162 0177 00       		.byte	0
 1163 0178 00       		.byte	0
 1164 0179 1E       		.uleb128 0x1e
 1165 017a 2E       		.uleb128 0x2e
 1166 017b 01       		.byte	0x1
 1167 017c 3F       		.uleb128 0x3f
 1168 017d 19       		.uleb128 0x19
 1169 017e 03       		.uleb128 0x3
 1170 017f 0E       		.uleb128 0xe
 1171 0180 3A       		.uleb128 0x3a
 1172 0181 0B       		.uleb128 0xb
 1173 0182 3B       		.uleb128 0x3b
 1174 0183 0B       		.uleb128 0xb
 1175 0184 27       		.uleb128 0x27
 1176 0185 19       		.uleb128 0x19
 1177 0186 3C       		.uleb128 0x3c
 1178 0187 19       		.uleb128 0x19
 1179 0188 01       		.uleb128 0x1
 1180 0189 13       		.uleb128 0x13
 1181 018a 00       		.byte	0
 1182 018b 00       		.byte	0
 1183 018c 1F       		.uleb128 0x1f
 1184 018d 2E       		.uleb128 0x2e
 1185 018e 01       		.byte	0x1
 1186 018f 3F       		.uleb128 0x3f
 1187 0190 19       		.uleb128 0x19
 1188 0191 03       		.uleb128 0x3
 1189 0192 0E       		.uleb128 0xe
ARM GAS  C:\Users\Sarah\AppData\Local\Temp\ccclTPOi.s 			page 28


 1190 0193 3A       		.uleb128 0x3a
 1191 0194 0B       		.uleb128 0xb
 1192 0195 3B       		.uleb128 0x3b
 1193 0196 0B       		.uleb128 0xb
 1194 0197 27       		.uleb128 0x27
 1195 0198 19       		.uleb128 0x19
 1196 0199 49       		.uleb128 0x49
 1197 019a 13       		.uleb128 0x13
 1198 019b 3C       		.uleb128 0x3c
 1199 019c 19       		.uleb128 0x19
 1200 019d 01       		.uleb128 0x1
 1201 019e 13       		.uleb128 0x13
 1202 019f 00       		.byte	0
 1203 01a0 00       		.byte	0
 1204 01a1 20       		.uleb128 0x20
 1205 01a2 2E       		.uleb128 0x2e
 1206 01a3 01       		.byte	0x1
 1207 01a4 3F       		.uleb128 0x3f
 1208 01a5 19       		.uleb128 0x19
 1209 01a6 03       		.uleb128 0x3
 1210 01a7 0E       		.uleb128 0xe
 1211 01a8 3A       		.uleb128 0x3a
 1212 01a9 0B       		.uleb128 0xb
 1213 01aa 3B       		.uleb128 0x3b
 1214 01ab 0B       		.uleb128 0xb
 1215 01ac 27       		.uleb128 0x27
 1216 01ad 19       		.uleb128 0x19
 1217 01ae 3C       		.uleb128 0x3c
 1218 01af 19       		.uleb128 0x19
 1219 01b0 00       		.byte	0
 1220 01b1 00       		.byte	0
 1221 01b2 00       		.byte	0
 1222              		.section	.debug_loc,"",%progbits
 1223              	.Ldebug_loc0:
 1224              	.LLST0:
 1225 0000 00000000 		.4byte	.LVL0
 1226 0004 09000000 		.4byte	.LVL2-1
 1227 0008 0100     		.2byte	0x1
 1228 000a 50       		.byte	0x50
 1229 000b 09000000 		.4byte	.LVL2-1
 1230 000f 0C000000 		.4byte	.LFE2
 1231 0013 0400     		.2byte	0x4
 1232 0015 F3       		.byte	0xf3
 1233 0016 01       		.uleb128 0x1
 1234 0017 50       		.byte	0x50
 1235 0018 9F       		.byte	0x9f
 1236 0019 00000000 		.4byte	0
 1237 001d 00000000 		.4byte	0
 1238              	.LLST1:
 1239 0021 00000000 		.4byte	.LVL0
 1240 0025 06000000 		.4byte	.LVL1
 1241 0029 0100     		.2byte	0x1
 1242 002b 51       		.byte	0x51
 1243 002c 06000000 		.4byte	.LVL1
 1244 0030 09000000 		.4byte	.LVL2-1
 1245 0034 0100     		.2byte	0x1
 1246 0036 52       		.byte	0x52
ARM GAS  C:\Users\Sarah\AppData\Local\Temp\ccclTPOi.s 			page 29


 1247 0037 09000000 		.4byte	.LVL2-1
 1248 003b 0C000000 		.4byte	.LFE2
 1249 003f 0400     		.2byte	0x4
 1250 0041 F3       		.byte	0xf3
 1251 0042 01       		.uleb128 0x1
 1252 0043 51       		.byte	0x51
 1253 0044 9F       		.byte	0x9f
 1254 0045 00000000 		.4byte	0
 1255 0049 00000000 		.4byte	0
 1256              	.LLST2:
 1257 004d E2000000 		.4byte	.LVL11
 1258 0051 E6000000 		.4byte	.LVL12
 1259 0055 0200     		.2byte	0x2
 1260 0057 30       		.byte	0x30
 1261 0058 9F       		.byte	0x9f
 1262 0059 E6000000 		.4byte	.LVL12
 1263 005d 06010000 		.4byte	.LVL14
 1264 0061 0100     		.2byte	0x1
 1265 0063 54       		.byte	0x54
 1266 0064 08010000 		.4byte	.LVL15
 1267 0068 78010000 		.4byte	.LVL18
 1268 006c 0100     		.2byte	0x1
 1269 006e 54       		.byte	0x54
 1270 006f 00000000 		.4byte	0
 1271 0073 00000000 		.4byte	0
 1272              	.LLST3:
 1273 0077 E6000000 		.4byte	.LVL12
 1274 007b 06010000 		.4byte	.LVL14
 1275 007f 0B00     		.2byte	0xb
 1276 0081 74       		.byte	0x74
 1277 0082 00       		.sleb128 0
 1278 0083 36       		.byte	0x36
 1279 0084 1E       		.byte	0x1e
 1280 0085 03       		.byte	0x3
 1281 0086 00000000 		.4byte	cfg_memset_list.4771
 1282 008a 22       		.byte	0x22
 1283 008b 9F       		.byte	0x9f
 1284 008c 06010000 		.4byte	.LVL14
 1285 0090 08010000 		.4byte	.LVL15
 1286 0094 0B00     		.2byte	0xb
 1287 0096 74       		.byte	0x74
 1288 0097 7F       		.sleb128 -1
 1289 0098 36       		.byte	0x36
 1290 0099 1E       		.byte	0x1e
 1291 009a 03       		.byte	0x3
 1292 009b 00000000 		.4byte	cfg_memset_list.4771
 1293 009f 22       		.byte	0x22
 1294 00a0 9F       		.byte	0x9f
 1295 00a1 00000000 		.4byte	0
 1296 00a5 00000000 		.4byte	0
 1297              		.section	.debug_aranges,"",%progbits
 1298 0000 34000000 		.4byte	0x34
 1299 0004 0200     		.2byte	0x2
 1300 0006 00000000 		.4byte	.Ldebug_info0
 1301 000a 04       		.byte	0x4
 1302 000b 00       		.byte	0
 1303 000c 0000     		.2byte	0
ARM GAS  C:\Users\Sarah\AppData\Local\Temp\ccclTPOi.s 			page 30


 1304 000e 0000     		.2byte	0
 1305 0010 00000000 		.4byte	.LFB6
 1306 0014 20000000 		.4byte	.LFE6-.LFB6
 1307 0018 00000000 		.4byte	.LFB2
 1308 001c 0C000000 		.4byte	.LFE2-.LFB2
 1309 0020 00000000 		.4byte	.LFB5
 1310 0024 D8000000 		.4byte	.LFE5-.LFB5
 1311 0028 D8000000 		.4byte	.LFB7
 1312 002c E0000000 		.4byte	.LFE7-.LFB7
 1313 0030 00000000 		.4byte	0
 1314 0034 00000000 		.4byte	0
 1315              		.section	.debug_ranges,"",%progbits
 1316              	.Ldebug_ranges0:
 1317 0000 00000000 		.4byte	.LFB6
 1318 0004 20000000 		.4byte	.LFE6
 1319 0008 00000000 		.4byte	.LFB2
 1320 000c 0C000000 		.4byte	.LFE2
 1321 0010 00000000 		.4byte	.LFB5
 1322 0014 D8000000 		.4byte	.LFE5
 1323 0018 D8000000 		.4byte	.LFB7
 1324 001c B8010000 		.4byte	.LFE7
 1325 0020 00000000 		.4byte	0
 1326 0024 00000000 		.4byte	0
 1327              		.section	.debug_line,"",%progbits
 1328              	.Ldebug_line0:
 1329 0000 60010000 		.section	.debug_str,"MS",%progbits,1
 1329      0200E300 
 1329      00000201 
 1329      FB0E0D00 
 1329      01010101 
 1330              	.LASF28:
 1331 0000 43794465 		.ascii	"CyDelayCycles\000"
 1331      6C617943 
 1331      79636C65 
 1331      7300
 1332              	.LASF19:
 1333 000e 72656733 		.ascii	"reg32\000"
 1333      3200
 1334              	.LASF11:
 1335 0014 73697A65 		.ascii	"size_t\000"
 1335      5F7400
 1336              	.LASF37:
 1337 001b 416E616C 		.ascii	"AnalogSetDefault\000"
 1337      6F675365 
 1337      74446566 
 1337      61756C74 
 1337      00
 1338              	.LASF33:
 1339 002c 4379496E 		.ascii	"CyIntSetVector\000"
 1339      74536574 
 1339      56656374 
 1339      6F7200
 1340              	.LASF26:
 1341 003b 6366675F 		.ascii	"cfg_memset_list\000"
 1341      6D656D73 
 1341      65745F6C 
 1341      69737400 
ARM GAS  C:\Users\Sarah\AppData\Local\Temp\ccclTPOi.s 			page 31


 1342              	.LASF22:
 1343 004b 436C6F63 		.ascii	"ClockSetup\000"
 1343      6B536574 
 1343      757000
 1344              	.LASF4:
 1345 0056 73686F72 		.ascii	"short unsigned int\000"
 1345      7420756E 
 1345      7369676E 
 1345      65642069 
 1345      6E7400
 1346              	.LASF36:
 1347 0069 433A5C55 		.ascii	"C:\\Users\\Sarah\\Documents\\PSoC Creator\\Workspac"
 1347      73657273 
 1347      5C536172 
 1347      61685C44 
 1347      6F63756D 
 1348 0097 6530315C 		.ascii	"e01\\UART.cydsn\000"
 1348      55415254 
 1348      2E637964 
 1348      736E00
 1349              	.LASF15:
 1350 00a6 666C6F61 		.ascii	"float\000"
 1350      7400
 1351              	.LASF24:
 1352 00ac 73697A65 		.ascii	"size\000"
 1352      00
 1353              	.LASF30:
 1354 00b1 43795379 		.ascii	"CySysClkWcoSetPowerMode\000"
 1354      73436C6B 
 1354      57636F53 
 1354      6574506F 
 1354      7765724D 
 1355              	.LASF18:
 1356 00c9 72656738 		.ascii	"reg8\000"
 1356      00
 1357              	.LASF6:
 1358 00ce 6C6F6E67 		.ascii	"long unsigned int\000"
 1358      20756E73 
 1358      69676E65 
 1358      6420696E 
 1358      7400
 1359              	.LASF12:
 1360 00e0 75696E74 		.ascii	"uint8\000"
 1360      3800
 1361              	.LASF39:
 1362 00e6 43795379 		.ascii	"CySysClkWcoStart\000"
 1362      73436C6B 
 1362      57636F53 
 1362      74617274 
 1362      00
 1363              	.LASF21:
 1364 00f7 43594D45 		.ascii	"CYMEMZERO\000"
 1364      4D5A4552 
 1364      4F00
 1365              	.LASF2:
 1366 0101 756E7369 		.ascii	"unsigned char\000"
 1366      676E6564 
ARM GAS  C:\Users\Sarah\AppData\Local\Temp\ccclTPOi.s 			page 32


 1366      20636861 
 1366      7200
 1367              	.LASF27:
 1368 010f 6D656D73 		.ascii	"memset\000"
 1368      657400
 1369              	.LASF16:
 1370 0116 646F7562 		.ascii	"double\000"
 1370      6C6500
 1371              	.LASF40:
 1372 011d 4379496E 		.ascii	"CyIntEnable\000"
 1372      74456E61 
 1372      626C6500 
 1373              	.LASF13:
 1374 0129 75696E74 		.ascii	"uint16\000"
 1374      313600
 1375              	.LASF17:
 1376 0130 63797374 		.ascii	"cystatus\000"
 1376      61747573 
 1376      00
 1377              	.LASF14:
 1378 0139 75696E74 		.ascii	"uint32\000"
 1378      333200
 1379              	.LASF0:
 1380 0140 756E7369 		.ascii	"unsigned int\000"
 1380      676E6564 
 1380      20696E74 
 1380      00
 1381              	.LASF38:
 1382 014d 63796669 		.ascii	"cyfitter_cfg\000"
 1382      74746572 
 1382      5F636667 
 1382      00
 1383              	.LASF23:
 1384 015a 61646472 		.ascii	"address\000"
 1384      65737300 
 1385              	.LASF8:
 1386 0162 6C6F6E67 		.ascii	"long long unsigned int\000"
 1386      206C6F6E 
 1386      6720756E 
 1386      7369676E 
 1386      65642069 
 1387              	.LASF20:
 1388 0179 63796973 		.ascii	"cyisraddress\000"
 1388      72616464 
 1388      72657373 
 1388      00
 1389              	.LASF25:
 1390 0186 6366675F 		.ascii	"cfg_memset_t\000"
 1390      6D656D73 
 1390      65745F74 
 1390      00
 1391              	.LASF9:
 1392 0193 73697A65 		.ascii	"sizetype\000"
 1392      74797065 
 1392      00
 1393              	.LASF7:
 1394 019c 6C6F6E67 		.ascii	"long long int\000"
ARM GAS  C:\Users\Sarah\AppData\Local\Temp\ccclTPOi.s 			page 33


 1394      206C6F6E 
 1394      6720696E 
 1394      7400
 1395              	.LASF32:
 1396 01aa 43794465 		.ascii	"CyDelayUs\000"
 1396      6C617955 
 1396      7300
 1397              	.LASF10:
 1398 01b4 63686172 		.ascii	"char\000"
 1398      00
 1399              	.LASF31:
 1400 01b9 43795379 		.ascii	"CySysClkEcoStart\000"
 1400      73436C6B 
 1400      45636F53 
 1400      74617274 
 1400      00
 1401              	.LASF34:
 1402 01ca 474E5520 		.ascii	"GNU C 4.9.3 20150303 (release) [ARM/embedded-4_9-br"
 1402      4320342E 
 1402      392E3320 
 1402      32303135 
 1402      30333033 
 1403 01fd 616E6368 		.ascii	"anch revision 221220] -mcpu=cortex-m0 -mthumb -g -O"
 1403      20726576 
 1403      6973696F 
 1403      6E203232 
 1403      31323230 
 1404 0230 67202D66 		.ascii	"g -ffunction-sections -ffat-lto-objects\000"
 1404      66756E63 
 1404      74696F6E 
 1404      2D736563 
 1404      74696F6E 
 1405              	.LASF3:
 1406 0258 73686F72 		.ascii	"short int\000"
 1406      7420696E 
 1406      7400
 1407              	.LASF29:
 1408 0262 43795379 		.ascii	"CySysClkWriteImoFreq\000"
 1408      73436C6B 
 1408      57726974 
 1408      65496D6F 
 1408      46726571 
 1409              	.LASF5:
 1410 0277 6C6F6E67 		.ascii	"long int\000"
 1410      20696E74 
 1410      00
 1411              	.LASF1:
 1412 0280 7369676E 		.ascii	"signed char\000"
 1412      65642063 
 1412      68617200 
 1413              	.LASF35:
 1414 028c 47656E65 		.ascii	"Generated_Source\\PSoC4\\cyfitter_cfg.c\000"
 1414      72617465 
 1414      645F536F 
 1414      75726365 
 1414      5C50536F 
 1415              		.ident	"GCC: (GNU Tools for ARM Embedded Processors) 4.9.3 20150303 (release) [ARM/embedded-4_9-br
ARM GAS  C:\Users\Sarah\AppData\Local\Temp\ccclTPOi.s 			page 34


