--------------- Build Started: 04/03/2017 22:45:45 Project: UART, Configuration: ARM GCC 4.9-2015-q1-update Debug ---------------
cydsfit.exe -.appdatapath "C:\Users\Sarah\AppData\Local\Cypress Semiconductor\PSoC Creator\4.0" -.fdsnotice -.fdswarpdepfile=warp_dependencies.txt -.fdselabdepfile=elab_dependencies.txt -.fdsbldfile=generated_files.txt -.fdsreffile=referenced_files.txt -p "C:\Users\Sarah\Documents\PSoC Creator\Workspace01\UART.cydsn\UART.cyprj" -d CY8C4248LQI-BL583 -s "C:\Users\Sarah\Documents\PSoC Creator\Workspace01\UART.cydsn\Generated_Source\PSoC4" -- -yv2 -q10 -ygs -o2 -v3 -.fftcfgtype=LE
Elaborating Design...
ADD: pft.M0074: information: A (re)build is required to use the analog device editor. Unable to load the necessary information from the cyfit file. Partial/wrong data will be displayed until this has been resolved.
 * C:\Users\Sarah\Documents\PSoC Creator\Workspace01\UART.cydsn\UART.cydwr ()
HDL Generation...
Synthesis...
Tech Mapping...
Analog Placement...
Analog Routing...
Analog Code Generation...
Digital Placement...
Digital Routing...
Bitstream Generation...
Bitstream Verification...
Static timing analysis...
API Generation...
DEL: pft.M0074: information: A (re)build is required to use the analog device editor. Unable to load the necessary information from the cyfit file. Partial/wrong data will be displayed until this has been resolved.
 * C:\Users\Sarah\Documents\PSoC Creator\Workspace01\UART.cydsn\UART.cydwr ()
Dependency Generation...
Cleanup...
--------------- Build Succeeded: 04/03/2017 22:45:53 ---------------
