Loading plugins phase: Elapsed time ==> 0s.625ms
<CYPRESSTAG name="CyDsfit arguments...">
cydsfit arguments: -.fdsnotice -.fdswarpdepfile=warp_dependencies.txt -.fdselabdepfile=elab_dependencies.txt -.fdsbldfile=generated_files.txt -.fdsreffile=referenced_files.txt -p C:\Users\Sarah\Documents\DVCS\bleapp-master\bleapp-master\PSoC_Creator\capsenseled\capsenseled_noTemp.cydsn\capsenseled_noTemp.cyprj -d CYBL11573-56LQXI -s C:\Users\Sarah\Documents\DVCS\bleapp-master\bleapp-master\PSoC_Creator\capsenseled\capsenseled_noTemp.cydsn\Generated_Source\PSoC4 -- -yv2 -q10 -ygs -o2 -v3 -.fftcfgtype=LE</CYPRESSTAG>
<CYPRESSTAG name="Design elaboration results...">
ADD: pft.M0074: information: A (re)build is required to use the analog device editor. Unable to load the necessary information from the cyfit file. Partial/wrong data will be displayed until this has been resolved.
 * C:\Users\Sarah\Documents\DVCS\bleapp-master\bleapp-master\PSoC_Creator\capsenseled\capsenseled_noTemp.cydsn\capsenseled_noTemp.cydwr ()

</CYPRESSTAG>
Elaboration phase: Elapsed time ==> 2s.968ms
<CYPRESSTAG name="HDL generation results...">
</CYPRESSTAG>
HDL generation phase: Elapsed time ==> 0s.116ms
<CYPRESSTAG name="Synthesis results...">

     | | | | | | |
   _________________
  -|               |-
  -|               |-
  -|               |-
  -|    CYPRESS    |-
  -|               |-
  -|               |-   Warp Verilog Synthesis Compiler: Version 6.3 IR 41
  -|               |-   Copyright (C) 1991-2001 Cypress Semiconductor
   |_______________|
     | | | | | | |

======================================================================
Compiling:  capsenseled_noTemp.v
Program  :   C:\Program Files (x86)\Cypress\PSoC Creator\4.0\PSoC Creator\warp\bin\warp.exe
Options  :    -yv2 -q10 -ygs -o2 -v3 -.fftcfgtype=LE -ya -.fftprj=C:\Users\Sarah\Documents\DVCS\bleapp-master\bleapp-master\PSoC_Creator\capsenseled\capsenseled_noTemp.cydsn\capsenseled_noTemp.cyprj -dcpsoc3 capsenseled_noTemp.v -verilog
======================================================================

======================================================================
Compiling:  capsenseled_noTemp.v
Program  :   C:\Program Files (x86)\Cypress\PSoC Creator\4.0\PSoC Creator\warp\bin\warp.exe
Options  :    -yv2 -q10 -ygs -o2 -v3 -.fftcfgtype=LE -ya -.fftprj=C:\Users\Sarah\Documents\DVCS\bleapp-master\bleapp-master\PSoC_Creator\capsenseled\capsenseled_noTemp.cydsn\capsenseled_noTemp.cyprj -dcpsoc3 capsenseled_noTemp.v -verilog
======================================================================

======================================================================
Compiling:  capsenseled_noTemp.v
Program  :   vlogfe
Options  :    -yv2 -q10 -ygs -o2 -v3 -.fftcfgtype=LE -ya -.fftprj=C:\Users\Sarah\Documents\DVCS\bleapp-master\bleapp-master\PSoC_Creator\capsenseled\capsenseled_noTemp.cydsn\capsenseled_noTemp.cyprj -dcpsoc3 -verilog capsenseled_noTemp.v
======================================================================

vlogfe V6.3 IR 41:  Verilog parser
Tue Apr 25 11:52:15 2017


======================================================================
Compiling:  capsenseled_noTemp.v
Program  :   vpp
Options  :    -yv2 -q10 capsenseled_noTemp.v
======================================================================

vpp V6.3 IR 41:  Verilog Pre-Processor
Tue Apr 25 11:52:15 2017

Flattening file 'C:\Program Files (x86)\Cypress\PSoC Creator\4.0\PSoC Creator\psoc\content\cyprimitives\CyPrimitives.cylib\cy_virtualmux_v1_0\cy_virtualmux_v1_0.v'
Flattening file 'C:\Program Files (x86)\Cypress\PSoC Creator\4.0\PSoC Creator\psoc\content\cyprimitives\CyPrimitives.cylib\ZeroTerminal\ZeroTerminal.v'
Flattening file 'C:\Program Files (x86)\Cypress\PSoC Creator\4.0\PSoC Creator\psoc\content\cyprimitives\CyPrimitives.cylib\or_v1_0\or_v1_0.v'
Flattening file 'C:\Program Files (x86)\Cypress\PSoC Creator\4.0\PSoC Creator\psoc\content\cyprimitives\CyPrimitives.cylib\cy_constant_v1_0\cy_constant_v1_0.v'

vpp:  No errors.

Library 'work' => directory 'lcpsoc3'
General_symbol_table
General_symbol_table
Linking 'C:\Program Files (x86)\Cypress\PSoC Creator\4.0\PSoC Creator\warp\lib\common\std.vhd'.
Linking 'C:\Program Files (x86)\Cypress\PSoC Creator\4.0\PSoC Creator\warp\lib\common\cypress.vhd'.
Linking 'C:\Program Files (x86)\Cypress\PSoC Creator\4.0\PSoC Creator\warp\lib\common\work\cypress.vif'.
Linking 'C:\Program Files (x86)\Cypress\PSoC Creator\4.0\PSoC Creator\warp\lib\ieee\work\stdlogic.vif'.
Linking 'C:\Program Files (x86)\Cypress\PSoC Creator\4.0\PSoC Creator\warp\lib\common\stdlogic\lpmpkg.vif'.
Linking 'C:\Program Files (x86)\Cypress\PSoC Creator\4.0\PSoC Creator\warp\lib\common\stdlogic\rtlpkg.vif'.
Linking 'C:\Program Files (x86)\Cypress\PSoC Creator\4.0\PSoC Creator\warp\lib\common\stdlogic\mod_cnst.vif'.
Linking 'C:\Program Files (x86)\Cypress\PSoC Creator\4.0\PSoC Creator\warp\lib\common\stdlogic\mod_mthv.vif'.
Linking 'C:\Program Files (x86)\Cypress\PSoC Creator\4.0\PSoC Creator\warp\lib\common\stdlogic\mod_genv.vif'.
Using control file 'capsenseled_noTemp.ctl'.

vlogfe:  No errors.


======================================================================
Compiling:  capsenseled_noTemp.v
Program  :   tovif
Options  :    -yv2 -q10 -ygs -o2 -v3 -.fftcfgtype=LE -ya -.fftprj=C:\Users\Sarah\Documents\DVCS\bleapp-master\bleapp-master\PSoC_Creator\capsenseled\capsenseled_noTemp.cydsn\capsenseled_noTemp.cyprj -dcpsoc3 -verilog capsenseled_noTemp.v
======================================================================

tovif V6.3 IR 41:  High-level synthesis
Tue Apr 25 11:52:15 2017

Linking 'C:\Program Files (x86)\Cypress\PSoC Creator\4.0\PSoC Creator\warp\lib\common\std.vhd'.
Linking 'C:\Program Files (x86)\Cypress\PSoC Creator\4.0\PSoC Creator\warp\lib\common\cypress.vhd'.
Linking 'C:\Program Files (x86)\Cypress\PSoC Creator\4.0\PSoC Creator\warp\lib\common\work\cypress.vif'.
Linking 'C:\Program Files (x86)\Cypress\PSoC Creator\4.0\PSoC Creator\warp\lib\ieee\work\stdlogic.vif'.
Linking 'C:\Program Files (x86)\Cypress\PSoC Creator\4.0\PSoC Creator\warp\lib\common\stdlogic\lpmpkg.vif'.
Linking 'C:\Program Files (x86)\Cypress\PSoC Creator\4.0\PSoC Creator\warp\lib\common\stdlogic\rtlpkg.vif'.
Linking 'C:\Program Files (x86)\Cypress\PSoC Creator\4.0\PSoC Creator\warp\lib\common\stdlogic\mod_cnst.vif'.
Linking 'C:\Program Files (x86)\Cypress\PSoC Creator\4.0\PSoC Creator\warp\lib\common\stdlogic\mod_mthv.vif'.
Linking 'C:\Program Files (x86)\Cypress\PSoC Creator\4.0\PSoC Creator\warp\lib\common\stdlogic\mod_genv.vif'.
Linking 'C:\Users\Sarah\Documents\DVCS\bleapp-master\bleapp-master\PSoC_Creator\capsenseled\capsenseled_noTemp.cydsn\codegentemp\capsenseled_noTemp.ctl'.
Linking 'C:\Program Files (x86)\Cypress\PSoC Creator\4.0\PSoC Creator\psoc\content\cyprimitives\CyPrimitives.cylib\cy_virtualmux_v1_0\cy_virtualmux_v1_0.v'.
Linking 'C:\Users\Sarah\Documents\DVCS\bleapp-master\bleapp-master\PSoC_Creator\capsenseled\capsenseled_noTemp.cydsn\codegentemp\capsenseled_noTemp.v'.
Linking 'C:\Program Files (x86)\Cypress\PSoC Creator\4.0\PSoC Creator\psoc\content\cyprimitives\CyPrimitives.cylib\ZeroTerminal\ZeroTerminal.v'.
Linking 'C:\Program Files (x86)\Cypress\PSoC Creator\4.0\PSoC Creator\psoc\content\cyprimitives\CyPrimitives.cylib\or_v1_0\or_v1_0.v'.
Linking 'C:\Program Files (x86)\Cypress\PSoC Creator\4.0\PSoC Creator\psoc\content\cyprimitives\CyPrimitives.cylib\cy_constant_v1_0\cy_constant_v1_0.v'.

tovif:  No errors.


======================================================================
Compiling:  capsenseled_noTemp.v
Program  :   topld
Options  :    -yv2 -q10 -ygs -o2 -v3 -.fftcfgtype=LE -ya -.fftprj=C:\Users\Sarah\Documents\DVCS\bleapp-master\bleapp-master\PSoC_Creator\capsenseled\capsenseled_noTemp.cydsn\capsenseled_noTemp.cyprj -dcpsoc3 -verilog capsenseled_noTemp.v
======================================================================

topld V6.3 IR 41:  Synthesis and optimization
Tue Apr 25 11:52:15 2017

Linking 'C:\Program Files (x86)\Cypress\PSoC Creator\4.0\PSoC Creator\warp\lib\common\std.vhd'.
Linking 'C:\Program Files (x86)\Cypress\PSoC Creator\4.0\PSoC Creator\warp\lib\common\cypress.vhd'.
Linking 'C:\Program Files (x86)\Cypress\PSoC Creator\4.0\PSoC Creator\warp\lib\common\work\cypress.vif'.
Linking 'C:\Program Files (x86)\Cypress\PSoC Creator\4.0\PSoC Creator\warp\lib\ieee\work\stdlogic.vif'.
Linking 'C:\Program Files (x86)\Cypress\PSoC Creator\4.0\PSoC Creator\warp\lib\common\stdlogic\lpmpkg.vif'.
Linking 'C:\Program Files (x86)\Cypress\PSoC Creator\4.0\PSoC Creator\warp\lib\common\stdlogic\rtlpkg.vif'.
Linking 'C:\Program Files (x86)\Cypress\PSoC Creator\4.0\PSoC Creator\warp\lib\common\stdlogic\mod_cnst.vif'.
Linking 'C:\Program Files (x86)\Cypress\PSoC Creator\4.0\PSoC Creator\warp\lib\common\stdlogic\mod_mthv.vif'.
Linking 'C:\Program Files (x86)\Cypress\PSoC Creator\4.0\PSoC Creator\warp\lib\common\stdlogic\mod_genv.vif'.
Linking 'C:\Users\Sarah\Documents\DVCS\bleapp-master\bleapp-master\PSoC_Creator\capsenseled\capsenseled_noTemp.cydsn\codegentemp\capsenseled_noTemp.ctl'.
Linking 'C:\Program Files (x86)\Cypress\PSoC Creator\4.0\PSoC Creator\psoc\content\cyprimitives\CyPrimitives.cylib\cy_virtualmux_v1_0\cy_virtualmux_v1_0.v'.
Linking 'C:\Users\Sarah\Documents\DVCS\bleapp-master\bleapp-master\PSoC_Creator\capsenseled\capsenseled_noTemp.cydsn\codegentemp\capsenseled_noTemp.v'.
Linking 'C:\Program Files (x86)\Cypress\PSoC Creator\4.0\PSoC Creator\psoc\content\cyprimitives\CyPrimitives.cylib\ZeroTerminal\ZeroTerminal.v'.
Linking 'C:\Program Files (x86)\Cypress\PSoC Creator\4.0\PSoC Creator\psoc\content\cyprimitives\CyPrimitives.cylib\or_v1_0\or_v1_0.v'.
Linking 'C:\Program Files (x86)\Cypress\PSoC Creator\4.0\PSoC Creator\psoc\content\cyprimitives\CyPrimitives.cylib\cy_constant_v1_0\cy_constant_v1_0.v'.
Linking 'C:\Program Files (x86)\Cypress\PSoC Creator\4.0\PSoC Creator\warp\lib\lcpsoc3\stdlogic\cpsoc3.vif'.

----------------------------------------------------------
Detecting unused logic.
----------------------------------------------------------
    User names
	\UART:Net_1257\
	\UART:uncfg_rx_irq\
	\UART:Net_1099\
	\UART:Net_1258\
	Net_591
	Net_592
	Net_601
	Net_602
	Net_603
	Net_604
	Net_605
	Net_606
	Net_607
	Net_414
	\ble:Net_55\


Deleted 15 User equations/components.
Deleted 0 Synthesized equations/components.

------------------------------------------------------
Alias Detection
------------------------------------------------------
Aliasing one to tmpOE__blue_net_0
Aliasing tmpOE__red_net_0 to tmpOE__blue_net_0
Aliasing \UART:select_s_wire\ to zero
Aliasing \UART:sclk_s_wire\ to zero
Aliasing \UART:mosi_s_wire\ to zero
Aliasing \UART:miso_m_wire\ to zero
Aliasing \UART:tmpOE__tx_net_0\ to tmpOE__blue_net_0
Aliasing \UART:tmpOE__rx_net_0\ to tmpOE__blue_net_0
Aliasing \UART:cts_wire\ to zero
Aliasing \PWM_Servo:Net_75\ to zero
Aliasing \PWM_Servo:Net_69\ to tmpOE__blue_net_0
Aliasing \PWM_Servo:Net_66\ to zero
Aliasing \PWM_Servo:Net_82\ to zero
Aliasing \PWM_Servo:Net_72\ to zero
Aliasing tmpOE__Servo_net_0 to tmpOE__blue_net_0
Aliasing \Timer:Net_75\ to zero
Aliasing \Timer:Net_69\ to tmpOE__blue_net_0
Aliasing \Timer:Net_66\ to zero
Aliasing \Timer:Net_82\ to zero
Aliasing \Timer:Net_72\ to zero
Removing Lhs of wire one[7] = tmpOE__blue_net_0[1]
Removing Lhs of wire tmpOE__red_net_0[10] = tmpOE__blue_net_0[1]
Removing Lhs of wire \UART:select_s_wire\[18] = zero[2]
Removing Rhs of wire \UART:rx_wire\[19] = \UART:Net_1268\[20]
Removing Lhs of wire \UART:Net_1170\[23] = \UART:Net_847\[17]
Removing Lhs of wire \UART:sclk_s_wire\[24] = zero[2]
Removing Lhs of wire \UART:mosi_s_wire\[25] = zero[2]
Removing Lhs of wire \UART:miso_m_wire\[26] = zero[2]
Removing Lhs of wire \UART:tmpOE__tx_net_0\[28] = tmpOE__blue_net_0[1]
Removing Lhs of wire \UART:tmpOE__rx_net_0\[37] = tmpOE__blue_net_0[1]
Removing Lhs of wire \UART:cts_wire\[41] = zero[2]
Removing Lhs of wire \PWM_Servo:Net_81\[85] = Net_542[97]
Removing Lhs of wire \PWM_Servo:Net_75\[86] = zero[2]
Removing Lhs of wire \PWM_Servo:Net_69\[87] = tmpOE__blue_net_0[1]
Removing Lhs of wire \PWM_Servo:Net_66\[88] = zero[2]
Removing Lhs of wire \PWM_Servo:Net_82\[89] = zero[2]
Removing Lhs of wire \PWM_Servo:Net_72\[90] = zero[2]
Removing Lhs of wire tmpOE__Servo_net_0[100] = tmpOE__blue_net_0[1]
Removing Lhs of wire \Timer:Net_81\[106] = Net_567[118]
Removing Lhs of wire \Timer:Net_75\[107] = zero[2]
Removing Lhs of wire \Timer:Net_69\[108] = tmpOE__blue_net_0[1]
Removing Lhs of wire \Timer:Net_66\[109] = zero[2]
Removing Lhs of wire \Timer:Net_82\[110] = zero[2]
Removing Lhs of wire \Timer:Net_72\[111] = zero[2]

------------------------------------------------------
Aliased 0 equations, 24 wires.
------------------------------------------------------

----------------------------------------------------------
Circuit simplification
----------------------------------------------------------

Substituting virtuals - pass 1:


----------------------------------------------------------
Circuit simplification results:

	Expanded 0 signals.
	Turned 0 signals into soft nodes.
	Maximum default expansion cost was set at 3.
----------------------------------------------------------

topld:  No errors.

CYPRESS_DIR    : C:\Program Files (x86)\Cypress\PSoC Creator\4.0\PSoC Creator\warp
Warp Program   : C:\Program Files (x86)\Cypress\PSoC Creator\4.0\PSoC Creator\warp\bin\warp.exe
Warp Arguments : -yv2 -q10 -ygs -o2 -v3 -.fftcfgtype=LE -ya -.fftprj=C:\Users\Sarah\Documents\DVCS\bleapp-master\bleapp-master\PSoC_Creator\capsenseled\capsenseled_noTemp.cydsn\capsenseled_noTemp.cyprj -dcpsoc3 capsenseled_noTemp.v -verilog
</CYPRESSTAG>
Warp synthesis phase: Elapsed time ==> 0s.557ms
<CYPRESSTAG name="Fitter results...">
<CYPRESSTAG name="Fitter startup details...">
cyp3fit: V4.0.0.432, Family: PSoC3, Started at: Tuesday, 25 April 2017 11:52:15
Options: -yv2 -q10 -ygs -o2 -v3 -.fftcfgtype=LE -ya -.fftprj=C:\Users\Sarah\Documents\DVCS\bleapp-master\bleapp-master\PSoC_Creator\capsenseled\capsenseled_noTemp.cydsn\capsenseled_noTemp.cyprj -d CYBL11573-56LQXI capsenseled_noTemp.v -verilog
</CYPRESSTAG>
<CYPRESSTAG name="Design parsing">
Design parsing phase: Elapsed time ==> 0s.012ms
</CYPRESSTAG>
<CYPRESSTAG name="Tech Mapping">
<CYPRESSTAG name="Initial Mapping" icon="FILE_RPT_TECHM">
Assigning clock ble_LFCLK to clock LFCLK because it is a pass-through

Removing unused cells resulting from optimization
Done removing unused cells.
<CYPRESSTAG name="Global Clock Selection" icon="FILE_RPT_TECHM">
    Fixed Function Clock 7: Automatic-assigning  clock 'Clock_2'. Signal=Net_542_ff7
    Fixed Function Clock 1: Automatic-assigning  clock 'UART_SCBCLK'. Signal=\UART:Net_847_ff1\
    Fixed Function Clock 8: Automatic-assigning  clock 'Clock_3'. Signal=Net_567_ff8
<CYPRESSTAG name="UDB Clock/Enable Remapping Results">
</CYPRESSTAG>
</CYPRESSTAG>

Removing unused cells resulting from optimization
Done removing unused cells.
<CYPRESSTAG name="Duplicate Macrocell detection">
</CYPRESSTAG>
</CYPRESSTAG>
<CYPRESSTAG name="Duplicate Macrocell detection">
</CYPRESSTAG>
<CYPRESSTAG name="Design Equations" icon="FILE_RPT_EQUATION">

------------------------------------------------------------
Design Equations
------------------------------------------------------------
    <CYPRESSTAG name="Pin listing">

    ------------------------------------------------------------
    Pin listing
    ------------------------------------------------------------

    Pin : Name = blue(0)
        Attributes:
            In Group/Port: True
            In Sync Option: AUTO
            Out Sync Option: NOSYNC
            Interrupt generated: False
            Interrupt mode: NONE
            Drive mode: CMOS_OUT
            VTrip: EITHER
            Slew: FAST
            Input Sync needed: False
            Output Sync needed: False
            SC shield enabled: False
            POR State: ANY
            LCD Mode: COMMON
            Register Mode: RegComb
            CaSense Mode: NEITHER
            Treat as pin: True
            Is OE Registered: False
            Uses Analog: False
            Can contain Digital: True
            Is SIO: False
            SIO Output Buf: NONREGULATED
            SIO Input Buf: SINGLE_ENDED
            SIO HiFreq: LOW
            SIO Hyst: DISABLED
            SIO Vtrip: MULTIPLIER_0_5
            SIO Multiplier Index: 0
            SIO RefSel: VCC_IO
            Required Capabilitites: DIGITAL
            Initial Value: 0
            IO Voltage: 0
        PORT MAP (
            pa_out => blue(0)__PA ,
            annotation => Net_515 ,
            pad => blue(0)_PAD );
        Properties:
        {
        }

    Pin : Name = red(0)
        Attributes:
            In Group/Port: True
            In Sync Option: AUTO
            Out Sync Option: NOSYNC
            Interrupt generated: False
            Interrupt mode: NONE
            Drive mode: CMOS_OUT
            VTrip: EITHER
            Slew: FAST
            Input Sync needed: False
            Output Sync needed: False
            SC shield enabled: False
            POR State: ANY
            LCD Mode: COMMON
            Register Mode: RegComb
            CaSense Mode: NEITHER
            Treat as pin: True
            Is OE Registered: False
            Uses Analog: False
            Can contain Digital: True
            Is SIO: False
            SIO Output Buf: NONREGULATED
            SIO Input Buf: SINGLE_ENDED
            SIO HiFreq: LOW
            SIO Hyst: DISABLED
            SIO Vtrip: MULTIPLIER_0_5
            SIO Multiplier Index: 0
            SIO RefSel: VCC_IO
            Required Capabilitites: DIGITAL
            Initial Value: 1
            IO Voltage: 0
        PORT MAP (
            pa_out => red(0)__PA ,
            annotation => Net_514 ,
            pad => red(0)_PAD );
        Properties:
        {
        }

    Pin : Name = \UART:tx(0)\
        Attributes:
            In Group/Port: True
            In Sync Option: NOSYNC
            Out Sync Option: NOSYNC
            Interrupt generated: False
            Interrupt mode: NONE
            Drive mode: CMOS_OUT
            VTrip: CMOS
            Slew: FAST
            Input Sync needed: False
            Output Sync needed: False
            SC shield enabled: False
            POR State: ANY
            LCD Mode: COMMON
            Register Mode: RegComb
            CaSense Mode: NEITHER
            Treat as pin: True
            Is OE Registered: False
            Uses Analog: False
            Can contain Digital: True
            Is SIO: False
            SIO Output Buf: NONREGULATED
            SIO Input Buf: SINGLE_ENDED
            SIO HiFreq: LOW
            SIO Hyst: DISABLED
            SIO Vtrip: MULTIPLIER_0_5
            SIO Multiplier Index: 0
            SIO RefSel: VCC_IO
            Required Capabilitites: DIGITAL
            Initial Value: 1
            IO Voltage: 0
        PORT MAP (
            pa_out => \UART:tx(0)\__PA ,
            input => \UART:tx_wire\ ,
            pad => \UART:tx(0)_PAD\ );
        Properties:
        {
        }

    Pin : Name = \UART:rx(0)\
        Attributes:
            In Group/Port: True
            In Sync Option: NOSYNC
            Out Sync Option: AUTO
            Interrupt generated: False
            Interrupt mode: NONE
            Drive mode: HI_Z_DIGITAL
            VTrip: CMOS
            Slew: FAST
            Input Sync needed: False
            Output Sync needed: False
            SC shield enabled: False
            POR State: ANY
            LCD Mode: COMMON
            Register Mode: RegComb
            CaSense Mode: NEITHER
            Treat as pin: True
            Is OE Registered: False
            Uses Analog: False
            Can contain Digital: True
            Is SIO: False
            SIO Output Buf: NONREGULATED
            SIO Input Buf: SINGLE_ENDED
            SIO HiFreq: LOW
            SIO Hyst: DISABLED
            SIO Vtrip: MULTIPLIER_0_5
            SIO Multiplier Index: 0
            SIO RefSel: VCC_IO
            Required Capabilitites: DIGITAL
            Initial Value: 0
            IO Voltage: 0
        PORT MAP (
            pa_out => \UART:rx(0)\__PA ,
            fb => \UART:rx_wire\ ,
            pad => \UART:rx(0)_PAD\ );
        Properties:
        {
        }

    Pin : Name = Servo(0)
        Attributes:
            In Group/Port: True
            In Sync Option: AUTO
            Out Sync Option: NOSYNC
            Interrupt generated: False
            Interrupt mode: NONE
            Drive mode: CMOS_OUT
            VTrip: EITHER
            Slew: FAST
            Input Sync needed: False
            Output Sync needed: False
            SC shield enabled: False
            POR State: ANY
            LCD Mode: COMMON
            Register Mode: RegComb
            CaSense Mode: NEITHER
            Treat as pin: True
            Is OE Registered: False
            Uses Analog: False
            Can contain Digital: True
            Is SIO: False
            SIO Output Buf: NONREGULATED
            SIO Input Buf: SINGLE_ENDED
            SIO HiFreq: LOW
            SIO Hyst: DISABLED
            SIO Vtrip: MULTIPLIER_0_5
            SIO Multiplier Index: 0
            SIO RefSel: VCC_IO
            Required Capabilitites: DIGITAL
            Initial Value: 1
            IO Voltage: 0
        PORT MAP (
            pa_out => Servo(0)__PA ,
            input => Net_540 ,
            pad => Servo(0)_PAD );
        Properties:
        {
        }
    </CYPRESSTAG>
    <CYPRESSTAG name="Macrocell listing" icon="FILE_RPT_EQUATION">
    </CYPRESSTAG>
    <CYPRESSTAG name="Datapath listing">
    </CYPRESSTAG>
    <CYPRESSTAG name="Status register listing">
    </CYPRESSTAG>
    <CYPRESSTAG name="StatusI register listing">
    </CYPRESSTAG>
    <CYPRESSTAG name="Sync listing">
    </CYPRESSTAG>
    <CYPRESSTAG name="Control register listing">
    </CYPRESSTAG>
    <CYPRESSTAG name="Count7 listing">
    </CYPRESSTAG>
    <CYPRESSTAG name="DRQ listing">
    </CYPRESSTAG>
    <CYPRESSTAG name="Interrupt listing">

    ------------------------------------------------------------
    Interrupt listing
    ------------------------------------------------------------

    interrupt: Name =\ble:bless_isr\
        PORT MAP (
            interrupt => \ble:Net_15\ );
        Properties:
        {
            int_type = "10"
            is_nmi = 0
        }

    interrupt: Name =timer_int
        PORT MAP (
            interrupt => Net_561 );
        Properties:
        {
            int_type = "10"
            is_nmi = 0
        }
    </CYPRESSTAG>
</CYPRESSTAG>
<CYPRESSTAG name="Technology mapping summary" expanded>

------------------------------------------------------------
Technology mapping summary
------------------------------------------------------------

Resource Type                 : Used : Free :  Max :  % Used
============================================================
Digital Clocks                :    0 :    4 :    4 :  0.00 %
Interrupts                    :    2 :   30 :   32 :  6.25 %
IO                            :    9 :   29 :   38 : 23.68 %
Segment LCD                   :    0 :    1 :    1 :  0.00 %
CapSense                      :    0 :    1 :    1 :  0.00 %
Die Temp                      :    0 :    1 :    1 :  0.00 %
Serial Communication (SCB)    :    1 :    1 :    2 : 50.00 %
BLE                           :    1 :    0 :    1 : 100.00 %
DMA Channels                  :    0 :    8 :    8 :  0.00 %
Timer/Counter/PWM             :    2 :    2 :    4 : 50.00 %
Pre-configured Blocks         :    0 :    4 :    4 :  0.00 %
SAR ADC                       :    0 :    1 :    1 :  0.00 %
DAC                           :      :      :      :        
  7-bit IDAC                  :    0 :    1 :    1 :  0.00 %
  8-bit IDAC                  :    0 :    1 :    1 :  0.00 %
</CYPRESSTAG>
Technology Mapping: Elapsed time ==> 0s.017ms
Tech Mapping phase: Elapsed time ==> 0s.058ms
</CYPRESSTAG>
<CYPRESSTAG name="Analog Placement">
<CYPRESSTAG name="Analog Placement">
Elapsed time ==> 0.2023382s
</CYPRESSTAG>
Analog Placement phase: Elapsed time ==> 0s.521ms
</CYPRESSTAG>
<CYPRESSTAG name="Analog Routing">
<CYPRESSTAG name="Analog Routing">
Route success=True, Iterations=1 Elapsed=0.0017882 secs
</CYPRESSTAG>
Analog Routing phase: Elapsed time ==> 0s.004ms
</CYPRESSTAG>
<CYPRESSTAG name="Analog Code Generation">
============ Analog Final Answer Routes ============
Dump of CyAnalogRoutingResultsDB
Map of net to items {
}
Map of item to net {
}
Mux Info {
}
Analog Code Generation phase: Elapsed time ==> 0s.034ms
</CYPRESSTAG>
<CYPRESSTAG name="Digital Placement">
<CYPRESSTAG name="Detailed placement messages">
I2659: No Constrained paths were found. The placer will run in non-timing driven mode.
I2076: Total run-time: 0.3 sec.

</CYPRESSTAG>
<CYPRESSTAG name="PLD Packing">
<CYPRESSTAG name="PLD Packing Summary">
No PLDs were packed.
</CYPRESSTAG>
PLD Packing: Elapsed time ==> 0s.001ms
</CYPRESSTAG>
<CYPRESSTAG name="Partitioning">
<CYPRESSTAG name="Initial Partitioning Summary">
Initial Partitioning Summary not displayed at this verbose level.</CYPRESSTAG>
<CYPRESSTAG name="Final Partitioning Summary">
Final Partitioning Summary not displayed at this verbose level.</CYPRESSTAG>
Partitioning: Elapsed time ==> 0s.012ms
</CYPRESSTAG>
<CYPRESSTAG name="Final Placement Summary">

------------------------------------------------------------
Final Placement Summary
------------------------------------------------------------

       Resource Type :      Count : Avg Inputs : Avg Outputs
    ========================================================
                 UDB :          0 :       0.00 :       0.00
<CYPRESSTAG name="Final Placement Details">
<CYPRESSTAG name="Component Details">

------------------------------------------------------------
Component Placement Details
------------------------------------------------------------
UDB [UDB=(0,0)] is empty.
UDB [UDB=(0,1)] is empty.
UDB [UDB=(1,0)] is empty.
UDB [UDB=(1,1)] is empty.
Intr container @ [IntrContainer=(0)]: 
  Intr@ [IntrContainer=(0)][IntrId=(12)] 
    interrupt: Name =\ble:bless_isr\
        PORT MAP (
            interrupt => \ble:Net_15\ );
        Properties:
        {
            int_type = "10"
            is_nmi = 0
        }
  Intr@ [IntrContainer=(0)][IntrId=(18)] 
    interrupt: Name =timer_int
        PORT MAP (
            interrupt => Net_561 );
        Properties:
        {
            int_type = "10"
            is_nmi = 0
        }
Drq container @ [DrqContainer=(0)]: empty
Port 0 is empty
Port 1 contains the following IO cells:
[IoId=4]: 
Pin : Name = \UART:rx(0)\
    Attributes:
        In Group/Port: True
        In Sync Option: NOSYNC
        Out Sync Option: AUTO
        Interrupt generated: False
        Interrupt mode: NONE
        Drive mode: HI_Z_DIGITAL
        VTrip: CMOS
        Slew: FAST
        Input Sync needed: False
        Output Sync needed: False
        SC shield enabled: False
        POR State: ANY
        LCD Mode: COMMON
        Register Mode: RegComb
        CaSense Mode: NEITHER
        Treat as pin: True
        Is OE Registered: False
        Uses Analog: False
        Can contain Digital: True
        Is SIO: False
        SIO Output Buf: NONREGULATED
        SIO Input Buf: SINGLE_ENDED
        SIO HiFreq: LOW
        SIO Hyst: DISABLED
        SIO Vtrip: MULTIPLIER_0_5
        SIO Multiplier Index: 0
        SIO RefSel: VCC_IO
        Required Capabilitites: DIGITAL
        Initial Value: 0
        IO Voltage: 0
    PORT MAP (
        pa_out => \UART:rx(0)\__PA ,
        fb => \UART:rx_wire\ ,
        pad => \UART:rx(0)_PAD\ );
    Properties:
    {
    }

[IoId=5]: 
Pin : Name = \UART:tx(0)\
    Attributes:
        In Group/Port: True
        In Sync Option: NOSYNC
        Out Sync Option: NOSYNC
        Interrupt generated: False
        Interrupt mode: NONE
        Drive mode: CMOS_OUT
        VTrip: CMOS
        Slew: FAST
        Input Sync needed: False
        Output Sync needed: False
        SC shield enabled: False
        POR State: ANY
        LCD Mode: COMMON
        Register Mode: RegComb
        CaSense Mode: NEITHER
        Treat as pin: True
        Is OE Registered: False
        Uses Analog: False
        Can contain Digital: True
        Is SIO: False
        SIO Output Buf: NONREGULATED
        SIO Input Buf: SINGLE_ENDED
        SIO HiFreq: LOW
        SIO Hyst: DISABLED
        SIO Vtrip: MULTIPLIER_0_5
        SIO Multiplier Index: 0
        SIO RefSel: VCC_IO
        Required Capabilitites: DIGITAL
        Initial Value: 1
        IO Voltage: 0
    PORT MAP (
        pa_out => \UART:tx(0)\__PA ,
        input => \UART:tx_wire\ ,
        pad => \UART:tx(0)_PAD\ );
    Properties:
    {
    }

Port 2 contains the following IO cells:
[IoId=0]: 
Pin : Name = Servo(0)
    Attributes:
        In Group/Port: True
        In Sync Option: AUTO
        Out Sync Option: NOSYNC
        Interrupt generated: False
        Interrupt mode: NONE
        Drive mode: CMOS_OUT
        VTrip: EITHER
        Slew: FAST
        Input Sync needed: False
        Output Sync needed: False
        SC shield enabled: False
        POR State: ANY
        LCD Mode: COMMON
        Register Mode: RegComb
        CaSense Mode: NEITHER
        Treat as pin: True
        Is OE Registered: False
        Uses Analog: False
        Can contain Digital: True
        Is SIO: False
        SIO Output Buf: NONREGULATED
        SIO Input Buf: SINGLE_ENDED
        SIO HiFreq: LOW
        SIO Hyst: DISABLED
        SIO Vtrip: MULTIPLIER_0_5
        SIO Multiplier Index: 0
        SIO RefSel: VCC_IO
        Required Capabilitites: DIGITAL
        Initial Value: 1
        IO Voltage: 0
    PORT MAP (
        pa_out => Servo(0)__PA ,
        input => Net_540 ,
        pad => Servo(0)_PAD );
    Properties:
    {
    }

[IoId=6]: 
Pin : Name = red(0)
    Attributes:
        In Group/Port: True
        In Sync Option: AUTO
        Out Sync Option: NOSYNC
        Interrupt generated: False
        Interrupt mode: NONE
        Drive mode: CMOS_OUT
        VTrip: EITHER
        Slew: FAST
        Input Sync needed: False
        Output Sync needed: False
        SC shield enabled: False
        POR State: ANY
        LCD Mode: COMMON
        Register Mode: RegComb
        CaSense Mode: NEITHER
        Treat as pin: True
        Is OE Registered: False
        Uses Analog: False
        Can contain Digital: True
        Is SIO: False
        SIO Output Buf: NONREGULATED
        SIO Input Buf: SINGLE_ENDED
        SIO HiFreq: LOW
        SIO Hyst: DISABLED
        SIO Vtrip: MULTIPLIER_0_5
        SIO Multiplier Index: 0
        SIO RefSel: VCC_IO
        Required Capabilitites: DIGITAL
        Initial Value: 1
        IO Voltage: 0
    PORT MAP (
        pa_out => red(0)__PA ,
        annotation => Net_514 ,
        pad => red(0)_PAD );
    Properties:
    {
    }

Port 3 contains the following IO cells:
[IoId=7]: 
Pin : Name = blue(0)
    Attributes:
        In Group/Port: True
        In Sync Option: AUTO
        Out Sync Option: NOSYNC
        Interrupt generated: False
        Interrupt mode: NONE
        Drive mode: CMOS_OUT
        VTrip: EITHER
        Slew: FAST
        Input Sync needed: False
        Output Sync needed: False
        SC shield enabled: False
        POR State: ANY
        LCD Mode: COMMON
        Register Mode: RegComb
        CaSense Mode: NEITHER
        Treat as pin: True
        Is OE Registered: False
        Uses Analog: False
        Can contain Digital: True
        Is SIO: False
        SIO Output Buf: NONREGULATED
        SIO Input Buf: SINGLE_ENDED
        SIO HiFreq: LOW
        SIO Hyst: DISABLED
        SIO Vtrip: MULTIPLIER_0_5
        SIO Multiplier Index: 0
        SIO RefSel: VCC_IO
        Required Capabilitites: DIGITAL
        Initial Value: 0
        IO Voltage: 0
    PORT MAP (
        pa_out => blue(0)__PA ,
        annotation => Net_515 ,
        pad => blue(0)_PAD );
    Properties:
    {
    }

Port 4 is empty
Port 5 is empty
Port 6 is empty
ARM group 0: empty
Clock group 0: 
    Clock Block @ F(Clock,0): 
    m0s8clockblockcell: Name =ClockBlock
        PORT MAP (
            hfclk => ClockBlock_HFCLK ,
            imo => ClockBlock_IMO ,
            ext => ClockBlock_EXTCLK ,
            sysclk => ClockBlock_SYSCLK ,
            eco => ClockBlock_ECO ,
            ilo => ClockBlock_ILO ,
            lfclk => ClockBlock_LFCLK ,
            wco => ClockBlock_WCO ,
            dsi_in_0 => ClockBlock_Routed1 ,
            ff_div_7 => Net_542_ff7 ,
            ff_div_1 => \UART:Net_847_ff1\ ,
            ff_div_8 => Net_567_ff8 );
        Properties:
        {
        }
PM group 0: empty
SPC group 0: empty
WDT group 0: empty
FSS group 0: empty
Serial Communication (SCB) group 0: 
    SCB Block @ F(SCB,0): 
    m0s8scbcell: Name =\UART:SCB\
        PORT MAP (
            clock => \UART:Net_847_ff1\ ,
            interrupt => Net_593 ,
            rx => \UART:rx_wire\ ,
            tx => \UART:tx_wire\ ,
            rts => \UART:rts_wire\ ,
            mosi_m => \UART:mosi_m_wire\ ,
            select_m_3 => \UART:select_m_wire_3\ ,
            select_m_2 => \UART:select_m_wire_2\ ,
            select_m_1 => \UART:select_m_wire_1\ ,
            select_m_0 => \UART:select_m_wire_0\ ,
            sclk_m => \UART:sclk_m_wire\ ,
            miso_s => \UART:miso_s_wire\ ,
            tx_req => Net_596 ,
            rx_req => Net_595 );
        Properties:
        {
            cy_registers = ""
            scb_mode = 2
        }
CapSense group 0: empty
8-bit IDAC group 0: empty
7-bit IDAC group 0: empty
Timer/Counter/PWM group 0: 
    Tcpwm Block @ F(TCPWM,0): 
    m0s8tcpwmcell: Name =\PWM_Servo:cy_m0s8_tcpwm_1\
        PORT MAP (
            clock => Net_542_ff7 ,
            capture => zero ,
            count => tmpOE__blue_net_0 ,
            reload => zero ,
            stop => zero ,
            start => zero ,
            tr_underflow => Net_538 ,
            tr_overflow => Net_537 ,
            tr_compare_match => Net_539 ,
            line_out => Net_540 ,
            line_out_compl => Net_541 ,
            interrupt => Net_536 );
        Properties:
        {
            cy_registers = ""
        }
    Tcpwm Block @ F(TCPWM,1): 
    m0s8tcpwmcell: Name =\Timer:cy_m0s8_tcpwm_1\
        PORT MAP (
            clock => Net_567_ff8 ,
            capture => zero ,
            count => tmpOE__blue_net_0 ,
            reload => zero ,
            stop => zero ,
            start => zero ,
            tr_underflow => Net_563 ,
            tr_overflow => Net_562 ,
            tr_compare_match => Net_564 ,
            line_out => Net_565 ,
            line_out_compl => Net_566 ,
            interrupt => Net_561 );
        Properties:
        {
            cy_registers = ""
        }
Die Temp group 0: empty
SAR ADC group 0: empty
Segment LCD group 0: empty
CLK_GEN group 0: 
    M0S8 Clock Gen Block @ F(CLK_GEN,0): 
    m0s8clockgenblockcell: Name =ClockGenBlock
        PORT MAP (
             );
        Properties:
        {
        }
LPCOMPBLOCK group 0: empty
PASSBLOCK group 0: empty
ANAPUMP group 0: empty
BLE group 0: 
    BLE Block @ F(BLE,0): 
    p4blecell: Name =\ble:cy_m0s8_ble\
        PORT MAP (
            interrupt => \ble:Net_15\ ,
            rfctrl_extpa_en => Net_530 );
        Properties:
        {
            cy_registers = ""
        }
GANGED_PICU group 0: empty
WCO group 0: empty
M0S8DMAC group 0: empty
</CYPRESSTAG>
<CYPRESSTAG name="Port Configuration Details">

------------------------------------------------------------
Port Configuration report
------------------------------------------------------------
     |     |       | Interrupt |                  |              | 
Port | Pin | Fixed |      Type |       Drive Mode |         Name | Connections
-----+-----+-------+-----------+------------------+--------------+-------------------
   1 |   4 |     * |      NONE |     HI_Z_DIGITAL | \UART:rx(0)\ | FB(\UART:rx_wire\)
     |   5 |     * |      NONE |         CMOS_OUT | \UART:tx(0)\ | In(\UART:tx_wire\)
-----+-----+-------+-----------+------------------+--------------+-------------------
   2 |   0 |     * |      NONE |         CMOS_OUT |     Servo(0) | In(Net_540)
     |   6 |     * |      NONE |         CMOS_OUT |       red(0) | 
-----+-----+-------+-----------+------------------+--------------+-------------------
   3 |   7 |     * |      NONE |         CMOS_OUT |      blue(0) | 
-------------------------------------------------------------------------------------
</CYPRESSTAG>
</CYPRESSTAG>
</CYPRESSTAG>
Digital component placer commit/Report: Elapsed time ==> 0s.002ms
Digital Placement phase: Elapsed time ==> 0s.710ms
</CYPRESSTAG>
<CYPRESSTAG name="Digital Routing">
Routing successful.
Digital Routing phase: Elapsed time ==> 0s.966ms
</CYPRESSTAG>
<CYPRESSTAG name="Bitstream Generation">
Bitstream Generation phase: Elapsed time ==> 0s.411ms
</CYPRESSTAG>
<CYPRESSTAG name="Bitstream Verification">
Bitstream Verification phase: Elapsed time ==> 0s.047ms
</CYPRESSTAG>
<CYPRESSTAG name="Static timing analysis">
Timing report is in capsenseled_noTemp_timing.html.
Static timing analysis phase: Elapsed time ==> 0s.290ms
</CYPRESSTAG>
<CYPRESSTAG name="Data reporting">
Data reporting phase: Elapsed time ==> 0s.000ms
</CYPRESSTAG>
<CYPRESSTAG name="Database update...">
Design database save phase: Elapsed time ==> 0s.258ms
</CYPRESSTAG>
cydsfit: Elapsed time ==> 3s.383ms
</CYPRESSTAG>
Fitter phase: Elapsed time ==> 3s.384ms
DEL: pft.M0074: information: A (re)build is required to use the analog device editor. Unable to load the necessary information from the cyfit file. Partial/wrong data will be displayed until this has been resolved.
 * C:\Users\Sarah\Documents\DVCS\bleapp-master\bleapp-master\PSoC_Creator\capsenseled\capsenseled_noTemp.cydsn\capsenseled_noTemp.cydwr ()

API generation phase: Elapsed time ==> 2s.944ms
Dependency generation phase: Elapsed time ==> 0s.053ms
Cleanup phase: Elapsed time ==> 0s.003ms
