ARM GAS  C:\Users\Sarah\AppData\Local\Temp\ccGDrogW.s 			page 1


   1              		.cpu cortex-m0
   2              		.fpu softvfp
   3              		.eabi_attribute 20, 1
   4              		.eabi_attribute 21, 1
   5              		.eabi_attribute 23, 3
   6              		.eabi_attribute 24, 1
   7              		.eabi_attribute 25, 1
   8              		.eabi_attribute 26, 1
   9              		.eabi_attribute 30, 1
  10              		.eabi_attribute 34, 0
  11              		.eabi_attribute 18, 4
  12              		.code	16
  13              		.file	"main.c"
  14              		.text
  15              	.Ltext0:
  16              		.cfi_sections	.debug_frame
  17              		.section	.text.Timer_Int_Handler,"ax",%progbits
  18              		.align	2
  19              		.global	Timer_Int_Handler
  20              		.code	16
  21              		.thumb_func
  22              		.type	Timer_Int_Handler, %function
  23              	Timer_Int_Handler:
  24              	.LFB37:
  25              		.file 1 "main.c"
   1:main.c        **** /* ========================================
   2:main.c        ****  *
   3:main.c        ****  * Copyright YOUR COMPANY, THE YEAR
   4:main.c        ****  * All Rights Reserved
   5:main.c        ****  * UNPUBLISHED, LICENSED SOFTWARE.
   6:main.c        ****  *
   7:main.c        ****  * CONFIDENTIAL AND PROPRIETARY INFORMATION
   8:main.c        ****  * WHICH IS THE PROPERTY OF your company.
   9:main.c        ****  *
  10:main.c        ****  * ========================================
  11:main.c        **** */
  12:main.c        **** #include "project.h"
  13:main.c        **** 
  14:main.c        **** #define TIME_INTERVAL_360 1325
  15:main.c        **** #define TIME_INTERVAL_90  250
  16:main.c        **** 
  17:main.c        **** #define NEUTRAL 4450
  18:main.c        **** #define CW90 4250
  19:main.c        **** #define CCW90 
  20:main.c        **** 
  21:main.c        **** volatile int flag = 1;
  22:main.c        **** volatile int x = NEUTRAL;
  23:main.c        **** 
  24:main.c        **** 
  25:main.c        **** CY_ISR( Timer_Int_Handler) {
  26              		.loc 1 25 0
  27              		.cfi_startproc
  28 0000 10B5     		push	{r4, lr}
  29              		.cfi_def_cfa_offset 8
  30              		.cfi_offset 4, -8
  31              		.cfi_offset 14, -4
  26:main.c        ****     CyDelay(1000);
ARM GAS  C:\Users\Sarah\AppData\Local\Temp\ccGDrogW.s 			page 2


  32              		.loc 1 26 0
  33 0002 FA20     		mov	r0, #250
  34 0004 8000     		lsl	r0, r0, #2
  35 0006 FFF7FEFF 		bl	CyDelay
  36              	.LVL0:
  27:main.c        ****     PWM_WriteCompare(x);
  37              		.loc 1 27 0
  38 000a 054C     		ldr	r4, .L2
  39 000c 2068     		ldr	r0, [r4]
  40 000e FFF7FEFF 		bl	PWM_WriteCompare
  41              	.LVL1:
  28:main.c        ****     flag = 1;
  42              		.loc 1 28 0
  43 0012 0123     		mov	r3, #1
  44 0014 6360     		str	r3, [r4, #4]
  29:main.c        ****     Timer_ClearInterrupt(Timer_INTR_MASK_TC);
  45              		.loc 1 29 0
  46 0016 0120     		mov	r0, #1
  47 0018 FFF7FEFF 		bl	Timer_ClearInterrupt
  48              	.LVL2:
  30:main.c        **** }
  49              		.loc 1 30 0
  50              		@ sp needed
  51 001c 10BD     		pop	{r4, pc}
  52              	.L3:
  53 001e C046     		.align	2
  54              	.L2:
  55 0020 00000000 		.word	.LANCHOR0
  56              		.cfi_endproc
  57              	.LFE37:
  58              		.size	Timer_Int_Handler, .-Timer_Int_Handler
  59              		.section	.text.main,"ax",%progbits
  60              		.align	2
  61              		.global	main
  62              		.code	16
  63              		.thumb_func
  64              		.type	main, %function
  65              	main:
  66              	.LFB38:
  31:main.c        **** 
  32:main.c        **** int main(void)
  33:main.c        **** {
  67              		.loc 1 33 0
  68              		.cfi_startproc
  69 0000 08B5     		push	{r3, lr}
  70              		.cfi_def_cfa_offset 8
  71              		.cfi_offset 3, -8
  72              		.cfi_offset 14, -4
  34:main.c        ****     CyGlobalIntEnable; /* Enable global interrupts. */
  73              		.loc 1 34 0
  74              	@ 34 "main.c" 1
  75 0002 62B6     		CPSIE   i
  76              	@ 0 "" 2
  35:main.c        **** 
  36:main.c        ****     /* Place your initialization/startup code here (e.g. MyInst_Start()) */
  37:main.c        ****     //uint8 counter = 128;
  38:main.c        ****     
ARM GAS  C:\Users\Sarah\AppData\Local\Temp\ccGDrogW.s 			page 3


  39:main.c        ****     
  40:main.c        ****     
  41:main.c        ****     Timer_Int_StartEx( Timer_Int_Handler );
  77              		.loc 1 41 0
  78              		.code	16
  79 0004 1348     		ldr	r0, .L10
  80 0006 FFF7FEFF 		bl	Timer_Int_StartEx
  81              	.LVL3:
  42:main.c        ****     PWM_Start();
  82              		.loc 1 42 0
  83 000a FFF7FEFF 		bl	PWM_Start
  84              	.LVL4:
  85              	.L5:
  43:main.c        ****     for(;;)
  44:main.c        ****     {
  45:main.c        ****        
  46:main.c        ****         //printf("values = %d\n", values);
  47:main.c        ****         //CyDelay(1000);
  48:main.c        ****         if (flag) {
  86              		.loc 1 48 0
  87 000e 124B     		ldr	r3, .L10+4
  88 0010 5B68     		ldr	r3, [r3, #4]
  89 0012 002B     		cmp	r3, #0
  90 0014 FBD0     		beq	.L5
  49:main.c        ****             if (x == NEUTRAL)
  91              		.loc 1 49 0
  92 0016 104B     		ldr	r3, .L10+4
  93 0018 1A68     		ldr	r2, [r3]
  94 001a 104B     		ldr	r3, .L10+8
  95 001c 9A42     		cmp	r2, r3
  96 001e 03D1     		bne	.L6
  50:main.c        ****                 x = CW90;
  97              		.loc 1 50 0
  98 0020 0F4A     		ldr	r2, .L10+12
  99 0022 0D4B     		ldr	r3, .L10+4
 100 0024 1A60     		str	r2, [r3]
 101 0026 0BE0     		b	.L7
 102              	.L6:
  51:main.c        ****             else if (x == CW90)
 103              		.loc 1 51 0
 104 0028 0B4B     		ldr	r3, .L10+4
 105 002a 1A68     		ldr	r2, [r3]
 106 002c 0C4B     		ldr	r3, .L10+12
 107 002e 9A42     		cmp	r2, r3
 108 0030 03D1     		bne	.L8
  52:main.c        ****                 x = 4650;
 109              		.loc 1 52 0
 110 0032 0C4A     		ldr	r2, .L10+16
 111 0034 084B     		ldr	r3, .L10+4
 112 0036 1A60     		str	r2, [r3]
 113 0038 02E0     		b	.L7
 114              	.L8:
  53:main.c        ****             else
  54:main.c        ****                 x = NEUTRAL;
 115              		.loc 1 54 0
 116 003a 084A     		ldr	r2, .L10+8
 117 003c 064B     		ldr	r3, .L10+4
ARM GAS  C:\Users\Sarah\AppData\Local\Temp\ccGDrogW.s 			page 4


 118 003e 1A60     		str	r2, [r3]
 119              	.L7:
  55:main.c        ****             Timer_WritePeriod(TIME_INTERVAL_360);
 120              		.loc 1 55 0
 121 0040 0948     		ldr	r0, .L10+20
 122 0042 FFF7FEFF 		bl	Timer_WritePeriod
 123              	.LVL5:
  56:main.c        ****             Timer_Start();
 124              		.loc 1 56 0
 125 0046 FFF7FEFF 		bl	Timer_Start
 126              	.LVL6:
  57:main.c        ****             flag = 0;
 127              		.loc 1 57 0
 128 004a 0022     		mov	r2, #0
 129 004c 024B     		ldr	r3, .L10+4
 130 004e 5A60     		str	r2, [r3, #4]
 131 0050 DDE7     		b	.L5
 132              	.L11:
 133 0052 C046     		.align	2
 134              	.L10:
 135 0054 00000000 		.word	Timer_Int_Handler
 136 0058 00000000 		.word	.LANCHOR0
 137 005c 62110000 		.word	4450
 138 0060 9A100000 		.word	4250
 139 0064 2A120000 		.word	4650
 140 0068 2D050000 		.word	1325
 141              		.cfi_endproc
 142              	.LFE38:
 143              		.size	main, .-main
 144              		.global	x
 145              		.global	flag
 146              		.data
 147              		.align	2
 148              		.set	.LANCHOR0,. + 0
 149              		.type	x, %object
 150              		.size	x, 4
 151              	x:
 152 0000 62110000 		.word	4450
 153              		.type	flag, %object
 154              		.size	flag, 4
 155              	flag:
 156 0004 01000000 		.word	1
 157              		.text
 158              	.Letext0:
 159              		.file 2 "Generated_Source\\PSoC4/cytypes.h"
 160              		.file 3 "Generated_Source\\PSoC4/BLE_1_Stack.h"
 161              		.file 4 "Generated_Source\\PSoC4/BLE_1_ans.h"
 162              		.file 5 "Generated_Source\\PSoC4/CyLib.h"
 163              		.file 6 "Generated_Source\\PSoC4/PWM.h"
 164              		.file 7 "Generated_Source\\PSoC4/Timer.h"
 165              		.file 8 "Generated_Source\\PSoC4/Timer_Int.h"
 166              		.section	.debug_info,"",%progbits
 167              	.Ldebug_info0:
 168 0000 F0030000 		.4byte	0x3f0
 169 0004 0400     		.2byte	0x4
 170 0006 00000000 		.4byte	.Ldebug_abbrev0
 171 000a 04       		.byte	0x4
ARM GAS  C:\Users\Sarah\AppData\Local\Temp\ccGDrogW.s 			page 5


 172 000b 01       		.uleb128 0x1
 173 000c FE040000 		.4byte	.LASF103
 174 0010 01       		.byte	0x1
 175 0011 89080000 		.4byte	.LASF104
 176 0015 29090000 		.4byte	.LASF105
 177 0019 00000000 		.4byte	.Ldebug_ranges0+0
 178 001d 00000000 		.4byte	0
 179 0021 00000000 		.4byte	.Ldebug_line0
 180 0025 02       		.uleb128 0x2
 181 0026 01       		.byte	0x1
 182 0027 06       		.byte	0x6
 183 0028 5E060000 		.4byte	.LASF0
 184 002c 02       		.uleb128 0x2
 185 002d 01       		.byte	0x1
 186 002e 08       		.byte	0x8
 187 002f F4050000 		.4byte	.LASF1
 188 0033 02       		.uleb128 0x2
 189 0034 02       		.byte	0x2
 190 0035 05       		.byte	0x5
 191 0036 C0000000 		.4byte	.LASF2
 192 003a 02       		.uleb128 0x2
 193 003b 02       		.byte	0x2
 194 003c 07       		.byte	0x7
 195 003d 95070000 		.4byte	.LASF3
 196 0041 02       		.uleb128 0x2
 197 0042 04       		.byte	0x4
 198 0043 05       		.byte	0x5
 199 0044 E8030000 		.4byte	.LASF4
 200 0048 02       		.uleb128 0x2
 201 0049 04       		.byte	0x4
 202 004a 07       		.byte	0x7
 203 004b EF060000 		.4byte	.LASF5
 204 004f 02       		.uleb128 0x2
 205 0050 08       		.byte	0x8
 206 0051 05       		.byte	0x5
 207 0052 0C090000 		.4byte	.LASF6
 208 0056 02       		.uleb128 0x2
 209 0057 08       		.byte	0x8
 210 0058 07       		.byte	0x7
 211 0059 41010000 		.4byte	.LASF7
 212 005d 03       		.uleb128 0x3
 213 005e 04       		.byte	0x4
 214 005f 05       		.byte	0x5
 215 0060 696E7400 		.ascii	"int\000"
 216 0064 02       		.uleb128 0x2
 217 0065 04       		.byte	0x4
 218 0066 07       		.byte	0x7
 219 0067 C7060000 		.4byte	.LASF8
 220 006b 04       		.uleb128 0x4
 221 006c 82080000 		.4byte	.LASF12
 222 0070 02       		.byte	0x2
 223 0071 BB01     		.2byte	0x1bb
 224 0073 48000000 		.4byte	0x48
 225 0077 02       		.uleb128 0x2
 226 0078 04       		.byte	0x4
 227 0079 04       		.byte	0x4
 228 007a 37030000 		.4byte	.LASF9
ARM GAS  C:\Users\Sarah\AppData\Local\Temp\ccGDrogW.s 			page 6


 229 007e 02       		.uleb128 0x2
 230 007f 08       		.byte	0x8
 231 0080 04       		.byte	0x4
 232 0081 B3080000 		.4byte	.LASF10
 233 0085 02       		.uleb128 0x2
 234 0086 01       		.byte	0x1
 235 0087 08       		.byte	0x8
 236 0088 10080000 		.4byte	.LASF11
 237 008c 04       		.uleb128 0x4
 238 008d A0030000 		.4byte	.LASF13
 239 0091 02       		.byte	0x2
 240 0092 7502     		.2byte	0x275
 241 0094 98000000 		.4byte	0x98
 242 0098 05       		.uleb128 0x5
 243 0099 04       		.byte	0x4
 244 009a 9E000000 		.4byte	0x9e
 245 009e 06       		.uleb128 0x6
 246 009f 02       		.uleb128 0x2
 247 00a0 04       		.byte	0x4
 248 00a1 07       		.byte	0x7
 249 00a2 02010000 		.4byte	.LASF14
 250 00a6 07       		.uleb128 0x7
 251 00a7 01       		.byte	0x1
 252 00a8 03       		.byte	0x3
 253 00a9 4D01     		.2byte	0x14d
 254 00ab 89020000 		.4byte	0x289
 255 00af 08       		.uleb128 0x8
 256 00b0 E1020000 		.4byte	.LASF15
 257 00b4 00       		.sleb128 0
 258 00b5 08       		.uleb128 0x8
 259 00b6 E0010000 		.4byte	.LASF16
 260 00ba 01       		.sleb128 1
 261 00bb 08       		.uleb128 0x8
 262 00bc 740A0000 		.4byte	.LASF17
 263 00c0 02       		.sleb128 2
 264 00c1 08       		.uleb128 0x8
 265 00c2 63090000 		.4byte	.LASF18
 266 00c6 03       		.sleb128 3
 267 00c7 08       		.uleb128 0x8
 268 00c8 2C010000 		.4byte	.LASF19
 269 00cc 04       		.sleb128 4
 270 00cd 08       		.uleb128 0x8
 271 00ce 98040000 		.4byte	.LASF20
 272 00d2 05       		.sleb128 5
 273 00d3 08       		.uleb128 0x8
 274 00d4 3E000000 		.4byte	.LASF21
 275 00d8 06       		.sleb128 6
 276 00d9 08       		.uleb128 0x8
 277 00da E3090000 		.4byte	.LASF22
 278 00de 20       		.sleb128 32
 279 00df 08       		.uleb128 0x8
 280 00e0 01070000 		.4byte	.LASF23
 281 00e4 21       		.sleb128 33
 282 00e5 08       		.uleb128 0x8
 283 00e6 00000000 		.4byte	.LASF24
 284 00ea 22       		.sleb128 34
 285 00eb 08       		.uleb128 0x8
ARM GAS  C:\Users\Sarah\AppData\Local\Temp\ccGDrogW.s 			page 7


 286 00ec B4040000 		.4byte	.LASF25
 287 00f0 23       		.sleb128 35
 288 00f1 08       		.uleb128 0x8
 289 00f2 AB060000 		.4byte	.LASF26
 290 00f6 24       		.sleb128 36
 291 00f7 08       		.uleb128 0x8
 292 00f8 CA000000 		.4byte	.LASF27
 293 00fc 25       		.sleb128 37
 294 00fd 08       		.uleb128 0x8
 295 00fe 4F040000 		.4byte	.LASF28
 296 0102 26       		.sleb128 38
 297 0103 08       		.uleb128 0x8
 298 0104 30040000 		.4byte	.LASF29
 299 0108 27       		.sleb128 39
 300 0109 08       		.uleb128 0x8
 301 010a 2E0B0000 		.4byte	.LASF30
 302 010e 28       		.sleb128 40
 303 010f 08       		.uleb128 0x8
 304 0110 3D070000 		.4byte	.LASF31
 305 0114 29       		.sleb128 41
 306 0115 08       		.uleb128 0x8
 307 0116 C0070000 		.4byte	.LASF32
 308 011a 2A       		.sleb128 42
 309 011b 08       		.uleb128 0x8
 310 011c 980A0000 		.4byte	.LASF33
 311 0120 2B       		.sleb128 43
 312 0121 08       		.uleb128 0x8
 313 0122 7D020000 		.4byte	.LASF34
 314 0126 2C       		.sleb128 44
 315 0127 08       		.uleb128 0x8
 316 0128 56030000 		.4byte	.LASF35
 317 012c 2D       		.sleb128 45
 318 012d 08       		.uleb128 0x8
 319 012e 9C000000 		.4byte	.LASF36
 320 0132 2E       		.sleb128 46
 321 0133 08       		.uleb128 0x8
 322 0134 860B0000 		.4byte	.LASF37
 323 0138 2F       		.sleb128 47
 324 0139 08       		.uleb128 0x8
 325 013a 0B010000 		.4byte	.LASF38
 326 013e 30       		.sleb128 48
 327 013f 08       		.uleb128 0x8
 328 0140 AA050000 		.4byte	.LASF39
 329 0144 31       		.sleb128 49
 330 0145 08       		.uleb128 0x8
 331 0146 7F030000 		.4byte	.LASF40
 332 014a 32       		.sleb128 50
 333 014b 08       		.uleb128 0x8
 334 014c E9070000 		.4byte	.LASF41
 335 0150 33       		.sleb128 51
 336 0151 08       		.uleb128 0x8
 337 0152 5A070000 		.4byte	.LASF42
 338 0156 34       		.sleb128 52
 339 0157 08       		.uleb128 0x8
 340 0158 EF080000 		.4byte	.LASF43
 341 015c 35       		.sleb128 53
 342 015d 08       		.uleb128 0x8
ARM GAS  C:\Users\Sarah\AppData\Local\Temp\ccGDrogW.s 			page 8


 343 015e AD030000 		.4byte	.LASF44
 344 0162 36       		.sleb128 54
 345 0163 08       		.uleb128 0x8
 346 0164 F3010000 		.4byte	.LASF45
 347 0168 37       		.sleb128 55
 348 0169 08       		.uleb128 0x8
 349 016a 57000000 		.4byte	.LASF46
 350 016e C000     		.sleb128 64
 351 0170 08       		.uleb128 0x8
 352 0171 D4060000 		.4byte	.LASF47
 353 0175 C100     		.sleb128 65
 354 0177 08       		.uleb128 0x8
 355 0178 E4000000 		.4byte	.LASF48
 356 017c C200     		.sleb128 66
 357 017e 08       		.uleb128 0x8
 358 017f 28020000 		.4byte	.LASF49
 359 0183 C300     		.sleb128 67
 360 0185 08       		.uleb128 0x8
 361 0186 560A0000 		.4byte	.LASF50
 362 018a C400     		.sleb128 68
 363 018c 08       		.uleb128 0x8
 364 018d 110A0000 		.4byte	.LASF51
 365 0191 C500     		.sleb128 69
 366 0193 08       		.uleb128 0x8
 367 0194 A1010000 		.4byte	.LASF52
 368 0198 C600     		.sleb128 70
 369 019a 08       		.uleb128 0x8
 370 019b 40060000 		.4byte	.LASF53
 371 019f C700     		.sleb128 71
 372 01a1 08       		.uleb128 0x8
 373 01a2 84060000 		.4byte	.LASF54
 374 01a6 C800     		.sleb128 72
 375 01a8 08       		.uleb128 0x8
 376 01a9 3D030000 		.4byte	.LASF55
 377 01ad C900     		.sleb128 73
 378 01af 08       		.uleb128 0x8
 379 01b0 45080000 		.4byte	.LASF56
 380 01b4 CA00     		.sleb128 74
 381 01b6 08       		.uleb128 0x8
 382 01b7 A1020000 		.4byte	.LASF57
 383 01bb CB00     		.sleb128 75
 384 01bd 08       		.uleb128 0x8
 385 01be 6A060000 		.4byte	.LASF58
 386 01c2 CC00     		.sleb128 76
 387 01c4 08       		.uleb128 0x8
 388 01c5 24000000 		.4byte	.LASF59
 389 01c9 CD00     		.sleb128 77
 390 01cb 08       		.uleb128 0x8
 391 01cc 380A0000 		.4byte	.LASF60
 392 01d0 CE00     		.sleb128 78
 393 01d2 08       		.uleb128 0x8
 394 01d3 02060000 		.4byte	.LASF61
 395 01d7 CF00     		.sleb128 79
 396 01d9 08       		.uleb128 0x8
 397 01da 0F0B0000 		.4byte	.LASF62
 398 01de D000     		.sleb128 80
 399 01e0 08       		.uleb128 0x8
ARM GAS  C:\Users\Sarah\AppData\Local\Temp\ccGDrogW.s 			page 9


 400 01e1 63080000 		.4byte	.LASF63
 401 01e5 D100     		.sleb128 81
 402 01e7 08       		.uleb128 0x8
 403 01e8 77040000 		.4byte	.LASF64
 404 01ec D200     		.sleb128 82
 405 01ee 08       		.uleb128 0x8
 406 01ef F1030000 		.4byte	.LASF65
 407 01f3 D300     		.sleb128 83
 408 01f5 08       		.uleb128 0x8
 409 01f6 C0020000 		.4byte	.LASF66
 410 01fa D400     		.sleb128 84
 411 01fc 08       		.uleb128 0x8
 412 01fd 500B0000 		.4byte	.LASF67
 413 0201 D500     		.sleb128 85
 414 0203 08       		.uleb128 0x8
 415 0204 E50A0000 		.4byte	.LASF68
 416 0208 D600     		.sleb128 86
 417 020a 08       		.uleb128 0x8
 418 020b BC0A0000 		.4byte	.LASF69
 419 020f D700     		.sleb128 87
 420 0211 08       		.uleb128 0x8
 421 0212 72070000 		.4byte	.LASF70
 422 0216 D800     		.sleb128 88
 423 0218 08       		.uleb128 0x8
 424 0219 CE050000 		.4byte	.LASF71
 425 021d F000     		.sleb128 112
 426 021f 08       		.uleb128 0x8
 427 0220 9B090000 		.4byte	.LASF72
 428 0224 F100     		.sleb128 113
 429 0226 08       		.uleb128 0x8
 430 0227 15080000 		.4byte	.LASF73
 431 022b F200     		.sleb128 114
 432 022d 08       		.uleb128 0x8
 433 022e F8020000 		.4byte	.LASF74
 434 0232 F300     		.sleb128 115
 435 0234 08       		.uleb128 0x8
 436 0235 8C050000 		.4byte	.LASF75
 437 0239 F400     		.sleb128 116
 438 023b 08       		.uleb128 0x8
 439 023c 80010000 		.4byte	.LASF76
 440 0240 F500     		.sleb128 117
 441 0242 08       		.uleb128 0x8
 442 0243 16030000 		.4byte	.LASF77
 443 0247 F600     		.sleb128 118
 444 0249 08       		.uleb128 0x8
 445 024a 7C090000 		.4byte	.LASF78
 446 024e F700     		.sleb128 119
 447 0250 08       		.uleb128 0x8
 448 0251 90080000 		.4byte	.LASF79
 449 0255 F800     		.sleb128 120
 450 0257 08       		.uleb128 0x8
 451 0258 CC080000 		.4byte	.LASF80
 452 025c F900     		.sleb128 121
 453 025e 08       		.uleb128 0x8
 454 025f DA040000 		.4byte	.LASF81
 455 0263 FA00     		.sleb128 122
 456 0265 08       		.uleb128 0x8
ARM GAS  C:\Users\Sarah\AppData\Local\Temp\ccGDrogW.s 			page 10


 457 0266 C2010000 		.4byte	.LASF82
 458 026a FA01     		.sleb128 250
 459 026c 08       		.uleb128 0x8
 460 026d 21060000 		.4byte	.LASF83
 461 0271 FB01     		.sleb128 251
 462 0273 08       		.uleb128 0x8
 463 0274 740B0000 		.4byte	.LASF84
 464 0278 FC01     		.sleb128 252
 465 027a 08       		.uleb128 0x8
 466 027b A8070000 		.4byte	.LASF85
 467 027f FD01     		.sleb128 253
 468 0281 08       		.uleb128 0x8
 469 0282 CE030000 		.4byte	.LASF86
 470 0286 FF01     		.sleb128 255
 471 0288 00       		.byte	0
 472 0289 09       		.uleb128 0x9
 473 028a 01       		.byte	0x1
 474 028b 04       		.byte	0x4
 475 028c 23       		.byte	0x23
 476 028d B6020000 		.4byte	0x2b6
 477 0291 08       		.uleb128 0x8
 478 0292 C1090000 		.4byte	.LASF87
 479 0296 00       		.sleb128 0
 480 0297 08       		.uleb128 0x8
 481 0298 31080000 		.4byte	.LASF88
 482 029c 01       		.sleb128 1
 483 029d 08       		.uleb128 0x8
 484 029e 18070000 		.4byte	.LASF89
 485 02a2 02       		.sleb128 2
 486 02a3 08       		.uleb128 0x8
 487 02a4 12040000 		.4byte	.LASF90
 488 02a8 03       		.sleb128 3
 489 02a9 08       		.uleb128 0x8
 490 02aa 46020000 		.4byte	.LASF91
 491 02ae 04       		.sleb128 4
 492 02af 08       		.uleb128 0x8
 493 02b0 87000000 		.4byte	.LASF92
 494 02b4 05       		.sleb128 5
 495 02b5 00       		.byte	0
 496 02b6 09       		.uleb128 0x9
 497 02b7 01       		.byte	0x1
 498 02b8 04       		.byte	0x4
 499 02b9 2E       		.byte	0x2e
 500 02ba CB020000 		.4byte	0x2cb
 501 02be 08       		.uleb128 0x8
 502 02bf 1A090000 		.4byte	.LASF93
 503 02c3 00       		.sleb128 0
 504 02c4 08       		.uleb128 0x8
 505 02c5 71000000 		.4byte	.LASF94
 506 02c9 01       		.sleb128 1
 507 02ca 00       		.byte	0
 508 02cb 0A       		.uleb128 0xa
 509 02cc BA080000 		.4byte	.LASF106
 510 02d0 01       		.byte	0x1
 511 02d1 19       		.byte	0x19
 512 02d2 00000000 		.4byte	.LFB37
 513 02d6 24000000 		.4byte	.LFE37-.LFB37
ARM GAS  C:\Users\Sarah\AppData\Local\Temp\ccGDrogW.s 			page 11


 514 02da 01       		.uleb128 0x1
 515 02db 9C       		.byte	0x9c
 516 02dc 0E030000 		.4byte	0x30e
 517 02e0 0B       		.uleb128 0xb
 518 02e1 0A000000 		.4byte	.LVL0
 519 02e5 8B030000 		.4byte	0x38b
 520 02e9 F5020000 		.4byte	0x2f5
 521 02ed 0C       		.uleb128 0xc
 522 02ee 01       		.uleb128 0x1
 523 02ef 50       		.byte	0x50
 524 02f0 03       		.uleb128 0x3
 525 02f1 0A       		.byte	0xa
 526 02f2 E803     		.2byte	0x3e8
 527 02f4 00       		.byte	0
 528 02f5 0D       		.uleb128 0xd
 529 02f6 12000000 		.4byte	.LVL1
 530 02fa 9C030000 		.4byte	0x39c
 531 02fe 0E       		.uleb128 0xe
 532 02ff 1C000000 		.4byte	.LVL2
 533 0303 AE030000 		.4byte	0x3ae
 534 0307 0C       		.uleb128 0xc
 535 0308 01       		.uleb128 0x1
 536 0309 50       		.byte	0x50
 537 030a 01       		.uleb128 0x1
 538 030b 31       		.byte	0x31
 539 030c 00       		.byte	0
 540 030d 00       		.byte	0
 541 030e 0F       		.uleb128 0xf
 542 030f 7B010000 		.4byte	.LASF107
 543 0313 01       		.byte	0x1
 544 0314 20       		.byte	0x20
 545 0315 5D000000 		.4byte	0x5d
 546 0319 00000000 		.4byte	.LFB38
 547 031d 6C000000 		.4byte	.LFE38-.LFB38
 548 0321 01       		.uleb128 0x1
 549 0322 9C       		.byte	0x9c
 550 0323 66030000 		.4byte	0x366
 551 0327 0B       		.uleb128 0xb
 552 0328 0A000000 		.4byte	.LVL3
 553 032c C0030000 		.4byte	0x3c0
 554 0330 3E030000 		.4byte	0x33e
 555 0334 0C       		.uleb128 0xc
 556 0335 01       		.uleb128 0x1
 557 0336 50       		.byte	0x50
 558 0337 05       		.uleb128 0x5
 559 0338 03       		.byte	0x3
 560 0339 00000000 		.4byte	Timer_Int_Handler
 561 033d 00       		.byte	0
 562 033e 0D       		.uleb128 0xd
 563 033f 0E000000 		.4byte	.LVL4
 564 0343 D1030000 		.4byte	0x3d1
 565 0347 0B       		.uleb128 0xb
 566 0348 46000000 		.4byte	.LVL5
 567 034c D9030000 		.4byte	0x3d9
 568 0350 5C030000 		.4byte	0x35c
 569 0354 0C       		.uleb128 0xc
 570 0355 01       		.uleb128 0x1
ARM GAS  C:\Users\Sarah\AppData\Local\Temp\ccGDrogW.s 			page 12


 571 0356 50       		.byte	0x50
 572 0357 03       		.uleb128 0x3
 573 0358 0A       		.byte	0xa
 574 0359 2D05     		.2byte	0x52d
 575 035b 00       		.byte	0
 576 035c 0D       		.uleb128 0xd
 577 035d 4A000000 		.4byte	.LVL6
 578 0361 EB030000 		.4byte	0x3eb
 579 0365 00       		.byte	0
 580 0366 10       		.uleb128 0x10
 581 0367 B70A0000 		.4byte	.LASF95
 582 036b 01       		.byte	0x1
 583 036c 15       		.byte	0x15
 584 036d 77030000 		.4byte	0x377
 585 0371 05       		.uleb128 0x5
 586 0372 03       		.byte	0x3
 587 0373 00000000 		.4byte	flag
 588 0377 11       		.uleb128 0x11
 589 0378 5D000000 		.4byte	0x5d
 590 037c 12       		.uleb128 0x12
 591 037d 7800     		.ascii	"x\000"
 592 037f 01       		.byte	0x1
 593 0380 16       		.byte	0x16
 594 0381 77030000 		.4byte	0x377
 595 0385 05       		.uleb128 0x5
 596 0386 03       		.byte	0x3
 597 0387 00000000 		.4byte	x
 598 038b 13       		.uleb128 0x13
 599 038c 070B0000 		.4byte	.LASF96
 600 0390 05       		.byte	0x5
 601 0391 D9       		.byte	0xd9
 602 0392 9C030000 		.4byte	0x39c
 603 0396 14       		.uleb128 0x14
 604 0397 6B000000 		.4byte	0x6b
 605 039b 00       		.byte	0
 606 039c 15       		.uleb128 0x15
 607 039d 6A010000 		.4byte	.LASF97
 608 03a1 06       		.byte	0x6
 609 03a2 5501     		.2byte	0x155
 610 03a4 AE030000 		.4byte	0x3ae
 611 03a8 14       		.uleb128 0x14
 612 03a9 6B000000 		.4byte	0x6b
 613 03ad 00       		.byte	0
 614 03ae 15       		.uleb128 0x15
 615 03af 68020000 		.4byte	.LASF98
 616 03b3 07       		.byte	0x7
 617 03b4 4701     		.2byte	0x147
 618 03b6 C0030000 		.4byte	0x3c0
 619 03ba 14       		.uleb128 0x14
 620 03bb 6B000000 		.4byte	0x6b
 621 03bf 00       		.byte	0
 622 03c0 13       		.uleb128 0x13
 623 03c1 860A0000 		.4byte	.LASF99
 624 03c5 08       		.byte	0x8
 625 03c6 18       		.byte	0x18
 626 03c7 D1030000 		.4byte	0x3d1
 627 03cb 14       		.uleb128 0x14
ARM GAS  C:\Users\Sarah\AppData\Local\Temp\ccGDrogW.s 			page 13


 628 03cc 8C000000 		.4byte	0x8c
 629 03d0 00       		.byte	0
 630 03d1 16       		.uleb128 0x16
 631 03d2 070A0000 		.4byte	.LASF101
 632 03d6 06       		.byte	0x6
 633 03d7 3201     		.2byte	0x132
 634 03d9 15       		.uleb128 0x15
 635 03da 58010000 		.4byte	.LASF100
 636 03de 07       		.byte	0x7
 637 03df 5001     		.2byte	0x150
 638 03e1 EB030000 		.4byte	0x3eb
 639 03e5 14       		.uleb128 0x14
 640 03e6 6B000000 		.4byte	0x6b
 641 03ea 00       		.byte	0
 642 03eb 16       		.uleb128 0x16
 643 03ec DC030000 		.4byte	.LASF102
 644 03f0 07       		.byte	0x7
 645 03f1 3201     		.2byte	0x132
 646 03f3 00       		.byte	0
 647              		.section	.debug_abbrev,"",%progbits
 648              	.Ldebug_abbrev0:
 649 0000 01       		.uleb128 0x1
 650 0001 11       		.uleb128 0x11
 651 0002 01       		.byte	0x1
 652 0003 25       		.uleb128 0x25
 653 0004 0E       		.uleb128 0xe
 654 0005 13       		.uleb128 0x13
 655 0006 0B       		.uleb128 0xb
 656 0007 03       		.uleb128 0x3
 657 0008 0E       		.uleb128 0xe
 658 0009 1B       		.uleb128 0x1b
 659 000a 0E       		.uleb128 0xe
 660 000b 55       		.uleb128 0x55
 661 000c 17       		.uleb128 0x17
 662 000d 11       		.uleb128 0x11
 663 000e 01       		.uleb128 0x1
 664 000f 10       		.uleb128 0x10
 665 0010 17       		.uleb128 0x17
 666 0011 00       		.byte	0
 667 0012 00       		.byte	0
 668 0013 02       		.uleb128 0x2
 669 0014 24       		.uleb128 0x24
 670 0015 00       		.byte	0
 671 0016 0B       		.uleb128 0xb
 672 0017 0B       		.uleb128 0xb
 673 0018 3E       		.uleb128 0x3e
 674 0019 0B       		.uleb128 0xb
 675 001a 03       		.uleb128 0x3
 676 001b 0E       		.uleb128 0xe
 677 001c 00       		.byte	0
 678 001d 00       		.byte	0
 679 001e 03       		.uleb128 0x3
 680 001f 24       		.uleb128 0x24
 681 0020 00       		.byte	0
 682 0021 0B       		.uleb128 0xb
 683 0022 0B       		.uleb128 0xb
 684 0023 3E       		.uleb128 0x3e
ARM GAS  C:\Users\Sarah\AppData\Local\Temp\ccGDrogW.s 			page 14


 685 0024 0B       		.uleb128 0xb
 686 0025 03       		.uleb128 0x3
 687 0026 08       		.uleb128 0x8
 688 0027 00       		.byte	0
 689 0028 00       		.byte	0
 690 0029 04       		.uleb128 0x4
 691 002a 16       		.uleb128 0x16
 692 002b 00       		.byte	0
 693 002c 03       		.uleb128 0x3
 694 002d 0E       		.uleb128 0xe
 695 002e 3A       		.uleb128 0x3a
 696 002f 0B       		.uleb128 0xb
 697 0030 3B       		.uleb128 0x3b
 698 0031 05       		.uleb128 0x5
 699 0032 49       		.uleb128 0x49
 700 0033 13       		.uleb128 0x13
 701 0034 00       		.byte	0
 702 0035 00       		.byte	0
 703 0036 05       		.uleb128 0x5
 704 0037 0F       		.uleb128 0xf
 705 0038 00       		.byte	0
 706 0039 0B       		.uleb128 0xb
 707 003a 0B       		.uleb128 0xb
 708 003b 49       		.uleb128 0x49
 709 003c 13       		.uleb128 0x13
 710 003d 00       		.byte	0
 711 003e 00       		.byte	0
 712 003f 06       		.uleb128 0x6
 713 0040 15       		.uleb128 0x15
 714 0041 00       		.byte	0
 715 0042 27       		.uleb128 0x27
 716 0043 19       		.uleb128 0x19
 717 0044 00       		.byte	0
 718 0045 00       		.byte	0
 719 0046 07       		.uleb128 0x7
 720 0047 04       		.uleb128 0x4
 721 0048 01       		.byte	0x1
 722 0049 0B       		.uleb128 0xb
 723 004a 0B       		.uleb128 0xb
 724 004b 3A       		.uleb128 0x3a
 725 004c 0B       		.uleb128 0xb
 726 004d 3B       		.uleb128 0x3b
 727 004e 05       		.uleb128 0x5
 728 004f 01       		.uleb128 0x1
 729 0050 13       		.uleb128 0x13
 730 0051 00       		.byte	0
 731 0052 00       		.byte	0
 732 0053 08       		.uleb128 0x8
 733 0054 28       		.uleb128 0x28
 734 0055 00       		.byte	0
 735 0056 03       		.uleb128 0x3
 736 0057 0E       		.uleb128 0xe
 737 0058 1C       		.uleb128 0x1c
 738 0059 0D       		.uleb128 0xd
 739 005a 00       		.byte	0
 740 005b 00       		.byte	0
 741 005c 09       		.uleb128 0x9
ARM GAS  C:\Users\Sarah\AppData\Local\Temp\ccGDrogW.s 			page 15


 742 005d 04       		.uleb128 0x4
 743 005e 01       		.byte	0x1
 744 005f 0B       		.uleb128 0xb
 745 0060 0B       		.uleb128 0xb
 746 0061 3A       		.uleb128 0x3a
 747 0062 0B       		.uleb128 0xb
 748 0063 3B       		.uleb128 0x3b
 749 0064 0B       		.uleb128 0xb
 750 0065 01       		.uleb128 0x1
 751 0066 13       		.uleb128 0x13
 752 0067 00       		.byte	0
 753 0068 00       		.byte	0
 754 0069 0A       		.uleb128 0xa
 755 006a 2E       		.uleb128 0x2e
 756 006b 01       		.byte	0x1
 757 006c 3F       		.uleb128 0x3f
 758 006d 19       		.uleb128 0x19
 759 006e 03       		.uleb128 0x3
 760 006f 0E       		.uleb128 0xe
 761 0070 3A       		.uleb128 0x3a
 762 0071 0B       		.uleb128 0xb
 763 0072 3B       		.uleb128 0x3b
 764 0073 0B       		.uleb128 0xb
 765 0074 27       		.uleb128 0x27
 766 0075 19       		.uleb128 0x19
 767 0076 11       		.uleb128 0x11
 768 0077 01       		.uleb128 0x1
 769 0078 12       		.uleb128 0x12
 770 0079 06       		.uleb128 0x6
 771 007a 40       		.uleb128 0x40
 772 007b 18       		.uleb128 0x18
 773 007c 9742     		.uleb128 0x2117
 774 007e 19       		.uleb128 0x19
 775 007f 01       		.uleb128 0x1
 776 0080 13       		.uleb128 0x13
 777 0081 00       		.byte	0
 778 0082 00       		.byte	0
 779 0083 0B       		.uleb128 0xb
 780 0084 898201   		.uleb128 0x4109
 781 0087 01       		.byte	0x1
 782 0088 11       		.uleb128 0x11
 783 0089 01       		.uleb128 0x1
 784 008a 31       		.uleb128 0x31
 785 008b 13       		.uleb128 0x13
 786 008c 01       		.uleb128 0x1
 787 008d 13       		.uleb128 0x13
 788 008e 00       		.byte	0
 789 008f 00       		.byte	0
 790 0090 0C       		.uleb128 0xc
 791 0091 8A8201   		.uleb128 0x410a
 792 0094 00       		.byte	0
 793 0095 02       		.uleb128 0x2
 794 0096 18       		.uleb128 0x18
 795 0097 9142     		.uleb128 0x2111
 796 0099 18       		.uleb128 0x18
 797 009a 00       		.byte	0
 798 009b 00       		.byte	0
ARM GAS  C:\Users\Sarah\AppData\Local\Temp\ccGDrogW.s 			page 16


 799 009c 0D       		.uleb128 0xd
 800 009d 898201   		.uleb128 0x4109
 801 00a0 00       		.byte	0
 802 00a1 11       		.uleb128 0x11
 803 00a2 01       		.uleb128 0x1
 804 00a3 31       		.uleb128 0x31
 805 00a4 13       		.uleb128 0x13
 806 00a5 00       		.byte	0
 807 00a6 00       		.byte	0
 808 00a7 0E       		.uleb128 0xe
 809 00a8 898201   		.uleb128 0x4109
 810 00ab 01       		.byte	0x1
 811 00ac 11       		.uleb128 0x11
 812 00ad 01       		.uleb128 0x1
 813 00ae 31       		.uleb128 0x31
 814 00af 13       		.uleb128 0x13
 815 00b0 00       		.byte	0
 816 00b1 00       		.byte	0
 817 00b2 0F       		.uleb128 0xf
 818 00b3 2E       		.uleb128 0x2e
 819 00b4 01       		.byte	0x1
 820 00b5 3F       		.uleb128 0x3f
 821 00b6 19       		.uleb128 0x19
 822 00b7 03       		.uleb128 0x3
 823 00b8 0E       		.uleb128 0xe
 824 00b9 3A       		.uleb128 0x3a
 825 00ba 0B       		.uleb128 0xb
 826 00bb 3B       		.uleb128 0x3b
 827 00bc 0B       		.uleb128 0xb
 828 00bd 27       		.uleb128 0x27
 829 00be 19       		.uleb128 0x19
 830 00bf 49       		.uleb128 0x49
 831 00c0 13       		.uleb128 0x13
 832 00c1 11       		.uleb128 0x11
 833 00c2 01       		.uleb128 0x1
 834 00c3 12       		.uleb128 0x12
 835 00c4 06       		.uleb128 0x6
 836 00c5 40       		.uleb128 0x40
 837 00c6 18       		.uleb128 0x18
 838 00c7 9742     		.uleb128 0x2117
 839 00c9 19       		.uleb128 0x19
 840 00ca 01       		.uleb128 0x1
 841 00cb 13       		.uleb128 0x13
 842 00cc 00       		.byte	0
 843 00cd 00       		.byte	0
 844 00ce 10       		.uleb128 0x10
 845 00cf 34       		.uleb128 0x34
 846 00d0 00       		.byte	0
 847 00d1 03       		.uleb128 0x3
 848 00d2 0E       		.uleb128 0xe
 849 00d3 3A       		.uleb128 0x3a
 850 00d4 0B       		.uleb128 0xb
 851 00d5 3B       		.uleb128 0x3b
 852 00d6 0B       		.uleb128 0xb
 853 00d7 49       		.uleb128 0x49
 854 00d8 13       		.uleb128 0x13
 855 00d9 3F       		.uleb128 0x3f
ARM GAS  C:\Users\Sarah\AppData\Local\Temp\ccGDrogW.s 			page 17


 856 00da 19       		.uleb128 0x19
 857 00db 02       		.uleb128 0x2
 858 00dc 18       		.uleb128 0x18
 859 00dd 00       		.byte	0
 860 00de 00       		.byte	0
 861 00df 11       		.uleb128 0x11
 862 00e0 35       		.uleb128 0x35
 863 00e1 00       		.byte	0
 864 00e2 49       		.uleb128 0x49
 865 00e3 13       		.uleb128 0x13
 866 00e4 00       		.byte	0
 867 00e5 00       		.byte	0
 868 00e6 12       		.uleb128 0x12
 869 00e7 34       		.uleb128 0x34
 870 00e8 00       		.byte	0
 871 00e9 03       		.uleb128 0x3
 872 00ea 08       		.uleb128 0x8
 873 00eb 3A       		.uleb128 0x3a
 874 00ec 0B       		.uleb128 0xb
 875 00ed 3B       		.uleb128 0x3b
 876 00ee 0B       		.uleb128 0xb
 877 00ef 49       		.uleb128 0x49
 878 00f0 13       		.uleb128 0x13
 879 00f1 3F       		.uleb128 0x3f
 880 00f2 19       		.uleb128 0x19
 881 00f3 02       		.uleb128 0x2
 882 00f4 18       		.uleb128 0x18
 883 00f5 00       		.byte	0
 884 00f6 00       		.byte	0
 885 00f7 13       		.uleb128 0x13
 886 00f8 2E       		.uleb128 0x2e
 887 00f9 01       		.byte	0x1
 888 00fa 3F       		.uleb128 0x3f
 889 00fb 19       		.uleb128 0x19
 890 00fc 03       		.uleb128 0x3
 891 00fd 0E       		.uleb128 0xe
 892 00fe 3A       		.uleb128 0x3a
 893 00ff 0B       		.uleb128 0xb
 894 0100 3B       		.uleb128 0x3b
 895 0101 0B       		.uleb128 0xb
 896 0102 27       		.uleb128 0x27
 897 0103 19       		.uleb128 0x19
 898 0104 3C       		.uleb128 0x3c
 899 0105 19       		.uleb128 0x19
 900 0106 01       		.uleb128 0x1
 901 0107 13       		.uleb128 0x13
 902 0108 00       		.byte	0
 903 0109 00       		.byte	0
 904 010a 14       		.uleb128 0x14
 905 010b 05       		.uleb128 0x5
 906 010c 00       		.byte	0
 907 010d 49       		.uleb128 0x49
 908 010e 13       		.uleb128 0x13
 909 010f 00       		.byte	0
 910 0110 00       		.byte	0
 911 0111 15       		.uleb128 0x15
 912 0112 2E       		.uleb128 0x2e
ARM GAS  C:\Users\Sarah\AppData\Local\Temp\ccGDrogW.s 			page 18


 913 0113 01       		.byte	0x1
 914 0114 3F       		.uleb128 0x3f
 915 0115 19       		.uleb128 0x19
 916 0116 03       		.uleb128 0x3
 917 0117 0E       		.uleb128 0xe
 918 0118 3A       		.uleb128 0x3a
 919 0119 0B       		.uleb128 0xb
 920 011a 3B       		.uleb128 0x3b
 921 011b 05       		.uleb128 0x5
 922 011c 27       		.uleb128 0x27
 923 011d 19       		.uleb128 0x19
 924 011e 3C       		.uleb128 0x3c
 925 011f 19       		.uleb128 0x19
 926 0120 01       		.uleb128 0x1
 927 0121 13       		.uleb128 0x13
 928 0122 00       		.byte	0
 929 0123 00       		.byte	0
 930 0124 16       		.uleb128 0x16
 931 0125 2E       		.uleb128 0x2e
 932 0126 00       		.byte	0
 933 0127 3F       		.uleb128 0x3f
 934 0128 19       		.uleb128 0x19
 935 0129 03       		.uleb128 0x3
 936 012a 0E       		.uleb128 0xe
 937 012b 3A       		.uleb128 0x3a
 938 012c 0B       		.uleb128 0xb
 939 012d 3B       		.uleb128 0x3b
 940 012e 05       		.uleb128 0x5
 941 012f 27       		.uleb128 0x27
 942 0130 19       		.uleb128 0x19
 943 0131 3C       		.uleb128 0x3c
 944 0132 19       		.uleb128 0x19
 945 0133 00       		.byte	0
 946 0134 00       		.byte	0
 947 0135 00       		.byte	0
 948              		.section	.debug_aranges,"",%progbits
 949 0000 24000000 		.4byte	0x24
 950 0004 0200     		.2byte	0x2
 951 0006 00000000 		.4byte	.Ldebug_info0
 952 000a 04       		.byte	0x4
 953 000b 00       		.byte	0
 954 000c 0000     		.2byte	0
 955 000e 0000     		.2byte	0
 956 0010 00000000 		.4byte	.LFB37
 957 0014 24000000 		.4byte	.LFE37-.LFB37
 958 0018 00000000 		.4byte	.LFB38
 959 001c 6C000000 		.4byte	.LFE38-.LFB38
 960 0020 00000000 		.4byte	0
 961 0024 00000000 		.4byte	0
 962              		.section	.debug_ranges,"",%progbits
 963              	.Ldebug_ranges0:
 964 0000 00000000 		.4byte	.LFB37
 965 0004 24000000 		.4byte	.LFE37
 966 0008 00000000 		.4byte	.LFB38
 967 000c 6C000000 		.4byte	.LFE38
 968 0010 00000000 		.4byte	0
 969 0014 00000000 		.4byte	0
ARM GAS  C:\Users\Sarah\AppData\Local\Temp\ccGDrogW.s 			page 19


 970              		.section	.debug_line,"",%progbits
 971              	.Ldebug_line0:
 972 0000 C3000000 		.section	.debug_str,"MS",%progbits,1
 972      02008F00 
 972      00000201 
 972      FB0E0D00 
 972      01010101 
 973              	.LASF24:
 974 0000 4359424C 		.ascii	"CYBLE_EVT_GAP_PASSKEY_ENTRY_REQUEST\000"
 974      455F4556 
 974      545F4741 
 974      505F5041 
 974      53534B45 
 975              	.LASF59:
 976 0024 4359424C 		.ascii	"CYBLE_EVT_GATTC_WRITE_RSP\000"
 976      455F4556 
 976      545F4741 
 976      5454435F 
 976      57524954 
 977              	.LASF21:
 978 003e 4359424C 		.ascii	"CYBLE_EVT_MEMORY_REQUEST\000"
 978      455F4556 
 978      545F4D45 
 978      4D4F5259 
 978      5F524551 
 979              	.LASF46:
 980 0057 4359424C 		.ascii	"CYBLE_EVT_GATTC_ERROR_RSP\000"
 980      455F4556 
 980      545F4741 
 980      5454435F 
 980      4552524F 
 981              	.LASF94:
 982 0071 4359424C 		.ascii	"CYBLE_ANS_DESCR_COUNT\000"
 982      455F414E 
 982      535F4445 
 982      5343525F 
 982      434F554E 
 983              	.LASF92:
 984 0087 4359424C 		.ascii	"CYBLE_ANS_CHAR_COUNT\000"
 984      455F414E 
 984      535F4348 
 984      41525F43 
 984      4F554E54 
 985              	.LASF36:
 986 009c 4359424C 		.ascii	"CYBLE_EVT_GAP_KEYPRESS_NOTIFICATION\000"
 986      455F4556 
 986      545F4741 
 986      505F4B45 
 986      59505245 
 987              	.LASF2:
 988 00c0 73686F72 		.ascii	"short int\000"
 988      7420696E 
 988      7400
 989              	.LASF27:
 990 00ca 4359424C 		.ascii	"CYBLE_EVT_GAP_AUTH_FAILED\000"
 990      455F4556 
 990      545F4741 
ARM GAS  C:\Users\Sarah\AppData\Local\Temp\ccGDrogW.s 			page 20


 990      505F4155 
 990      54485F46 
 991              	.LASF48:
 992 00e4 4359424C 		.ascii	"CYBLE_EVT_GATT_DISCONNECT_IND\000"
 992      455F4556 
 992      545F4741 
 992      54545F44 
 992      4953434F 
 993              	.LASF14:
 994 0102 73697A65 		.ascii	"sizetype\000"
 994      74797065 
 994      00
 995              	.LASF38:
 996 010b 4359424C 		.ascii	"CYBLE_EVT_GAP_DATA_LENGTH_CHANGE\000"
 996      455F4556 
 996      545F4741 
 996      505F4441 
 996      54415F4C 
 997              	.LASF19:
 998 012c 4359424C 		.ascii	"CYBLE_EVT_HCI_STATUS\000"
 998      455F4556 
 998      545F4843 
 998      495F5354 
 998      41545553 
 999              	.LASF7:
 1000 0141 6C6F6E67 		.ascii	"long long unsigned int\000"
 1000      206C6F6E 
 1000      6720756E 
 1000      7369676E 
 1000      65642069 
 1001              	.LASF100:
 1002 0158 54696D65 		.ascii	"Timer_WritePeriod\000"
 1002      725F5772 
 1002      69746550 
 1002      6572696F 
 1002      6400
 1003              	.LASF97:
 1004 016a 50574D5F 		.ascii	"PWM_WriteCompare\000"
 1004      57726974 
 1004      65436F6D 
 1004      70617265 
 1004      00
 1005              	.LASF107:
 1006 017b 6D61696E 		.ascii	"main\000"
 1006      00
 1007              	.LASF76:
 1008 0180 4359424C 		.ascii	"CYBLE_EVT_L2CAP_CBFC_DISCONN_IND\000"
 1008      455F4556 
 1008      545F4C32 
 1008      4341505F 
 1008      43424643 
 1009              	.LASF52:
 1010 01a1 4359424C 		.ascii	"CYBLE_EVT_GATTC_READ_BY_TYPE_RSP\000"
 1010      455F4556 
 1010      545F4741 
 1010      5454435F 
 1010      52454144 
ARM GAS  C:\Users\Sarah\AppData\Local\Temp\ccGDrogW.s 			page 21


 1011              	.LASF82:
 1012 01c2 4359424C 		.ascii	"CYBLE_EVT_PENDING_FLASH_WRITE\000"
 1012      455F4556 
 1012      545F5045 
 1012      4E44494E 
 1012      475F464C 
 1013              	.LASF16:
 1014 01e0 4359424C 		.ascii	"CYBLE_EVT_STACK_ON\000"
 1014      455F4556 
 1014      545F5354 
 1014      41434B5F 
 1014      4F4E00
 1015              	.LASF45:
 1016 01f3 4359424C 		.ascii	"CYBLE_EVT_GAP_SMP_LOC_P256_KEYS_GEN_AND_SET_COMPLET"
 1016      455F4556 
 1016      545F4741 
 1016      505F534D 
 1016      505F4C4F 
 1017 0226 4500     		.ascii	"E\000"
 1018              	.LASF49:
 1019 0228 4359424C 		.ascii	"CYBLE_EVT_GATTS_XCNHG_MTU_REQ\000"
 1019      455F4556 
 1019      545F4741 
 1019      5454535F 
 1019      58434E48 
 1020              	.LASF91:
 1021 0246 4359424C 		.ascii	"CYBLE_ANS_ALERT_NTF_CONTROL_POINT\000"
 1021      455F414E 
 1021      535F414C 
 1021      4552545F 
 1021      4E54465F 
 1022              	.LASF98:
 1023 0268 54696D65 		.ascii	"Timer_ClearInterrupt\000"
 1023      725F436C 
 1023      65617249 
 1023      6E746572 
 1023      72757074 
 1024              	.LASF34:
 1025 027d 4359424C 		.ascii	"CYBLE_EVT_GAP_KEYINFO_EXCHNGE_CMPLT\000"
 1025      455F4556 
 1025      545F4741 
 1025      505F4B45 
 1025      59494E46 
 1026              	.LASF57:
 1027 02a1 4359424C 		.ascii	"CYBLE_EVT_GATTC_READ_MULTI_RSP\000"
 1027      455F4556 
 1027      545F4741 
 1027      5454435F 
 1027      52454144 
 1028              	.LASF66:
 1029 02c0 4359424C 		.ascii	"CYBLE_EVT_GATTS_HANDLE_VALUE_CNF\000"
 1029      455F4556 
 1029      545F4741 
 1029      5454535F 
 1029      48414E44 
 1030              	.LASF15:
 1031 02e1 4359424C 		.ascii	"CYBLE_EVT_HOST_INVALID\000"
ARM GAS  C:\Users\Sarah\AppData\Local\Temp\ccGDrogW.s 			page 22


 1031      455F4556 
 1031      545F484F 
 1031      53545F49 
 1031      4E56414C 
 1032              	.LASF74:
 1033 02f8 4359424C 		.ascii	"CYBLE_EVT_L2CAP_CBFC_CONN_IND\000"
 1033      455F4556 
 1033      545F4C32 
 1033      4341505F 
 1033      43424643 
 1034              	.LASF77:
 1035 0316 4359424C 		.ascii	"CYBLE_EVT_L2CAP_CBFC_DISCONN_CNF\000"
 1035      455F4556 
 1035      545F4C32 
 1035      4341505F 
 1035      43424643 
 1036              	.LASF9:
 1037 0337 666C6F61 		.ascii	"float\000"
 1037      7400
 1038              	.LASF55:
 1039 033d 4359424C 		.ascii	"CYBLE_EVT_GATTC_READ_RSP\000"
 1039      455F4556 
 1039      545F4741 
 1039      5454435F 
 1039      52454144 
 1040              	.LASF35:
 1041 0356 4359424C 		.ascii	"CYBLE_EVT_GAP_NUMERIC_COMPARISON_REQUEST\000"
 1041      455F4556 
 1041      545F4741 
 1041      505F4E55 
 1041      4D455249 
 1042              	.LASF40:
 1043 037f 4359424C 		.ascii	"CYBLE_EVT_GAPC_DIRECT_ADV_REPORT\000"
 1043      455F4556 
 1043      545F4741 
 1043      50435F44 
 1043      49524543 
 1044              	.LASF13:
 1045 03a0 63796973 		.ascii	"cyisraddress\000"
 1045      72616464 
 1045      72657373 
 1045      00
 1046              	.LASF44:
 1047 03ad 4359424C 		.ascii	"CYBLE_EVT_GAP_AUTH_REQ_REPLY_ERR\000"
 1047      455F4556 
 1047      545F4741 
 1047      505F4155 
 1047      54485F52 
 1048              	.LASF86:
 1049 03ce 4359424C 		.ascii	"CYBLE_EVT_MAX\000"
 1049      455F4556 
 1049      545F4D41 
 1049      5800
 1050              	.LASF102:
 1051 03dc 54696D65 		.ascii	"Timer_Start\000"
 1051      725F5374 
 1051      61727400 
ARM GAS  C:\Users\Sarah\AppData\Local\Temp\ccGDrogW.s 			page 23


 1052              	.LASF4:
 1053 03e8 6C6F6E67 		.ascii	"long int\000"
 1053      20696E74 
 1053      00
 1054              	.LASF65:
 1055 03f1 4359424C 		.ascii	"CYBLE_EVT_GATTC_HANDLE_VALUE_IND\000"
 1055      455F4556 
 1055      545F4741 
 1055      5454435F 
 1055      48414E44 
 1056              	.LASF90:
 1057 0412 4359424C 		.ascii	"CYBLE_ANS_UNREAD_ALERT_STATUS\000"
 1057      455F414E 
 1057      535F554E 
 1057      52454144 
 1057      5F414C45 
 1058              	.LASF29:
 1059 0430 4359424C 		.ascii	"CYBLE_EVT_GAP_DEVICE_CONNECTED\000"
 1059      455F4556 
 1059      545F4741 
 1059      505F4445 
 1059      56494345 
 1060              	.LASF28:
 1061 044f 4359424C 		.ascii	"CYBLE_EVT_GAPP_ADVERTISEMENT_START_STOP\000"
 1061      455F4556 
 1061      545F4741 
 1061      50505F41 
 1061      44564552 
 1062              	.LASF64:
 1063 0477 4359424C 		.ascii	"CYBLE_EVT_GATTC_HANDLE_VALUE_NTF\000"
 1063      455F4556 
 1063      545F4741 
 1063      5454435F 
 1063      48414E44 
 1064              	.LASF20:
 1065 0498 4359424C 		.ascii	"CYBLE_EVT_STACK_BUSY_STATUS\000"
 1065      455F4556 
 1065      545F5354 
 1065      41434B5F 
 1065      42555359 
 1066              	.LASF25:
 1067 04b4 4359424C 		.ascii	"CYBLE_EVT_GAP_PASSKEY_DISPLAY_REQUEST\000"
 1067      455F4556 
 1067      545F4741 
 1067      505F5041 
 1067      53534B45 
 1068              	.LASF81:
 1069 04da 4359424C 		.ascii	"CYBLE_EVT_L2CAP_CBFC_DATA_WRITE_IND\000"
 1069      455F4556 
 1069      545F4C32 
 1069      4341505F 
 1069      43424643 
 1070              	.LASF103:
 1071 04fe 474E5520 		.ascii	"GNU C 4.9.3 20150303 (release) [ARM/embedded-4_9-br"
 1071      4320342E 
 1071      392E3320 
 1071      32303135 
ARM GAS  C:\Users\Sarah\AppData\Local\Temp\ccGDrogW.s 			page 24


 1071      30333033 
 1072 0531 616E6368 		.ascii	"anch revision 221220] -mcpu=cortex-m0 -mthumb -g -O"
 1072      20726576 
 1072      6973696F 
 1072      6E203232 
 1072      31323230 
 1073 0564 67202D66 		.ascii	"g -ffunction-sections -ffat-lto-objects\000"
 1073      66756E63 
 1073      74696F6E 
 1073      2D736563 
 1073      74696F6E 
 1074              	.LASF75:
 1075 058c 4359424C 		.ascii	"CYBLE_EVT_L2CAP_CBFC_CONN_CNF\000"
 1075      455F4556 
 1075      545F4C32 
 1075      4341505F 
 1075      43424643 
 1076              	.LASF39:
 1077 05aa 4359424C 		.ascii	"CYBLE_EVT_GAP_ENHANCE_CONN_COMPLETE\000"
 1077      455F4556 
 1077      545F4741 
 1077      505F454E 
 1077      48414E43 
 1078              	.LASF71:
 1079 05ce 4359424C 		.ascii	"CYBLE_EVT_L2CAP_CONN_PARAM_UPDATE_REQ\000"
 1079      455F4556 
 1079      545F4C32 
 1079      4341505F 
 1079      434F4E4E 
 1080              	.LASF1:
 1081 05f4 756E7369 		.ascii	"unsigned char\000"
 1081      676E6564 
 1081      20636861 
 1081      7200
 1082              	.LASF61:
 1083 0602 4359424C 		.ascii	"CYBLE_EVT_GATTS_PREP_WRITE_REQ\000"
 1083      455F4556 
 1083      545F4741 
 1083      5454535F 
 1083      50524550 
 1084              	.LASF83:
 1085 0621 4359424C 		.ascii	"CYBLE_EVT_LE_PING_AUTH_TIMEOUT\000"
 1085      455F4556 
 1085      545F4C45 
 1085      5F50494E 
 1085      475F4155 
 1086              	.LASF53:
 1087 0640 4359424C 		.ascii	"CYBLE_EVT_GATTC_FIND_INFO_RSP\000"
 1087      455F4556 
 1087      545F4741 
 1087      5454435F 
 1087      46494E44 
 1088              	.LASF0:
 1089 065e 7369676E 		.ascii	"signed char\000"
 1089      65642063 
 1089      68617200 
 1090              	.LASF58:
ARM GAS  C:\Users\Sarah\AppData\Local\Temp\ccGDrogW.s 			page 25


 1091 066a 4359424C 		.ascii	"CYBLE_EVT_GATTS_WRITE_REQ\000"
 1091      455F4556 
 1091      545F4741 
 1091      5454535F 
 1091      57524954 
 1092              	.LASF54:
 1093 0684 4359424C 		.ascii	"CYBLE_EVT_GATTC_FIND_BY_TYPE_VALUE_RSP\000"
 1093      455F4556 
 1093      545F4741 
 1093      5454435F 
 1093      46494E44 
 1094              	.LASF26:
 1095 06ab 4359424C 		.ascii	"CYBLE_EVT_GAP_AUTH_COMPLETE\000"
 1095      455F4556 
 1095      545F4741 
 1095      505F4155 
 1095      54485F43 
 1096              	.LASF8:
 1097 06c7 756E7369 		.ascii	"unsigned int\000"
 1097      676E6564 
 1097      20696E74 
 1097      00
 1098              	.LASF47:
 1099 06d4 4359424C 		.ascii	"CYBLE_EVT_GATT_CONNECT_IND\000"
 1099      455F4556 
 1099      545F4741 
 1099      54545F43 
 1099      4F4E4E45 
 1100              	.LASF5:
 1101 06ef 6C6F6E67 		.ascii	"long unsigned int\000"
 1101      20756E73 
 1101      69676E65 
 1101      6420696E 
 1101      7400
 1102              	.LASF23:
 1103 0701 4359424C 		.ascii	"CYBLE_EVT_GAP_AUTH_REQ\000"
 1103      455F4556 
 1103      545F4741 
 1103      505F4155 
 1103      54485F52 
 1104              	.LASF89:
 1105 0718 4359424C 		.ascii	"CYBLE_ANS_SUPPORTED_UNREAD_ALERT_CAT\000"
 1105      455F414E 
 1105      535F5355 
 1105      50504F52 
 1105      5445445F 
 1106              	.LASF31:
 1107 073d 4359424C 		.ascii	"CYBLE_EVT_GAP_ENCRYPT_CHANGE\000"
 1107      455F4556 
 1107      545F4741 
 1107      505F454E 
 1107      43525950 
 1108              	.LASF42:
 1109 075a 4359424C 		.ascii	"CYBLE_EVT_GAP_CONN_ESTB\000"
 1109      455F4556 
 1109      545F4741 
 1109      505F434F 
ARM GAS  C:\Users\Sarah\AppData\Local\Temp\ccGDrogW.s 			page 26


 1109      4E4E5F45 
 1110              	.LASF70:
 1111 0772 4359424C 		.ascii	"CYBLE_EVT_GATTC_LONG_PROCEDURE_END\000"
 1111      455F4556 
 1111      545F4741 
 1111      5454435F 
 1111      4C4F4E47 
 1112              	.LASF3:
 1113 0795 73686F72 		.ascii	"short unsigned int\000"
 1113      7420756E 
 1113      7369676E 
 1113      65642069 
 1113      6E7400
 1114              	.LASF85:
 1115 07a8 4359424C 		.ascii	"CYBLE_EVT_FLASH_CORRUPT\000"
 1115      455F4556 
 1115      545F464C 
 1115      4153485F 
 1115      434F5252 
 1116              	.LASF32:
 1117 07c0 4359424C 		.ascii	"CYBLE_EVT_GAP_CONNECTION_UPDATE_COMPLETE\000"
 1117      455F4556 
 1117      545F4741 
 1117      505F434F 
 1117      4E4E4543 
 1118              	.LASF41:
 1119 07e9 4359424C 		.ascii	"CYBLE_EVT_GAP_SMP_NEGOTIATED_AUTH_INFO\000"
 1119      455F4556 
 1119      545F4741 
 1119      505F534D 
 1119      505F4E45 
 1120              	.LASF11:
 1121 0810 63686172 		.ascii	"char\000"
 1121      00
 1122              	.LASF73:
 1123 0815 4359424C 		.ascii	"CYBLE_EVT_L2CAP_COMMAND_REJ\000"
 1123      455F4556 
 1123      545F4C32 
 1123      4341505F 
 1123      434F4D4D 
 1124              	.LASF88:
 1125 0831 4359424C 		.ascii	"CYBLE_ANS_NEW_ALERT\000"
 1125      455F414E 
 1125      535F4E45 
 1125      575F414C 
 1125      45525400 
 1126              	.LASF56:
 1127 0845 4359424C 		.ascii	"CYBLE_EVT_GATTC_READ_BLOB_RSP\000"
 1127      455F4556 
 1127      545F4741 
 1127      5454435F 
 1127      52454144 
 1128              	.LASF63:
 1129 0863 4359424C 		.ascii	"CYBLE_EVT_GATTC_EXEC_WRITE_RSP\000"
 1129      455F4556 
 1129      545F4741 
 1129      5454435F 
ARM GAS  C:\Users\Sarah\AppData\Local\Temp\ccGDrogW.s 			page 27


 1129      45584543 
 1130              	.LASF12:
 1131 0882 75696E74 		.ascii	"uint32\000"
 1131      333200
 1132              	.LASF104:
 1133 0889 6D61696E 		.ascii	"main.c\000"
 1133      2E6300
 1134              	.LASF79:
 1135 0890 4359424C 		.ascii	"CYBLE_EVT_L2CAP_CBFC_RX_CREDIT_IND\000"
 1135      455F4556 
 1135      545F4C32 
 1135      4341505F 
 1135      43424643 
 1136              	.LASF10:
 1137 08b3 646F7562 		.ascii	"double\000"
 1137      6C6500
 1138              	.LASF106:
 1139 08ba 54696D65 		.ascii	"Timer_Int_Handler\000"
 1139      725F496E 
 1139      745F4861 
 1139      6E646C65 
 1139      7200
 1140              	.LASF80:
 1141 08cc 4359424C 		.ascii	"CYBLE_EVT_L2CAP_CBFC_TX_CREDIT_IND\000"
 1141      455F4556 
 1141      545F4C32 
 1141      4341505F 
 1141      43424643 
 1142              	.LASF43:
 1143 08ef 4359424C 		.ascii	"CYBLE_EVT_GAP_SCAN_REQ_RECVD\000"
 1143      455F4556 
 1143      545F4741 
 1143      505F5343 
 1143      414E5F52 
 1144              	.LASF6:
 1145 090c 6C6F6E67 		.ascii	"long long int\000"
 1145      206C6F6E 
 1145      6720696E 
 1145      7400
 1146              	.LASF93:
 1147 091a 4359424C 		.ascii	"CYBLE_ANS_CCCD\000"
 1147      455F414E 
 1147      535F4343 
 1147      434400
 1148              	.LASF105:
 1149 0929 433A5C55 		.ascii	"C:\\Users\\Sarah\\Documents\\DVCS\\Workspace01\\LED"
 1149      73657273 
 1149      5C536172 
 1149      61685C44 
 1149      6F63756D 
 1150 0956 5F626C69 		.ascii	"_blink.cydsn\000"
 1150      6E6B2E63 
 1150      7964736E 
 1150      00
 1151              	.LASF18:
 1152 0963 4359424C 		.ascii	"CYBLE_EVT_HARDWARE_ERROR\000"
 1152      455F4556 
ARM GAS  C:\Users\Sarah\AppData\Local\Temp\ccGDrogW.s 			page 28


 1152      545F4841 
 1152      52445741 
 1152      52455F45 
 1153              	.LASF78:
 1154 097c 4359424C 		.ascii	"CYBLE_EVT_L2CAP_CBFC_DATA_READ\000"
 1154      455F4556 
 1154      545F4C32 
 1154      4341505F 
 1154      43424643 
 1155              	.LASF72:
 1156 099b 4359424C 		.ascii	"CYBLE_EVT_L2CAP_CONN_PARAM_UPDATE_RSP\000"
 1156      455F4556 
 1156      545F4C32 
 1156      4341505F 
 1156      434F4E4E 
 1157              	.LASF87:
 1158 09c1 4359424C 		.ascii	"CYBLE_ANS_SUPPORTED_NEW_ALERT_CAT\000"
 1158      455F414E 
 1158      535F5355 
 1158      50504F52 
 1158      5445445F 
 1159              	.LASF22:
 1160 09e3 4359424C 		.ascii	"CYBLE_EVT_GAPC_SCAN_PROGRESS_RESULT\000"
 1160      455F4556 
 1160      545F4741 
 1160      50435F53 
 1160      43414E5F 
 1161              	.LASF101:
 1162 0a07 50574D5F 		.ascii	"PWM_Start\000"
 1162      53746172 
 1162      7400
 1163              	.LASF51:
 1164 0a11 4359424C 		.ascii	"CYBLE_EVT_GATTC_READ_BY_GROUP_TYPE_RSP\000"
 1164      455F4556 
 1164      545F4741 
 1164      5454435F 
 1164      52454144 
 1165              	.LASF60:
 1166 0a38 4359424C 		.ascii	"CYBLE_EVT_GATTS_WRITE_CMD_REQ\000"
 1166      455F4556 
 1166      545F4741 
 1166      5454535F 
 1166      57524954 
 1167              	.LASF50:
 1168 0a56 4359424C 		.ascii	"CYBLE_EVT_GATTC_XCHNG_MTU_RSP\000"
 1168      455F4556 
 1168      545F4741 
 1168      5454435F 
 1168      5843484E 
 1169              	.LASF17:
 1170 0a74 4359424C 		.ascii	"CYBLE_EVT_TIMEOUT\000"
 1170      455F4556 
 1170      545F5449 
 1170      4D454F55 
 1170      5400
 1171              	.LASF99:
 1172 0a86 54696D65 		.ascii	"Timer_Int_StartEx\000"
ARM GAS  C:\Users\Sarah\AppData\Local\Temp\ccGDrogW.s 			page 29


 1172      725F496E 
 1172      745F5374 
 1172      61727445 
 1172      7800
 1173              	.LASF33:
 1174 0a98 4359424C 		.ascii	"CYBLE_EVT_GAPC_SCAN_START_STOP\000"
 1174      455F4556 
 1174      545F4741 
 1174      50435F53 
 1174      43414E5F 
 1175              	.LASF95:
 1176 0ab7 666C6167 		.ascii	"flag\000"
 1176      00
 1177              	.LASF69:
 1178 0abc 4359424C 		.ascii	"CYBLE_EVT_GATTS_READ_CHAR_VAL_ACCESS_REQ\000"
 1178      455F4556 
 1178      545F4741 
 1178      5454535F 
 1178      52454144 
 1179              	.LASF68:
 1180 0ae5 4359424C 		.ascii	"CYBLE_EVT_GATTC_STOP_CMD_COMPLETE\000"
 1180      455F4556 
 1180      545F4741 
 1180      5454435F 
 1180      53544F50 
 1181              	.LASF96:
 1182 0b07 43794465 		.ascii	"CyDelay\000"
 1182      6C617900 
 1183              	.LASF62:
 1184 0b0f 4359424C 		.ascii	"CYBLE_EVT_GATTS_EXEC_WRITE_REQ\000"
 1184      455F4556 
 1184      545F4741 
 1184      5454535F 
 1184      45584543 
 1185              	.LASF30:
 1186 0b2e 4359424C 		.ascii	"CYBLE_EVT_GAP_DEVICE_DISCONNECTED\000"
 1186      455F4556 
 1186      545F4741 
 1186      505F4445 
 1186      56494345 
 1187              	.LASF67:
 1188 0b50 4359424C 		.ascii	"CYBLE_EVT_GATTS_DATA_SIGNED_CMD_REQ\000"
 1188      455F4556 
 1188      545F4741 
 1188      5454535F 
 1188      44415441 
 1189              	.LASF84:
 1190 0b74 4359424C 		.ascii	"CYBLE_EVT_HCI_PKT\000"
 1190      455F4556 
 1190      545F4843 
 1190      495F504B 
 1190      5400
 1191              	.LASF37:
 1192 0b86 4359424C 		.ascii	"CYBLE_EVT_GAP_OOB_GENERATED_NOTIFICATION\000"
 1192      455F4556 
 1192      545F4741 
 1192      505F4F4F 
ARM GAS  C:\Users\Sarah\AppData\Local\Temp\ccGDrogW.s 			page 30


 1192      425F4745 
 1193              		.ident	"GCC: (GNU Tools for ARM Embedded Processors) 4.9.3 20150303 (release) [ARM/embedded-4_9-br
