ARM GAS  C:\Users\Sarah\AppData\Local\Temp\cc4GxjvJ.s 			page 1


   1              		.cpu cortex-m0
   2              		.fpu softvfp
   3              		.eabi_attribute 20, 1
   4              		.eabi_attribute 21, 1
   5              		.eabi_attribute 23, 3
   6              		.eabi_attribute 24, 1
   7              		.eabi_attribute 25, 1
   8              		.eabi_attribute 26, 1
   9              		.eabi_attribute 30, 1
  10              		.eabi_attribute 34, 0
  11              		.eabi_attribute 18, 4
  12              		.code	16
  13              		.file	"CapSense_Tuner.c"
  14              		.text
  15              	.Ltext0:
  16              		.cfi_sections	.debug_frame
  17              		.section	.text.CapSense_TuInitialize,"ax",%progbits
  18              		.align	2
  19              		.global	CapSense_TuInitialize
  20              		.code	16
  21              		.thumb_func
  22              		.type	CapSense_TuInitialize, %function
  23              	CapSense_TuInitialize:
  24              	.LFB2:
  25              		.file 1 "Generated_Source\\PSoC4\\CapSense_Tuner.c"
   1:Generated_Source\PSoC4/CapSense_Tuner.c **** /***************************************************************************//**
   2:Generated_Source\PSoC4/CapSense_Tuner.c **** * \file CapSense_Tuner.c
   3:Generated_Source\PSoC4/CapSense_Tuner.c **** * \version 3.10
   4:Generated_Source\PSoC4/CapSense_Tuner.c **** *
   5:Generated_Source\PSoC4/CapSense_Tuner.c **** * \brief
   6:Generated_Source\PSoC4/CapSense_Tuner.c **** * This file provides the source code for the Tuner module API of the Component.
   7:Generated_Source\PSoC4/CapSense_Tuner.c **** *
   8:Generated_Source\PSoC4/CapSense_Tuner.c **** * \see CapSense P4 v3.10 Datasheet
   9:Generated_Source\PSoC4/CapSense_Tuner.c **** * 
  10:Generated_Source\PSoC4/CapSense_Tuner.c **** *//*****************************************************************************
  11:Generated_Source\PSoC4/CapSense_Tuner.c **** * Copyright (2016), Cypress Semiconductor Corporation.
  12:Generated_Source\PSoC4/CapSense_Tuner.c **** ********************************************************************************
  13:Generated_Source\PSoC4/CapSense_Tuner.c **** * This software is owned by Cypress Semiconductor Corporation (Cypress) and is
  14:Generated_Source\PSoC4/CapSense_Tuner.c **** * protected by and subject to worldwide patent protection (United States and
  15:Generated_Source\PSoC4/CapSense_Tuner.c **** * foreign), United States copyright laws and international treaty provisions.
  16:Generated_Source\PSoC4/CapSense_Tuner.c **** * Cypress hereby grants to licensee a personal, non-exclusive, non-transferable
  17:Generated_Source\PSoC4/CapSense_Tuner.c **** * license to copy, use, modify, create derivative works of, and compile the
  18:Generated_Source\PSoC4/CapSense_Tuner.c **** * Cypress Source Code and derivative works for the sole purpose of creating
  19:Generated_Source\PSoC4/CapSense_Tuner.c **** * custom software in support of licensee product to be used only in conjunction
  20:Generated_Source\PSoC4/CapSense_Tuner.c **** * with a Cypress integrated circuit as specified in the applicable agreement.
  21:Generated_Source\PSoC4/CapSense_Tuner.c **** * Any reproduction, modification, translation, compilation, or representation of
  22:Generated_Source\PSoC4/CapSense_Tuner.c **** * this software except as specified above is prohibited without the express
  23:Generated_Source\PSoC4/CapSense_Tuner.c **** * written permission of Cypress.
  24:Generated_Source\PSoC4/CapSense_Tuner.c **** *
  25:Generated_Source\PSoC4/CapSense_Tuner.c **** * Disclaimer: CYPRESS MAKES NO WARRANTY OF ANY KIND, EXPRESS OR IMPLIED, WITH
  26:Generated_Source\PSoC4/CapSense_Tuner.c **** * REGARD TO THIS MATERIAL, INCLUDING, BUT NOT LIMITED TO, THE IMPLIED
  27:Generated_Source\PSoC4/CapSense_Tuner.c **** * WARRANTIES OF MERCHANTABILITY AND FITNESS FOR A PARTICULAR PURPOSE.
  28:Generated_Source\PSoC4/CapSense_Tuner.c **** * Cypress reserves the right to make changes without further notice to the
  29:Generated_Source\PSoC4/CapSense_Tuner.c **** * materials described herein. Cypress does not assume any liability arising out
  30:Generated_Source\PSoC4/CapSense_Tuner.c **** * of the application or use of any product or circuit described herein. Cypress
  31:Generated_Source\PSoC4/CapSense_Tuner.c **** * does not authorize its products for use as critical components in life-support
  32:Generated_Source\PSoC4/CapSense_Tuner.c **** * systems where a malfunction or failure may reasonably be expected to result in
ARM GAS  C:\Users\Sarah\AppData\Local\Temp\cc4GxjvJ.s 			page 2


  33:Generated_Source\PSoC4/CapSense_Tuner.c **** * significant injury to the user. The inclusion of Cypress' product in a life-
  34:Generated_Source\PSoC4/CapSense_Tuner.c **** * support systems application implies that the manufacturer assumes all risk of
  35:Generated_Source\PSoC4/CapSense_Tuner.c **** * such use and in doing so indemnifies Cypress against all charges. Use may be
  36:Generated_Source\PSoC4/CapSense_Tuner.c **** * limited by and subject to the applicable Cypress software license agreement.
  37:Generated_Source\PSoC4/CapSense_Tuner.c **** *******************************************************************************/
  38:Generated_Source\PSoC4/CapSense_Tuner.c **** 
  39:Generated_Source\PSoC4/CapSense_Tuner.c **** #include "cytypes.h"
  40:Generated_Source\PSoC4/CapSense_Tuner.c **** #include "CyLib.h"
  41:Generated_Source\PSoC4/CapSense_Tuner.c **** #include "CapSense_Structure.h"
  42:Generated_Source\PSoC4/CapSense_Tuner.c **** #include "CapSense_Tuner.h"
  43:Generated_Source\PSoC4/CapSense_Tuner.c **** #include "CapSense_Control.h"
  44:Generated_Source\PSoC4/CapSense_Tuner.c **** 
  45:Generated_Source\PSoC4/CapSense_Tuner.c **** /* Tuner states definition */
  46:Generated_Source\PSoC4/CapSense_Tuner.c **** #define TU_FSM_RUNNING      (0u)
  47:Generated_Source\PSoC4/CapSense_Tuner.c **** #define TU_FSM_SUSPENDED    (1u)
  48:Generated_Source\PSoC4/CapSense_Tuner.c **** #define TU_FSM_SNR_TEST     (2u)
  49:Generated_Source\PSoC4/CapSense_Tuner.c **** 
  50:Generated_Source\PSoC4/CapSense_Tuner.c **** /* Tuner state variable */
  51:Generated_Source\PSoC4/CapSense_Tuner.c **** static uint32 tunerFsm = TU_FSM_RUNNING;
  52:Generated_Source\PSoC4/CapSense_Tuner.c **** 
  53:Generated_Source\PSoC4/CapSense_Tuner.c **** 
  54:Generated_Source\PSoC4/CapSense_Tuner.c **** /*******************************************************************************
  55:Generated_Source\PSoC4/CapSense_Tuner.c **** * Function Name: CapSense_TuInitialize
  56:Generated_Source\PSoC4/CapSense_Tuner.c **** ****************************************************************************//**
  57:Generated_Source\PSoC4/CapSense_Tuner.c **** *
  58:Generated_Source\PSoC4/CapSense_Tuner.c **** * \brief
  59:Generated_Source\PSoC4/CapSense_Tuner.c **** *   This function initializes the communication interface with the Tuner GUI.
  60:Generated_Source\PSoC4/CapSense_Tuner.c **** *
  61:Generated_Source\PSoC4/CapSense_Tuner.c **** * \details
  62:Generated_Source\PSoC4/CapSense_Tuner.c **** *   This API sets the tuner state machine to the default state. It is called by
  63:Generated_Source\PSoC4/CapSense_Tuner.c **** *   the CapSense_Start() API.
  64:Generated_Source\PSoC4/CapSense_Tuner.c **** *
  65:Generated_Source\PSoC4/CapSense_Tuner.c **** *******************************************************************************/
  66:Generated_Source\PSoC4/CapSense_Tuner.c **** void CapSense_TuInitialize(void)
  67:Generated_Source\PSoC4/CapSense_Tuner.c **** {
  26              		.loc 1 67 0
  27              		.cfi_startproc
  28              	.LVL0:
  68:Generated_Source\PSoC4/CapSense_Tuner.c ****     volatile CapSense_RAM_STRUCT *ptrDsRam = &CapSense_dsRam;
  69:Generated_Source\PSoC4/CapSense_Tuner.c ****     
  70:Generated_Source\PSoC4/CapSense_Tuner.c ****     ptrDsRam->tunerCmd = (uint16)CapSense_TU_CMD_NONE_E;
  29              		.loc 1 70 0
  30 0000 0023     		mov	r3, #0
  31 0002 024A     		ldr	r2, .L2
  32 0004 9380     		strh	r3, [r2, #4]
  71:Generated_Source\PSoC4/CapSense_Tuner.c ****     tunerFsm = TU_FSM_RUNNING;
  33              		.loc 1 71 0
  34 0006 024A     		ldr	r2, .L2+4
  35 0008 1360     		str	r3, [r2]
  72:Generated_Source\PSoC4/CapSense_Tuner.c **** }
  36              		.loc 1 72 0
  37              		@ sp needed
  38 000a 7047     		bx	lr
  39              	.L3:
  40              		.align	2
  41              	.L2:
  42 000c 00000000 		.word	CapSense_dsRam
ARM GAS  C:\Users\Sarah\AppData\Local\Temp\cc4GxjvJ.s 			page 3


  43 0010 00000000 		.word	.LANCHOR0
  44              		.cfi_endproc
  45              	.LFE2:
  46              		.size	CapSense_TuInitialize, .-CapSense_TuInitialize
  47              		.section	.text.CapSense_RunTuner,"ax",%progbits
  48              		.align	2
  49              		.global	CapSense_RunTuner
  50              		.code	16
  51              		.thumb_func
  52              		.type	CapSense_RunTuner, %function
  53              	CapSense_RunTuner:
  54              	.LFB3:
  73:Generated_Source\PSoC4/CapSense_Tuner.c **** 
  74:Generated_Source\PSoC4/CapSense_Tuner.c **** /*******************************************************************************
  75:Generated_Source\PSoC4/CapSense_Tuner.c **** * Function Name: CapSense_RunTuner
  76:Generated_Source\PSoC4/CapSense_Tuner.c **** ****************************************************************************//**
  77:Generated_Source\PSoC4/CapSense_Tuner.c **** *
  78:Generated_Source\PSoC4/CapSense_Tuner.c **** * \brief
  79:Generated_Source\PSoC4/CapSense_Tuner.c **** *  Establishes synchronized communication with the Tuner application.
  80:Generated_Source\PSoC4/CapSense_Tuner.c **** *
  81:Generated_Source\PSoC4/CapSense_Tuner.c **** * \details
  82:Generated_Source\PSoC4/CapSense_Tuner.c **** *  This function is used to establish synchronized communication between the 
  83:Generated_Source\PSoC4/CapSense_Tuner.c **** *  CapSense component and Tuner application (or other host controllers).
  84:Generated_Source\PSoC4/CapSense_Tuner.c **** *  This function should be called periodically in the application program loop 
  85:Generated_Source\PSoC4/CapSense_Tuner.c **** *  to serve the Tuner application (or host controller) requests and commands. 
  86:Generated_Source\PSoC4/CapSense_Tuner.c **** *  In most cases, the best place to call this function is after processing and 
  87:Generated_Source\PSoC4/CapSense_Tuner.c **** *  before next scanning. 
  88:Generated_Source\PSoC4/CapSense_Tuner.c **** *  
  89:Generated_Source\PSoC4/CapSense_Tuner.c **** *  If this function is absent in the application program, then communication is 
  90:Generated_Source\PSoC4/CapSense_Tuner.c **** *  asynchronous and the following disadvantages are applicable:
  91:Generated_Source\PSoC4/CapSense_Tuner.c **** *    - The raw counts displayed in the tuner may be filtered and/or unfiltered 
  92:Generated_Source\PSoC4/CapSense_Tuner.c **** *      firmware and as a result, noise and SNR measurements will not be 
  93:Generated_Source\PSoC4/CapSense_Tuner.c **** *      accurate.
  94:Generated_Source\PSoC4/CapSense_Tuner.c **** *    - The Tuner may read the sensor data such as raw counts from a scan 
  95:Generated_Source\PSoC4/CapSense_Tuner.c **** *      multiple times, as a result, noise and SNR measurement will not be 
  96:Generated_Source\PSoC4/CapSense_Tuner.c **** *      accurate.
  97:Generated_Source\PSoC4/CapSense_Tuner.c **** *    - The Tuner and host controller should not change the component parameters 
  98:Generated_Source\PSoC4/CapSense_Tuner.c **** *      via the tuner interface. Changing the component parameters via the tuner 
  99:Generated_Source\PSoC4/CapSense_Tuner.c **** *      interface in the async mode will result in abnormal behavior from the 
 100:Generated_Source\PSoC4/CapSense_Tuner.c **** *      component.
 101:Generated_Source\PSoC4/CapSense_Tuner.c **** *  
 102:Generated_Source\PSoC4/CapSense_Tuner.c **** *  Note that calling this function is not mandatory for the application, but 
 103:Generated_Source\PSoC4/CapSense_Tuner.c **** *  required only to synchronize the communication with the host controller or 
 104:Generated_Source\PSoC4/CapSense_Tuner.c **** *  tuner application.
 105:Generated_Source\PSoC4/CapSense_Tuner.c **** *
 106:Generated_Source\PSoC4/CapSense_Tuner.c **** * \return
 107:Generated_Source\PSoC4/CapSense_Tuner.c **** *  In some cases, the application program may need to know if the component was
 108:Generated_Source\PSoC4/CapSense_Tuner.c **** *  re-initialized. The return indicates if a restart command was executed or not: 
 109:Generated_Source\PSoC4/CapSense_Tuner.c **** *    - CapSense_STATUS_RESTART_DONE based on a received command, the 
 110:Generated_Source\PSoC4/CapSense_Tuner.c **** *      component was restarted.
 111:Generated_Source\PSoC4/CapSense_Tuner.c **** *    -  CapSense_STATUS_RESTART_NONE, no restart was executed by this 
 112:Generated_Source\PSoC4/CapSense_Tuner.c **** *      function.
 113:Generated_Source\PSoC4/CapSense_Tuner.c **** *
 114:Generated_Source\PSoC4/CapSense_Tuner.c **** *******************************************************************************/
 115:Generated_Source\PSoC4/CapSense_Tuner.c **** uint32 CapSense_RunTuner(void)
 116:Generated_Source\PSoC4/CapSense_Tuner.c **** {
  55              		.loc 1 116 0
ARM GAS  C:\Users\Sarah\AppData\Local\Temp\cc4GxjvJ.s 			page 4


  56              		.cfi_startproc
  57 0000 38B5     		push	{r3, r4, r5, lr}
  58              		.cfi_def_cfa_offset 16
  59              		.cfi_offset 3, -16
  60              		.cfi_offset 4, -12
  61              		.cfi_offset 5, -8
  62              		.cfi_offset 14, -4
  63              	.LVL1:
 117:Generated_Source\PSoC4/CapSense_Tuner.c ****     uint8  critSect;
 118:Generated_Source\PSoC4/CapSense_Tuner.c ****     uint32 widgetId;
 119:Generated_Source\PSoC4/CapSense_Tuner.c ****     uint32 sensorId;
 120:Generated_Source\PSoC4/CapSense_Tuner.c ****     uint32 updateFlag = 0Lu;
 121:Generated_Source\PSoC4/CapSense_Tuner.c ****     CapSense_TU_CMD_ENUM command;
 122:Generated_Source\PSoC4/CapSense_Tuner.c ****     uint32 tunerStatus = CapSense_STATUS_RESTART_NONE;
  64              		.loc 1 122 0
  65 0002 0025     		mov	r5, #0
 120:Generated_Source\PSoC4/CapSense_Tuner.c ****     CapSense_TU_CMD_ENUM command;
  66              		.loc 1 120 0
  67 0004 0022     		mov	r2, #0
  68              	.LVL2:
  69              	.L14:
 123:Generated_Source\PSoC4/CapSense_Tuner.c ****     
 124:Generated_Source\PSoC4/CapSense_Tuner.c ****     volatile CapSense_RAM_STRUCT *ptrDsRam;
 125:Generated_Source\PSoC4/CapSense_Tuner.c ****     volatile CapSense_RAM_SNS_STRUCT *ptrSns;
 126:Generated_Source\PSoC4/CapSense_Tuner.c ****     
 127:Generated_Source\PSoC4/CapSense_Tuner.c ****     ptrDsRam = &CapSense_dsRam;
 128:Generated_Source\PSoC4/CapSense_Tuner.c ****     
 129:Generated_Source\PSoC4/CapSense_Tuner.c ****     do 
 130:Generated_Source\PSoC4/CapSense_Tuner.c ****     {
 131:Generated_Source\PSoC4/CapSense_Tuner.c ****         command = (CapSense_TU_CMD_ENUM)ptrDsRam->tunerCmd;
  70              		.loc 1 131 0
  71 0006 344B     		ldr	r3, .L17
  72 0008 9C88     		ldrh	r4, [r3, #4]
  73 000a E4B2     		uxtb	r4, r4
  74              	.LVL3:
 132:Generated_Source\PSoC4/CapSense_Tuner.c ****         
 133:Generated_Source\PSoC4/CapSense_Tuner.c ****         /* Check command register */
 134:Generated_Source\PSoC4/CapSense_Tuner.c ****         switch (command)
  75              		.loc 1 134 0
  76 000c 052C     		cmp	r4, #5
  77 000e 1AD8     		bhi	.L11
  78 0010 A300     		lsl	r3, r4, #2
  79 0012 3249     		ldr	r1, .L17+4
  80 0014 CB58     		ldr	r3, [r1, r3]
  81 0016 9F46     		mov	pc, r3
  82              		.section	.rodata
  83              		.align	2
  84              	.L7:
  85 0000 46000000 		.word	.L11
  86 0004 18000000 		.word	.L6
  87 0008 20000000 		.word	.L8
  88 000c 2A000000 		.word	.L9
  89 0010 3A000000 		.word	.L10
  90 0014 44000000 		.word	.L16
  91              		.section	.text.CapSense_RunTuner
  92              	.L6:
 135:Generated_Source\PSoC4/CapSense_Tuner.c ****         {
ARM GAS  C:\Users\Sarah\AppData\Local\Temp\cc4GxjvJ.s 			page 5


 136:Generated_Source\PSoC4/CapSense_Tuner.c ****         case CapSense_TU_CMD_SUSPEND_E:
 137:Generated_Source\PSoC4/CapSense_Tuner.c ****             tunerFsm = TU_FSM_SUSPENDED;
  93              		.loc 1 137 0
  94 0018 0122     		mov	r2, #1
  95              	.LVL4:
  96 001a 314B     		ldr	r3, .L17+8
  97 001c 1A60     		str	r2, [r3]
  98              	.LVL5:
 138:Generated_Source\PSoC4/CapSense_Tuner.c ****             updateFlag = 1Lu;
 139:Generated_Source\PSoC4/CapSense_Tuner.c ****             break;
  99              		.loc 1 139 0
 100 001e 12E0     		b	.L11
 101              	.LVL6:
 102              	.L8:
 140:Generated_Source\PSoC4/CapSense_Tuner.c ****             
 141:Generated_Source\PSoC4/CapSense_Tuner.c ****         case CapSense_TU_CMD_RESUME_E:    
 142:Generated_Source\PSoC4/CapSense_Tuner.c ****             tunerFsm = TU_FSM_RUNNING;
 103              		.loc 1 142 0
 104 0020 0022     		mov	r2, #0
 105              	.LVL7:
 106 0022 2F4B     		ldr	r3, .L17+8
 107 0024 1A60     		str	r2, [r3]
 108              	.LVL8:
 143:Generated_Source\PSoC4/CapSense_Tuner.c ****             updateFlag = 1Lu;
 109              		.loc 1 143 0
 110 0026 0132     		add	r2, r2, #1
 144:Generated_Source\PSoC4/CapSense_Tuner.c ****             break;
 111              		.loc 1 144 0
 112 0028 0DE0     		b	.L11
 113              	.LVL9:
 114              	.L9:
 145:Generated_Source\PSoC4/CapSense_Tuner.c ****             
 146:Generated_Source\PSoC4/CapSense_Tuner.c ****         case CapSense_TU_CMD_RESTART_E:
 147:Generated_Source\PSoC4/CapSense_Tuner.c ****             (void)CapSense_Start();
 115              		.loc 1 147 0
 116 002a FFF7FEFF 		bl	CapSense_Start
 117              	.LVL10:
 148:Generated_Source\PSoC4/CapSense_Tuner.c ****             tunerStatus = CapSense_STATUS_RESTART_DONE;
 149:Generated_Source\PSoC4/CapSense_Tuner.c ****             tunerFsm = TU_FSM_RUNNING;
 118              		.loc 1 149 0
 119 002e 0022     		mov	r2, #0
 120 0030 2B4B     		ldr	r3, .L17+8
 121 0032 1A60     		str	r2, [r3]
 122              	.LVL11:
 148:Generated_Source\PSoC4/CapSense_Tuner.c ****             tunerStatus = CapSense_STATUS_RESTART_DONE;
 123              		.loc 1 148 0
 124 0034 0125     		mov	r5, #1
 150:Generated_Source\PSoC4/CapSense_Tuner.c ****             updateFlag = 1Lu;
 125              		.loc 1 150 0
 126 0036 0132     		add	r2, r2, #1
 151:Generated_Source\PSoC4/CapSense_Tuner.c ****             break;
 127              		.loc 1 151 0
 128 0038 05E0     		b	.L11
 129              	.LVL12:
 130              	.L10:
 152:Generated_Source\PSoC4/CapSense_Tuner.c ****             
 153:Generated_Source\PSoC4/CapSense_Tuner.c ****         case CapSense_TU_CMD_RUN_SNR_TEST_E:
ARM GAS  C:\Users\Sarah\AppData\Local\Temp\cc4GxjvJ.s 			page 6


 154:Generated_Source\PSoC4/CapSense_Tuner.c ****             tunerFsm = TU_FSM_SNR_TEST;
 131              		.loc 1 154 0
 132 003a 0222     		mov	r2, #2
 133              	.LVL13:
 134 003c 284B     		ldr	r3, .L17+8
 135 003e 1A60     		str	r2, [r3]
 136              	.LVL14:
 155:Generated_Source\PSoC4/CapSense_Tuner.c ****             updateFlag = 1Lu;
 137              		.loc 1 155 0
 138 0040 013A     		sub	r2, r2, #1
 156:Generated_Source\PSoC4/CapSense_Tuner.c ****             break;
 139              		.loc 1 156 0
 140 0042 00E0     		b	.L11
 141              	.LVL15:
 142              	.L16:
 157:Generated_Source\PSoC4/CapSense_Tuner.c ****             
 158:Generated_Source\PSoC4/CapSense_Tuner.c ****         case CapSense_TU_CMD_PING_E:
 159:Generated_Source\PSoC4/CapSense_Tuner.c ****             updateFlag = 1Lu;
 143              		.loc 1 159 0
 144 0044 0122     		mov	r2, #1
 145              	.LVL16:
 146              	.L11:
 160:Generated_Source\PSoC4/CapSense_Tuner.c ****             break;
 161:Generated_Source\PSoC4/CapSense_Tuner.c ****             
 162:Generated_Source\PSoC4/CapSense_Tuner.c ****         default:
 163:Generated_Source\PSoC4/CapSense_Tuner.c ****             break;
 164:Generated_Source\PSoC4/CapSense_Tuner.c ****         }
 165:Generated_Source\PSoC4/CapSense_Tuner.c ****         
 166:Generated_Source\PSoC4/CapSense_Tuner.c ****         /* Set Complete flag in command register if needed */
 167:Generated_Source\PSoC4/CapSense_Tuner.c ****         if (0Lu != updateFlag)
 147              		.loc 1 167 0
 148 0046 002A     		cmp	r2, #0
 149 0048 0FD0     		beq	.L12
 168:Generated_Source\PSoC4/CapSense_Tuner.c ****         {
 169:Generated_Source\PSoC4/CapSense_Tuner.c ****             critSect = CyEnterCriticalSection();
 150              		.loc 1 169 0
 151 004a FFF7FEFF 		bl	CyEnterCriticalSection
 152              	.LVL17:
 170:Generated_Source\PSoC4/CapSense_Tuner.c ****             
 171:Generated_Source\PSoC4/CapSense_Tuner.c ****             /* Check if command wasn't overwritten with new command */
 172:Generated_Source\PSoC4/CapSense_Tuner.c ****             if (command == (CapSense_TU_CMD_ENUM)ptrDsRam->tunerCmd)
 153              		.loc 1 172 0
 154 004e 224B     		ldr	r3, .L17
 155 0050 9B88     		ldrh	r3, [r3, #4]
 156 0052 DBB2     		uxtb	r3, r3
 157 0054 A342     		cmp	r3, r4
 158 0056 05D1     		bne	.L13
 173:Generated_Source\PSoC4/CapSense_Tuner.c ****             {
 174:Generated_Source\PSoC4/CapSense_Tuner.c ****                 ptrDsRam->tunerCmd |= CapSense_TU_CMD_COMPLETE_BIT;
 159              		.loc 1 174 0
 160 0058 1F4A     		ldr	r2, .L17
 161 005a 9188     		ldrh	r1, [r2, #4]
 162 005c 8023     		mov	r3, #128
 163 005e 1B02     		lsl	r3, r3, #8
 164 0060 0B43     		orr	r3, r1
 165 0062 9380     		strh	r3, [r2, #4]
 166              	.L13:
ARM GAS  C:\Users\Sarah\AppData\Local\Temp\cc4GxjvJ.s 			page 7


 175:Generated_Source\PSoC4/CapSense_Tuner.c ****             }
 176:Generated_Source\PSoC4/CapSense_Tuner.c ****             CyExitCriticalSection(critSect);
 167              		.loc 1 176 0
 168 0064 FFF7FEFF 		bl	CyExitCriticalSection
 169              	.LVL18:
 177:Generated_Source\PSoC4/CapSense_Tuner.c ****             
 178:Generated_Source\PSoC4/CapSense_Tuner.c ****             updateFlag = 0Lu;
 170              		.loc 1 178 0
 171 0068 0022     		mov	r2, #0
 172              	.LVL19:
 173              	.L12:
 179:Generated_Source\PSoC4/CapSense_Tuner.c ****         }
 180:Generated_Source\PSoC4/CapSense_Tuner.c ****     } while (TU_FSM_SUSPENDED == tunerFsm);
 174              		.loc 1 180 0
 175 006a 1D4B     		ldr	r3, .L17+8
 176 006c 1B68     		ldr	r3, [r3]
 177 006e 012B     		cmp	r3, #1
 178 0070 C9D0     		beq	.L14
 181:Generated_Source\PSoC4/CapSense_Tuner.c **** 
 182:Generated_Source\PSoC4/CapSense_Tuner.c ****     /* Check for SNR Test mode and do appropriate actions */
 183:Generated_Source\PSoC4/CapSense_Tuner.c ****     if (TU_FSM_SNR_TEST == tunerFsm)
 179              		.loc 1 183 0
 180 0072 022B     		cmp	r3, #2
 181 0074 2ED1     		bne	.L15
 184:Generated_Source\PSoC4/CapSense_Tuner.c ****     {
 185:Generated_Source\PSoC4/CapSense_Tuner.c ****         widgetId = ptrDsRam->snrTestWidgetId;
 182              		.loc 1 185 0
 183 0076 184A     		ldr	r2, .L17
 184              	.LVL20:
 185 0078 5E33     		add	r3, r3, #94
 186 007a D35C     		ldrb	r3, [r2, r3]
 187 007c DBB2     		uxtb	r3, r3
 188              	.LVL21:
 186:Generated_Source\PSoC4/CapSense_Tuner.c ****         sensorId = ptrDsRam->snrTestSensorId;
 189              		.loc 1 186 0
 190 007e 6121     		mov	r1, #97
 191 0080 525C     		ldrb	r2, [r2, r1]
 192 0082 D2B2     		uxtb	r2, r2
 193              	.LVL22:
 187:Generated_Source\PSoC4/CapSense_Tuner.c ****         
 188:Generated_Source\PSoC4/CapSense_Tuner.c ****         /* Check if widgetId and sensorId are in range, 
 189:Generated_Source\PSoC4/CapSense_Tuner.c ****          * and data was updated in RAM (scan counter changed) 
 190:Generated_Source\PSoC4/CapSense_Tuner.c ****          */
 191:Generated_Source\PSoC4/CapSense_Tuner.c ****         if ((widgetId < CapSense_TOTAL_WIDGETS)              && 
 194              		.loc 1 191 0
 195 0084 002B     		cmp	r3, #0
 196 0086 25D1     		bne	.L15
 192:Generated_Source\PSoC4/CapSense_Tuner.c ****             (sensorId < CapSense_GET_SENSOR_COUNT(widgetId)) &&
 197              		.loc 1 192 0 discriminator 1
 198 0088 9900     		lsl	r1, r3, #2
 199 008a C918     		add	r1, r1, r3
 200 008c C900     		lsl	r1, r1, #3
 201 008e 1548     		ldr	r0, .L17+12
 202 0090 4118     		add	r1, r0, r1
 203 0092 C98A     		ldrh	r1, [r1, #22]
 191:Generated_Source\PSoC4/CapSense_Tuner.c ****             (sensorId < CapSense_GET_SENSOR_COUNT(widgetId)) &&
 204              		.loc 1 191 0 discriminator 1
ARM GAS  C:\Users\Sarah\AppData\Local\Temp\cc4GxjvJ.s 			page 8


 205 0094 9142     		cmp	r1, r2
 206 0096 1DD9     		bls	.L15
 193:Generated_Source\PSoC4/CapSense_Tuner.c ****             (ptrDsRam->scanCounter != ptrDsRam->snrTestScanCounter))
 207              		.loc 1 193 0
 208 0098 0F48     		ldr	r0, .L17
 209 009a C188     		ldrh	r1, [r0, #6]
 210 009c 6224     		mov	r4, #98
 211              	.LVL23:
 212 009e 005B     		ldrh	r0, [r0, r4]
 213 00a0 89B2     		uxth	r1, r1
 192:Generated_Source\PSoC4/CapSense_Tuner.c ****             (sensorId < CapSense_GET_SENSOR_COUNT(widgetId)) &&
 214              		.loc 1 192 0
 215 00a2 8142     		cmp	r1, r0
 216 00a4 16D0     		beq	.L15
 194:Generated_Source\PSoC4/CapSense_Tuner.c ****         {
 195:Generated_Source\PSoC4/CapSense_Tuner.c ****             /* Get access to the Sensor Object */
 196:Generated_Source\PSoC4/CapSense_Tuner.c ****             ptrSns = CapSense_dsFlash.wdgtArray[widgetId].ptr2SnsRam;
 217              		.loc 1 196 0
 218 00a6 9900     		lsl	r1, r3, #2
 219 00a8 CB18     		add	r3, r1, r3
 220              	.LVL24:
 221 00aa DB00     		lsl	r3, r3, #3
 222 00ac 0D49     		ldr	r1, .L17+12
 223 00ae CB18     		add	r3, r1, r3
 224 00b0 9C68     		ldr	r4, [r3, #8]
 225              	.LVL25:
 197:Generated_Source\PSoC4/CapSense_Tuner.c ****             ptrSns += sensorId;
 226              		.loc 1 197 0
 227 00b2 9300     		lsl	r3, r2, #2
 228 00b4 9A18     		add	r2, r3, r2
 229              	.LVL26:
 230 00b6 5200     		lsl	r2, r2, #1
 231 00b8 A418     		add	r4, r4, r2
 232              	.LVL27:
 198:Generated_Source\PSoC4/CapSense_Tuner.c ****             
 199:Generated_Source\PSoC4/CapSense_Tuner.c ****             /* Update data in SNR Test Object */
 200:Generated_Source\PSoC4/CapSense_Tuner.c ****             critSect = CyEnterCriticalSection();
 233              		.loc 1 200 0
 234 00ba FFF7FEFF 		bl	CyEnterCriticalSection
 235              	.LVL28:
 201:Generated_Source\PSoC4/CapSense_Tuner.c ****             ptrDsRam->snrTestScanCounter = ptrDsRam->scanCounter;
 236              		.loc 1 201 0
 237 00be 064B     		ldr	r3, .L17
 238 00c0 DA88     		ldrh	r2, [r3, #6]
 239 00c2 92B2     		uxth	r2, r2
 240 00c4 6221     		mov	r1, #98
 241 00c6 5A52     		strh	r2, [r3, r1]
 202:Generated_Source\PSoC4/CapSense_Tuner.c ****             ptrDsRam->snrTestRawCount[0u] = ptrSns->raw[0u];
 242              		.loc 1 202 0
 243 00c8 2288     		ldrh	r2, [r4]
 244 00ca 92B2     		uxth	r2, r2
 245 00cc 0231     		add	r1, r1, #2
 246 00ce 5A52     		strh	r2, [r3, r1]
 203:Generated_Source\PSoC4/CapSense_Tuner.c ****             
 204:Generated_Source\PSoC4/CapSense_Tuner.c ****             #if (0u != CapSense_MULTI_FREQ_SCAN_EN)
 205:Generated_Source\PSoC4/CapSense_Tuner.c ****                 ptrDsRam->snrTestRawCount[1u] = ptrSns->raw[1u];
 206:Generated_Source\PSoC4/CapSense_Tuner.c ****                 ptrDsRam->snrTestRawCount[2u] = ptrSns->raw[2u];
ARM GAS  C:\Users\Sarah\AppData\Local\Temp\cc4GxjvJ.s 			page 9


 207:Generated_Source\PSoC4/CapSense_Tuner.c ****             #endif
 208:Generated_Source\PSoC4/CapSense_Tuner.c ****             
 209:Generated_Source\PSoC4/CapSense_Tuner.c ****             CyExitCriticalSection(critSect);
 247              		.loc 1 209 0
 248 00d0 FFF7FEFF 		bl	CyExitCriticalSection
 249              	.LVL29:
 250              	.L15:
 210:Generated_Source\PSoC4/CapSense_Tuner.c ****         } 
 211:Generated_Source\PSoC4/CapSense_Tuner.c ****     }
 212:Generated_Source\PSoC4/CapSense_Tuner.c ****     return tunerStatus;
 213:Generated_Source\PSoC4/CapSense_Tuner.c **** }
 251              		.loc 1 213 0
 252 00d4 281C     		mov	r0, r5
 253              		@ sp needed
 254              	.LVL30:
 255 00d6 38BD     		pop	{r3, r4, r5, pc}
 256              	.L18:
 257              		.align	2
 258              	.L17:
 259 00d8 00000000 		.word	CapSense_dsRam
 260 00dc 00000000 		.word	.L7
 261 00e0 00000000 		.word	.LANCHOR0
 262 00e4 00000000 		.word	CapSense_dsFlash
 263              		.cfi_endproc
 264              	.LFE3:
 265              		.size	CapSense_RunTuner, .-CapSense_RunTuner
 266              		.bss
 267              		.align	2
 268              		.set	.LANCHOR0,. + 0
 269              		.type	tunerFsm, %object
 270              		.size	tunerFsm, 4
 271              	tunerFsm:
 272 0000 00000000 		.space	4
 273              		.text
 274              	.Letext0:
 275              		.file 2 "Generated_Source\\PSoC4\\cytypes.h"
 276              		.file 3 "Generated_Source\\PSoC4\\CapSense_Configuration.h"
 277              		.file 4 "Generated_Source\\PSoC4\\CapSense_SmartSense_LL.h"
 278              		.file 5 "Generated_Source\\PSoC4\\CapSense_Structure.h"
 279              		.file 6 "Generated_Source\\PSoC4\\CapSense_Tuner.h"
 280              		.file 7 "Generated_Source\\PSoC4\\CapSense_Control.h"
 281              		.file 8 "Generated_Source\\PSoC4\\CyLib.h"
 282              		.section	.debug_info,"",%progbits
 283              	.Ldebug_info0:
 284 0000 5C060000 		.4byte	0x65c
 285 0004 0400     		.2byte	0x4
 286 0006 00000000 		.4byte	.Ldebug_abbrev0
 287 000a 04       		.byte	0x4
 288 000b 01       		.uleb128 0x1
 289 000c B6030000 		.4byte	.LASF104
 290 0010 01       		.byte	0x1
 291 0011 69020000 		.4byte	.LASF105
 292 0015 E6020000 		.4byte	.LASF106
 293 0019 00000000 		.4byte	.Ldebug_ranges0+0
 294 001d 00000000 		.4byte	0
 295 0021 00000000 		.4byte	.Ldebug_line0
 296 0025 02       		.uleb128 0x2
ARM GAS  C:\Users\Sarah\AppData\Local\Temp\cc4GxjvJ.s 			page 10


 297 0026 01       		.byte	0x1
 298 0027 06       		.byte	0x6
 299 0028 04010000 		.4byte	.LASF0
 300 002c 02       		.uleb128 0x2
 301 002d 01       		.byte	0x1
 302 002e 08       		.byte	0x8
 303 002f C2040000 		.4byte	.LASF1
 304 0033 02       		.uleb128 0x2
 305 0034 02       		.byte	0x2
 306 0035 05       		.byte	0x5
 307 0036 11050000 		.4byte	.LASF2
 308 003a 02       		.uleb128 0x2
 309 003b 02       		.byte	0x2
 310 003c 07       		.byte	0x7
 311 003d 45020000 		.4byte	.LASF3
 312 0041 02       		.uleb128 0x2
 313 0042 04       		.byte	0x4
 314 0043 05       		.byte	0x5
 315 0044 34010000 		.4byte	.LASF4
 316 0048 02       		.uleb128 0x2
 317 0049 04       		.byte	0x4
 318 004a 07       		.byte	0x7
 319 004b FF010000 		.4byte	.LASF5
 320 004f 02       		.uleb128 0x2
 321 0050 08       		.byte	0x8
 322 0051 05       		.byte	0x5
 323 0052 F6000000 		.4byte	.LASF6
 324 0056 02       		.uleb128 0x2
 325 0057 08       		.byte	0x8
 326 0058 07       		.byte	0x7
 327 0059 67000000 		.4byte	.LASF7
 328 005d 03       		.uleb128 0x3
 329 005e 04       		.byte	0x4
 330 005f 05       		.byte	0x5
 331 0060 696E7400 		.ascii	"int\000"
 332 0064 02       		.uleb128 0x2
 333 0065 04       		.byte	0x4
 334 0066 07       		.byte	0x7
 335 0067 C2010000 		.4byte	.LASF8
 336 006b 04       		.uleb128 0x4
 337 006c 5B010000 		.4byte	.LASF9
 338 0070 02       		.byte	0x2
 339 0071 B901     		.2byte	0x1b9
 340 0073 2C000000 		.4byte	0x2c
 341 0077 04       		.uleb128 0x4
 342 0078 00000000 		.4byte	.LASF10
 343 007c 02       		.byte	0x2
 344 007d BA01     		.2byte	0x1ba
 345 007f 3A000000 		.4byte	0x3a
 346 0083 04       		.uleb128 0x4
 347 0084 8D010000 		.4byte	.LASF11
 348 0088 02       		.byte	0x2
 349 0089 BB01     		.2byte	0x1bb
 350 008b 48000000 		.4byte	0x48
 351 008f 02       		.uleb128 0x2
 352 0090 04       		.byte	0x4
 353 0091 04       		.byte	0x4
ARM GAS  C:\Users\Sarah\AppData\Local\Temp\cc4GxjvJ.s 			page 11


 354 0092 5C040000 		.4byte	.LASF12
 355 0096 02       		.uleb128 0x2
 356 0097 08       		.byte	0x8
 357 0098 04       		.byte	0x4
 358 0099 6D010000 		.4byte	.LASF13
 359 009d 02       		.uleb128 0x2
 360 009e 01       		.byte	0x1
 361 009f 08       		.byte	0x8
 362 00a0 81050000 		.4byte	.LASF14
 363 00a4 04       		.uleb128 0x4
 364 00a5 57060000 		.4byte	.LASF15
 365 00a9 02       		.byte	0x2
 366 00aa 5B02     		.2byte	0x25b
 367 00ac 48000000 		.4byte	0x48
 368 00b0 02       		.uleb128 0x2
 369 00b1 04       		.byte	0x4
 370 00b2 07       		.byte	0x7
 371 00b3 DD020000 		.4byte	.LASF16
 372 00b7 05       		.uleb128 0x5
 373 00b8 04       		.byte	0x4
 374 00b9 06       		.uleb128 0x6
 375 00ba DE000000 		.4byte	.LASF17
 376 00be 03       		.byte	0x3
 377 00bf DB       		.byte	0xdb
 378 00c0 77000000 		.4byte	0x77
 379 00c4 06       		.uleb128 0x6
 380 00c5 A2000000 		.4byte	.LASF18
 381 00c9 03       		.byte	0x3
 382 00ca DF       		.byte	0xdf
 383 00cb 6B000000 		.4byte	0x6b
 384 00cf 07       		.uleb128 0x7
 385 00d0 04       		.byte	0x4
 386 00d1 6B000000 		.4byte	0x6b
 387 00d5 08       		.uleb128 0x8
 388 00d6 0C       		.byte	0xc
 389 00d7 04       		.byte	0x4
 390 00d8 6C       		.byte	0x6c
 391 00d9 32010000 		.4byte	0x132
 392 00dd 09       		.uleb128 0x9
 393 00de 95060000 		.4byte	.LASF19
 394 00e2 04       		.byte	0x4
 395 00e3 6E       		.byte	0x6e
 396 00e4 77000000 		.4byte	0x77
 397 00e8 00       		.byte	0
 398 00e9 09       		.uleb128 0x9
 399 00ea D0040000 		.4byte	.LASF20
 400 00ee 04       		.byte	0x4
 401 00ef 6F       		.byte	0x6f
 402 00f0 77000000 		.4byte	0x77
 403 00f4 02       		.byte	0x2
 404 00f5 09       		.uleb128 0x9
 405 00f6 D7040000 		.4byte	.LASF21
 406 00fa 04       		.byte	0x4
 407 00fb 70       		.byte	0x70
 408 00fc 77000000 		.4byte	0x77
 409 0100 04       		.byte	0x4
 410 0101 09       		.uleb128 0x9
ARM GAS  C:\Users\Sarah\AppData\Local\Temp\cc4GxjvJ.s 			page 12


 411 0102 DE040000 		.4byte	.LASF22
 412 0106 04       		.byte	0x4
 413 0107 71       		.byte	0x71
 414 0108 77000000 		.4byte	0x77
 415 010c 06       		.byte	0x6
 416 010d 09       		.uleb128 0x9
 417 010e E5040000 		.4byte	.LASF23
 418 0112 04       		.byte	0x4
 419 0113 72       		.byte	0x72
 420 0114 77000000 		.4byte	0x77
 421 0118 08       		.byte	0x8
 422 0119 09       		.uleb128 0x9
 423 011a EC040000 		.4byte	.LASF24
 424 011e 04       		.byte	0x4
 425 011f 73       		.byte	0x73
 426 0120 6B000000 		.4byte	0x6b
 427 0124 0A       		.byte	0xa
 428 0125 09       		.uleb128 0x9
 429 0126 F3040000 		.4byte	.LASF25
 430 012a 04       		.byte	0x4
 431 012b 74       		.byte	0x74
 432 012c 6B000000 		.4byte	0x6b
 433 0130 0B       		.byte	0xb
 434 0131 00       		.byte	0
 435 0132 06       		.uleb128 0x6
 436 0133 62040000 		.4byte	.LASF26
 437 0137 04       		.byte	0x4
 438 0138 75       		.byte	0x75
 439 0139 D5000000 		.4byte	0xd5
 440 013d 0A       		.uleb128 0xa
 441 013e 6B000000 		.4byte	0x6b
 442 0142 4D010000 		.4byte	0x14d
 443 0146 0B       		.uleb128 0xb
 444 0147 B0000000 		.4byte	0xb0
 445 014b 00       		.byte	0
 446 014c 00       		.byte	0
 447 014d 08       		.uleb128 0x8
 448 014e 14       		.byte	0x14
 449 014f 05       		.byte	0x5
 450 0150 CA       		.byte	0xca
 451 0151 03020000 		.4byte	0x203
 452 0155 09       		.uleb128 0x9
 453 0156 37050000 		.4byte	.LASF27
 454 015a 05       		.byte	0x5
 455 015b D0       		.byte	0xd0
 456 015c 77000000 		.4byte	0x77
 457 0160 00       		.byte	0
 458 0161 09       		.uleb128 0x9
 459 0162 8C060000 		.4byte	.LASF28
 460 0166 05       		.byte	0x5
 461 0167 D5       		.byte	0xd5
 462 0168 B9000000 		.4byte	0xb9
 463 016c 02       		.byte	0x2
 464 016d 09       		.uleb128 0x9
 465 016e CB060000 		.4byte	.LASF29
 466 0172 05       		.byte	0x5
 467 0173 DA       		.byte	0xda
ARM GAS  C:\Users\Sarah\AppData\Local\Temp\cc4GxjvJ.s 			page 13


 468 0174 6B000000 		.4byte	0x6b
 469 0178 04       		.byte	0x4
 470 0179 09       		.uleb128 0x9
 471 017a 5C030000 		.4byte	.LASF30
 472 017e 05       		.byte	0x5
 473 017f DF       		.byte	0xdf
 474 0180 6B000000 		.4byte	0x6b
 475 0184 05       		.byte	0x5
 476 0185 09       		.uleb128 0x9
 477 0186 94010000 		.4byte	.LASF31
 478 018a 05       		.byte	0x5
 479 018b E4       		.byte	0xe4
 480 018c 6B000000 		.4byte	0x6b
 481 0190 06       		.byte	0x6
 482 0191 09       		.uleb128 0x9
 483 0192 8D050000 		.4byte	.LASF32
 484 0196 05       		.byte	0x5
 485 0197 E9       		.byte	0xe9
 486 0198 6B000000 		.4byte	0x6b
 487 019c 07       		.byte	0x7
 488 019d 09       		.uleb128 0x9
 489 019e 33020000 		.4byte	.LASF33
 490 01a2 05       		.byte	0x5
 491 01a3 EF       		.byte	0xef
 492 01a4 C4000000 		.4byte	0xc4
 493 01a8 08       		.byte	0x8
 494 01a9 09       		.uleb128 0x9
 495 01aa 87040000 		.4byte	.LASF34
 496 01ae 05       		.byte	0x5
 497 01af F4       		.byte	0xf4
 498 01b0 6B000000 		.4byte	0x6b
 499 01b4 09       		.byte	0x9
 500 01b5 09       		.uleb128 0x9
 501 01b6 AF020000 		.4byte	.LASF35
 502 01ba 05       		.byte	0x5
 503 01bb FB       		.byte	0xfb
 504 01bc 3D010000 		.4byte	0x13d
 505 01c0 0A       		.byte	0xa
 506 01c1 0C       		.uleb128 0xc
 507 01c2 86050000 		.4byte	.LASF36
 508 01c6 05       		.byte	0x5
 509 01c7 0201     		.2byte	0x102
 510 01c9 6B000000 		.4byte	0x6b
 511 01cd 0B       		.byte	0xb
 512 01ce 0C       		.uleb128 0xc
 513 01cf 4A060000 		.4byte	.LASF37
 514 01d3 05       		.byte	0x5
 515 01d4 0701     		.2byte	0x107
 516 01d6 6B000000 		.4byte	0x6b
 517 01da 0C       		.byte	0xc
 518 01db 0C       		.uleb128 0xc
 519 01dc 45000000 		.4byte	.LASF38
 520 01e0 05       		.byte	0x5
 521 01e1 0D01     		.2byte	0x10d
 522 01e3 77000000 		.4byte	0x77
 523 01e7 0E       		.byte	0xe
 524 01e8 0C       		.uleb128 0xc
ARM GAS  C:\Users\Sarah\AppData\Local\Temp\cc4GxjvJ.s 			page 14


 525 01e9 86030000 		.4byte	.LASF39
 526 01ed 05       		.byte	0x5
 527 01ee 1201     		.2byte	0x112
 528 01f0 77000000 		.4byte	0x77
 529 01f4 10       		.byte	0x10
 530 01f5 0C       		.uleb128 0xc
 531 01f6 CF010000 		.4byte	.LASF40
 532 01fa 05       		.byte	0x5
 533 01fb 1701     		.2byte	0x117
 534 01fd 03020000 		.4byte	0x203
 535 0201 12       		.byte	0x12
 536 0202 00       		.byte	0
 537 0203 0A       		.uleb128 0xa
 538 0204 77000000 		.4byte	0x77
 539 0208 13020000 		.4byte	0x213
 540 020c 0B       		.uleb128 0xb
 541 020d B0000000 		.4byte	0xb0
 542 0211 00       		.byte	0
 543 0212 00       		.byte	0
 544 0213 04       		.uleb128 0x4
 545 0214 B7020000 		.4byte	.LASF41
 546 0218 05       		.byte	0x5
 547 0219 1801     		.2byte	0x118
 548 021b 4D010000 		.4byte	0x14d
 549 021f 0D       		.uleb128 0xd
 550 0220 14       		.byte	0x14
 551 0221 05       		.byte	0x5
 552 0222 1E01     		.2byte	0x11e
 553 0224 36020000 		.4byte	0x236
 554 0228 0C       		.uleb128 0xc
 555 0229 60060000 		.4byte	.LASF42
 556 022d 05       		.byte	0x5
 557 022e 2301     		.2byte	0x123
 558 0230 13020000 		.4byte	0x213
 559 0234 00       		.byte	0
 560 0235 00       		.byte	0
 561 0236 04       		.uleb128 0x4
 562 0237 9C060000 		.4byte	.LASF43
 563 023b 05       		.byte	0x5
 564 023c 2401     		.2byte	0x124
 565 023e 1F020000 		.4byte	0x21f
 566 0242 0D       		.uleb128 0xd
 567 0243 0A       		.byte	0xa
 568 0244 05       		.byte	0x5
 569 0245 2A01     		.2byte	0x12a
 570 0247 9A020000 		.4byte	0x29a
 571 024b 0E       		.uleb128 0xe
 572 024c 72617700 		.ascii	"raw\000"
 573 0250 05       		.byte	0x5
 574 0251 2F01     		.2byte	0x12f
 575 0253 03020000 		.4byte	0x203
 576 0257 00       		.byte	0
 577 0258 0C       		.uleb128 0xc
 578 0259 BD010000 		.4byte	.LASF44
 579 025d 05       		.byte	0x5
 580 025e 3401     		.2byte	0x134
 581 0260 03020000 		.4byte	0x203
ARM GAS  C:\Users\Sarah\AppData\Local\Temp\cc4GxjvJ.s 			page 15


 582 0264 02       		.byte	0x2
 583 0265 0C       		.uleb128 0xc
 584 0266 9F010000 		.4byte	.LASF45
 585 026a 05       		.byte	0x5
 586 026b 3A01     		.2byte	0x13a
 587 026d 3D010000 		.4byte	0x13d
 588 0271 04       		.byte	0x4
 589 0272 0C       		.uleb128 0xc
 590 0273 9D000000 		.4byte	.LASF46
 591 0277 05       		.byte	0x5
 592 0278 3F01     		.2byte	0x13f
 593 027a B9000000 		.4byte	0xb9
 594 027e 06       		.byte	0x6
 595 027f 0C       		.uleb128 0xc
 596 0280 B0050000 		.4byte	.LASF47
 597 0284 05       		.byte	0x5
 598 0285 4401     		.2byte	0x144
 599 0287 9A020000 		.4byte	0x29a
 600 028b 08       		.byte	0x8
 601 028c 0C       		.uleb128 0xc
 602 028d A7050000 		.4byte	.LASF48
 603 0291 05       		.byte	0x5
 604 0292 4A01     		.2byte	0x14a
 605 0294 3D010000 		.4byte	0x13d
 606 0298 09       		.byte	0x9
 607 0299 00       		.byte	0
 608 029a 0A       		.uleb128 0xa
 609 029b C4000000 		.4byte	0xc4
 610 029f AA020000 		.4byte	0x2aa
 611 02a3 0B       		.uleb128 0xb
 612 02a4 B0000000 		.4byte	0xb0
 613 02a8 00       		.byte	0
 614 02a9 00       		.byte	0
 615 02aa 04       		.uleb128 0x4
 616 02ab 4F000000 		.4byte	.LASF49
 617 02af 05       		.byte	0x5
 618 02b0 4B01     		.2byte	0x14b
 619 02b2 42020000 		.4byte	0x242
 620 02b6 0D       		.uleb128 0xd
 621 02b7 32       		.byte	0x32
 622 02b8 05       		.byte	0x5
 623 02b9 5101     		.2byte	0x151
 624 02bb CD020000 		.4byte	0x2cd
 625 02bf 0C       		.uleb128 0xc
 626 02c0 60060000 		.4byte	.LASF42
 627 02c4 05       		.byte	0x5
 628 02c5 5601     		.2byte	0x156
 629 02c7 CD020000 		.4byte	0x2cd
 630 02cb 00       		.byte	0
 631 02cc 00       		.byte	0
 632 02cd 0A       		.uleb128 0xa
 633 02ce AA020000 		.4byte	0x2aa
 634 02d2 DD020000 		.4byte	0x2dd
 635 02d6 0B       		.uleb128 0xb
 636 02d7 B0000000 		.4byte	0xb0
 637 02db 04       		.byte	0x4
 638 02dc 00       		.byte	0
ARM GAS  C:\Users\Sarah\AppData\Local\Temp\cc4GxjvJ.s 			page 16


 639 02dd 04       		.uleb128 0x4
 640 02de 91040000 		.4byte	.LASF50
 641 02e2 05       		.byte	0x5
 642 02e3 5701     		.2byte	0x157
 643 02e5 B6020000 		.4byte	0x2b6
 644 02e9 0D       		.uleb128 0xd
 645 02ea 68       		.byte	0x68
 646 02eb 05       		.byte	0x5
 647 02ec 5E01     		.2byte	0x15e
 648 02ee C3030000 		.4byte	0x3c3
 649 02f2 0C       		.uleb128 0xc
 650 02f3 60020000 		.4byte	.LASF51
 651 02f7 05       		.byte	0x5
 652 02f8 6401     		.2byte	0x164
 653 02fa 77000000 		.4byte	0x77
 654 02fe 00       		.byte	0
 655 02ff 0C       		.uleb128 0xc
 656 0300 9D020000 		.4byte	.LASF52
 657 0304 05       		.byte	0x5
 658 0305 6901     		.2byte	0x169
 659 0307 77000000 		.4byte	0x77
 660 030b 02       		.byte	0x2
 661 030c 0C       		.uleb128 0xc
 662 030d 53040000 		.4byte	.LASF53
 663 0311 05       		.byte	0x5
 664 0312 6F01     		.2byte	0x16f
 665 0314 77000000 		.4byte	0x77
 666 0318 04       		.byte	0x4
 667 0319 0C       		.uleb128 0xc
 668 031a AA030000 		.4byte	.LASF54
 669 031e 05       		.byte	0x5
 670 031f 7401     		.2byte	0x174
 671 0321 77000000 		.4byte	0x77
 672 0325 06       		.byte	0x6
 673 0326 0C       		.uleb128 0xc
 674 0327 06060000 		.4byte	.LASF55
 675 032b 05       		.byte	0x5
 676 032c 7901     		.2byte	0x179
 677 032e 83000000 		.4byte	0x83
 678 0332 08       		.byte	0x8
 679 0333 0C       		.uleb128 0xc
 680 0334 11020000 		.4byte	.LASF56
 681 0338 05       		.byte	0x5
 682 0339 7E01     		.2byte	0x17e
 683 033b C3030000 		.4byte	0x3c3
 684 033f 0C       		.byte	0xc
 685 0340 0C       		.uleb128 0xc
 686 0341 B2010000 		.4byte	.LASF57
 687 0345 05       		.byte	0x5
 688 0346 8301     		.2byte	0x183
 689 0348 C3030000 		.4byte	0x3c3
 690 034c 10       		.byte	0x10
 691 034d 0C       		.uleb128 0xc
 692 034e 2A010000 		.4byte	.LASF58
 693 0352 05       		.byte	0x5
 694 0353 9101     		.2byte	0x191
 695 0355 3D010000 		.4byte	0x13d
ARM GAS  C:\Users\Sarah\AppData\Local\Temp\cc4GxjvJ.s 			page 17


 696 0359 14       		.byte	0x14
 697 035a 0C       		.uleb128 0xc
 698 035b 65030000 		.4byte	.LASF59
 699 035f 05       		.byte	0x5
 700 0360 9601     		.2byte	0x196
 701 0362 77000000 		.4byte	0x77
 702 0366 16       		.byte	0x16
 703 0367 0C       		.uleb128 0xc
 704 0368 3D010000 		.4byte	.LASF60
 705 036c 05       		.byte	0x5
 706 036d 9B01     		.2byte	0x19b
 707 036f 6B000000 		.4byte	0x6b
 708 0373 18       		.byte	0x18
 709 0374 0C       		.uleb128 0xc
 710 0375 42050000 		.4byte	.LASF61
 711 0379 05       		.byte	0x5
 712 037a A001     		.2byte	0x1a0
 713 037c 36020000 		.4byte	0x236
 714 0380 1A       		.byte	0x1a
 715 0381 0C       		.uleb128 0xc
 716 0382 58020000 		.4byte	.LASF62
 717 0386 05       		.byte	0x5
 718 0387 A501     		.2byte	0x1a5
 719 0389 DD020000 		.4byte	0x2dd
 720 038d 2E       		.byte	0x2e
 721 038e 0C       		.uleb128 0xc
 722 038f D8010000 		.4byte	.LASF63
 723 0393 05       		.byte	0x5
 724 0394 AA01     		.2byte	0x1aa
 725 0396 6B000000 		.4byte	0x6b
 726 039a 60       		.byte	0x60
 727 039b 0C       		.uleb128 0xc
 728 039c BD000000 		.4byte	.LASF64
 729 03a0 05       		.byte	0x5
 730 03a1 AF01     		.2byte	0x1af
 731 03a3 6B000000 		.4byte	0x6b
 732 03a7 61       		.byte	0x61
 733 03a8 0C       		.uleb128 0xc
 734 03a9 B8060000 		.4byte	.LASF65
 735 03ad 05       		.byte	0x5
 736 03ae B401     		.2byte	0x1b4
 737 03b0 77000000 		.4byte	0x77
 738 03b4 62       		.byte	0x62
 739 03b5 0C       		.uleb128 0xc
 740 03b6 74010000 		.4byte	.LASF66
 741 03ba 05       		.byte	0x5
 742 03bb B901     		.2byte	0x1b9
 743 03bd 03020000 		.4byte	0x203
 744 03c1 64       		.byte	0x64
 745 03c2 00       		.byte	0
 746 03c3 0A       		.uleb128 0xa
 747 03c4 83000000 		.4byte	0x83
 748 03c8 D3030000 		.4byte	0x3d3
 749 03cc 0B       		.uleb128 0xb
 750 03cd B0000000 		.4byte	0xb0
 751 03d1 00       		.byte	0
 752 03d2 00       		.byte	0
ARM GAS  C:\Users\Sarah\AppData\Local\Temp\cc4GxjvJ.s 			page 18


 753 03d3 04       		.uleb128 0x4
 754 03d4 AE040000 		.4byte	.LASF67
 755 03d8 05       		.byte	0x5
 756 03d9 BA01     		.2byte	0x1ba
 757 03db E9020000 		.4byte	0x2e9
 758 03df 0D       		.uleb128 0xd
 759 03e0 28       		.byte	0x28
 760 03e1 05       		.byte	0x5
 761 03e2 1902     		.2byte	0x219
 762 03e4 92040000 		.4byte	0x492
 763 03e8 0C       		.uleb128 0xc
 764 03e9 90000000 		.4byte	.LASF68
 765 03ed 05       		.byte	0x5
 766 03ee 2202     		.2byte	0x222
 767 03f0 92040000 		.4byte	0x492
 768 03f4 00       		.byte	0
 769 03f5 0C       		.uleb128 0xc
 770 03f6 91020000 		.4byte	.LASF69
 771 03fa 05       		.byte	0x5
 772 03fb 2802     		.2byte	0x228
 773 03fd B7000000 		.4byte	0xb7
 774 0401 04       		.byte	0x4
 775 0402 0C       		.uleb128 0xc
 776 0403 47010000 		.4byte	.LASF70
 777 0407 05       		.byte	0x5
 778 0408 2E02     		.2byte	0x22e
 779 040a 99040000 		.4byte	0x499
 780 040e 08       		.byte	0x8
 781 040f 0C       		.uleb128 0xc
 782 0410 1B050000 		.4byte	.LASF71
 783 0414 05       		.byte	0x5
 784 0415 3302     		.2byte	0x233
 785 0417 B7000000 		.4byte	0xb7
 786 041b 0C       		.byte	0xc
 787 041c 0C       		.uleb128 0xc
 788 041d CA050000 		.4byte	.LASF72
 789 0421 05       		.byte	0x5
 790 0422 3A02     		.2byte	0x23a
 791 0424 CF000000 		.4byte	0xcf
 792 0428 10       		.byte	0x10
 793 0429 0C       		.uleb128 0xc
 794 042a F9050000 		.4byte	.LASF73
 795 042e 05       		.byte	0x5
 796 042f 3F02     		.2byte	0x23f
 797 0431 77000000 		.4byte	0x77
 798 0435 14       		.byte	0x14
 799 0436 0C       		.uleb128 0xc
 800 0437 BE050000 		.4byte	.LASF74
 801 043b 05       		.byte	0x5
 802 043c 4602     		.2byte	0x246
 803 043e 77000000 		.4byte	0x77
 804 0442 16       		.byte	0x16
 805 0443 0C       		.uleb128 0xc
 806 0444 8D030000 		.4byte	.LASF75
 807 0448 05       		.byte	0x5
 808 0449 5102     		.2byte	0x251
 809 044b 6B000000 		.4byte	0x6b
ARM GAS  C:\Users\Sarah\AppData\Local\Temp\cc4GxjvJ.s 			page 19


 810 044f 18       		.byte	0x18
 811 0450 0C       		.uleb128 0xc
 812 0451 D5020000 		.4byte	.LASF76
 813 0455 05       		.byte	0x5
 814 0456 5902     		.2byte	0x259
 815 0458 6B000000 		.4byte	0x6b
 816 045c 19       		.byte	0x19
 817 045d 0C       		.uleb128 0xc
 818 045e 61010000 		.4byte	.LASF77
 819 0462 05       		.byte	0x5
 820 0463 5F02     		.2byte	0x25f
 821 0465 77000000 		.4byte	0x77
 822 0469 1A       		.byte	0x1a
 823 046a 0C       		.uleb128 0xc
 824 046b 96030000 		.4byte	.LASF78
 825 046f 05       		.byte	0x5
 826 0470 6802     		.2byte	0x268
 827 0472 83000000 		.4byte	0x83
 828 0476 1C       		.byte	0x1c
 829 0477 0C       		.uleb128 0xc
 830 0478 F0010000 		.4byte	.LASF79
 831 047c 05       		.byte	0x5
 832 047d 7002     		.2byte	0x270
 833 047f 9F040000 		.4byte	0x49f
 834 0483 20       		.byte	0x20
 835 0484 0C       		.uleb128 0xc
 836 0485 07000000 		.4byte	.LASF80
 837 0489 05       		.byte	0x5
 838 048a 7502     		.2byte	0x275
 839 048c B7000000 		.4byte	0xb7
 840 0490 24       		.byte	0x24
 841 0491 00       		.byte	0
 842 0492 07       		.uleb128 0x7
 843 0493 04       		.byte	0x4
 844 0494 98040000 		.4byte	0x498
 845 0498 0F       		.uleb128 0xf
 846 0499 07       		.uleb128 0x7
 847 049a 04       		.byte	0x4
 848 049b AA020000 		.4byte	0x2aa
 849 049f 07       		.uleb128 0x7
 850 04a0 04       		.byte	0x4
 851 04a1 32010000 		.4byte	0x132
 852 04a5 04       		.uleb128 0x4
 853 04a6 2C000000 		.4byte	.LASF81
 854 04aa 05       		.byte	0x5
 855 04ab 7602     		.2byte	0x276
 856 04ad DF030000 		.4byte	0x3df
 857 04b1 0D       		.uleb128 0xd
 858 04b2 28       		.byte	0x28
 859 04b3 05       		.byte	0x5
 860 04b4 7C02     		.2byte	0x27c
 861 04b6 C8040000 		.4byte	0x4c8
 862 04ba 0C       		.uleb128 0xc
 863 04bb 0D060000 		.4byte	.LASF82
 864 04bf 05       		.byte	0x5
 865 04c0 8102     		.2byte	0x281
 866 04c2 C8040000 		.4byte	0x4c8
ARM GAS  C:\Users\Sarah\AppData\Local\Temp\cc4GxjvJ.s 			page 20


 867 04c6 00       		.byte	0
 868 04c7 00       		.byte	0
 869 04c8 0A       		.uleb128 0xa
 870 04c9 A5040000 		.4byte	0x4a5
 871 04cd D8040000 		.4byte	0x4d8
 872 04d1 0B       		.uleb128 0xb
 873 04d2 B0000000 		.4byte	0xb0
 874 04d6 00       		.byte	0
 875 04d7 00       		.byte	0
 876 04d8 04       		.uleb128 0x4
 877 04d9 DA050000 		.4byte	.LASF83
 878 04dd 05       		.byte	0x5
 879 04de 8202     		.2byte	0x282
 880 04e0 B1040000 		.4byte	0x4b1
 881 04e4 10       		.uleb128 0x10
 882 04e5 01       		.byte	0x1
 883 04e6 06       		.byte	0x6
 884 04e7 2E       		.byte	0x2e
 885 04e8 11050000 		.4byte	0x511
 886 04ec 11       		.uleb128 0x11
 887 04ed 6A050000 		.4byte	.LASF84
 888 04f1 00       		.sleb128 0
 889 04f2 11       		.uleb128 0x11
 890 04f3 10010000 		.4byte	.LASF85
 891 04f7 01       		.sleb128 1
 892 04f8 11       		.uleb128 0x11
 893 04f9 31060000 		.4byte	.LASF86
 894 04fd 02       		.sleb128 2
 895 04fe 11       		.uleb128 0x11
 896 04ff 17060000 		.4byte	.LASF87
 897 0503 03       		.sleb128 3
 898 0504 11       		.uleb128 0x11
 899 0505 4B050000 		.4byte	.LASF88
 900 0509 04       		.sleb128 4
 901 050a 11       		.uleb128 0x11
 902 050b FA040000 		.4byte	.LASF89
 903 050f 05       		.sleb128 5
 904 0510 00       		.byte	0
 905 0511 06       		.uleb128 0x6
 906 0512 77060000 		.4byte	.LASF90
 907 0516 06       		.byte	0x6
 908 0517 35       		.byte	0x35
 909 0518 E4040000 		.4byte	0x4e4
 910 051c 12       		.uleb128 0x12
 911 051d 70030000 		.4byte	.LASF107
 912 0521 01       		.byte	0x1
 913 0522 42       		.byte	0x42
 914 0523 00000000 		.4byte	.LFB2
 915 0527 14000000 		.4byte	.LFE2-.LFB2
 916 052b 01       		.uleb128 0x1
 917 052c 9C       		.byte	0x9c
 918 052d 3D050000 		.4byte	0x53d
 919 0531 13       		.uleb128 0x13
 920 0532 6E060000 		.4byte	.LASF97
 921 0536 01       		.byte	0x1
 922 0537 44       		.byte	0x44
 923 0538 3D050000 		.4byte	0x53d
ARM GAS  C:\Users\Sarah\AppData\Local\Temp\cc4GxjvJ.s 			page 21


 924 053c 00       		.byte	0
 925 053d 07       		.uleb128 0x7
 926 053e 04       		.byte	0x4
 927 053f 43050000 		.4byte	0x543
 928 0543 14       		.uleb128 0x14
 929 0544 D3030000 		.4byte	0x3d3
 930 0548 15       		.uleb128 0x15
 931 0549 7E000000 		.4byte	.LASF108
 932 054d 01       		.byte	0x1
 933 054e 73       		.byte	0x73
 934 054f 83000000 		.4byte	0x83
 935 0553 00000000 		.4byte	.LFB3
 936 0557 E8000000 		.4byte	.LFE3-.LFB3
 937 055b 01       		.uleb128 0x1
 938 055c 9C       		.byte	0x9c
 939 055d 03060000 		.4byte	0x603
 940 0561 16       		.uleb128 0x16
 941 0562 52010000 		.4byte	.LASF91
 942 0566 01       		.byte	0x1
 943 0567 75       		.byte	0x75
 944 0568 6B000000 		.4byte	0x6b
 945 056c 00000000 		.4byte	.LLST0
 946 0570 16       		.uleb128 0x16
 947 0571 A6020000 		.4byte	.LASF92
 948 0575 01       		.byte	0x1
 949 0576 76       		.byte	0x76
 950 0577 83000000 		.4byte	0x83
 951 057b 1E000000 		.4byte	.LLST1
 952 057f 16       		.uleb128 0x16
 953 0580 84010000 		.4byte	.LASF93
 954 0584 01       		.byte	0x1
 955 0585 77       		.byte	0x77
 956 0586 83000000 		.4byte	0x83
 957 058a 31000000 		.4byte	.LLST2
 958 058e 16       		.uleb128 0x16
 959 058f A7010000 		.4byte	.LASF94
 960 0593 01       		.byte	0x1
 961 0594 78       		.byte	0x78
 962 0595 83000000 		.4byte	0x83
 963 0599 44000000 		.4byte	.LLST3
 964 059d 16       		.uleb128 0x16
 965 059e E8010000 		.4byte	.LASF95
 966 05a2 01       		.byte	0x1
 967 05a3 79       		.byte	0x79
 968 05a4 11050000 		.4byte	0x511
 969 05a8 D6000000 		.4byte	.LLST4
 970 05ac 16       		.uleb128 0x16
 971 05ad 2B050000 		.4byte	.LASF96
 972 05b1 01       		.byte	0x1
 973 05b2 7A       		.byte	0x7a
 974 05b3 83000000 		.4byte	0x83
 975 05b7 E9000000 		.4byte	.LLST5
 976 05bb 13       		.uleb128 0x13
 977 05bc 6E060000 		.4byte	.LASF97
 978 05c0 01       		.byte	0x1
 979 05c1 7C       		.byte	0x7c
 980 05c2 3D050000 		.4byte	0x53d
ARM GAS  C:\Users\Sarah\AppData\Local\Temp\cc4GxjvJ.s 			page 22


 981 05c6 16       		.uleb128 0x16
 982 05c7 3E020000 		.4byte	.LASF98
 983 05cb 01       		.byte	0x1
 984 05cc 7D       		.byte	0x7d
 985 05cd 03060000 		.4byte	0x603
 986 05d1 2A010000 		.4byte	.LLST6
 987 05d5 17       		.uleb128 0x17
 988 05d6 2E000000 		.4byte	.LVL10
 989 05da 3C060000 		.4byte	0x63c
 990 05de 17       		.uleb128 0x17
 991 05df 4E000000 		.4byte	.LVL17
 992 05e3 47060000 		.4byte	0x647
 993 05e7 17       		.uleb128 0x17
 994 05e8 68000000 		.4byte	.LVL18
 995 05ec 52060000 		.4byte	0x652
 996 05f0 17       		.uleb128 0x17
 997 05f1 BE000000 		.4byte	.LVL28
 998 05f5 47060000 		.4byte	0x647
 999 05f9 17       		.uleb128 0x17
 1000 05fa D4000000 		.4byte	.LVL29
 1001 05fe 52060000 		.4byte	0x652
 1002 0602 00       		.byte	0
 1003 0603 07       		.uleb128 0x7
 1004 0604 04       		.byte	0x4
 1005 0605 09060000 		.4byte	0x609
 1006 0609 14       		.uleb128 0x14
 1007 060a AA020000 		.4byte	0x2aa
 1008 060e 18       		.uleb128 0x18
 1009 060f F0050000 		.4byte	.LASF99
 1010 0613 01       		.byte	0x1
 1011 0614 33       		.byte	0x33
 1012 0615 83000000 		.4byte	0x83
 1013 0619 05       		.uleb128 0x5
 1014 061a 03       		.byte	0x3
 1015 061b 00000000 		.4byte	tunerFsm
 1016 061f 19       		.uleb128 0x19
 1017 0620 44040000 		.4byte	.LASF100
 1018 0624 05       		.byte	0x5
 1019 0625 D603     		.2byte	0x3d6
 1020 0627 D3030000 		.4byte	0x3d3
 1021 062b 19       		.uleb128 0x19
 1022 062c CD000000 		.4byte	.LASF101
 1023 0630 05       		.byte	0x5
 1024 0631 D703     		.2byte	0x3d7
 1025 0633 37060000 		.4byte	0x637
 1026 0637 1A       		.uleb128 0x1a
 1027 0638 D8040000 		.4byte	0x4d8
 1028 063c 1B       		.uleb128 0x1b
 1029 063d 98050000 		.4byte	.LASF102
 1030 0641 07       		.byte	0x7
 1031 0642 39       		.byte	0x39
 1032 0643 A4000000 		.4byte	0xa4
 1033 0647 1B       		.uleb128 0x1b
 1034 0648 1C020000 		.4byte	.LASF103
 1035 064c 08       		.byte	0x8
 1036 064d E5       		.byte	0xe5
 1037 064e 6B000000 		.4byte	0x6b
ARM GAS  C:\Users\Sarah\AppData\Local\Temp\cc4GxjvJ.s 			page 23


 1038 0652 1C       		.uleb128 0x1c
 1039 0653 16000000 		.4byte	.LASF109
 1040 0657 08       		.byte	0x8
 1041 0658 E6       		.byte	0xe6
 1042 0659 1D       		.uleb128 0x1d
 1043 065a 6B000000 		.4byte	0x6b
 1044 065e 00       		.byte	0
 1045 065f 00       		.byte	0
 1046              		.section	.debug_abbrev,"",%progbits
 1047              	.Ldebug_abbrev0:
 1048 0000 01       		.uleb128 0x1
 1049 0001 11       		.uleb128 0x11
 1050 0002 01       		.byte	0x1
 1051 0003 25       		.uleb128 0x25
 1052 0004 0E       		.uleb128 0xe
 1053 0005 13       		.uleb128 0x13
 1054 0006 0B       		.uleb128 0xb
 1055 0007 03       		.uleb128 0x3
 1056 0008 0E       		.uleb128 0xe
 1057 0009 1B       		.uleb128 0x1b
 1058 000a 0E       		.uleb128 0xe
 1059 000b 55       		.uleb128 0x55
 1060 000c 17       		.uleb128 0x17
 1061 000d 11       		.uleb128 0x11
 1062 000e 01       		.uleb128 0x1
 1063 000f 10       		.uleb128 0x10
 1064 0010 17       		.uleb128 0x17
 1065 0011 00       		.byte	0
 1066 0012 00       		.byte	0
 1067 0013 02       		.uleb128 0x2
 1068 0014 24       		.uleb128 0x24
 1069 0015 00       		.byte	0
 1070 0016 0B       		.uleb128 0xb
 1071 0017 0B       		.uleb128 0xb
 1072 0018 3E       		.uleb128 0x3e
 1073 0019 0B       		.uleb128 0xb
 1074 001a 03       		.uleb128 0x3
 1075 001b 0E       		.uleb128 0xe
 1076 001c 00       		.byte	0
 1077 001d 00       		.byte	0
 1078 001e 03       		.uleb128 0x3
 1079 001f 24       		.uleb128 0x24
 1080 0020 00       		.byte	0
 1081 0021 0B       		.uleb128 0xb
 1082 0022 0B       		.uleb128 0xb
 1083 0023 3E       		.uleb128 0x3e
 1084 0024 0B       		.uleb128 0xb
 1085 0025 03       		.uleb128 0x3
 1086 0026 08       		.uleb128 0x8
 1087 0027 00       		.byte	0
 1088 0028 00       		.byte	0
 1089 0029 04       		.uleb128 0x4
 1090 002a 16       		.uleb128 0x16
 1091 002b 00       		.byte	0
 1092 002c 03       		.uleb128 0x3
 1093 002d 0E       		.uleb128 0xe
 1094 002e 3A       		.uleb128 0x3a
ARM GAS  C:\Users\Sarah\AppData\Local\Temp\cc4GxjvJ.s 			page 24


 1095 002f 0B       		.uleb128 0xb
 1096 0030 3B       		.uleb128 0x3b
 1097 0031 05       		.uleb128 0x5
 1098 0032 49       		.uleb128 0x49
 1099 0033 13       		.uleb128 0x13
 1100 0034 00       		.byte	0
 1101 0035 00       		.byte	0
 1102 0036 05       		.uleb128 0x5
 1103 0037 0F       		.uleb128 0xf
 1104 0038 00       		.byte	0
 1105 0039 0B       		.uleb128 0xb
 1106 003a 0B       		.uleb128 0xb
 1107 003b 00       		.byte	0
 1108 003c 00       		.byte	0
 1109 003d 06       		.uleb128 0x6
 1110 003e 16       		.uleb128 0x16
 1111 003f 00       		.byte	0
 1112 0040 03       		.uleb128 0x3
 1113 0041 0E       		.uleb128 0xe
 1114 0042 3A       		.uleb128 0x3a
 1115 0043 0B       		.uleb128 0xb
 1116 0044 3B       		.uleb128 0x3b
 1117 0045 0B       		.uleb128 0xb
 1118 0046 49       		.uleb128 0x49
 1119 0047 13       		.uleb128 0x13
 1120 0048 00       		.byte	0
 1121 0049 00       		.byte	0
 1122 004a 07       		.uleb128 0x7
 1123 004b 0F       		.uleb128 0xf
 1124 004c 00       		.byte	0
 1125 004d 0B       		.uleb128 0xb
 1126 004e 0B       		.uleb128 0xb
 1127 004f 49       		.uleb128 0x49
 1128 0050 13       		.uleb128 0x13
 1129 0051 00       		.byte	0
 1130 0052 00       		.byte	0
 1131 0053 08       		.uleb128 0x8
 1132 0054 13       		.uleb128 0x13
 1133 0055 01       		.byte	0x1
 1134 0056 0B       		.uleb128 0xb
 1135 0057 0B       		.uleb128 0xb
 1136 0058 3A       		.uleb128 0x3a
 1137 0059 0B       		.uleb128 0xb
 1138 005a 3B       		.uleb128 0x3b
 1139 005b 0B       		.uleb128 0xb
 1140 005c 01       		.uleb128 0x1
 1141 005d 13       		.uleb128 0x13
 1142 005e 00       		.byte	0
 1143 005f 00       		.byte	0
 1144 0060 09       		.uleb128 0x9
 1145 0061 0D       		.uleb128 0xd
 1146 0062 00       		.byte	0
 1147 0063 03       		.uleb128 0x3
 1148 0064 0E       		.uleb128 0xe
 1149 0065 3A       		.uleb128 0x3a
 1150 0066 0B       		.uleb128 0xb
 1151 0067 3B       		.uleb128 0x3b
ARM GAS  C:\Users\Sarah\AppData\Local\Temp\cc4GxjvJ.s 			page 25


 1152 0068 0B       		.uleb128 0xb
 1153 0069 49       		.uleb128 0x49
 1154 006a 13       		.uleb128 0x13
 1155 006b 38       		.uleb128 0x38
 1156 006c 0B       		.uleb128 0xb
 1157 006d 00       		.byte	0
 1158 006e 00       		.byte	0
 1159 006f 0A       		.uleb128 0xa
 1160 0070 01       		.uleb128 0x1
 1161 0071 01       		.byte	0x1
 1162 0072 49       		.uleb128 0x49
 1163 0073 13       		.uleb128 0x13
 1164 0074 01       		.uleb128 0x1
 1165 0075 13       		.uleb128 0x13
 1166 0076 00       		.byte	0
 1167 0077 00       		.byte	0
 1168 0078 0B       		.uleb128 0xb
 1169 0079 21       		.uleb128 0x21
 1170 007a 00       		.byte	0
 1171 007b 49       		.uleb128 0x49
 1172 007c 13       		.uleb128 0x13
 1173 007d 2F       		.uleb128 0x2f
 1174 007e 0B       		.uleb128 0xb
 1175 007f 00       		.byte	0
 1176 0080 00       		.byte	0
 1177 0081 0C       		.uleb128 0xc
 1178 0082 0D       		.uleb128 0xd
 1179 0083 00       		.byte	0
 1180 0084 03       		.uleb128 0x3
 1181 0085 0E       		.uleb128 0xe
 1182 0086 3A       		.uleb128 0x3a
 1183 0087 0B       		.uleb128 0xb
 1184 0088 3B       		.uleb128 0x3b
 1185 0089 05       		.uleb128 0x5
 1186 008a 49       		.uleb128 0x49
 1187 008b 13       		.uleb128 0x13
 1188 008c 38       		.uleb128 0x38
 1189 008d 0B       		.uleb128 0xb
 1190 008e 00       		.byte	0
 1191 008f 00       		.byte	0
 1192 0090 0D       		.uleb128 0xd
 1193 0091 13       		.uleb128 0x13
 1194 0092 01       		.byte	0x1
 1195 0093 0B       		.uleb128 0xb
 1196 0094 0B       		.uleb128 0xb
 1197 0095 3A       		.uleb128 0x3a
 1198 0096 0B       		.uleb128 0xb
 1199 0097 3B       		.uleb128 0x3b
 1200 0098 05       		.uleb128 0x5
 1201 0099 01       		.uleb128 0x1
 1202 009a 13       		.uleb128 0x13
 1203 009b 00       		.byte	0
 1204 009c 00       		.byte	0
 1205 009d 0E       		.uleb128 0xe
 1206 009e 0D       		.uleb128 0xd
 1207 009f 00       		.byte	0
 1208 00a0 03       		.uleb128 0x3
ARM GAS  C:\Users\Sarah\AppData\Local\Temp\cc4GxjvJ.s 			page 26


 1209 00a1 08       		.uleb128 0x8
 1210 00a2 3A       		.uleb128 0x3a
 1211 00a3 0B       		.uleb128 0xb
 1212 00a4 3B       		.uleb128 0x3b
 1213 00a5 05       		.uleb128 0x5
 1214 00a6 49       		.uleb128 0x49
 1215 00a7 13       		.uleb128 0x13
 1216 00a8 38       		.uleb128 0x38
 1217 00a9 0B       		.uleb128 0xb
 1218 00aa 00       		.byte	0
 1219 00ab 00       		.byte	0
 1220 00ac 0F       		.uleb128 0xf
 1221 00ad 26       		.uleb128 0x26
 1222 00ae 00       		.byte	0
 1223 00af 00       		.byte	0
 1224 00b0 00       		.byte	0
 1225 00b1 10       		.uleb128 0x10
 1226 00b2 04       		.uleb128 0x4
 1227 00b3 01       		.byte	0x1
 1228 00b4 0B       		.uleb128 0xb
 1229 00b5 0B       		.uleb128 0xb
 1230 00b6 3A       		.uleb128 0x3a
 1231 00b7 0B       		.uleb128 0xb
 1232 00b8 3B       		.uleb128 0x3b
 1233 00b9 0B       		.uleb128 0xb
 1234 00ba 01       		.uleb128 0x1
 1235 00bb 13       		.uleb128 0x13
 1236 00bc 00       		.byte	0
 1237 00bd 00       		.byte	0
 1238 00be 11       		.uleb128 0x11
 1239 00bf 28       		.uleb128 0x28
 1240 00c0 00       		.byte	0
 1241 00c1 03       		.uleb128 0x3
 1242 00c2 0E       		.uleb128 0xe
 1243 00c3 1C       		.uleb128 0x1c
 1244 00c4 0D       		.uleb128 0xd
 1245 00c5 00       		.byte	0
 1246 00c6 00       		.byte	0
 1247 00c7 12       		.uleb128 0x12
 1248 00c8 2E       		.uleb128 0x2e
 1249 00c9 01       		.byte	0x1
 1250 00ca 3F       		.uleb128 0x3f
 1251 00cb 19       		.uleb128 0x19
 1252 00cc 03       		.uleb128 0x3
 1253 00cd 0E       		.uleb128 0xe
 1254 00ce 3A       		.uleb128 0x3a
 1255 00cf 0B       		.uleb128 0xb
 1256 00d0 3B       		.uleb128 0x3b
 1257 00d1 0B       		.uleb128 0xb
 1258 00d2 27       		.uleb128 0x27
 1259 00d3 19       		.uleb128 0x19
 1260 00d4 11       		.uleb128 0x11
 1261 00d5 01       		.uleb128 0x1
 1262 00d6 12       		.uleb128 0x12
 1263 00d7 06       		.uleb128 0x6
 1264 00d8 40       		.uleb128 0x40
 1265 00d9 18       		.uleb128 0x18
ARM GAS  C:\Users\Sarah\AppData\Local\Temp\cc4GxjvJ.s 			page 27


 1266 00da 9742     		.uleb128 0x2117
 1267 00dc 19       		.uleb128 0x19
 1268 00dd 01       		.uleb128 0x1
 1269 00de 13       		.uleb128 0x13
 1270 00df 00       		.byte	0
 1271 00e0 00       		.byte	0
 1272 00e1 13       		.uleb128 0x13
 1273 00e2 34       		.uleb128 0x34
 1274 00e3 00       		.byte	0
 1275 00e4 03       		.uleb128 0x3
 1276 00e5 0E       		.uleb128 0xe
 1277 00e6 3A       		.uleb128 0x3a
 1278 00e7 0B       		.uleb128 0xb
 1279 00e8 3B       		.uleb128 0x3b
 1280 00e9 0B       		.uleb128 0xb
 1281 00ea 49       		.uleb128 0x49
 1282 00eb 13       		.uleb128 0x13
 1283 00ec 00       		.byte	0
 1284 00ed 00       		.byte	0
 1285 00ee 14       		.uleb128 0x14
 1286 00ef 35       		.uleb128 0x35
 1287 00f0 00       		.byte	0
 1288 00f1 49       		.uleb128 0x49
 1289 00f2 13       		.uleb128 0x13
 1290 00f3 00       		.byte	0
 1291 00f4 00       		.byte	0
 1292 00f5 15       		.uleb128 0x15
 1293 00f6 2E       		.uleb128 0x2e
 1294 00f7 01       		.byte	0x1
 1295 00f8 3F       		.uleb128 0x3f
 1296 00f9 19       		.uleb128 0x19
 1297 00fa 03       		.uleb128 0x3
 1298 00fb 0E       		.uleb128 0xe
 1299 00fc 3A       		.uleb128 0x3a
 1300 00fd 0B       		.uleb128 0xb
 1301 00fe 3B       		.uleb128 0x3b
 1302 00ff 0B       		.uleb128 0xb
 1303 0100 27       		.uleb128 0x27
 1304 0101 19       		.uleb128 0x19
 1305 0102 49       		.uleb128 0x49
 1306 0103 13       		.uleb128 0x13
 1307 0104 11       		.uleb128 0x11
 1308 0105 01       		.uleb128 0x1
 1309 0106 12       		.uleb128 0x12
 1310 0107 06       		.uleb128 0x6
 1311 0108 40       		.uleb128 0x40
 1312 0109 18       		.uleb128 0x18
 1313 010a 9742     		.uleb128 0x2117
 1314 010c 19       		.uleb128 0x19
 1315 010d 01       		.uleb128 0x1
 1316 010e 13       		.uleb128 0x13
 1317 010f 00       		.byte	0
 1318 0110 00       		.byte	0
 1319 0111 16       		.uleb128 0x16
 1320 0112 34       		.uleb128 0x34
 1321 0113 00       		.byte	0
 1322 0114 03       		.uleb128 0x3
ARM GAS  C:\Users\Sarah\AppData\Local\Temp\cc4GxjvJ.s 			page 28


 1323 0115 0E       		.uleb128 0xe
 1324 0116 3A       		.uleb128 0x3a
 1325 0117 0B       		.uleb128 0xb
 1326 0118 3B       		.uleb128 0x3b
 1327 0119 0B       		.uleb128 0xb
 1328 011a 49       		.uleb128 0x49
 1329 011b 13       		.uleb128 0x13
 1330 011c 02       		.uleb128 0x2
 1331 011d 17       		.uleb128 0x17
 1332 011e 00       		.byte	0
 1333 011f 00       		.byte	0
 1334 0120 17       		.uleb128 0x17
 1335 0121 898201   		.uleb128 0x4109
 1336 0124 00       		.byte	0
 1337 0125 11       		.uleb128 0x11
 1338 0126 01       		.uleb128 0x1
 1339 0127 31       		.uleb128 0x31
 1340 0128 13       		.uleb128 0x13
 1341 0129 00       		.byte	0
 1342 012a 00       		.byte	0
 1343 012b 18       		.uleb128 0x18
 1344 012c 34       		.uleb128 0x34
 1345 012d 00       		.byte	0
 1346 012e 03       		.uleb128 0x3
 1347 012f 0E       		.uleb128 0xe
 1348 0130 3A       		.uleb128 0x3a
 1349 0131 0B       		.uleb128 0xb
 1350 0132 3B       		.uleb128 0x3b
 1351 0133 0B       		.uleb128 0xb
 1352 0134 49       		.uleb128 0x49
 1353 0135 13       		.uleb128 0x13
 1354 0136 02       		.uleb128 0x2
 1355 0137 18       		.uleb128 0x18
 1356 0138 00       		.byte	0
 1357 0139 00       		.byte	0
 1358 013a 19       		.uleb128 0x19
 1359 013b 34       		.uleb128 0x34
 1360 013c 00       		.byte	0
 1361 013d 03       		.uleb128 0x3
 1362 013e 0E       		.uleb128 0xe
 1363 013f 3A       		.uleb128 0x3a
 1364 0140 0B       		.uleb128 0xb
 1365 0141 3B       		.uleb128 0x3b
 1366 0142 05       		.uleb128 0x5
 1367 0143 49       		.uleb128 0x49
 1368 0144 13       		.uleb128 0x13
 1369 0145 3F       		.uleb128 0x3f
 1370 0146 19       		.uleb128 0x19
 1371 0147 3C       		.uleb128 0x3c
 1372 0148 19       		.uleb128 0x19
 1373 0149 00       		.byte	0
 1374 014a 00       		.byte	0
 1375 014b 1A       		.uleb128 0x1a
 1376 014c 26       		.uleb128 0x26
 1377 014d 00       		.byte	0
 1378 014e 49       		.uleb128 0x49
 1379 014f 13       		.uleb128 0x13
ARM GAS  C:\Users\Sarah\AppData\Local\Temp\cc4GxjvJ.s 			page 29


 1380 0150 00       		.byte	0
 1381 0151 00       		.byte	0
 1382 0152 1B       		.uleb128 0x1b
 1383 0153 2E       		.uleb128 0x2e
 1384 0154 00       		.byte	0
 1385 0155 3F       		.uleb128 0x3f
 1386 0156 19       		.uleb128 0x19
 1387 0157 03       		.uleb128 0x3
 1388 0158 0E       		.uleb128 0xe
 1389 0159 3A       		.uleb128 0x3a
 1390 015a 0B       		.uleb128 0xb
 1391 015b 3B       		.uleb128 0x3b
 1392 015c 0B       		.uleb128 0xb
 1393 015d 27       		.uleb128 0x27
 1394 015e 19       		.uleb128 0x19
 1395 015f 49       		.uleb128 0x49
 1396 0160 13       		.uleb128 0x13
 1397 0161 3C       		.uleb128 0x3c
 1398 0162 19       		.uleb128 0x19
 1399 0163 00       		.byte	0
 1400 0164 00       		.byte	0
 1401 0165 1C       		.uleb128 0x1c
 1402 0166 2E       		.uleb128 0x2e
 1403 0167 01       		.byte	0x1
 1404 0168 3F       		.uleb128 0x3f
 1405 0169 19       		.uleb128 0x19
 1406 016a 03       		.uleb128 0x3
 1407 016b 0E       		.uleb128 0xe
 1408 016c 3A       		.uleb128 0x3a
 1409 016d 0B       		.uleb128 0xb
 1410 016e 3B       		.uleb128 0x3b
 1411 016f 0B       		.uleb128 0xb
 1412 0170 27       		.uleb128 0x27
 1413 0171 19       		.uleb128 0x19
 1414 0172 3C       		.uleb128 0x3c
 1415 0173 19       		.uleb128 0x19
 1416 0174 00       		.byte	0
 1417 0175 00       		.byte	0
 1418 0176 1D       		.uleb128 0x1d
 1419 0177 05       		.uleb128 0x5
 1420 0178 00       		.byte	0
 1421 0179 49       		.uleb128 0x49
 1422 017a 13       		.uleb128 0x13
 1423 017b 00       		.byte	0
 1424 017c 00       		.byte	0
 1425 017d 00       		.byte	0
 1426              		.section	.debug_loc,"",%progbits
 1427              	.Ldebug_loc0:
 1428              	.LLST0:
 1429 0000 4E000000 		.4byte	.LVL17
 1430 0004 67000000 		.4byte	.LVL18-1
 1431 0008 0100     		.2byte	0x1
 1432 000a 50       		.byte	0x50
 1433 000b BE000000 		.4byte	.LVL28
 1434 000f D3000000 		.4byte	.LVL29-1
 1435 0013 0100     		.2byte	0x1
 1436 0015 50       		.byte	0x50
ARM GAS  C:\Users\Sarah\AppData\Local\Temp\cc4GxjvJ.s 			page 30


 1437 0016 00000000 		.4byte	0
 1438 001a 00000000 		.4byte	0
 1439              	.LLST1:
 1440 001e 7E000000 		.4byte	.LVL21
 1441 0022 AA000000 		.4byte	.LVL24
 1442 0026 0100     		.2byte	0x1
 1443 0028 53       		.byte	0x53
 1444 0029 00000000 		.4byte	0
 1445 002d 00000000 		.4byte	0
 1446              	.LLST2:
 1447 0031 84000000 		.4byte	.LVL22
 1448 0035 B6000000 		.4byte	.LVL26
 1449 0039 0100     		.2byte	0x1
 1450 003b 52       		.byte	0x52
 1451 003c 00000000 		.4byte	0
 1452 0040 00000000 		.4byte	0
 1453              	.LLST3:
 1454 0044 02000000 		.4byte	.LVL1
 1455 0048 06000000 		.4byte	.LVL2
 1456 004c 0200     		.2byte	0x2
 1457 004e 30       		.byte	0x30
 1458 004f 9F       		.byte	0x9f
 1459 0050 06000000 		.4byte	.LVL2
 1460 0054 1A000000 		.4byte	.LVL4
 1461 0058 0100     		.2byte	0x1
 1462 005a 52       		.byte	0x52
 1463 005b 1E000000 		.4byte	.LVL5
 1464 005f 20000000 		.4byte	.LVL6
 1465 0063 0200     		.2byte	0x2
 1466 0065 31       		.byte	0x31
 1467 0066 9F       		.byte	0x9f
 1468 0067 20000000 		.4byte	.LVL6
 1469 006b 22000000 		.4byte	.LVL7
 1470 006f 0100     		.2byte	0x1
 1471 0071 52       		.byte	0x52
 1472 0072 26000000 		.4byte	.LVL8
 1473 0076 2A000000 		.4byte	.LVL9
 1474 007a 0200     		.2byte	0x2
 1475 007c 31       		.byte	0x31
 1476 007d 9F       		.byte	0x9f
 1477 007e 2A000000 		.4byte	.LVL9
 1478 0082 2D000000 		.4byte	.LVL10-1
 1479 0086 0100     		.2byte	0x1
 1480 0088 52       		.byte	0x52
 1481 0089 34000000 		.4byte	.LVL11
 1482 008d 3A000000 		.4byte	.LVL12
 1483 0091 0200     		.2byte	0x2
 1484 0093 31       		.byte	0x31
 1485 0094 9F       		.byte	0x9f
 1486 0095 3A000000 		.4byte	.LVL12
 1487 0099 3C000000 		.4byte	.LVL13
 1488 009d 0100     		.2byte	0x1
 1489 009f 52       		.byte	0x52
 1490 00a0 40000000 		.4byte	.LVL14
 1491 00a4 44000000 		.4byte	.LVL15
 1492 00a8 0200     		.2byte	0x2
 1493 00aa 31       		.byte	0x31
ARM GAS  C:\Users\Sarah\AppData\Local\Temp\cc4GxjvJ.s 			page 31


 1494 00ab 9F       		.byte	0x9f
 1495 00ac 44000000 		.4byte	.LVL15
 1496 00b0 4D000000 		.4byte	.LVL17-1
 1497 00b4 0100     		.2byte	0x1
 1498 00b6 52       		.byte	0x52
 1499 00b7 68000000 		.4byte	.LVL18
 1500 00bb 6A000000 		.4byte	.LVL19
 1501 00bf 0200     		.2byte	0x2
 1502 00c1 30       		.byte	0x30
 1503 00c2 9F       		.byte	0x9f
 1504 00c3 6A000000 		.4byte	.LVL19
 1505 00c7 78000000 		.4byte	.LVL20
 1506 00cb 0100     		.2byte	0x1
 1507 00cd 52       		.byte	0x52
 1508 00ce 00000000 		.4byte	0
 1509 00d2 00000000 		.4byte	0
 1510              	.LLST4:
 1511 00d6 0C000000 		.4byte	.LVL3
 1512 00da 9E000000 		.4byte	.LVL23
 1513 00de 0100     		.2byte	0x1
 1514 00e0 54       		.byte	0x54
 1515 00e1 00000000 		.4byte	0
 1516 00e5 00000000 		.4byte	0
 1517              	.LLST5:
 1518 00e9 02000000 		.4byte	.LVL1
 1519 00ed 06000000 		.4byte	.LVL2
 1520 00f1 0200     		.2byte	0x2
 1521 00f3 30       		.byte	0x30
 1522 00f4 9F       		.byte	0x9f
 1523 00f5 06000000 		.4byte	.LVL2
 1524 00f9 2E000000 		.4byte	.LVL10
 1525 00fd 0100     		.2byte	0x1
 1526 00ff 55       		.byte	0x55
 1527 0100 2E000000 		.4byte	.LVL10
 1528 0104 3A000000 		.4byte	.LVL12
 1529 0108 0200     		.2byte	0x2
 1530 010a 31       		.byte	0x31
 1531 010b 9F       		.byte	0x9f
 1532 010c 3A000000 		.4byte	.LVL12
 1533 0110 D6000000 		.4byte	.LVL30
 1534 0114 0100     		.2byte	0x1
 1535 0116 55       		.byte	0x55
 1536 0117 D6000000 		.4byte	.LVL30
 1537 011b E8000000 		.4byte	.LFE3
 1538 011f 0100     		.2byte	0x1
 1539 0121 50       		.byte	0x50
 1540 0122 00000000 		.4byte	0
 1541 0126 00000000 		.4byte	0
 1542              	.LLST6:
 1543 012a B2000000 		.4byte	.LVL25
 1544 012e D4000000 		.4byte	.LVL29
 1545 0132 0100     		.2byte	0x1
 1546 0134 54       		.byte	0x54
 1547 0135 00000000 		.4byte	0
 1548 0139 00000000 		.4byte	0
 1549              		.section	.debug_aranges,"",%progbits
 1550 0000 24000000 		.4byte	0x24
ARM GAS  C:\Users\Sarah\AppData\Local\Temp\cc4GxjvJ.s 			page 32


 1551 0004 0200     		.2byte	0x2
 1552 0006 00000000 		.4byte	.Ldebug_info0
 1553 000a 04       		.byte	0x4
 1554 000b 00       		.byte	0
 1555 000c 0000     		.2byte	0
 1556 000e 0000     		.2byte	0
 1557 0010 00000000 		.4byte	.LFB2
 1558 0014 14000000 		.4byte	.LFE2-.LFB2
 1559 0018 00000000 		.4byte	.LFB3
 1560 001c E8000000 		.4byte	.LFE3-.LFB3
 1561 0020 00000000 		.4byte	0
 1562 0024 00000000 		.4byte	0
 1563              		.section	.debug_ranges,"",%progbits
 1564              	.Ldebug_ranges0:
 1565 0000 00000000 		.4byte	.LFB2
 1566 0004 14000000 		.4byte	.LFE2
 1567 0008 00000000 		.4byte	.LFB3
 1568 000c E8000000 		.4byte	.LFE3
 1569 0010 00000000 		.4byte	0
 1570 0014 00000000 		.4byte	0
 1571              		.section	.debug_line,"",%progbits
 1572              	.Ldebug_line0:
 1573 0000 2B010000 		.section	.debug_str,"MS",%progbits,1
 1573      0200D000 
 1573      00000201 
 1573      FB0E0D00 
 1573      01010101 
 1574              	.LASF10:
 1575 0000 75696E74 		.ascii	"uint16\000"
 1575      313600
 1576              	.LASF80:
 1577 0007 70747232 		.ascii	"ptr2PosHistory\000"
 1577      506F7348 
 1577      6973746F 
 1577      727900
 1578              	.LASF109:
 1579 0016 43794578 		.ascii	"CyExitCriticalSection\000"
 1579      69744372 
 1579      69746963 
 1579      616C5365 
 1579      6374696F 
 1580              	.LASF81:
 1581 002c 43617053 		.ascii	"CapSense_FLASH_WD_STRUCT\000"
 1581      656E7365 
 1581      5F464C41 
 1581      53485F57 
 1581      445F5354 
 1582              	.LASF38:
 1583 0045 66696E67 		.ascii	"fingerCap\000"
 1583      65724361 
 1583      7000
 1584              	.LASF49:
 1585 004f 43617053 		.ascii	"CapSense_RAM_SNS_STRUCT\000"
 1585      656E7365 
 1585      5F52414D 
 1585      5F534E53 
 1585      5F535452 
ARM GAS  C:\Users\Sarah\AppData\Local\Temp\cc4GxjvJ.s 			page 33


 1586              	.LASF7:
 1587 0067 6C6F6E67 		.ascii	"long long unsigned int\000"
 1587      206C6F6E 
 1587      6720756E 
 1587      7369676E 
 1587      65642069 
 1588              	.LASF108:
 1589 007e 43617053 		.ascii	"CapSense_RunTuner\000"
 1589      656E7365 
 1589      5F52756E 
 1589      54756E65 
 1589      7200
 1590              	.LASF68:
 1591 0090 70747232 		.ascii	"ptr2SnsFlash\000"
 1591      536E7346 
 1591      6C617368 
 1591      00
 1592              	.LASF46:
 1593 009d 64696666 		.ascii	"diff\000"
 1593      00
 1594              	.LASF18:
 1595 00a2 43617053 		.ascii	"CapSense_LOW_BSLN_RST_TYPE\000"
 1595      656E7365 
 1595      5F4C4F57 
 1595      5F42534C 
 1595      4E5F5253 
 1596              	.LASF64:
 1597 00bd 736E7254 		.ascii	"snrTestSensorId\000"
 1597      65737453 
 1597      656E736F 
 1597      72496400 
 1598              	.LASF101:
 1599 00cd 43617053 		.ascii	"CapSense_dsFlash\000"
 1599      656E7365 
 1599      5F647346 
 1599      6C617368 
 1599      00
 1600              	.LASF17:
 1601 00de 43617053 		.ascii	"CapSense_THRESHOLD_TYPE\000"
 1601      656E7365 
 1601      5F544852 
 1601      4553484F 
 1601      4C445F54 
 1602              	.LASF6:
 1603 00f6 6C6F6E67 		.ascii	"long long int\000"
 1603      206C6F6E 
 1603      6720696E 
 1603      7400
 1604              	.LASF0:
 1605 0104 7369676E 		.ascii	"signed char\000"
 1605      65642063 
 1605      68617200 
 1606              	.LASF85:
 1607 0110 43617053 		.ascii	"CapSense_TU_CMD_SUSPEND_E\000"
 1607      656E7365 
 1607      5F54555F 
 1607      434D445F 
ARM GAS  C:\Users\Sarah\AppData\Local\Temp\cc4GxjvJ.s 			page 34


 1607      53555350 
 1608              	.LASF58:
 1609 012a 736E7353 		.ascii	"snsStatus\000"
 1609      74617475 
 1609      7300
 1610              	.LASF4:
 1611 0134 6C6F6E67 		.ascii	"long int\000"
 1611      20696E74 
 1611      00
 1612              	.LASF60:
 1613 013d 6D6F6443 		.ascii	"modCsdClk\000"
 1613      7364436C 
 1613      6B00
 1614              	.LASF70:
 1615 0147 70747232 		.ascii	"ptr2SnsRam\000"
 1615      536E7352 
 1615      616D00
 1616              	.LASF91:
 1617 0152 63726974 		.ascii	"critSect\000"
 1617      53656374 
 1617      00
 1618              	.LASF9:
 1619 015b 75696E74 		.ascii	"uint8\000"
 1619      3800
 1620              	.LASF77:
 1621 0161 78526573 		.ascii	"xResolution\000"
 1621      6F6C7574 
 1621      696F6E00 
 1622              	.LASF13:
 1623 016d 646F7562 		.ascii	"double\000"
 1623      6C6500
 1624              	.LASF66:
 1625 0174 736E7254 		.ascii	"snrTestRawCount\000"
 1625      65737452 
 1625      6177436F 
 1625      756E7400 
 1626              	.LASF93:
 1627 0184 73656E73 		.ascii	"sensorId\000"
 1627      6F724964 
 1627      00
 1628              	.LASF11:
 1629 018d 75696E74 		.ascii	"uint32\000"
 1629      333200
 1630              	.LASF31:
 1631 0194 68797374 		.ascii	"hysteresis\000"
 1631      65726573 
 1631      697300
 1632              	.LASF45:
 1633 019f 62736C6E 		.ascii	"bslnExt\000"
 1633      45787400 
 1634              	.LASF94:
 1635 01a7 75706461 		.ascii	"updateFlag\000"
 1635      7465466C 
 1635      616700
 1636              	.LASF57:
 1637 01b2 77646774 		.ascii	"wdgtStatus\000"
 1637      53746174 
ARM GAS  C:\Users\Sarah\AppData\Local\Temp\cc4GxjvJ.s 			page 35


 1637      757300
 1638              	.LASF44:
 1639 01bd 62736C6E 		.ascii	"bsln\000"
 1639      00
 1640              	.LASF8:
 1641 01c2 756E7369 		.ascii	"unsigned int\000"
 1641      676E6564 
 1641      20696E74 
 1641      00
 1642              	.LASF40:
 1643 01cf 706F7369 		.ascii	"position\000"
 1643      74696F6E 
 1643      00
 1644              	.LASF63:
 1645 01d8 736E7254 		.ascii	"snrTestWidgetId\000"
 1645      65737457 
 1645      69646765 
 1645      74496400 
 1646              	.LASF95:
 1647 01e8 636F6D6D 		.ascii	"command\000"
 1647      616E6400 
 1648              	.LASF79:
 1649 01f0 70747232 		.ascii	"ptr2NoiseEnvlp\000"
 1649      4E6F6973 
 1649      65456E76 
 1649      6C7000
 1650              	.LASF5:
 1651 01ff 6C6F6E67 		.ascii	"long unsigned int\000"
 1651      20756E73 
 1651      69676E65 
 1651      6420696E 
 1651      7400
 1652              	.LASF56:
 1653 0211 77646774 		.ascii	"wdgtEnable\000"
 1653      456E6162 
 1653      6C6500
 1654              	.LASF103:
 1655 021c 4379456E 		.ascii	"CyEnterCriticalSection\000"
 1655      74657243 
 1655      72697469 
 1655      63616C53 
 1655      65637469 
 1656              	.LASF33:
 1657 0233 6C6F7742 		.ascii	"lowBslnRst\000"
 1657      736C6E52 
 1657      737400
 1658              	.LASF98:
 1659 023e 70747253 		.ascii	"ptrSns\000"
 1659      6E7300
 1660              	.LASF3:
 1661 0245 73686F72 		.ascii	"short unsigned int\000"
 1661      7420756E 
 1661      7369676E 
 1661      65642069 
 1661      6E7400
 1662              	.LASF62:
 1663 0258 736E734C 		.ascii	"snsList\000"
ARM GAS  C:\Users\Sarah\AppData\Local\Temp\cc4GxjvJ.s 			page 36


 1663      69737400 
 1664              	.LASF51:
 1665 0260 636F6E66 		.ascii	"configId\000"
 1665      69674964 
 1665      00
 1666              	.LASF105:
 1667 0269 47656E65 		.ascii	"Generated_Source\\PSoC4\\CapSense_Tuner.c\000"
 1667      72617465 
 1667      645F536F 
 1667      75726365 
 1667      5C50536F 
 1668              	.LASF69:
 1669 0291 70747232 		.ascii	"ptr2WdgtRam\000"
 1669      57646774 
 1669      52616D00 
 1670              	.LASF52:
 1671 029d 64657669 		.ascii	"deviceId\000"
 1671      63654964 
 1671      00
 1672              	.LASF92:
 1673 02a6 77696467 		.ascii	"widgetId\000"
 1673      65744964 
 1673      00
 1674              	.LASF35:
 1675 02af 69646163 		.ascii	"idacMod\000"
 1675      4D6F6400 
 1676              	.LASF41:
 1677 02b7 43617053 		.ascii	"CapSense_RAM_WD_SLIDER_STRUCT\000"
 1677      656E7365 
 1677      5F52414D 
 1677      5F57445F 
 1677      534C4944 
 1678              	.LASF76:
 1679 02d5 6E756D43 		.ascii	"numCols\000"
 1679      6F6C7300 
 1680              	.LASF16:
 1681 02dd 73697A65 		.ascii	"sizetype\000"
 1681      74797065 
 1681      00
 1682              	.LASF106:
 1683 02e6 433A5C55 		.ascii	"C:\\Users\\Sarah\\Documents\\PSoC Creator\\CE210289"
 1683      73657273 
 1683      5C536172 
 1683      61685C44 
 1683      6F63756D 
 1684 0314 5F436170 		.ascii	"_CapSense_P4_Linear_Slider01\\CE210289_CapSense_P4_"
 1684      53656E73 
 1684      655F5034 
 1684      5F4C696E 
 1684      6561725F 
 1685 0346 4C696E65 		.ascii	"Linear_Slider01.cydsn\000"
 1685      61725F53 
 1685      6C696465 
 1685      7230312E 
 1685      63796473 
 1686              	.LASF30:
 1687 035c 6E4E6F69 		.ascii	"nNoiseTh\000"
ARM GAS  C:\Users\Sarah\AppData\Local\Temp\cc4GxjvJ.s 			page 37


 1687      73655468 
 1687      00
 1688              	.LASF59:
 1689 0365 63736430 		.ascii	"csd0Config\000"
 1689      436F6E66 
 1689      696700
 1690              	.LASF107:
 1691 0370 43617053 		.ascii	"CapSense_TuInitialize\000"
 1691      656E7365 
 1691      5F547549 
 1691      6E697469 
 1691      616C697A 
 1692              	.LASF39:
 1693 0386 73696750 		.ascii	"sigPFC\000"
 1693      464300
 1694              	.LASF75:
 1695 038d 77646774 		.ascii	"wdgtType\000"
 1695      54797065 
 1695      00
 1696              	.LASF78:
 1697 0396 7843656E 		.ascii	"xCentroidMultiplier\000"
 1697      74726F69 
 1697      644D756C 
 1697      7469706C 
 1697      69657200 
 1698              	.LASF54:
 1699 03aa 7363616E 		.ascii	"scanCounter\000"
 1699      436F756E 
 1699      74657200 
 1700              	.LASF104:
 1701 03b6 474E5520 		.ascii	"GNU C 4.9.3 20150303 (release) [ARM/embedded-4_9-br"
 1701      4320342E 
 1701      392E3320 
 1701      32303135 
 1701      30333033 
 1702 03e9 616E6368 		.ascii	"anch revision 221220] -mcpu=cortex-m0 -mthumb -g -O"
 1702      20726576 
 1702      6973696F 
 1702      6E203232 
 1702      31323230 
 1703 041c 67202D66 		.ascii	"g -ffunction-sections -ffat-lto-objects\000"
 1703      66756E63 
 1703      74696F6E 
 1703      2D736563 
 1703      74696F6E 
 1704              	.LASF100:
 1705 0444 43617053 		.ascii	"CapSense_dsRam\000"
 1705      656E7365 
 1705      5F647352 
 1705      616D00
 1706              	.LASF53:
 1707 0453 74756E65 		.ascii	"tunerCmd\000"
 1707      72436D64 
 1707      00
 1708              	.LASF12:
 1709 045c 666C6F61 		.ascii	"float\000"
 1709      7400
ARM GAS  C:\Users\Sarah\AppData\Local\Temp\cc4GxjvJ.s 			page 38


 1710              	.LASF26:
 1711 0462 534D4152 		.ascii	"SMARTSENSE_CSD_NOISE_ENVELOPE_STRUCT\000"
 1711      5453454E 
 1711      53455F43 
 1711      53445F4E 
 1711      4F495345 
 1712              	.LASF34:
 1713 0487 62736C6E 		.ascii	"bslnCoeff\000"
 1713      436F6566 
 1713      6600
 1714              	.LASF50:
 1715 0491 43617053 		.ascii	"CapSense_RAM_SNS_LIST_STRUCT\000"
 1715      656E7365 
 1715      5F52414D 
 1715      5F534E53 
 1715      5F4C4953 
 1716              	.LASF67:
 1717 04ae 43617053 		.ascii	"CapSense_RAM_STRUCT\000"
 1717      656E7365 
 1717      5F52414D 
 1717      5F535452 
 1717      55435400 
 1718              	.LASF1:
 1719 04c2 756E7369 		.ascii	"unsigned char\000"
 1719      676E6564 
 1719      20636861 
 1719      7200
 1720              	.LASF20:
 1721 04d0 70617261 		.ascii	"param1\000"
 1721      6D3100
 1722              	.LASF21:
 1723 04d7 70617261 		.ascii	"param2\000"
 1723      6D3200
 1724              	.LASF22:
 1725 04de 70617261 		.ascii	"param3\000"
 1725      6D3300
 1726              	.LASF23:
 1727 04e5 70617261 		.ascii	"param4\000"
 1727      6D3400
 1728              	.LASF24:
 1729 04ec 70617261 		.ascii	"param5\000"
 1729      6D3500
 1730              	.LASF25:
 1731 04f3 70617261 		.ascii	"param6\000"
 1731      6D3600
 1732              	.LASF89:
 1733 04fa 43617053 		.ascii	"CapSense_TU_CMD_PING_E\000"
 1733      656E7365 
 1733      5F54555F 
 1733      434D445F 
 1733      50494E47 
 1734              	.LASF2:
 1735 0511 73686F72 		.ascii	"short int\000"
 1735      7420696E 
 1735      7400
 1736              	.LASF71:
 1737 051b 70747232 		.ascii	"ptr2FltrHistory\000"
ARM GAS  C:\Users\Sarah\AppData\Local\Temp\cc4GxjvJ.s 			page 39


 1737      466C7472 
 1737      48697374 
 1737      6F727900 
 1738              	.LASF96:
 1739 052b 74756E65 		.ascii	"tunerStatus\000"
 1739      72537461 
 1739      74757300 
 1740              	.LASF27:
 1741 0537 7265736F 		.ascii	"resolution\000"
 1741      6C757469 
 1741      6F6E00
 1742              	.LASF61:
 1743 0542 77646774 		.ascii	"wdgtList\000"
 1743      4C697374 
 1743      00
 1744              	.LASF88:
 1745 054b 43617053 		.ascii	"CapSense_TU_CMD_RUN_SNR_TEST_E\000"
 1745      656E7365 
 1745      5F54555F 
 1745      434D445F 
 1745      52554E5F 
 1746              	.LASF84:
 1747 056a 43617053 		.ascii	"CapSense_TU_CMD_NONE_E\000"
 1747      656E7365 
 1747      5F54555F 
 1747      434D445F 
 1747      4E4F4E45 
 1748              	.LASF14:
 1749 0581 63686172 		.ascii	"char\000"
 1749      00
 1750              	.LASF36:
 1751 0586 736E7343 		.ascii	"snsClk\000"
 1751      6C6B00
 1752              	.LASF32:
 1753 058d 6F6E4465 		.ascii	"onDebounce\000"
 1753      626F756E 
 1753      636500
 1754              	.LASF102:
 1755 0598 43617053 		.ascii	"CapSense_Start\000"
 1755      656E7365 
 1755      5F537461 
 1755      727400
 1756              	.LASF48:
 1757 05a7 69646163 		.ascii	"idacComp\000"
 1757      436F6D70 
 1757      00
 1758              	.LASF47:
 1759 05b0 6E656742 		.ascii	"negBslnRstCnt\000"
 1759      736C6E52 
 1759      7374436E 
 1759      7400
 1760              	.LASF74:
 1761 05be 746F7461 		.ascii	"totalNumSns\000"
 1761      6C4E756D 
 1761      536E7300 
 1762              	.LASF72:
 1763 05ca 70747232 		.ascii	"ptr2DebounceArr\000"
ARM GAS  C:\Users\Sarah\AppData\Local\Temp\cc4GxjvJ.s 			page 40


 1763      4465626F 
 1763      756E6365 
 1763      41727200 
 1764              	.LASF83:
 1765 05da 43617053 		.ascii	"CapSense_FLASH_STRUCT\000"
 1765      656E7365 
 1765      5F464C41 
 1765      53485F53 
 1765      54525543 
 1766              	.LASF99:
 1767 05f0 74756E65 		.ascii	"tunerFsm\000"
 1767      7246736D 
 1767      00
 1768              	.LASF73:
 1769 05f9 73746174 		.ascii	"staticConfig\000"
 1769      6963436F 
 1769      6E666967 
 1769      00
 1770              	.LASF55:
 1771 0606 73746174 		.ascii	"status\000"
 1771      757300
 1772              	.LASF82:
 1773 060d 77646774 		.ascii	"wdgtArray\000"
 1773      41727261 
 1773      7900
 1774              	.LASF87:
 1775 0617 43617053 		.ascii	"CapSense_TU_CMD_RESTART_E\000"
 1775      656E7365 
 1775      5F54555F 
 1775      434D445F 
 1775      52455354 
 1776              	.LASF86:
 1777 0631 43617053 		.ascii	"CapSense_TU_CMD_RESUME_E\000"
 1777      656E7365 
 1777      5F54555F 
 1777      434D445F 
 1777      52455355 
 1778              	.LASF37:
 1779 064a 736E7343 		.ascii	"snsClkSource\000"
 1779      6C6B536F 
 1779      75726365 
 1779      00
 1780              	.LASF15:
 1781 0657 63797374 		.ascii	"cystatus\000"
 1781      61747573 
 1781      00
 1782              	.LASF42:
 1783 0660 6C696E65 		.ascii	"linearslider0\000"
 1783      6172736C 
 1783      69646572 
 1783      3000
 1784              	.LASF97:
 1785 066e 70747244 		.ascii	"ptrDsRam\000"
 1785      7352616D 
 1785      00
 1786              	.LASF90:
 1787 0677 43617053 		.ascii	"CapSense_TU_CMD_ENUM\000"
ARM GAS  C:\Users\Sarah\AppData\Local\Temp\cc4GxjvJ.s 			page 41


 1787      656E7365 
 1787      5F54555F 
 1787      434D445F 
 1787      454E554D 
 1788              	.LASF28:
 1789 068c 66696E67 		.ascii	"fingerTh\000"
 1789      65725468 
 1789      00
 1790              	.LASF19:
 1791 0695 70617261 		.ascii	"param0\000"
 1791      6D3000
 1792              	.LASF43:
 1793 069c 43617053 		.ascii	"CapSense_RAM_WD_LIST_STRUCT\000"
 1793      656E7365 
 1793      5F52414D 
 1793      5F57445F 
 1793      4C495354 
 1794              	.LASF65:
 1795 06b8 736E7254 		.ascii	"snrTestScanCounter\000"
 1795      65737453 
 1795      63616E43 
 1795      6F756E74 
 1795      657200
 1796              	.LASF29:
 1797 06cb 6E6F6973 		.ascii	"noiseTh\000"
 1797      65546800 
 1798              		.ident	"GCC: (GNU Tools for ARM Embedded Processors) 4.9.3 20150303 (release) [ARM/embedded-4_9-br
