ARM GAS  C:\Users\Sarah\AppData\Local\Temp\ccpg7B0I.s 			page 1


   1              		.cpu cortex-m0
   2              		.fpu softvfp
   3              		.eabi_attribute 20, 1
   4              		.eabi_attribute 21, 1
   5              		.eabi_attribute 23, 3
   6              		.eabi_attribute 24, 1
   7              		.eabi_attribute 25, 1
   8              		.eabi_attribute 26, 1
   9              		.eabi_attribute 30, 1
  10              		.eabi_attribute 34, 0
  11              		.eabi_attribute 18, 4
  12              		.code	16
  13              		.file	"main.c"
  14              		.text
  15              	.Ltext0:
  16              		.cfi_sections	.debug_frame
  17              		.section	.text.main,"ax",%progbits
  18              		.align	2
  19              		.global	main
  20              		.code	16
  21              		.thumb_func
  22              		.type	main, %function
  23              	main:
  24              	.LFB37:
  25              		.file 1 "main.c"
   1:main.c        **** /*****************************************************************************
   2:main.c        **** * File Name: main.c
   3:main.c        **** *
   4:main.c        **** * Version: 1.10
   5:main.c        **** *
   6:main.c        **** * Description:  This example code demonstrates the PSoC4 CapSense Linear Slider
   7:main.c        **** * operation.
   8:main.c        **** *
   9:main.c        **** * Related Document: Code example CE210289.pdf 
  10:main.c        **** *
  11:main.c        **** * Hardware Dependency: See code example CE210289
  12:main.c        **** *
  13:main.c        **** ******************************************************************************
  14:main.c        **** * Copyright (2016), Cypress Semiconductor Corporation.
  15:main.c        **** ******************************************************************************
  16:main.c        **** * This software is owned by Cypress Semiconductor Corporation (Cypress) and is
  17:main.c        **** * protected by and subject to worldwide patent protection (United States and
  18:main.c        **** * foreign), United States copyright laws and international treaty provisions.
  19:main.c        **** * Cypress hereby grants to licensee a personal, non-exclusive, non-transferable
  20:main.c        **** * license to copy, use, modify, create derivative works of, and compile the
  21:main.c        **** * Cypress Source Code and derivative works for the sole purpose of creating
  22:main.c        **** * custom software in support of licensee product to be used only in conjunction
  23:main.c        **** * with a Cypress integrated circuit as specified in the applicable agreement.
  24:main.c        **** * Any reproduction, modification, translation, compilation, or representation of
  25:main.c        **** * this software except as specified above is prohibited without the express
  26:main.c        **** * written permission of Cypress.
  27:main.c        **** *
  28:main.c        **** * Disclaimer: CYPRESS MAKES NO WARRANTY OF ANY KIND, EXPRESS OR IMPLIED, WITH
  29:main.c        **** * REGARD TO THIS MATERIAL, INCLUDING, BUT NOT LIMITED TO, THE IMPLIED
  30:main.c        **** * WARRANTIES OF MERCHANTABILITY AND FITNESS FOR A PARTICULAR PURPOSE.
  31:main.c        **** * Cypress reserves the right to make changes without further notice to the
  32:main.c        **** * materials described herein. Cypress does not assume any liability arising out
ARM GAS  C:\Users\Sarah\AppData\Local\Temp\ccpg7B0I.s 			page 2


  33:main.c        **** * of the application or use of any product or circuit described herein. Cypress
  34:main.c        **** * does not authorize its products for use as critical components in life-support
  35:main.c        **** * systems where a malfunction or failure may reasonably be expected to result in
  36:main.c        **** * significant injury to the user. The inclusion of Cypress' product in a life-
  37:main.c        **** * support systems application implies that the manufacturer assumes all risk of
  38:main.c        **** * such use and in doing so indemnifies Cypress against all charges. Use may be
  39:main.c        **** * limited by and subject to the applicable Cypress software license agreement.
  40:main.c        **** *****************************************************************************/
  41:main.c        **** 
  42:main.c        **** #include "project.h"
  43:main.c        **** 
  44:main.c        **** /*******************************************************************************
  45:main.c        **** * Function Name: main
  46:main.c        **** ********************************************************************************
  47:main.c        **** *
  48:main.c        **** * Summary:
  49:main.c        **** *  main() performs the following functions:
  50:main.c        **** *  1. Initializes CapSense and SCB blocks
  51:main.c        **** *  2. Scans & processes slider sensors
  52:main.c        **** *
  53:main.c        **** *******************************************************************************/
  54:main.c        **** int main ()
  55:main.c        **** {    
  26              		.loc 1 55 0
  27              		.cfi_startproc
  28 0000 08B5     		push	{r3, lr}
  29              		.cfi_def_cfa_offset 8
  30              		.cfi_offset 3, -8
  31              		.cfi_offset 14, -4
  56:main.c        ****     /* Enable Global interrupts for CapSense operation */
  57:main.c        ****     CyGlobalIntEnable;
  32              		.loc 1 57 0
  33              	@ 57 "main.c" 1
  34 0002 62B6     		CPSIE   i
  35              	@ 0 "" 2
  58:main.c        ****     
  59:main.c        ****     /* Start EZI2C block */
  60:main.c        ****     EZI2C_Start();
  36              		.loc 1 60 0
  37              		.code	16
  38 0004 FFF7FEFF 		bl	EZI2C_Start
  39              	.LVL0:
  61:main.c        ****     
  62:main.c        ****     /* Set up communication data buffer to CapSense data structure to be exposed to 
  63:main.c        ****     I2C master at primary slave address request. */
  64:main.c        ****     EZI2C_EzI2CSetBuffer1(sizeof(CapSense_dsRam), sizeof(CapSense_dsRam), 
  40              		.loc 1 64 0
  41 0008 6820     		mov	r0, #104
  42 000a 6821     		mov	r1, #104
  43 000c 094A     		ldr	r2, .L4
  44 000e FFF7FEFF 		bl	EZI2C_EzI2CSetBuffer1
  45              	.LVL1:
  65:main.c        ****                          (uint8 *)&CapSense_dsRam);
  66:main.c        ****  
  67:main.c        ****     /* Start CapSense block - Initializes CapSense Data structure and 
  68:main.c        ****     performs first scan to set up sensor baselines */
  69:main.c        ****     CapSense_Start();
ARM GAS  C:\Users\Sarah\AppData\Local\Temp\ccpg7B0I.s 			page 3


  46              		.loc 1 69 0
  47 0012 FFF7FEFF 		bl	CapSense_Start
  48              	.LVL2:
  70:main.c        ****     
  71:main.c        ****     /* Scan all widgets */
  72:main.c        ****     CapSense_ScanAllWidgets();
  49              		.loc 1 72 0
  50 0016 FFF7FEFF 		bl	CapSense_ScanAllWidgets
  51              	.LVL3:
  52              	.L2:
  73:main.c        ****     
  74:main.c        ****     for(;;)
  75:main.c        ****     {
  76:main.c        ****         /* Do this only when a scan is done */
  77:main.c        ****         if(CapSense_NOT_BUSY == CapSense_IsBusy())
  53              		.loc 1 77 0
  54 001a FFF7FEFF 		bl	CapSense_IsBusy
  55              	.LVL4:
  56 001e 0028     		cmp	r0, #0
  57 0020 FBD1     		bne	.L2
  78:main.c        ****         {
  79:main.c        ****               /* Process all widgets */
  80:main.c        ****               CapSense_ProcessAllWidgets();
  58              		.loc 1 80 0
  59 0022 FFF7FEFF 		bl	CapSense_ProcessAllWidgets
  60              	.LVL5:
  81:main.c        ****               /* Include Tuner */ 
  82:main.c        ****               CapSense_RunTuner(); 
  61              		.loc 1 82 0
  62 0026 FFF7FEFF 		bl	CapSense_RunTuner
  63              	.LVL6:
  83:main.c        ****               /* Scan result verification */
  84:main.c        ****               if (CapSense_IsAnyWidgetActive())
  64              		.loc 1 84 0
  65 002a FFF7FEFF 		bl	CapSense_IsAnyWidgetActive
  66              	.LVL7:
  85:main.c        ****               {
  86:main.c        ****                    /* Add any required functionality
  87:main.c        ****                       based on scanning result*/
  88:main.c        ****               }
  89:main.c        ****               /* Start next scan */
  90:main.c        ****               CapSense_ScanAllWidgets();
  67              		.loc 1 90 0
  68 002e FFF7FEFF 		bl	CapSense_ScanAllWidgets
  69              	.LVL8:
  70 0032 F2E7     		b	.L2
  71              	.L5:
  72              		.align	2
  73              	.L4:
  74 0034 00000000 		.word	CapSense_dsRam
  75              		.cfi_endproc
  76              	.LFE37:
  77              		.size	main, .-main
  78              		.text
  79              	.Letext0:
  80              		.file 2 "Generated_Source\\PSoC4/cytypes.h"
  81              		.file 3 "Generated_Source\\PSoC4/CapSense_Configuration.h"
ARM GAS  C:\Users\Sarah\AppData\Local\Temp\ccpg7B0I.s 			page 4


  82              		.file 4 "Generated_Source\\PSoC4/CapSense_Structure.h"
  83              		.file 5 "Generated_Source\\PSoC4/CapSense_Control.h"
  84              		.file 6 "Generated_Source\\PSoC4/CapSense_Sensing.h"
  85              		.file 7 "Generated_Source\\PSoC4/CapSense_Tuner.h"
  86              		.file 8 "Generated_Source\\PSoC4/EZI2C.h"
  87              		.file 9 "Generated_Source\\PSoC4/EZI2C_EZI2C.h"
  88              		.section	.debug_info,"",%progbits
  89              	.Ldebug_info0:
  90 0000 64040000 		.4byte	0x464
  91 0004 0400     		.2byte	0x4
  92 0006 00000000 		.4byte	.Ldebug_abbrev0
  93 000a 04       		.byte	0x4
  94 000b 01       		.uleb128 0x1
  95 000c AC010000 		.4byte	.LASF66
  96 0010 01       		.byte	0x1
  97 0011 EC030000 		.4byte	.LASF67
  98 0015 36010000 		.4byte	.LASF68
  99 0019 00000000 		.4byte	.Ldebug_ranges0+0
 100 001d 00000000 		.4byte	0
 101 0021 00000000 		.4byte	.Ldebug_line0
 102 0025 02       		.uleb128 0x2
 103 0026 01       		.byte	0x1
 104 0027 06       		.byte	0x6
 105 0028 8B020000 		.4byte	.LASF0
 106 002c 02       		.uleb128 0x2
 107 002d 01       		.byte	0x1
 108 002e 08       		.byte	0x8
 109 002f 65020000 		.4byte	.LASF1
 110 0033 02       		.uleb128 0x2
 111 0034 02       		.byte	0x2
 112 0035 05       		.byte	0x5
 113 0036 36000000 		.4byte	.LASF2
 114 003a 02       		.uleb128 0x2
 115 003b 02       		.byte	0x2
 116 003c 07       		.byte	0x7
 117 003d 86030000 		.4byte	.LASF3
 118 0041 02       		.uleb128 0x2
 119 0042 04       		.byte	0x4
 120 0043 05       		.byte	0x5
 121 0044 0E010000 		.4byte	.LASF4
 122 0048 02       		.uleb128 0x2
 123 0049 04       		.byte	0x4
 124 004a 07       		.byte	0x7
 125 004b F3030000 		.4byte	.LASF5
 126 004f 02       		.uleb128 0x2
 127 0050 08       		.byte	0x8
 128 0051 05       		.byte	0x5
 129 0052 71000000 		.4byte	.LASF6
 130 0056 02       		.uleb128 0x2
 131 0057 08       		.byte	0x8
 132 0058 07       		.byte	0x7
 133 0059 B4020000 		.4byte	.LASF7
 134 005d 03       		.uleb128 0x3
 135 005e 04       		.byte	0x4
 136 005f 05       		.byte	0x5
 137 0060 696E7400 		.ascii	"int\000"
 138 0064 02       		.uleb128 0x2
ARM GAS  C:\Users\Sarah\AppData\Local\Temp\ccpg7B0I.s 			page 5


 139 0065 04       		.byte	0x4
 140 0066 07       		.byte	0x7
 141 0067 DA020000 		.4byte	.LASF8
 142 006b 04       		.uleb128 0x4
 143 006c D1000000 		.4byte	.LASF9
 144 0070 02       		.byte	0x2
 145 0071 B901     		.2byte	0x1b9
 146 0073 2C000000 		.4byte	0x2c
 147 0077 04       		.uleb128 0x4
 148 0078 9D000000 		.4byte	.LASF10
 149 007c 02       		.byte	0x2
 150 007d BA01     		.2byte	0x1ba
 151 007f 3A000000 		.4byte	0x3a
 152 0083 04       		.uleb128 0x4
 153 0084 E5030000 		.4byte	.LASF11
 154 0088 02       		.byte	0x2
 155 0089 BB01     		.2byte	0x1bb
 156 008b 48000000 		.4byte	0x48
 157 008f 02       		.uleb128 0x2
 158 0090 04       		.byte	0x4
 159 0091 04       		.byte	0x4
 160 0092 D7000000 		.4byte	.LASF12
 161 0096 02       		.uleb128 0x2
 162 0097 08       		.byte	0x8
 163 0098 04       		.byte	0x4
 164 0099 05040000 		.4byte	.LASF13
 165 009d 02       		.uleb128 0x2
 166 009e 01       		.byte	0x1
 167 009f 08       		.byte	0x8
 168 00a0 09010000 		.4byte	.LASF14
 169 00a4 04       		.uleb128 0x4
 170 00a5 E7020000 		.4byte	.LASF15
 171 00a9 02       		.byte	0x2
 172 00aa 5B02     		.2byte	0x25b
 173 00ac 48000000 		.4byte	0x48
 174 00b0 05       		.uleb128 0x5
 175 00b1 6B000000 		.4byte	0x6b
 176 00b5 06       		.uleb128 0x6
 177 00b6 73020000 		.4byte	.LASF16
 178 00ba 03       		.byte	0x3
 179 00bb DB       		.byte	0xdb
 180 00bc 77000000 		.4byte	0x77
 181 00c0 06       		.uleb128 0x6
 182 00c1 41030000 		.4byte	.LASF17
 183 00c5 03       		.byte	0x3
 184 00c6 DF       		.byte	0xdf
 185 00c7 6B000000 		.4byte	0x6b
 186 00cb 02       		.uleb128 0x2
 187 00cc 04       		.byte	0x4
 188 00cd 07       		.byte	0x7
 189 00ce 4B000000 		.4byte	.LASF18
 190 00d2 07       		.uleb128 0x7
 191 00d3 6B000000 		.4byte	0x6b
 192 00d7 E2000000 		.4byte	0xe2
 193 00db 08       		.uleb128 0x8
 194 00dc CB000000 		.4byte	0xcb
 195 00e0 00       		.byte	0
ARM GAS  C:\Users\Sarah\AppData\Local\Temp\ccpg7B0I.s 			page 6


 196 00e1 00       		.byte	0
 197 00e2 09       		.uleb128 0x9
 198 00e3 14       		.byte	0x14
 199 00e4 04       		.byte	0x4
 200 00e5 CA       		.byte	0xca
 201 00e6 98010000 		.4byte	0x198
 202 00ea 0A       		.uleb128 0xa
 203 00eb 7B030000 		.4byte	.LASF19
 204 00ef 04       		.byte	0x4
 205 00f0 D0       		.byte	0xd0
 206 00f1 77000000 		.4byte	0x77
 207 00f5 00       		.byte	0
 208 00f6 0A       		.uleb128 0xa
 209 00f7 17010000 		.4byte	.LASF20
 210 00fb 04       		.byte	0x4
 211 00fc D5       		.byte	0xd5
 212 00fd B5000000 		.4byte	0xb5
 213 0101 02       		.byte	0x2
 214 0102 0A       		.uleb128 0xa
 215 0103 8C000000 		.4byte	.LASF21
 216 0107 04       		.byte	0x4
 217 0108 DA       		.byte	0xda
 218 0109 6B000000 		.4byte	0x6b
 219 010d 04       		.byte	0x4
 220 010e 0A       		.uleb128 0xa
 221 010f C1030000 		.4byte	.LASF22
 222 0113 04       		.byte	0x4
 223 0114 DF       		.byte	0xdf
 224 0115 6B000000 		.4byte	0x6b
 225 0119 05       		.byte	0x5
 226 011a 0A       		.uleb128 0xa
 227 011b 3A020000 		.4byte	.LASF23
 228 011f 04       		.byte	0x4
 229 0120 E4       		.byte	0xe4
 230 0121 6B000000 		.4byte	0x6b
 231 0125 06       		.byte	0x6
 232 0126 0A       		.uleb128 0xa
 233 0127 40000000 		.4byte	.LASF24
 234 012b 04       		.byte	0x4
 235 012c E9       		.byte	0xe9
 236 012d 6B000000 		.4byte	0x6b
 237 0131 07       		.byte	0x7
 238 0132 0A       		.uleb128 0xa
 239 0133 1E000000 		.4byte	.LASF25
 240 0137 04       		.byte	0x4
 241 0138 EF       		.byte	0xef
 242 0139 C0000000 		.4byte	0xc0
 243 013d 08       		.byte	0x8
 244 013e 0A       		.uleb128 0xa
 245 013f A1030000 		.4byte	.LASF26
 246 0143 04       		.byte	0x4
 247 0144 F4       		.byte	0xf4
 248 0145 6B000000 		.4byte	0x6b
 249 0149 09       		.byte	0x9
 250 014a 0A       		.uleb128 0xa
 251 014b 2E000000 		.4byte	.LASF27
 252 014f 04       		.byte	0x4
ARM GAS  C:\Users\Sarah\AppData\Local\Temp\ccpg7B0I.s 			page 7


 253 0150 FB       		.byte	0xfb
 254 0151 D2000000 		.4byte	0xd2
 255 0155 0A       		.byte	0xa
 256 0156 0B       		.uleb128 0xb
 257 0157 20010000 		.4byte	.LASF28
 258 015b 04       		.byte	0x4
 259 015c 0201     		.2byte	0x102
 260 015e 6B000000 		.4byte	0x6b
 261 0162 0B       		.byte	0xb
 262 0163 0B       		.uleb128 0xb
 263 0164 7F000000 		.4byte	.LASF29
 264 0168 04       		.byte	0x4
 265 0169 0701     		.2byte	0x107
 266 016b 6B000000 		.4byte	0x6b
 267 016f 0C       		.byte	0xc
 268 0170 0B       		.uleb128 0xb
 269 0171 32040000 		.4byte	.LASF30
 270 0175 04       		.byte	0x4
 271 0176 0D01     		.2byte	0x10d
 272 0178 77000000 		.4byte	0x77
 273 017c 0E       		.byte	0xe
 274 017d 0B       		.uleb128 0xb
 275 017e DE030000 		.4byte	.LASF31
 276 0182 04       		.byte	0x4
 277 0183 1201     		.2byte	0x112
 278 0185 77000000 		.4byte	0x77
 279 0189 10       		.byte	0x10
 280 018a 0B       		.uleb128 0xb
 281 018b 4A040000 		.4byte	.LASF32
 282 018f 04       		.byte	0x4
 283 0190 1701     		.2byte	0x117
 284 0192 98010000 		.4byte	0x198
 285 0196 12       		.byte	0x12
 286 0197 00       		.byte	0
 287 0198 07       		.uleb128 0x7
 288 0199 77000000 		.4byte	0x77
 289 019d A8010000 		.4byte	0x1a8
 290 01a1 08       		.uleb128 0x8
 291 01a2 CB000000 		.4byte	0xcb
 292 01a6 00       		.byte	0
 293 01a7 00       		.byte	0
 294 01a8 04       		.uleb128 0x4
 295 01a9 88040000 		.4byte	.LASF33
 296 01ad 04       		.byte	0x4
 297 01ae 1801     		.2byte	0x118
 298 01b0 E2000000 		.4byte	0xe2
 299 01b4 0C       		.uleb128 0xc
 300 01b5 14       		.byte	0x14
 301 01b6 04       		.byte	0x4
 302 01b7 1E01     		.2byte	0x11e
 303 01b9 CB010000 		.4byte	0x1cb
 304 01bd 0B       		.uleb128 0xb
 305 01be 3C040000 		.4byte	.LASF34
 306 01c2 04       		.byte	0x4
 307 01c3 2301     		.2byte	0x123
 308 01c5 A8010000 		.4byte	0x1a8
 309 01c9 00       		.byte	0
ARM GAS  C:\Users\Sarah\AppData\Local\Temp\ccpg7B0I.s 			page 8


 310 01ca 00       		.byte	0
 311 01cb 04       		.uleb128 0x4
 312 01cc DD000000 		.4byte	.LASF35
 313 01d0 04       		.byte	0x4
 314 01d1 2401     		.2byte	0x124
 315 01d3 B4010000 		.4byte	0x1b4
 316 01d7 0C       		.uleb128 0xc
 317 01d8 0A       		.byte	0xa
 318 01d9 04       		.byte	0x4
 319 01da 2A01     		.2byte	0x12a
 320 01dc 2F020000 		.4byte	0x22f
 321 01e0 0D       		.uleb128 0xd
 322 01e1 72617700 		.ascii	"raw\000"
 323 01e5 04       		.byte	0x4
 324 01e6 2F01     		.2byte	0x12f
 325 01e8 98010000 		.4byte	0x198
 326 01ec 00       		.byte	0
 327 01ed 0B       		.uleb128 0xb
 328 01ee 19000000 		.4byte	.LASF36
 329 01f2 04       		.byte	0x4
 330 01f3 3401     		.2byte	0x134
 331 01f5 98010000 		.4byte	0x198
 332 01f9 02       		.byte	0x2
 333 01fa 0B       		.uleb128 0xb
 334 01fb 0C040000 		.4byte	.LASF37
 335 01ff 04       		.byte	0x4
 336 0200 3A01     		.2byte	0x13a
 337 0202 D2000000 		.4byte	0xd2
 338 0206 04       		.byte	0x4
 339 0207 0B       		.uleb128 0xb
 340 0208 29000000 		.4byte	.LASF38
 341 020c 04       		.byte	0x4
 342 020d 3F01     		.2byte	0x13f
 343 020f B5000000 		.4byte	0xb5
 344 0213 06       		.byte	0x6
 345 0214 0B       		.uleb128 0xb
 346 0215 14040000 		.4byte	.LASF39
 347 0219 04       		.byte	0x4
 348 021a 4401     		.2byte	0x144
 349 021c 2F020000 		.4byte	0x22f
 350 0220 08       		.byte	0x8
 351 0221 0B       		.uleb128 0xb
 352 0222 5D000000 		.4byte	.LASF40
 353 0226 04       		.byte	0x4
 354 0227 4A01     		.2byte	0x14a
 355 0229 D2000000 		.4byte	0xd2
 356 022d 09       		.byte	0x9
 357 022e 00       		.byte	0
 358 022f 07       		.uleb128 0x7
 359 0230 C0000000 		.4byte	0xc0
 360 0234 3F020000 		.4byte	0x23f
 361 0238 08       		.uleb128 0x8
 362 0239 CB000000 		.4byte	0xcb
 363 023d 00       		.byte	0
 364 023e 00       		.byte	0
 365 023f 04       		.uleb128 0x4
 366 0240 29030000 		.4byte	.LASF41
ARM GAS  C:\Users\Sarah\AppData\Local\Temp\ccpg7B0I.s 			page 9


 367 0244 04       		.byte	0x4
 368 0245 4B01     		.2byte	0x14b
 369 0247 D7010000 		.4byte	0x1d7
 370 024b 0C       		.uleb128 0xc
 371 024c 32       		.byte	0x32
 372 024d 04       		.byte	0x4
 373 024e 5101     		.2byte	0x151
 374 0250 62020000 		.4byte	0x262
 375 0254 0B       		.uleb128 0xb
 376 0255 3C040000 		.4byte	.LASF34
 377 0259 04       		.byte	0x4
 378 025a 5601     		.2byte	0x156
 379 025c 62020000 		.4byte	0x262
 380 0260 00       		.byte	0
 381 0261 00       		.byte	0
 382 0262 07       		.uleb128 0x7
 383 0263 3F020000 		.4byte	0x23f
 384 0267 72020000 		.4byte	0x272
 385 026b 08       		.uleb128 0x8
 386 026c CB000000 		.4byte	0xcb
 387 0270 04       		.byte	0x4
 388 0271 00       		.byte	0
 389 0272 04       		.uleb128 0x4
 390 0273 97020000 		.4byte	.LASF42
 391 0277 04       		.byte	0x4
 392 0278 5701     		.2byte	0x157
 393 027a 4B020000 		.4byte	0x24b
 394 027e 0C       		.uleb128 0xc
 395 027f 68       		.byte	0x68
 396 0280 04       		.byte	0x4
 397 0281 5E01     		.2byte	0x15e
 398 0283 58030000 		.4byte	0x358
 399 0287 0B       		.uleb128 0xb
 400 0288 54000000 		.4byte	.LASF43
 401 028c 04       		.byte	0x4
 402 028d 6401     		.2byte	0x164
 403 028f 77000000 		.4byte	0x77
 404 0293 00       		.byte	0
 405 0294 0B       		.uleb128 0xb
 406 0295 94000000 		.4byte	.LASF44
 407 0299 04       		.byte	0x4
 408 029a 6901     		.2byte	0x169
 409 029c 77000000 		.4byte	0x77
 410 02a0 02       		.byte	0x2
 411 02a1 0B       		.uleb128 0xb
 412 02a2 45020000 		.4byte	.LASF45
 413 02a6 04       		.byte	0x4
 414 02a7 6F01     		.2byte	0x16f
 415 02a9 77000000 		.4byte	0x77
 416 02ad 04       		.byte	0x4
 417 02ae 0B       		.uleb128 0xb
 418 02af B5030000 		.4byte	.LASF46
 419 02b3 04       		.byte	0x4
 420 02b4 7401     		.2byte	0x174
 421 02b6 77000000 		.4byte	0x77
 422 02ba 06       		.byte	0x6
 423 02bb 0B       		.uleb128 0xb
ARM GAS  C:\Users\Sarah\AppData\Local\Temp\ccpg7B0I.s 			page 10


 424 02bc 5C030000 		.4byte	.LASF47
 425 02c0 04       		.byte	0x4
 426 02c1 7901     		.2byte	0x179
 427 02c3 83000000 		.4byte	0x83
 428 02c7 08       		.byte	0x8
 429 02c8 0B       		.uleb128 0xb
 430 02c9 06030000 		.4byte	.LASF48
 431 02cd 04       		.byte	0x4
 432 02ce 7E01     		.2byte	0x17e
 433 02d0 58030000 		.4byte	0x358
 434 02d4 0C       		.byte	0xc
 435 02d5 0B       		.uleb128 0xb
 436 02d6 5A020000 		.4byte	.LASF49
 437 02da 04       		.byte	0x4
 438 02db 8301     		.2byte	0x183
 439 02dd 58030000 		.4byte	0x358
 440 02e1 10       		.byte	0x10
 441 02e2 0B       		.uleb128 0xb
 442 02e3 7E040000 		.4byte	.LASF50
 443 02e7 04       		.byte	0x4
 444 02e8 9101     		.2byte	0x191
 445 02ea D2000000 		.4byte	0xd2
 446 02ee 14       		.byte	0x14
 447 02ef 0B       		.uleb128 0xb
 448 02f0 66000000 		.4byte	.LASF51
 449 02f4 04       		.byte	0x4
 450 02f5 9601     		.2byte	0x196
 451 02f7 77000000 		.4byte	0x77
 452 02fb 16       		.byte	0x16
 453 02fc 0B       		.uleb128 0xb
 454 02fd AB030000 		.4byte	.LASF52
 455 0301 04       		.byte	0x4
 456 0302 9B01     		.2byte	0x19b
 457 0304 6B000000 		.4byte	0x6b
 458 0308 18       		.byte	0x18
 459 0309 0B       		.uleb128 0xb
 460 030a 00000000 		.4byte	.LASF53
 461 030e 04       		.byte	0x4
 462 030f A001     		.2byte	0x1a0
 463 0311 CB010000 		.4byte	0x1cb
 464 0315 1A       		.byte	0x1a
 465 0316 0B       		.uleb128 0xb
 466 0317 99030000 		.4byte	.LASF54
 467 031b 04       		.byte	0x4
 468 031c A501     		.2byte	0x1a5
 469 031e 72020000 		.4byte	0x272
 470 0322 2E       		.byte	0x2e
 471 0323 0B       		.uleb128 0xb
 472 0324 53040000 		.4byte	.LASF55
 473 0328 04       		.byte	0x4
 474 0329 AA01     		.2byte	0x1aa
 475 032b 6B000000 		.4byte	0x6b
 476 032f 60       		.byte	0x60
 477 0330 0B       		.uleb128 0xb
 478 0331 F9000000 		.4byte	.LASF56
 479 0335 04       		.byte	0x4
 480 0336 AF01     		.2byte	0x1af
ARM GAS  C:\Users\Sarah\AppData\Local\Temp\ccpg7B0I.s 			page 11


 481 0338 6B000000 		.4byte	0x6b
 482 033c 61       		.byte	0x61
 483 033d 0B       		.uleb128 0xb
 484 033e 63030000 		.4byte	.LASF57
 485 0342 04       		.byte	0x4
 486 0343 B401     		.2byte	0x1b4
 487 0345 77000000 		.4byte	0x77
 488 0349 62       		.byte	0x62
 489 034a 0B       		.uleb128 0xb
 490 034b 09000000 		.4byte	.LASF58
 491 034f 04       		.byte	0x4
 492 0350 B901     		.2byte	0x1b9
 493 0352 98010000 		.4byte	0x198
 494 0356 64       		.byte	0x64
 495 0357 00       		.byte	0
 496 0358 07       		.uleb128 0x7
 497 0359 83000000 		.4byte	0x83
 498 035d 68030000 		.4byte	0x368
 499 0361 08       		.uleb128 0x8
 500 0362 CB000000 		.4byte	0xcb
 501 0366 00       		.byte	0
 502 0367 00       		.byte	0
 503 0368 04       		.uleb128 0x4
 504 0369 CA030000 		.4byte	.LASF59
 505 036d 04       		.byte	0x4
 506 036e BA01     		.2byte	0x1ba
 507 0370 7E020000 		.4byte	0x27e
 508 0374 0E       		.uleb128 0xe
 509 0375 76030000 		.4byte	.LASF69
 510 0379 01       		.byte	0x1
 511 037a 36       		.byte	0x36
 512 037b 5D000000 		.4byte	0x5d
 513 037f 00000000 		.4byte	.LFB37
 514 0383 38000000 		.4byte	.LFE37-.LFB37
 515 0387 01       		.uleb128 0x1
 516 0388 9C       		.byte	0x9c
 517 0389 F0030000 		.4byte	0x3f0
 518 038d 0F       		.uleb128 0xf
 519 038e 08000000 		.4byte	.LVL0
 520 0392 FC030000 		.4byte	0x3fc
 521 0396 10       		.uleb128 0x10
 522 0397 12000000 		.4byte	.LVL1
 523 039b 03040000 		.4byte	0x403
 524 039f B0030000 		.4byte	0x3b0
 525 03a3 11       		.uleb128 0x11
 526 03a4 01       		.uleb128 0x1
 527 03a5 51       		.byte	0x51
 528 03a6 02       		.uleb128 0x2
 529 03a7 08       		.byte	0x8
 530 03a8 68       		.byte	0x68
 531 03a9 11       		.uleb128 0x11
 532 03aa 01       		.uleb128 0x1
 533 03ab 50       		.byte	0x50
 534 03ac 02       		.uleb128 0x2
 535 03ad 08       		.byte	0x8
 536 03ae 68       		.byte	0x68
 537 03af 00       		.byte	0
ARM GAS  C:\Users\Sarah\AppData\Local\Temp\ccpg7B0I.s 			page 12


 538 03b0 0F       		.uleb128 0xf
 539 03b1 16000000 		.4byte	.LVL2
 540 03b5 24040000 		.4byte	0x424
 541 03b9 0F       		.uleb128 0xf
 542 03ba 1A000000 		.4byte	.LVL3
 543 03be 2F040000 		.4byte	0x42f
 544 03c2 0F       		.uleb128 0xf
 545 03c3 1E000000 		.4byte	.LVL4
 546 03c7 3A040000 		.4byte	0x43a
 547 03cb 0F       		.uleb128 0xf
 548 03cc 26000000 		.4byte	.LVL5
 549 03d0 45040000 		.4byte	0x445
 550 03d4 0F       		.uleb128 0xf
 551 03d5 2A000000 		.4byte	.LVL6
 552 03d9 50040000 		.4byte	0x450
 553 03dd 0F       		.uleb128 0xf
 554 03de 2E000000 		.4byte	.LVL7
 555 03e2 5B040000 		.4byte	0x45b
 556 03e6 0F       		.uleb128 0xf
 557 03e7 32000000 		.4byte	.LVL8
 558 03eb 2F040000 		.4byte	0x42f
 559 03ef 00       		.byte	0
 560 03f0 12       		.uleb128 0x12
 561 03f1 27010000 		.4byte	.LASF70
 562 03f5 04       		.byte	0x4
 563 03f6 D603     		.2byte	0x3d6
 564 03f8 68030000 		.4byte	0x368
 565 03fc 13       		.uleb128 0x13
 566 03fd 4E020000 		.4byte	.LASF71
 567 0401 08       		.byte	0x8
 568 0402 6E       		.byte	0x6e
 569 0403 14       		.uleb128 0x14
 570 0404 F0020000 		.4byte	.LASF72
 571 0408 09       		.byte	0x9
 572 0409 A2       		.byte	0xa2
 573 040a 1E040000 		.4byte	0x41e
 574 040e 15       		.uleb128 0x15
 575 040f 83000000 		.4byte	0x83
 576 0413 15       		.uleb128 0x15
 577 0414 83000000 		.4byte	0x83
 578 0418 15       		.uleb128 0x15
 579 0419 1E040000 		.4byte	0x41e
 580 041d 00       		.byte	0
 581 041e 16       		.uleb128 0x16
 582 041f 04       		.byte	0x4
 583 0420 B0000000 		.4byte	0xb0
 584 0424 17       		.uleb128 0x17
 585 0425 CB020000 		.4byte	.LASF60
 586 0429 05       		.byte	0x5
 587 042a 39       		.byte	0x39
 588 042b A4000000 		.4byte	0xa4
 589 042f 17       		.uleb128 0x17
 590 0430 11030000 		.4byte	.LASF61
 591 0434 06       		.byte	0x6
 592 0435 5C       		.byte	0x5c
 593 0436 A4000000 		.4byte	0xa4
 594 043a 17       		.uleb128 0x17
ARM GAS  C:\Users\Sarah\AppData\Local\Temp\ccpg7B0I.s 			page 13


 595 043b 22040000 		.4byte	.LASF62
 596 043f 06       		.byte	0x6
 597 0440 5D       		.byte	0x5d
 598 0441 83000000 		.4byte	0x83
 599 0445 17       		.uleb128 0x17
 600 0446 63040000 		.4byte	.LASF63
 601 044a 05       		.byte	0x5
 602 044b 3D       		.byte	0x3d
 603 044c A4000000 		.4byte	0xa4
 604 0450 17       		.uleb128 0x17
 605 0451 BF000000 		.4byte	.LASF64
 606 0455 07       		.byte	0x7
 607 0456 48       		.byte	0x48
 608 0457 83000000 		.4byte	0x83
 609 045b 18       		.uleb128 0x18
 610 045c A4000000 		.4byte	.LASF65
 611 0460 04       		.byte	0x4
 612 0461 EA03     		.2byte	0x3ea
 613 0463 83000000 		.4byte	0x83
 614 0467 00       		.byte	0
 615              		.section	.debug_abbrev,"",%progbits
 616              	.Ldebug_abbrev0:
 617 0000 01       		.uleb128 0x1
 618 0001 11       		.uleb128 0x11
 619 0002 01       		.byte	0x1
 620 0003 25       		.uleb128 0x25
 621 0004 0E       		.uleb128 0xe
 622 0005 13       		.uleb128 0x13
 623 0006 0B       		.uleb128 0xb
 624 0007 03       		.uleb128 0x3
 625 0008 0E       		.uleb128 0xe
 626 0009 1B       		.uleb128 0x1b
 627 000a 0E       		.uleb128 0xe
 628 000b 55       		.uleb128 0x55
 629 000c 17       		.uleb128 0x17
 630 000d 11       		.uleb128 0x11
 631 000e 01       		.uleb128 0x1
 632 000f 10       		.uleb128 0x10
 633 0010 17       		.uleb128 0x17
 634 0011 00       		.byte	0
 635 0012 00       		.byte	0
 636 0013 02       		.uleb128 0x2
 637 0014 24       		.uleb128 0x24
 638 0015 00       		.byte	0
 639 0016 0B       		.uleb128 0xb
 640 0017 0B       		.uleb128 0xb
 641 0018 3E       		.uleb128 0x3e
 642 0019 0B       		.uleb128 0xb
 643 001a 03       		.uleb128 0x3
 644 001b 0E       		.uleb128 0xe
 645 001c 00       		.byte	0
 646 001d 00       		.byte	0
 647 001e 03       		.uleb128 0x3
 648 001f 24       		.uleb128 0x24
 649 0020 00       		.byte	0
 650 0021 0B       		.uleb128 0xb
 651 0022 0B       		.uleb128 0xb
ARM GAS  C:\Users\Sarah\AppData\Local\Temp\ccpg7B0I.s 			page 14


 652 0023 3E       		.uleb128 0x3e
 653 0024 0B       		.uleb128 0xb
 654 0025 03       		.uleb128 0x3
 655 0026 08       		.uleb128 0x8
 656 0027 00       		.byte	0
 657 0028 00       		.byte	0
 658 0029 04       		.uleb128 0x4
 659 002a 16       		.uleb128 0x16
 660 002b 00       		.byte	0
 661 002c 03       		.uleb128 0x3
 662 002d 0E       		.uleb128 0xe
 663 002e 3A       		.uleb128 0x3a
 664 002f 0B       		.uleb128 0xb
 665 0030 3B       		.uleb128 0x3b
 666 0031 05       		.uleb128 0x5
 667 0032 49       		.uleb128 0x49
 668 0033 13       		.uleb128 0x13
 669 0034 00       		.byte	0
 670 0035 00       		.byte	0
 671 0036 05       		.uleb128 0x5
 672 0037 35       		.uleb128 0x35
 673 0038 00       		.byte	0
 674 0039 49       		.uleb128 0x49
 675 003a 13       		.uleb128 0x13
 676 003b 00       		.byte	0
 677 003c 00       		.byte	0
 678 003d 06       		.uleb128 0x6
 679 003e 16       		.uleb128 0x16
 680 003f 00       		.byte	0
 681 0040 03       		.uleb128 0x3
 682 0041 0E       		.uleb128 0xe
 683 0042 3A       		.uleb128 0x3a
 684 0043 0B       		.uleb128 0xb
 685 0044 3B       		.uleb128 0x3b
 686 0045 0B       		.uleb128 0xb
 687 0046 49       		.uleb128 0x49
 688 0047 13       		.uleb128 0x13
 689 0048 00       		.byte	0
 690 0049 00       		.byte	0
 691 004a 07       		.uleb128 0x7
 692 004b 01       		.uleb128 0x1
 693 004c 01       		.byte	0x1
 694 004d 49       		.uleb128 0x49
 695 004e 13       		.uleb128 0x13
 696 004f 01       		.uleb128 0x1
 697 0050 13       		.uleb128 0x13
 698 0051 00       		.byte	0
 699 0052 00       		.byte	0
 700 0053 08       		.uleb128 0x8
 701 0054 21       		.uleb128 0x21
 702 0055 00       		.byte	0
 703 0056 49       		.uleb128 0x49
 704 0057 13       		.uleb128 0x13
 705 0058 2F       		.uleb128 0x2f
 706 0059 0B       		.uleb128 0xb
 707 005a 00       		.byte	0
 708 005b 00       		.byte	0
ARM GAS  C:\Users\Sarah\AppData\Local\Temp\ccpg7B0I.s 			page 15


 709 005c 09       		.uleb128 0x9
 710 005d 13       		.uleb128 0x13
 711 005e 01       		.byte	0x1
 712 005f 0B       		.uleb128 0xb
 713 0060 0B       		.uleb128 0xb
 714 0061 3A       		.uleb128 0x3a
 715 0062 0B       		.uleb128 0xb
 716 0063 3B       		.uleb128 0x3b
 717 0064 0B       		.uleb128 0xb
 718 0065 01       		.uleb128 0x1
 719 0066 13       		.uleb128 0x13
 720 0067 00       		.byte	0
 721 0068 00       		.byte	0
 722 0069 0A       		.uleb128 0xa
 723 006a 0D       		.uleb128 0xd
 724 006b 00       		.byte	0
 725 006c 03       		.uleb128 0x3
 726 006d 0E       		.uleb128 0xe
 727 006e 3A       		.uleb128 0x3a
 728 006f 0B       		.uleb128 0xb
 729 0070 3B       		.uleb128 0x3b
 730 0071 0B       		.uleb128 0xb
 731 0072 49       		.uleb128 0x49
 732 0073 13       		.uleb128 0x13
 733 0074 38       		.uleb128 0x38
 734 0075 0B       		.uleb128 0xb
 735 0076 00       		.byte	0
 736 0077 00       		.byte	0
 737 0078 0B       		.uleb128 0xb
 738 0079 0D       		.uleb128 0xd
 739 007a 00       		.byte	0
 740 007b 03       		.uleb128 0x3
 741 007c 0E       		.uleb128 0xe
 742 007d 3A       		.uleb128 0x3a
 743 007e 0B       		.uleb128 0xb
 744 007f 3B       		.uleb128 0x3b
 745 0080 05       		.uleb128 0x5
 746 0081 49       		.uleb128 0x49
 747 0082 13       		.uleb128 0x13
 748 0083 38       		.uleb128 0x38
 749 0084 0B       		.uleb128 0xb
 750 0085 00       		.byte	0
 751 0086 00       		.byte	0
 752 0087 0C       		.uleb128 0xc
 753 0088 13       		.uleb128 0x13
 754 0089 01       		.byte	0x1
 755 008a 0B       		.uleb128 0xb
 756 008b 0B       		.uleb128 0xb
 757 008c 3A       		.uleb128 0x3a
 758 008d 0B       		.uleb128 0xb
 759 008e 3B       		.uleb128 0x3b
 760 008f 05       		.uleb128 0x5
 761 0090 01       		.uleb128 0x1
 762 0091 13       		.uleb128 0x13
 763 0092 00       		.byte	0
 764 0093 00       		.byte	0
 765 0094 0D       		.uleb128 0xd
ARM GAS  C:\Users\Sarah\AppData\Local\Temp\ccpg7B0I.s 			page 16


 766 0095 0D       		.uleb128 0xd
 767 0096 00       		.byte	0
 768 0097 03       		.uleb128 0x3
 769 0098 08       		.uleb128 0x8
 770 0099 3A       		.uleb128 0x3a
 771 009a 0B       		.uleb128 0xb
 772 009b 3B       		.uleb128 0x3b
 773 009c 05       		.uleb128 0x5
 774 009d 49       		.uleb128 0x49
 775 009e 13       		.uleb128 0x13
 776 009f 38       		.uleb128 0x38
 777 00a0 0B       		.uleb128 0xb
 778 00a1 00       		.byte	0
 779 00a2 00       		.byte	0
 780 00a3 0E       		.uleb128 0xe
 781 00a4 2E       		.uleb128 0x2e
 782 00a5 01       		.byte	0x1
 783 00a6 3F       		.uleb128 0x3f
 784 00a7 19       		.uleb128 0x19
 785 00a8 03       		.uleb128 0x3
 786 00a9 0E       		.uleb128 0xe
 787 00aa 3A       		.uleb128 0x3a
 788 00ab 0B       		.uleb128 0xb
 789 00ac 3B       		.uleb128 0x3b
 790 00ad 0B       		.uleb128 0xb
 791 00ae 49       		.uleb128 0x49
 792 00af 13       		.uleb128 0x13
 793 00b0 11       		.uleb128 0x11
 794 00b1 01       		.uleb128 0x1
 795 00b2 12       		.uleb128 0x12
 796 00b3 06       		.uleb128 0x6
 797 00b4 40       		.uleb128 0x40
 798 00b5 18       		.uleb128 0x18
 799 00b6 9742     		.uleb128 0x2117
 800 00b8 19       		.uleb128 0x19
 801 00b9 01       		.uleb128 0x1
 802 00ba 13       		.uleb128 0x13
 803 00bb 00       		.byte	0
 804 00bc 00       		.byte	0
 805 00bd 0F       		.uleb128 0xf
 806 00be 898201   		.uleb128 0x4109
 807 00c1 00       		.byte	0
 808 00c2 11       		.uleb128 0x11
 809 00c3 01       		.uleb128 0x1
 810 00c4 31       		.uleb128 0x31
 811 00c5 13       		.uleb128 0x13
 812 00c6 00       		.byte	0
 813 00c7 00       		.byte	0
 814 00c8 10       		.uleb128 0x10
 815 00c9 898201   		.uleb128 0x4109
 816 00cc 01       		.byte	0x1
 817 00cd 11       		.uleb128 0x11
 818 00ce 01       		.uleb128 0x1
 819 00cf 31       		.uleb128 0x31
 820 00d0 13       		.uleb128 0x13
 821 00d1 01       		.uleb128 0x1
 822 00d2 13       		.uleb128 0x13
ARM GAS  C:\Users\Sarah\AppData\Local\Temp\ccpg7B0I.s 			page 17


 823 00d3 00       		.byte	0
 824 00d4 00       		.byte	0
 825 00d5 11       		.uleb128 0x11
 826 00d6 8A8201   		.uleb128 0x410a
 827 00d9 00       		.byte	0
 828 00da 02       		.uleb128 0x2
 829 00db 18       		.uleb128 0x18
 830 00dc 9142     		.uleb128 0x2111
 831 00de 18       		.uleb128 0x18
 832 00df 00       		.byte	0
 833 00e0 00       		.byte	0
 834 00e1 12       		.uleb128 0x12
 835 00e2 34       		.uleb128 0x34
 836 00e3 00       		.byte	0
 837 00e4 03       		.uleb128 0x3
 838 00e5 0E       		.uleb128 0xe
 839 00e6 3A       		.uleb128 0x3a
 840 00e7 0B       		.uleb128 0xb
 841 00e8 3B       		.uleb128 0x3b
 842 00e9 05       		.uleb128 0x5
 843 00ea 49       		.uleb128 0x49
 844 00eb 13       		.uleb128 0x13
 845 00ec 3F       		.uleb128 0x3f
 846 00ed 19       		.uleb128 0x19
 847 00ee 3C       		.uleb128 0x3c
 848 00ef 19       		.uleb128 0x19
 849 00f0 00       		.byte	0
 850 00f1 00       		.byte	0
 851 00f2 13       		.uleb128 0x13
 852 00f3 2E       		.uleb128 0x2e
 853 00f4 00       		.byte	0
 854 00f5 3F       		.uleb128 0x3f
 855 00f6 19       		.uleb128 0x19
 856 00f7 03       		.uleb128 0x3
 857 00f8 0E       		.uleb128 0xe
 858 00f9 3A       		.uleb128 0x3a
 859 00fa 0B       		.uleb128 0xb
 860 00fb 3B       		.uleb128 0x3b
 861 00fc 0B       		.uleb128 0xb
 862 00fd 27       		.uleb128 0x27
 863 00fe 19       		.uleb128 0x19
 864 00ff 3C       		.uleb128 0x3c
 865 0100 19       		.uleb128 0x19
 866 0101 00       		.byte	0
 867 0102 00       		.byte	0
 868 0103 14       		.uleb128 0x14
 869 0104 2E       		.uleb128 0x2e
 870 0105 01       		.byte	0x1
 871 0106 3F       		.uleb128 0x3f
 872 0107 19       		.uleb128 0x19
 873 0108 03       		.uleb128 0x3
 874 0109 0E       		.uleb128 0xe
 875 010a 3A       		.uleb128 0x3a
 876 010b 0B       		.uleb128 0xb
 877 010c 3B       		.uleb128 0x3b
 878 010d 0B       		.uleb128 0xb
 879 010e 27       		.uleb128 0x27
ARM GAS  C:\Users\Sarah\AppData\Local\Temp\ccpg7B0I.s 			page 18


 880 010f 19       		.uleb128 0x19
 881 0110 3C       		.uleb128 0x3c
 882 0111 19       		.uleb128 0x19
 883 0112 01       		.uleb128 0x1
 884 0113 13       		.uleb128 0x13
 885 0114 00       		.byte	0
 886 0115 00       		.byte	0
 887 0116 15       		.uleb128 0x15
 888 0117 05       		.uleb128 0x5
 889 0118 00       		.byte	0
 890 0119 49       		.uleb128 0x49
 891 011a 13       		.uleb128 0x13
 892 011b 00       		.byte	0
 893 011c 00       		.byte	0
 894 011d 16       		.uleb128 0x16
 895 011e 0F       		.uleb128 0xf
 896 011f 00       		.byte	0
 897 0120 0B       		.uleb128 0xb
 898 0121 0B       		.uleb128 0xb
 899 0122 49       		.uleb128 0x49
 900 0123 13       		.uleb128 0x13
 901 0124 00       		.byte	0
 902 0125 00       		.byte	0
 903 0126 17       		.uleb128 0x17
 904 0127 2E       		.uleb128 0x2e
 905 0128 00       		.byte	0
 906 0129 3F       		.uleb128 0x3f
 907 012a 19       		.uleb128 0x19
 908 012b 03       		.uleb128 0x3
 909 012c 0E       		.uleb128 0xe
 910 012d 3A       		.uleb128 0x3a
 911 012e 0B       		.uleb128 0xb
 912 012f 3B       		.uleb128 0x3b
 913 0130 0B       		.uleb128 0xb
 914 0131 27       		.uleb128 0x27
 915 0132 19       		.uleb128 0x19
 916 0133 49       		.uleb128 0x49
 917 0134 13       		.uleb128 0x13
 918 0135 3C       		.uleb128 0x3c
 919 0136 19       		.uleb128 0x19
 920 0137 00       		.byte	0
 921 0138 00       		.byte	0
 922 0139 18       		.uleb128 0x18
 923 013a 2E       		.uleb128 0x2e
 924 013b 00       		.byte	0
 925 013c 3F       		.uleb128 0x3f
 926 013d 19       		.uleb128 0x19
 927 013e 03       		.uleb128 0x3
 928 013f 0E       		.uleb128 0xe
 929 0140 3A       		.uleb128 0x3a
 930 0141 0B       		.uleb128 0xb
 931 0142 3B       		.uleb128 0x3b
 932 0143 05       		.uleb128 0x5
 933 0144 27       		.uleb128 0x27
 934 0145 19       		.uleb128 0x19
 935 0146 49       		.uleb128 0x49
 936 0147 13       		.uleb128 0x13
ARM GAS  C:\Users\Sarah\AppData\Local\Temp\ccpg7B0I.s 			page 19


 937 0148 3C       		.uleb128 0x3c
 938 0149 19       		.uleb128 0x19
 939 014a 00       		.byte	0
 940 014b 00       		.byte	0
 941 014c 00       		.byte	0
 942              		.section	.debug_aranges,"",%progbits
 943 0000 1C000000 		.4byte	0x1c
 944 0004 0200     		.2byte	0x2
 945 0006 00000000 		.4byte	.Ldebug_info0
 946 000a 04       		.byte	0x4
 947 000b 00       		.byte	0
 948 000c 0000     		.2byte	0
 949 000e 0000     		.2byte	0
 950 0010 00000000 		.4byte	.LFB37
 951 0014 38000000 		.4byte	.LFE37-.LFB37
 952 0018 00000000 		.4byte	0
 953 001c 00000000 		.4byte	0
 954              		.section	.debug_ranges,"",%progbits
 955              	.Ldebug_ranges0:
 956 0000 00000000 		.4byte	.LFB37
 957 0004 38000000 		.4byte	.LFE37
 958 0008 00000000 		.4byte	0
 959 000c 00000000 		.4byte	0
 960              		.section	.debug_line,"",%progbits
 961              	.Ldebug_line0:
 962 0000 F0000000 		.section	.debug_str,"MS",%progbits,1
 962      0200D100 
 962      00000201 
 962      FB0E0D00 
 962      01010101 
 963              	.LASF53:
 964 0000 77646774 		.ascii	"wdgtList\000"
 964      4C697374 
 964      00
 965              	.LASF58:
 966 0009 736E7254 		.ascii	"snrTestRawCount\000"
 966      65737452 
 966      6177436F 
 966      756E7400 
 967              	.LASF36:
 968 0019 62736C6E 		.ascii	"bsln\000"
 968      00
 969              	.LASF25:
 970 001e 6C6F7742 		.ascii	"lowBslnRst\000"
 970      736C6E52 
 970      737400
 971              	.LASF38:
 972 0029 64696666 		.ascii	"diff\000"
 972      00
 973              	.LASF27:
 974 002e 69646163 		.ascii	"idacMod\000"
 974      4D6F6400 
 975              	.LASF2:
 976 0036 73686F72 		.ascii	"short int\000"
 976      7420696E 
 976      7400
 977              	.LASF24:
ARM GAS  C:\Users\Sarah\AppData\Local\Temp\ccpg7B0I.s 			page 20


 978 0040 6F6E4465 		.ascii	"onDebounce\000"
 978      626F756E 
 978      636500
 979              	.LASF18:
 980 004b 73697A65 		.ascii	"sizetype\000"
 980      74797065 
 980      00
 981              	.LASF43:
 982 0054 636F6E66 		.ascii	"configId\000"
 982      69674964 
 982      00
 983              	.LASF40:
 984 005d 69646163 		.ascii	"idacComp\000"
 984      436F6D70 
 984      00
 985              	.LASF51:
 986 0066 63736430 		.ascii	"csd0Config\000"
 986      436F6E66 
 986      696700
 987              	.LASF6:
 988 0071 6C6F6E67 		.ascii	"long long int\000"
 988      206C6F6E 
 988      6720696E 
 988      7400
 989              	.LASF29:
 990 007f 736E7343 		.ascii	"snsClkSource\000"
 990      6C6B536F 
 990      75726365 
 990      00
 991              	.LASF21:
 992 008c 6E6F6973 		.ascii	"noiseTh\000"
 992      65546800 
 993              	.LASF44:
 994 0094 64657669 		.ascii	"deviceId\000"
 994      63654964 
 994      00
 995              	.LASF10:
 996 009d 75696E74 		.ascii	"uint16\000"
 996      313600
 997              	.LASF65:
 998 00a4 43617053 		.ascii	"CapSense_IsAnyWidgetActive\000"
 998      656E7365 
 998      5F497341 
 998      6E795769 
 998      64676574 
 999              	.LASF64:
 1000 00bf 43617053 		.ascii	"CapSense_RunTuner\000"
 1000      656E7365 
 1000      5F52756E 
 1000      54756E65 
 1000      7200
 1001              	.LASF9:
 1002 00d1 75696E74 		.ascii	"uint8\000"
 1002      3800
 1003              	.LASF12:
 1004 00d7 666C6F61 		.ascii	"float\000"
 1004      7400
ARM GAS  C:\Users\Sarah\AppData\Local\Temp\ccpg7B0I.s 			page 21


 1005              	.LASF35:
 1006 00dd 43617053 		.ascii	"CapSense_RAM_WD_LIST_STRUCT\000"
 1006      656E7365 
 1006      5F52414D 
 1006      5F57445F 
 1006      4C495354 
 1007              	.LASF56:
 1008 00f9 736E7254 		.ascii	"snrTestSensorId\000"
 1008      65737453 
 1008      656E736F 
 1008      72496400 
 1009              	.LASF14:
 1010 0109 63686172 		.ascii	"char\000"
 1010      00
 1011              	.LASF4:
 1012 010e 6C6F6E67 		.ascii	"long int\000"
 1012      20696E74 
 1012      00
 1013              	.LASF20:
 1014 0117 66696E67 		.ascii	"fingerTh\000"
 1014      65725468 
 1014      00
 1015              	.LASF28:
 1016 0120 736E7343 		.ascii	"snsClk\000"
 1016      6C6B00
 1017              	.LASF70:
 1018 0127 43617053 		.ascii	"CapSense_dsRam\000"
 1018      656E7365 
 1018      5F647352 
 1018      616D00
 1019              	.LASF68:
 1020 0136 433A5C55 		.ascii	"C:\\Users\\Sarah\\Documents\\PSoC Creator\\CE210289"
 1020      73657273 
 1020      5C536172 
 1020      61685C44 
 1020      6F63756D 
 1021 0164 5F436170 		.ascii	"_CapSense_P4_Linear_Slider01\\CE210289_CapSense_P4_"
 1021      53656E73 
 1021      655F5034 
 1021      5F4C696E 
 1021      6561725F 
 1022 0196 4C696E65 		.ascii	"Linear_Slider01.cydsn\000"
 1022      61725F53 
 1022      6C696465 
 1022      7230312E 
 1022      63796473 
 1023              	.LASF66:
 1024 01ac 474E5520 		.ascii	"GNU C 4.9.3 20150303 (release) [ARM/embedded-4_9-br"
 1024      4320342E 
 1024      392E3320 
 1024      32303135 
 1024      30333033 
 1025 01df 616E6368 		.ascii	"anch revision 221220] -mcpu=cortex-m0 -mthumb -g -O"
 1025      20726576 
 1025      6973696F 
 1025      6E203232 
 1025      31323230 
ARM GAS  C:\Users\Sarah\AppData\Local\Temp\ccpg7B0I.s 			page 22


 1026 0212 67202D66 		.ascii	"g -ffunction-sections -ffat-lto-objects\000"
 1026      66756E63 
 1026      74696F6E 
 1026      2D736563 
 1026      74696F6E 
 1027              	.LASF23:
 1028 023a 68797374 		.ascii	"hysteresis\000"
 1028      65726573 
 1028      697300
 1029              	.LASF45:
 1030 0245 74756E65 		.ascii	"tunerCmd\000"
 1030      72436D64 
 1030      00
 1031              	.LASF71:
 1032 024e 455A4932 		.ascii	"EZI2C_Start\000"
 1032      435F5374 
 1032      61727400 
 1033              	.LASF49:
 1034 025a 77646774 		.ascii	"wdgtStatus\000"
 1034      53746174 
 1034      757300
 1035              	.LASF1:
 1036 0265 756E7369 		.ascii	"unsigned char\000"
 1036      676E6564 
 1036      20636861 
 1036      7200
 1037              	.LASF16:
 1038 0273 43617053 		.ascii	"CapSense_THRESHOLD_TYPE\000"
 1038      656E7365 
 1038      5F544852 
 1038      4553484F 
 1038      4C445F54 
 1039              	.LASF0:
 1040 028b 7369676E 		.ascii	"signed char\000"
 1040      65642063 
 1040      68617200 
 1041              	.LASF42:
 1042 0297 43617053 		.ascii	"CapSense_RAM_SNS_LIST_STRUCT\000"
 1042      656E7365 
 1042      5F52414D 
 1042      5F534E53 
 1042      5F4C4953 
 1043              	.LASF7:
 1044 02b4 6C6F6E67 		.ascii	"long long unsigned int\000"
 1044      206C6F6E 
 1044      6720756E 
 1044      7369676E 
 1044      65642069 
 1045              	.LASF60:
 1046 02cb 43617053 		.ascii	"CapSense_Start\000"
 1046      656E7365 
 1046      5F537461 
 1046      727400
 1047              	.LASF8:
 1048 02da 756E7369 		.ascii	"unsigned int\000"
 1048      676E6564 
 1048      20696E74 
ARM GAS  C:\Users\Sarah\AppData\Local\Temp\ccpg7B0I.s 			page 23


 1048      00
 1049              	.LASF15:
 1050 02e7 63797374 		.ascii	"cystatus\000"
 1050      61747573 
 1050      00
 1051              	.LASF72:
 1052 02f0 455A4932 		.ascii	"EZI2C_EzI2CSetBuffer1\000"
 1052      435F457A 
 1052      49324353 
 1052      65744275 
 1052      66666572 
 1053              	.LASF48:
 1054 0306 77646774 		.ascii	"wdgtEnable\000"
 1054      456E6162 
 1054      6C6500
 1055              	.LASF61:
 1056 0311 43617053 		.ascii	"CapSense_ScanAllWidgets\000"
 1056      656E7365 
 1056      5F536361 
 1056      6E416C6C 
 1056      57696467 
 1057              	.LASF41:
 1058 0329 43617053 		.ascii	"CapSense_RAM_SNS_STRUCT\000"
 1058      656E7365 
 1058      5F52414D 
 1058      5F534E53 
 1058      5F535452 
 1059              	.LASF17:
 1060 0341 43617053 		.ascii	"CapSense_LOW_BSLN_RST_TYPE\000"
 1060      656E7365 
 1060      5F4C4F57 
 1060      5F42534C 
 1060      4E5F5253 
 1061              	.LASF47:
 1062 035c 73746174 		.ascii	"status\000"
 1062      757300
 1063              	.LASF57:
 1064 0363 736E7254 		.ascii	"snrTestScanCounter\000"
 1064      65737453 
 1064      63616E43 
 1064      6F756E74 
 1064      657200
 1065              	.LASF69:
 1066 0376 6D61696E 		.ascii	"main\000"
 1066      00
 1067              	.LASF19:
 1068 037b 7265736F 		.ascii	"resolution\000"
 1068      6C757469 
 1068      6F6E00
 1069              	.LASF3:
 1070 0386 73686F72 		.ascii	"short unsigned int\000"
 1070      7420756E 
 1070      7369676E 
 1070      65642069 
 1070      6E7400
 1071              	.LASF54:
 1072 0399 736E734C 		.ascii	"snsList\000"
ARM GAS  C:\Users\Sarah\AppData\Local\Temp\ccpg7B0I.s 			page 24


 1072      69737400 
 1073              	.LASF26:
 1074 03a1 62736C6E 		.ascii	"bslnCoeff\000"
 1074      436F6566 
 1074      6600
 1075              	.LASF52:
 1076 03ab 6D6F6443 		.ascii	"modCsdClk\000"
 1076      7364436C 
 1076      6B00
 1077              	.LASF46:
 1078 03b5 7363616E 		.ascii	"scanCounter\000"
 1078      436F756E 
 1078      74657200 
 1079              	.LASF22:
 1080 03c1 6E4E6F69 		.ascii	"nNoiseTh\000"
 1080      73655468 
 1080      00
 1081              	.LASF59:
 1082 03ca 43617053 		.ascii	"CapSense_RAM_STRUCT\000"
 1082      656E7365 
 1082      5F52414D 
 1082      5F535452 
 1082      55435400 
 1083              	.LASF31:
 1084 03de 73696750 		.ascii	"sigPFC\000"
 1084      464300
 1085              	.LASF11:
 1086 03e5 75696E74 		.ascii	"uint32\000"
 1086      333200
 1087              	.LASF67:
 1088 03ec 6D61696E 		.ascii	"main.c\000"
 1088      2E6300
 1089              	.LASF5:
 1090 03f3 6C6F6E67 		.ascii	"long unsigned int\000"
 1090      20756E73 
 1090      69676E65 
 1090      6420696E 
 1090      7400
 1091              	.LASF13:
 1092 0405 646F7562 		.ascii	"double\000"
 1092      6C6500
 1093              	.LASF37:
 1094 040c 62736C6E 		.ascii	"bslnExt\000"
 1094      45787400 
 1095              	.LASF39:
 1096 0414 6E656742 		.ascii	"negBslnRstCnt\000"
 1096      736C6E52 
 1096      7374436E 
 1096      7400
 1097              	.LASF62:
 1098 0422 43617053 		.ascii	"CapSense_IsBusy\000"
 1098      656E7365 
 1098      5F497342 
 1098      75737900 
 1099              	.LASF30:
 1100 0432 66696E67 		.ascii	"fingerCap\000"
 1100      65724361 
ARM GAS  C:\Users\Sarah\AppData\Local\Temp\ccpg7B0I.s 			page 25


 1100      7000
 1101              	.LASF34:
 1102 043c 6C696E65 		.ascii	"linearslider0\000"
 1102      6172736C 
 1102      69646572 
 1102      3000
 1103              	.LASF32:
 1104 044a 706F7369 		.ascii	"position\000"
 1104      74696F6E 
 1104      00
 1105              	.LASF55:
 1106 0453 736E7254 		.ascii	"snrTestWidgetId\000"
 1106      65737457 
 1106      69646765 
 1106      74496400 
 1107              	.LASF63:
 1108 0463 43617053 		.ascii	"CapSense_ProcessAllWidgets\000"
 1108      656E7365 
 1108      5F50726F 
 1108      63657373 
 1108      416C6C57 
 1109              	.LASF50:
 1110 047e 736E7353 		.ascii	"snsStatus\000"
 1110      74617475 
 1110      7300
 1111              	.LASF33:
 1112 0488 43617053 		.ascii	"CapSense_RAM_WD_SLIDER_STRUCT\000"
 1112      656E7365 
 1112      5F52414D 
 1112      5F57445F 
 1112      534C4944 
 1113              		.ident	"GCC: (GNU Tools for ARM Embedded Processors) 4.9.3 20150303 (release) [ARM/embedded-4_9-br
