--------------- Build Started: 04/13/2017 17:45:25 Project: PSoC_4_BLE_CapSense_Slider_LED, Configuration: ARM GCC 4.9-2015-q1-update Debug ---------------
cydsfit.exe -.appdatapath "C:\Users\Sarah\AppData\Local\Cypress Semiconductor\PSoC Creator\4.0" -.fdsnotice -.fdswarpdepfile=warp_dependencies.txt -.fdselabdepfile=elab_dependencies.txt -.fdsbldfile=generated_files.txt -.fdsreffile=referenced_files.txt -p "C:\Users\Sarah\Documents\PSoC Creator\CE210289_CapSense_P4_Linear_Slider01\PSoC_4_BLE_CapSense_Slider_LED\PSoC_4_BLE_CapSense_Slider_LED.cydsn\PSoC_4_BLE_CapSense_Slider_LED.cyprj" -d CY8C4248LQI-BL583 -s "C:\Users\Sarah\Documents\PSoC Creator\CE210289_CapSense_P4_Linear_Slider01\PSoC_4_BLE_CapSense_Slider_LED\PSoC_4_BLE_CapSense_Slider_LED.cydsn\Generated_Source\PSoC4" -- -yv2 -q10 -ygs -o2 -v3 -.fftcfgtype=LE
Elaborating Design...
HDL Generation...
Synthesis...
Tech Mapping...
Analog Placement...
Analog Routing...
Analog Code Generation...
Digital Placement...
Digital Routing...
Bitstream Generation...
Bitstream Verification...
Static timing analysis...
API Generation...
Dependency Generation...
Cleanup...
arm-none-eabi-gcc.exe -mcpu=cortex-m0 -mthumb -I. -IGenerated_Source\PSoC4 -Wa,-alh=.\CortexM0\ARM_GCC_493\Debug/BLEApplications.lst -g -D DEBUG -Wall -ffunction-sections -O0 -ffat-lto-objects -c BLEApplications.c -o .\CortexM0\ARM_GCC_493\Debug\BLEApplications.o
arm-none-eabi-ar.exe -rs .\CortexM0\ARM_GCC_493\Debug\PSoC_4_BLE_CapSense_Slider_LED.a .\CortexM0\ARM_GCC_493\Debug\cyfitter_cfg.o .\CortexM0\ARM_GCC_493\Debug\CapSense.o .\CortexM0\ARM_GCC_493\Debug\CapSense_PM.o .\CortexM0\ARM_GCC_493\Debug\CapSense_CSHL.o .\CortexM0\ARM_GCC_493\Debug\CapSense_INT.o .\CortexM0\ARM_GCC_493\Debug\CapSense_TunerHelper.o .\CortexM0\ARM_GCC_493\Debug\CapSense_SMS.o .\CortexM0\ARM_GCC_493\Debug\BLE.o .\CortexM0\ARM_GCC_493\Debug\BLE_gatt.o .\CortexM0\ARM_GCC_493\Debug\BLE_eventHandler.o .\CortexM0\ARM_GCC_493\Debug\BLE_HAL_INT.o .\CortexM0\ARM_GCC_493\Debug\BLE_HAL_PVT.o .\CortexM0\ARM_GCC_493\Debug\BLE_custom.o .\CortexM0\ARM_GCC_493\Debug\PrISM_1.o .\CortexM0\ARM_GCC_493\Debug\PrISM_1_PM.o .\CortexM0\ARM_GCC_493\Debug\PrISM_2.o .\CortexM0\ARM_GCC_493\Debug\PrISM_2_PM.o .\CortexM0\ARM_GCC_493\Debug\PrISM_Clock.o .\CortexM0\ARM_GCC_493\Debug\BLUE.o .\CortexM0\ARM_GCC_493\Debug\BLUE_PM.o .\CortexM0\ARM_GCC_493\Debug\RED.o .\CortexM0\ARM_GCC_493\Debug\RED_PM.o .\CortexM0\ARM_GCC_493\Debug\GREEN.o .\CortexM0\ARM_GCC_493\Debug\GREEN_PM.o .\CortexM0\ARM_GCC_493\Debug\User_Button.o .\CortexM0\ARM_GCC_493\Debug\User_Button_PM.o .\CortexM0\ARM_GCC_493\Debug\isr_button.o .\CortexM0\ARM_GCC_493\Debug\CapSense_SampleClk.o .\CortexM0\ARM_GCC_493\Debug\CapSense_SenseClk.o .\CortexM0\ARM_GCC_493\Debug\BLE_bless_isr.o .\CortexM0\ARM_GCC_493\Debug\CyFlash.o .\CortexM0\ARM_GCC_493\Debug\CyLib.o .\CortexM0\ARM_GCC_493\Debug\cyPm.o .\CortexM0\ARM_GCC_493\Debug\cyutils.o .\CortexM0\ARM_GCC_493\Debug\CyDMA.o .\CortexM0\ARM_GCC_493\Debug\CyLFClk.o .\CortexM0\ARM_GCC_493\Debug\CyBootAsmGnu.o
arm-none-eabi-ar.exe: creating .\CortexM0\ARM_GCC_493\Debug\PSoC_4_BLE_CapSense_Slider_LED.a
arm-none-eabi-gcc.exe -Wl,--start-group -o .\CortexM0\ARM_GCC_493\Debug\PSoC_4_BLE_CapSense_Slider_LED.elf .\CortexM0\ARM_GCC_493\Debug\main.o .\CortexM0\ARM_GCC_493\Debug\BLEApplications.o .\CortexM0\ARM_GCC_493\Debug\HandleLowPower.o .\CortexM0\ARM_GCC_493\Debug\cymetadata.o .\CortexM0\ARM_GCC_493\Debug\Cm0Start.o .\CortexM0\ARM_GCC_493\Debug\PSoC_4_BLE_CapSense_Slider_LED.a "C:\Program Files (x86)\Cypress\PSoC Creator\4.0\PSoC Creator\psoc\content\cycomponentlibrary\CyComponentLibrary.cylib\BLE_v3_10\Library\gccCyBLEStack_BLE_SOC_PERIPHERAL.a" "C:\Program Files (x86)\Cypress\PSoC Creator\4.0\PSoC Creator\psoc\content\cycomponentlibrary\CyComponentLibrary.cylib\CapSense_CSD_P4_v2_40\PSoC4\Library\CapsenseP4Library_GCC.a" "C:\Program Files (x86)\Cypress\PSoC Creator\4.0\PSoC Creator\psoc\content\cycomponentlibrary\CyComponentLibrary.cylib\CortexM0\ARM_GCC_493\Debug\CyComponentLibrary.a" -mcpu=cortex-m0 -mthumb -g -ffunction-sections -O0 -ffat-lto-objects -L Generated_Source\PSoC4 -Wl,-Map,.\CortexM0\ARM_GCC_493\Debug/PSoC_4_BLE_CapSense_Slider_LED.map -T "C:\Users\Sarah\Documents\PSoC Creator\CE210289_CapSense_P4_Linear_Slider01\PSoC_4_BLE_CapSense_Slider_LED\PSoC_4_BLE_CapSense_Slider_LED.cydsn\Generated_Source\PSoC4\cm0gcc.ld" -specs=nano.specs -Wl,--gc-sections -Wl,--end-group
cyelftool.exe -C "C:\Users\Sarah\Documents\PSoC Creator\CE210289_CapSense_P4_Linear_Slider01\PSoC_4_BLE_CapSense_Slider_LED\PSoC_4_BLE_CapSense_Slider_LED.cydsn\CortexM0\ARM_GCC_493\Debug\PSoC_4_BLE_CapSense_Slider_LED.elf" --flash_row_size 256 --flash_size 262144
cyelftool.exe -S "C:\Users\Sarah\Documents\PSoC Creator\CE210289_CapSense_P4_Linear_Slider01\PSoC_4_BLE_CapSense_Slider_LED\PSoC_4_BLE_CapSense_Slider_LED.cydsn\CortexM0\ARM_GCC_493\Debug\PSoC_4_BLE_CapSense_Slider_LED.elf"
Flash used: 93219 of 262144 bytes (35.6 %).
SRAM used: 10904 of 32768 bytes (33.3 %). Stack: 2048 bytes. Heap: 0 bytes.
--------------- Build Succeeded: 04/13/2017 17:45:39 ---------------
