ARM GAS  C:\Users\Sarah\AppData\Local\Temp\ccZ2kNjI.s 			page 1


   1              		.cpu cortex-m0
   2              		.fpu softvfp
   3              		.eabi_attribute 20, 1
   4              		.eabi_attribute 21, 1
   5              		.eabi_attribute 23, 3
   6              		.eabi_attribute 24, 1
   7              		.eabi_attribute 25, 1
   8              		.eabi_attribute 26, 1
   9              		.eabi_attribute 30, 1
  10              		.eabi_attribute 34, 0
  11              		.eabi_attribute 18, 4
  12              		.code	16
  13              		.file	"cyfitter_cfg.c"
  14              		.text
  15              	.Ltext0:
  16              		.cfi_sections	.debug_frame
  17              		.section	.text.AnalogSetDefault,"ax",%progbits
  18              		.align	2
  19              		.code	16
  20              		.thumb_func
  21              		.type	AnalogSetDefault, %function
  22              	AnalogSetDefault:
  23              	.LFB6:
  24              		.file 1 "Generated_Source\\PSoC4\\cyfitter_cfg.c"
   1:Generated_Source\PSoC4/cyfitter_cfg.c **** /*******************************************************************************
   2:Generated_Source\PSoC4/cyfitter_cfg.c **** * File Name: cyfitter_cfg.c
   3:Generated_Source\PSoC4/cyfitter_cfg.c **** * 
   4:Generated_Source\PSoC4/cyfitter_cfg.c **** * PSoC Creator  4.0 Update 1
   5:Generated_Source\PSoC4/cyfitter_cfg.c **** *
   6:Generated_Source\PSoC4/cyfitter_cfg.c **** * Description:
   7:Generated_Source\PSoC4/cyfitter_cfg.c **** * This file contains device initialization code.
   8:Generated_Source\PSoC4/cyfitter_cfg.c **** * Except for the user defined sections in CyClockStartupError(), this file should not be modified.
   9:Generated_Source\PSoC4/cyfitter_cfg.c **** * This file is automatically generated by PSoC Creator.
  10:Generated_Source\PSoC4/cyfitter_cfg.c **** *
  11:Generated_Source\PSoC4/cyfitter_cfg.c **** ********************************************************************************
  12:Generated_Source\PSoC4/cyfitter_cfg.c **** * Copyright (c) 2007-2016 Cypress Semiconductor.  All rights reserved.
  13:Generated_Source\PSoC4/cyfitter_cfg.c **** * You may use this file only in accordance with the license, terms, conditions, 
  14:Generated_Source\PSoC4/cyfitter_cfg.c **** * disclaimers, and limitations in the end user license agreement accompanying 
  15:Generated_Source\PSoC4/cyfitter_cfg.c **** * the software package with which this file was provided.
  16:Generated_Source\PSoC4/cyfitter_cfg.c **** ********************************************************************************/
  17:Generated_Source\PSoC4/cyfitter_cfg.c **** 
  18:Generated_Source\PSoC4/cyfitter_cfg.c **** #include <string.h>
  19:Generated_Source\PSoC4/cyfitter_cfg.c **** #include "cytypes.h"
  20:Generated_Source\PSoC4/cyfitter_cfg.c **** #include "cydevice_trm.h"
  21:Generated_Source\PSoC4/cyfitter_cfg.c **** #include "cyfitter.h"
  22:Generated_Source\PSoC4/cyfitter_cfg.c **** #include "CyLib.h"
  23:Generated_Source\PSoC4/cyfitter_cfg.c **** #include "CyLFClk.h"
  24:Generated_Source\PSoC4/cyfitter_cfg.c **** #include "cyfitter_cfg.h"
  25:Generated_Source\PSoC4/cyfitter_cfg.c **** #include "cyapicallbacks.h"
  26:Generated_Source\PSoC4/cyfitter_cfg.c **** 
  27:Generated_Source\PSoC4/cyfitter_cfg.c **** 
  28:Generated_Source\PSoC4/cyfitter_cfg.c **** #if defined(__GNUC__) || defined(__ARMCC_VERSION)
  29:Generated_Source\PSoC4/cyfitter_cfg.c ****     #define CYPACKED 
  30:Generated_Source\PSoC4/cyfitter_cfg.c ****     #define CYPACKED_ATTR __attribute__ ((packed))
  31:Generated_Source\PSoC4/cyfitter_cfg.c ****     #define CYALIGNED __attribute__ ((aligned))
  32:Generated_Source\PSoC4/cyfitter_cfg.c ****     #define CY_CFG_UNUSED __attribute__ ((unused))
  33:Generated_Source\PSoC4/cyfitter_cfg.c ****     #ifndef CY_CFG_SECTION
ARM GAS  C:\Users\Sarah\AppData\Local\Temp\ccZ2kNjI.s 			page 2


  34:Generated_Source\PSoC4/cyfitter_cfg.c ****         #define CY_CFG_SECTION __attribute__ ((section(".psocinit")))
  35:Generated_Source\PSoC4/cyfitter_cfg.c ****     #endif
  36:Generated_Source\PSoC4/cyfitter_cfg.c ****     
  37:Generated_Source\PSoC4/cyfitter_cfg.c ****     #if defined(__ARMCC_VERSION)
  38:Generated_Source\PSoC4/cyfitter_cfg.c ****         #define CY_CFG_MEMORY_BARRIER() __memory_changed()
  39:Generated_Source\PSoC4/cyfitter_cfg.c ****     #else
  40:Generated_Source\PSoC4/cyfitter_cfg.c ****         #define CY_CFG_MEMORY_BARRIER() __sync_synchronize()
  41:Generated_Source\PSoC4/cyfitter_cfg.c ****     #endif
  42:Generated_Source\PSoC4/cyfitter_cfg.c ****     
  43:Generated_Source\PSoC4/cyfitter_cfg.c **** #elif defined(__ICCARM__)
  44:Generated_Source\PSoC4/cyfitter_cfg.c ****     #include <intrinsics.h>
  45:Generated_Source\PSoC4/cyfitter_cfg.c **** 
  46:Generated_Source\PSoC4/cyfitter_cfg.c ****     #define CYPACKED __packed
  47:Generated_Source\PSoC4/cyfitter_cfg.c ****     #define CYPACKED_ATTR 
  48:Generated_Source\PSoC4/cyfitter_cfg.c ****     #define CYALIGNED _Pragma("data_alignment=4")
  49:Generated_Source\PSoC4/cyfitter_cfg.c ****     #define CY_CFG_UNUSED _Pragma("diag_suppress=Pe177")
  50:Generated_Source\PSoC4/cyfitter_cfg.c ****     #define CY_CFG_SECTION _Pragma("location=\".psocinit\"")
  51:Generated_Source\PSoC4/cyfitter_cfg.c ****     
  52:Generated_Source\PSoC4/cyfitter_cfg.c ****     #define CY_CFG_MEMORY_BARRIER() __DMB()
  53:Generated_Source\PSoC4/cyfitter_cfg.c ****     
  54:Generated_Source\PSoC4/cyfitter_cfg.c **** #else
  55:Generated_Source\PSoC4/cyfitter_cfg.c ****     #error Unsupported toolchain
  56:Generated_Source\PSoC4/cyfitter_cfg.c **** #endif
  57:Generated_Source\PSoC4/cyfitter_cfg.c **** 
  58:Generated_Source\PSoC4/cyfitter_cfg.c **** 
  59:Generated_Source\PSoC4/cyfitter_cfg.c **** CY_CFG_UNUSED
  60:Generated_Source\PSoC4/cyfitter_cfg.c **** static void CYMEMZERO(void *s, size_t n);
  61:Generated_Source\PSoC4/cyfitter_cfg.c **** CY_CFG_UNUSED
  62:Generated_Source\PSoC4/cyfitter_cfg.c **** static void CYMEMZERO(void *s, size_t n)
  63:Generated_Source\PSoC4/cyfitter_cfg.c **** {
  64:Generated_Source\PSoC4/cyfitter_cfg.c **** 	(void)memset(s, 0, n);
  65:Generated_Source\PSoC4/cyfitter_cfg.c **** }
  66:Generated_Source\PSoC4/cyfitter_cfg.c **** CY_CFG_UNUSED
  67:Generated_Source\PSoC4/cyfitter_cfg.c **** static void CYCONFIGCPY(void *dest, const void *src, size_t n);
  68:Generated_Source\PSoC4/cyfitter_cfg.c **** CY_CFG_UNUSED
  69:Generated_Source\PSoC4/cyfitter_cfg.c **** static void CYCONFIGCPY(void *dest, const void *src, size_t n)
  70:Generated_Source\PSoC4/cyfitter_cfg.c **** {
  71:Generated_Source\PSoC4/cyfitter_cfg.c **** 	(void)memcpy(dest, src, n);
  72:Generated_Source\PSoC4/cyfitter_cfg.c **** }
  73:Generated_Source\PSoC4/cyfitter_cfg.c **** CY_CFG_UNUSED
  74:Generated_Source\PSoC4/cyfitter_cfg.c **** static void CYCONFIGCPYCODE(void *dest, const void *src, size_t n);
  75:Generated_Source\PSoC4/cyfitter_cfg.c **** CY_CFG_UNUSED
  76:Generated_Source\PSoC4/cyfitter_cfg.c **** static void CYCONFIGCPYCODE(void *dest, const void *src, size_t n)
  77:Generated_Source\PSoC4/cyfitter_cfg.c **** {
  78:Generated_Source\PSoC4/cyfitter_cfg.c **** 	(void)memcpy(dest, src, n);
  79:Generated_Source\PSoC4/cyfitter_cfg.c **** }
  80:Generated_Source\PSoC4/cyfitter_cfg.c **** 
  81:Generated_Source\PSoC4/cyfitter_cfg.c **** 
  82:Generated_Source\PSoC4/cyfitter_cfg.c **** 
  83:Generated_Source\PSoC4/cyfitter_cfg.c **** 
  84:Generated_Source\PSoC4/cyfitter_cfg.c **** /* Clock startup error codes                                                   */
  85:Generated_Source\PSoC4/cyfitter_cfg.c **** #define CYCLOCKSTART_NO_ERROR    0u
  86:Generated_Source\PSoC4/cyfitter_cfg.c **** #define CYCLOCKSTART_XTAL_ERROR  1u
  87:Generated_Source\PSoC4/cyfitter_cfg.c **** #define CYCLOCKSTART_32KHZ_ERROR 2u
  88:Generated_Source\PSoC4/cyfitter_cfg.c **** #define CYCLOCKSTART_PLL_ERROR   3u
  89:Generated_Source\PSoC4/cyfitter_cfg.c **** 
  90:Generated_Source\PSoC4/cyfitter_cfg.c **** 
ARM GAS  C:\Users\Sarah\AppData\Local\Temp\ccZ2kNjI.s 			page 3


  91:Generated_Source\PSoC4/cyfitter_cfg.c **** #ifdef CY_NEED_CYCLOCKSTARTUPERROR
  92:Generated_Source\PSoC4/cyfitter_cfg.c **** /*******************************************************************************
  93:Generated_Source\PSoC4/cyfitter_cfg.c **** * Function Name: CyClockStartupError
  94:Generated_Source\PSoC4/cyfitter_cfg.c **** ********************************************************************************
  95:Generated_Source\PSoC4/cyfitter_cfg.c **** * Summary:
  96:Generated_Source\PSoC4/cyfitter_cfg.c **** *  If an error is encountered during clock configuration (crystal startup error,
  97:Generated_Source\PSoC4/cyfitter_cfg.c **** *  PLL lock error, etc.), the system will end up here.  Unless reimplemented by
  98:Generated_Source\PSoC4/cyfitter_cfg.c **** *  the customer, this function will stop in an infinite loop.
  99:Generated_Source\PSoC4/cyfitter_cfg.c **** *
 100:Generated_Source\PSoC4/cyfitter_cfg.c **** * Parameters:
 101:Generated_Source\PSoC4/cyfitter_cfg.c **** *   void
 102:Generated_Source\PSoC4/cyfitter_cfg.c **** *
 103:Generated_Source\PSoC4/cyfitter_cfg.c **** * Return:
 104:Generated_Source\PSoC4/cyfitter_cfg.c **** *   void
 105:Generated_Source\PSoC4/cyfitter_cfg.c **** *
 106:Generated_Source\PSoC4/cyfitter_cfg.c **** *******************************************************************************/
 107:Generated_Source\PSoC4/cyfitter_cfg.c **** CY_CFG_UNUSED
 108:Generated_Source\PSoC4/cyfitter_cfg.c **** static void CyClockStartupError(uint8 errorCode);
 109:Generated_Source\PSoC4/cyfitter_cfg.c **** CY_CFG_UNUSED
 110:Generated_Source\PSoC4/cyfitter_cfg.c **** static void CyClockStartupError(uint8 errorCode)
 111:Generated_Source\PSoC4/cyfitter_cfg.c **** {
 112:Generated_Source\PSoC4/cyfitter_cfg.c ****     /* To remove the compiler warning if errorCode not used.                */
 113:Generated_Source\PSoC4/cyfitter_cfg.c ****     errorCode = errorCode;
 114:Generated_Source\PSoC4/cyfitter_cfg.c **** 
 115:Generated_Source\PSoC4/cyfitter_cfg.c ****     /* If we have a clock startup error (bad MHz crystal, PLL lock, etc.),  */
 116:Generated_Source\PSoC4/cyfitter_cfg.c ****     /* we will end up here to allow the customer to implement something to  */
 117:Generated_Source\PSoC4/cyfitter_cfg.c ****     /* deal with the clock condition.                                       */
 118:Generated_Source\PSoC4/cyfitter_cfg.c **** 
 119:Generated_Source\PSoC4/cyfitter_cfg.c **** #ifdef CY_CFG_CLOCK_STARTUP_ERROR_CALLBACK
 120:Generated_Source\PSoC4/cyfitter_cfg.c **** 	CY_CFG_Clock_Startup_ErrorCallback();
 121:Generated_Source\PSoC4/cyfitter_cfg.c **** #else
 122:Generated_Source\PSoC4/cyfitter_cfg.c **** 	/*  If not using CY_CFG_CLOCK_STARTUP_ERROR_CALLBACK, place your clock startup code here. */
 123:Generated_Source\PSoC4/cyfitter_cfg.c ****     /* `#START CyClockStartupError` */
 124:Generated_Source\PSoC4/cyfitter_cfg.c **** 
 125:Generated_Source\PSoC4/cyfitter_cfg.c **** 
 126:Generated_Source\PSoC4/cyfitter_cfg.c **** 
 127:Generated_Source\PSoC4/cyfitter_cfg.c ****     /* `#END` */
 128:Generated_Source\PSoC4/cyfitter_cfg.c **** 
 129:Generated_Source\PSoC4/cyfitter_cfg.c ****     /* If nothing else, stop here since the clocks have not started         */
 130:Generated_Source\PSoC4/cyfitter_cfg.c ****     /* correctly.                                                           */
 131:Generated_Source\PSoC4/cyfitter_cfg.c ****     while(1) {}
 132:Generated_Source\PSoC4/cyfitter_cfg.c **** #endif /* CY_CFG_CLOCK_STARTUP_ERROR_CALLBACK */ 
 133:Generated_Source\PSoC4/cyfitter_cfg.c **** }
 134:Generated_Source\PSoC4/cyfitter_cfg.c **** #endif
 135:Generated_Source\PSoC4/cyfitter_cfg.c **** 
 136:Generated_Source\PSoC4/cyfitter_cfg.c **** 
 137:Generated_Source\PSoC4/cyfitter_cfg.c **** 
 138:Generated_Source\PSoC4/cyfitter_cfg.c **** /*******************************************************************************
 139:Generated_Source\PSoC4/cyfitter_cfg.c **** * Function Name: ClockSetup
 140:Generated_Source\PSoC4/cyfitter_cfg.c **** ********************************************************************************
 141:Generated_Source\PSoC4/cyfitter_cfg.c **** *
 142:Generated_Source\PSoC4/cyfitter_cfg.c **** * Summary:
 143:Generated_Source\PSoC4/cyfitter_cfg.c **** *   Performs the initialization of all of the clocks in the device based on the
 144:Generated_Source\PSoC4/cyfitter_cfg.c **** *   settings in the Clock tab of the DWR.  This includes enabling the requested
 145:Generated_Source\PSoC4/cyfitter_cfg.c **** *   clocks and setting the necessary dividers to produce the desired frequency. 
 146:Generated_Source\PSoC4/cyfitter_cfg.c **** *
 147:Generated_Source\PSoC4/cyfitter_cfg.c **** * Parameters:
ARM GAS  C:\Users\Sarah\AppData\Local\Temp\ccZ2kNjI.s 			page 4


 148:Generated_Source\PSoC4/cyfitter_cfg.c **** *   void
 149:Generated_Source\PSoC4/cyfitter_cfg.c **** *
 150:Generated_Source\PSoC4/cyfitter_cfg.c **** * Return:
 151:Generated_Source\PSoC4/cyfitter_cfg.c **** *   void
 152:Generated_Source\PSoC4/cyfitter_cfg.c **** *
 153:Generated_Source\PSoC4/cyfitter_cfg.c **** *******************************************************************************/
 154:Generated_Source\PSoC4/cyfitter_cfg.c **** static void ClockSetup(void);
 155:Generated_Source\PSoC4/cyfitter_cfg.c **** CY_CFG_SECTION
 156:Generated_Source\PSoC4/cyfitter_cfg.c **** static void ClockSetup(void)
 157:Generated_Source\PSoC4/cyfitter_cfg.c **** {
 158:Generated_Source\PSoC4/cyfitter_cfg.c **** 
 159:Generated_Source\PSoC4/cyfitter_cfg.c **** 	/* Set Flash Cycles based on max possible frequency in case a glitch occurs during ClockSetup(). *
 160:Generated_Source\PSoC4/cyfitter_cfg.c **** 	CY_SET_REG32((void CYXDATA *)(CYREG_CPUSS_FLASH_CTL), (0x0012u));
 161:Generated_Source\PSoC4/cyfitter_cfg.c **** 
 162:Generated_Source\PSoC4/cyfitter_cfg.c **** 	/* Start the WCO */
 163:Generated_Source\PSoC4/cyfitter_cfg.c **** 	CySysClkWcoStart();
 164:Generated_Source\PSoC4/cyfitter_cfg.c **** 	CyDelayCycles(12000000u); /* WCO may take up to 500ms to start */
 165:Generated_Source\PSoC4/cyfitter_cfg.c **** 	(void)CySysClkWcoSetPowerMode(CY_SYS_CLK_WCO_LPM);    /* Switch to the low power mode */
 166:Generated_Source\PSoC4/cyfitter_cfg.c **** 
 167:Generated_Source\PSoC4/cyfitter_cfg.c **** 	/* Setup and trim IMO based on desired frequency. */
 168:Generated_Source\PSoC4/cyfitter_cfg.c **** 	CySysClkWriteImoFreq(48u);
 169:Generated_Source\PSoC4/cyfitter_cfg.c **** 	/* CYDEV_CLK_ILO_CONFIG Starting address: CYDEV_CLK_ILO_CONFIG */
 170:Generated_Source\PSoC4/cyfitter_cfg.c **** 	CY_SET_XTND_REG32((void CYFAR *)(CYREG_CLK_ILO_CONFIG), 0x80000006u);
 171:Generated_Source\PSoC4/cyfitter_cfg.c **** 
 172:Generated_Source\PSoC4/cyfitter_cfg.c **** 	/* CYDEV_WDT_CONFIG Starting address: CYDEV_WDT_CONFIG */
 173:Generated_Source\PSoC4/cyfitter_cfg.c **** 	CY_SET_XTND_REG32((void CYFAR *)(CYREG_WDT_CONFIG), 0x40000000u);
 174:Generated_Source\PSoC4/cyfitter_cfg.c **** 
 175:Generated_Source\PSoC4/cyfitter_cfg.c **** 
 176:Generated_Source\PSoC4/cyfitter_cfg.c **** 	/* Enable fast start mode for XO */
 177:Generated_Source\PSoC4/cyfitter_cfg.c **** 	CY_SET_REG32((void*)CYREG_BLE_BLERD_BB_XO, CY_GET_REG32((void*)CYREG_BLE_BLERD_BB_XO) | (uint32)0x
 178:Generated_Source\PSoC4/cyfitter_cfg.c **** 	CY_SET_XTND_REG32((void CYFAR *)(CYREG_BLE_BLERD_BB_XO_CAPTRIM), 0x00003E2Du);
 179:Generated_Source\PSoC4/cyfitter_cfg.c **** 	/*Set XTAL(ECO) divider*/
 180:Generated_Source\PSoC4/cyfitter_cfg.c **** 	CY_SET_XTND_REG32((void CYFAR *)(CYREG_BLE_BLESS_XTAL_CLK_DIV_CONFIG), 0x00000000u);
 181:Generated_Source\PSoC4/cyfitter_cfg.c **** 	/* Disable Crystal Stable Interrupt before enabling ECO */
 182:Generated_Source\PSoC4/cyfitter_cfg.c **** 	CY_SET_REG32((void*)CYREG_BLE_BLESS_LL_DSM_CTRL, CY_GET_REG32((void*)CYREG_BLE_BLESS_LL_DSM_CTRL) 
 183:Generated_Source\PSoC4/cyfitter_cfg.c **** 	/* Start the ECO and do not check status since it is not needed for HFCLK */
 184:Generated_Source\PSoC4/cyfitter_cfg.c **** 	(void)CySysClkEcoStart(2000u);
 185:Generated_Source\PSoC4/cyfitter_cfg.c **** 	CyDelayUs(1500u); /* Wait to stabalize */
 186:Generated_Source\PSoC4/cyfitter_cfg.c **** 
 187:Generated_Source\PSoC4/cyfitter_cfg.c **** 	/* Setup phase aligned clocks */
 188:Generated_Source\PSoC4/cyfitter_cfg.c **** 	CY_SET_REG32((void *)CYREG_PERI_DIV_16_CTL0, 0x00002200u);
 189:Generated_Source\PSoC4/cyfitter_cfg.c **** 	CY_SET_REG32((void *)CYREG_PERI_DIV_CMD, 0x8000FF40u);
 190:Generated_Source\PSoC4/cyfitter_cfg.c **** 
 191:Generated_Source\PSoC4/cyfitter_cfg.c **** 	/* CYDEV_CLK_IMO_CONFIG Starting address: CYDEV_CLK_IMO_CONFIG */
 192:Generated_Source\PSoC4/cyfitter_cfg.c **** 	CY_SET_XTND_REG32((void CYFAR *)(CYREG_CLK_IMO_CONFIG), 0x80000000u);
 193:Generated_Source\PSoC4/cyfitter_cfg.c **** 
 194:Generated_Source\PSoC4/cyfitter_cfg.c **** 	/* CYDEV_CLK_SELECT Starting address: CYDEV_CLK_SELECT */
 195:Generated_Source\PSoC4/cyfitter_cfg.c **** 	CY_SET_XTND_REG32((void CYFAR *)(CYREG_CLK_SELECT), 0x00040000u);
 196:Generated_Source\PSoC4/cyfitter_cfg.c **** 
 197:Generated_Source\PSoC4/cyfitter_cfg.c **** 	/* CYDEV_PERI_PCLK_CTL1 Starting address: CYDEV_PERI_PCLK_CTL1 */
 198:Generated_Source\PSoC4/cyfitter_cfg.c **** 	CY_SET_XTND_REG32((void CYFAR *)(CYREG_PERI_PCLK_CTL1), 0x00000040u);
 199:Generated_Source\PSoC4/cyfitter_cfg.c **** 
 200:Generated_Source\PSoC4/cyfitter_cfg.c **** 	(void)CyIntSetVector(8u, &CySysWdtIsr);
 201:Generated_Source\PSoC4/cyfitter_cfg.c **** 	CyIntEnable(8u);
 202:Generated_Source\PSoC4/cyfitter_cfg.c **** 	CY_SET_XTND_REG32((void CYFAR *)(CYREG_WDT_CONFIG), 0x40000000u);
 203:Generated_Source\PSoC4/cyfitter_cfg.c **** }
 204:Generated_Source\PSoC4/cyfitter_cfg.c **** 
ARM GAS  C:\Users\Sarah\AppData\Local\Temp\ccZ2kNjI.s 			page 5


 205:Generated_Source\PSoC4/cyfitter_cfg.c **** 
 206:Generated_Source\PSoC4/cyfitter_cfg.c **** /* Analog API Functions */
 207:Generated_Source\PSoC4/cyfitter_cfg.c **** 
 208:Generated_Source\PSoC4/cyfitter_cfg.c **** 
 209:Generated_Source\PSoC4/cyfitter_cfg.c **** /*******************************************************************************
 210:Generated_Source\PSoC4/cyfitter_cfg.c **** * Function Name: AnalogSetDefault
 211:Generated_Source\PSoC4/cyfitter_cfg.c **** ********************************************************************************
 212:Generated_Source\PSoC4/cyfitter_cfg.c **** *
 213:Generated_Source\PSoC4/cyfitter_cfg.c **** * Summary:
 214:Generated_Source\PSoC4/cyfitter_cfg.c **** *  Sets up the analog portions of the chip to default values based on chip
 215:Generated_Source\PSoC4/cyfitter_cfg.c **** *  configuration options from the project.
 216:Generated_Source\PSoC4/cyfitter_cfg.c **** *
 217:Generated_Source\PSoC4/cyfitter_cfg.c **** * Parameters:
 218:Generated_Source\PSoC4/cyfitter_cfg.c **** *  void
 219:Generated_Source\PSoC4/cyfitter_cfg.c **** *
 220:Generated_Source\PSoC4/cyfitter_cfg.c **** * Return:
 221:Generated_Source\PSoC4/cyfitter_cfg.c **** *  void
 222:Generated_Source\PSoC4/cyfitter_cfg.c **** *
 223:Generated_Source\PSoC4/cyfitter_cfg.c **** *******************************************************************************/
 224:Generated_Source\PSoC4/cyfitter_cfg.c **** static void AnalogSetDefault(void);
 225:Generated_Source\PSoC4/cyfitter_cfg.c **** static void AnalogSetDefault(void)
 226:Generated_Source\PSoC4/cyfitter_cfg.c **** {
  25              		.loc 1 226 0
  26              		.cfi_startproc
 227:Generated_Source\PSoC4/cyfitter_cfg.c **** 	CY_SET_XTND_REG32((void CYFAR *)CYREG_CTBM0_DFT_CTRL, 0x00000003u);
  27              		.loc 1 227 0
  28 0000 0323     		mov	r3, #3
  29 0002 044A     		ldr	r2, .L2
  30 0004 1360     		str	r3, [r2]
 228:Generated_Source\PSoC4/cyfitter_cfg.c **** 	CY_SET_XTND_REG32((void CYFAR *)CYREG_CTBM1_DFT_CTRL, 0x00000003u);
  31              		.loc 1 228 0
  32 0006 044A     		ldr	r2, .L2+4
  33 0008 1360     		str	r3, [r2]
 229:Generated_Source\PSoC4/cyfitter_cfg.c **** 	CY_SET_XTND_REG32((void CYFAR *)CYREG_PASS_DSAB_DSAB_CTRL, 0x00000000u);
  34              		.loc 1 229 0
  35 000a 0022     		mov	r2, #0
  36 000c 034B     		ldr	r3, .L2+8
  37 000e 1A60     		str	r2, [r3]
 230:Generated_Source\PSoC4/cyfitter_cfg.c **** }
  38              		.loc 1 230 0
  39              		@ sp needed
  40 0010 7047     		bx	lr
  41              	.L3:
  42 0012 C046     		.align	2
  43              	.L2:
  44 0014 30003040 		.word	1076887600
  45 0018 30003140 		.word	1076953136
  46 001c 000E3F40 		.word	1077874176
  47              		.cfi_endproc
  48              	.LFE6:
  49              		.size	AnalogSetDefault, .-AnalogSetDefault
  50              		.section	.text.CYMEMZERO,"ax",%progbits
  51              		.align	2
  52              		.code	16
  53              		.thumb_func
  54              		.type	CYMEMZERO, %function
  55              	CYMEMZERO:
ARM GAS  C:\Users\Sarah\AppData\Local\Temp\ccZ2kNjI.s 			page 6


  56              	.LFB2:
  63:Generated_Source\PSoC4/cyfitter_cfg.c **** 	(void)memset(s, 0, n);
  57              		.loc 1 63 0
  58              		.cfi_startproc
  59              	.LVL0:
  60 0000 08B5     		push	{r3, lr}
  61              		.cfi_def_cfa_offset 8
  62              		.cfi_offset 3, -8
  63              		.cfi_offset 14, -4
  64 0002 0A1C     		mov	r2, r1
  64:Generated_Source\PSoC4/cyfitter_cfg.c **** }
  65              		.loc 1 64 0
  66 0004 0021     		mov	r1, #0
  67              	.LVL1:
  68 0006 FFF7FEFF 		bl	memset
  69              	.LVL2:
  65:Generated_Source\PSoC4/cyfitter_cfg.c **** CY_CFG_UNUSED
  70              		.loc 1 65 0
  71              		@ sp needed
  72 000a 08BD     		pop	{r3, pc}
  73              		.cfi_endproc
  74              	.LFE2:
  75              		.size	CYMEMZERO, .-CYMEMZERO
  76              		.section	.psocinit,"ax",%progbits
  77              		.align	2
  78              		.code	16
  79              		.thumb_func
  80              		.type	ClockSetup, %function
  81              	ClockSetup:
  82              	.LFB5:
 157:Generated_Source\PSoC4/cyfitter_cfg.c **** 
  83              		.loc 1 157 0
  84              		.cfi_startproc
  85 0000 38B5     		push	{r3, r4, r5, lr}
  86              		.cfi_def_cfa_offset 16
  87              		.cfi_offset 3, -16
  88              		.cfi_offset 4, -12
  89              		.cfi_offset 5, -8
  90              		.cfi_offset 14, -4
 160:Generated_Source\PSoC4/cyfitter_cfg.c **** 
  91              		.loc 1 160 0
  92 0002 1222     		mov	r2, #18
  93 0004 224B     		ldr	r3, .L6
  94 0006 1A60     		str	r2, [r3]
 163:Generated_Source\PSoC4/cyfitter_cfg.c **** 	CyDelayCycles(12000000u); /* WCO may take up to 500ms to start */
  95              		.loc 1 163 0
  96 0008 FFF7FEFF 		bl	CySysClkWcoStart
  97              	.LVL3:
 164:Generated_Source\PSoC4/cyfitter_cfg.c **** 	(void)CySysClkWcoSetPowerMode(CY_SYS_CLK_WCO_LPM);    /* Switch to the low power mode */
  98              		.loc 1 164 0
  99 000c 2148     		ldr	r0, .L6+4
 100 000e FFF7FEFF 		bl	CyDelayCycles
 101              	.LVL4:
 165:Generated_Source\PSoC4/cyfitter_cfg.c **** 
 102              		.loc 1 165 0
 103 0012 0120     		mov	r0, #1
 104 0014 FFF7FEFF 		bl	CySysClkWcoSetPowerMode
ARM GAS  C:\Users\Sarah\AppData\Local\Temp\ccZ2kNjI.s 			page 7


 105              	.LVL5:
 168:Generated_Source\PSoC4/cyfitter_cfg.c **** 	/* CYDEV_CLK_ILO_CONFIG Starting address: CYDEV_CLK_ILO_CONFIG */
 106              		.loc 1 168 0
 107 0018 3020     		mov	r0, #48
 108 001a FFF7FEFF 		bl	CySysClkWriteImoFreq
 109              	.LVL6:
 170:Generated_Source\PSoC4/cyfitter_cfg.c **** 
 110              		.loc 1 170 0
 111 001e 1E4A     		ldr	r2, .L6+8
 112 0020 1E4B     		ldr	r3, .L6+12
 113 0022 1A60     		str	r2, [r3]
 173:Generated_Source\PSoC4/cyfitter_cfg.c **** 
 114              		.loc 1 173 0
 115 0024 1E4C     		ldr	r4, .L6+16
 116 0026 8025     		mov	r5, #128
 117 0028 ED05     		lsl	r5, r5, #23
 118 002a 2560     		str	r5, [r4]
 177:Generated_Source\PSoC4/cyfitter_cfg.c **** 	CY_SET_XTND_REG32((void CYFAR *)(CYREG_BLE_BLERD_BB_XO_CAPTRIM), 0x00003E2Du);
 119              		.loc 1 177 0
 120 002c 1D4A     		ldr	r2, .L6+20
 121 002e 1168     		ldr	r1, [r2]
 122 0030 0223     		mov	r3, #2
 123 0032 0B43     		orr	r3, r1
 124 0034 1360     		str	r3, [r2]
 178:Generated_Source\PSoC4/cyfitter_cfg.c **** 	/*Set XTAL(ECO) divider*/
 125              		.loc 1 178 0
 126 0036 1C4A     		ldr	r2, .L6+24
 127 0038 1C4B     		ldr	r3, .L6+28
 128 003a 1A60     		str	r2, [r3]
 180:Generated_Source\PSoC4/cyfitter_cfg.c **** 	/* Disable Crystal Stable Interrupt before enabling ECO */
 129              		.loc 1 180 0
 130 003c 0022     		mov	r2, #0
 131 003e 1C4B     		ldr	r3, .L6+32
 132 0040 1A60     		str	r2, [r3]
 182:Generated_Source\PSoC4/cyfitter_cfg.c **** 	/* Start the ECO and do not check status since it is not needed for HFCLK */
 133              		.loc 1 182 0
 134 0042 1C4A     		ldr	r2, .L6+36
 135 0044 1368     		ldr	r3, [r2]
 136 0046 0821     		mov	r1, #8
 137 0048 8B43     		bic	r3, r1
 138 004a 1360     		str	r3, [r2]
 184:Generated_Source\PSoC4/cyfitter_cfg.c **** 	CyDelayUs(1500u); /* Wait to stabalize */
 139              		.loc 1 184 0
 140 004c FA20     		mov	r0, #250
 141 004e C000     		lsl	r0, r0, #3
 142 0050 FFF7FEFF 		bl	CySysClkEcoStart
 143              	.LVL7:
 185:Generated_Source\PSoC4/cyfitter_cfg.c **** 
 144              		.loc 1 185 0
 145 0054 1848     		ldr	r0, .L6+40
 146 0056 FFF7FEFF 		bl	CyDelayUs
 147              	.LVL8:
 188:Generated_Source\PSoC4/cyfitter_cfg.c **** 	CY_SET_REG32((void *)CYREG_PERI_DIV_CMD, 0x8000FF40u);
 148              		.loc 1 188 0
 149 005a 8822     		mov	r2, #136
 150 005c 9201     		lsl	r2, r2, #6
 151 005e 174B     		ldr	r3, .L6+44
ARM GAS  C:\Users\Sarah\AppData\Local\Temp\ccZ2kNjI.s 			page 8


 152 0060 1A60     		str	r2, [r3]
 189:Generated_Source\PSoC4/cyfitter_cfg.c **** 
 153              		.loc 1 189 0
 154 0062 174A     		ldr	r2, .L6+48
 155 0064 174B     		ldr	r3, .L6+52
 156 0066 1A60     		str	r2, [r3]
 192:Generated_Source\PSoC4/cyfitter_cfg.c **** 
 157              		.loc 1 192 0
 158 0068 8022     		mov	r2, #128
 159 006a 1206     		lsl	r2, r2, #24
 160 006c 164B     		ldr	r3, .L6+56
 161 006e 1A60     		str	r2, [r3]
 195:Generated_Source\PSoC4/cyfitter_cfg.c **** 
 162              		.loc 1 195 0
 163 0070 8022     		mov	r2, #128
 164 0072 D202     		lsl	r2, r2, #11
 165 0074 154B     		ldr	r3, .L6+60
 166 0076 1A60     		str	r2, [r3]
 198:Generated_Source\PSoC4/cyfitter_cfg.c **** 
 167              		.loc 1 198 0
 168 0078 4022     		mov	r2, #64
 169 007a 154B     		ldr	r3, .L6+64
 170 007c 1A60     		str	r2, [r3]
 200:Generated_Source\PSoC4/cyfitter_cfg.c **** 	CyIntEnable(8u);
 171              		.loc 1 200 0
 172 007e 0820     		mov	r0, #8
 173 0080 1449     		ldr	r1, .L6+68
 174 0082 FFF7FEFF 		bl	CyIntSetVector
 175              	.LVL9:
 201:Generated_Source\PSoC4/cyfitter_cfg.c **** 	CY_SET_XTND_REG32((void CYFAR *)(CYREG_WDT_CONFIG), 0x40000000u);
 176              		.loc 1 201 0
 177 0086 0820     		mov	r0, #8
 178 0088 FFF7FEFF 		bl	CyIntEnable
 179              	.LVL10:
 202:Generated_Source\PSoC4/cyfitter_cfg.c **** }
 180              		.loc 1 202 0
 181 008c 2560     		str	r5, [r4]
 203:Generated_Source\PSoC4/cyfitter_cfg.c **** 
 182              		.loc 1 203 0
 183              		@ sp needed
 184 008e 38BD     		pop	{r3, r4, r5, pc}
 185              	.L7:
 186              		.align	2
 187              	.L6:
 188 0090 30001040 		.word	1074790448
 189 0094 001BB700 		.word	12000000
 190 0098 06000080 		.word	-2147483642
 191 009c 04010B40 		.word	1074462980
 192 00a0 0C020B40 		.word	1074463244
 193 00a4 78002E40 		.word	1076756600
 194 00a8 2D3E0000 		.word	15917
 195 00ac 7C002E40 		.word	1076756604
 196 00b0 64F02E40 		.word	1076818020
 197 00b4 6CF02E40 		.word	1076818028
 198 00b8 DC050000 		.word	1500
 199 00bc 00030140 		.word	1073808128
 200 00c0 40FF0080 		.word	-2147418304
ARM GAS  C:\Users\Sarah\AppData\Local\Temp\ccZ2kNjI.s 			page 9


 201 00c4 00000140 		.word	1073807360
 202 00c8 08010B40 		.word	1074462984
 203 00cc 00010B40 		.word	1074462976
 204 00d0 04010140 		.word	1073807620
 205 00d4 00000000 		.word	CySysWdtIsr
 206              		.cfi_endproc
 207              	.LFE5:
 208              		.size	ClockSetup, .-ClockSetup
 209              		.align	2
 210              		.global	cyfitter_cfg
 211              		.code	16
 212              		.thumb_func
 213              		.type	cyfitter_cfg, %function
 214              	cyfitter_cfg:
 215              	.LFB7:
 231:Generated_Source\PSoC4/cyfitter_cfg.c **** 
 232:Generated_Source\PSoC4/cyfitter_cfg.c **** #define CY_AMUX_UNUSED CYREG_CM0_ROM_DWT
 233:Generated_Source\PSoC4/cyfitter_cfg.c **** 
 234:Generated_Source\PSoC4/cyfitter_cfg.c **** 
 235:Generated_Source\PSoC4/cyfitter_cfg.c **** /*******************************************************************************
 236:Generated_Source\PSoC4/cyfitter_cfg.c **** * Function Name: cyfitter_cfg
 237:Generated_Source\PSoC4/cyfitter_cfg.c **** ********************************************************************************
 238:Generated_Source\PSoC4/cyfitter_cfg.c **** * Summary:
 239:Generated_Source\PSoC4/cyfitter_cfg.c **** *  This function is called by the start-up code for the selected device. It
 240:Generated_Source\PSoC4/cyfitter_cfg.c **** *  performs all of the necessary device configuration based on the design
 241:Generated_Source\PSoC4/cyfitter_cfg.c **** *  settings.  This includes settings from the Design Wide Resources (DWR) such
 242:Generated_Source\PSoC4/cyfitter_cfg.c **** *  as Clocks and Pins as well as any component configuration that is necessary.
 243:Generated_Source\PSoC4/cyfitter_cfg.c **** *
 244:Generated_Source\PSoC4/cyfitter_cfg.c **** * Parameters:  
 245:Generated_Source\PSoC4/cyfitter_cfg.c **** *   void
 246:Generated_Source\PSoC4/cyfitter_cfg.c **** *
 247:Generated_Source\PSoC4/cyfitter_cfg.c **** * Return:
 248:Generated_Source\PSoC4/cyfitter_cfg.c **** *   void
 249:Generated_Source\PSoC4/cyfitter_cfg.c **** *
 250:Generated_Source\PSoC4/cyfitter_cfg.c **** *******************************************************************************/
 251:Generated_Source\PSoC4/cyfitter_cfg.c **** CY_CFG_SECTION
 252:Generated_Source\PSoC4/cyfitter_cfg.c **** void cyfitter_cfg(void)
 253:Generated_Source\PSoC4/cyfitter_cfg.c **** {
 216              		.loc 1 253 0
 217              		.cfi_startproc
 218 00d8 10B5     		push	{r4, lr}
 219              		.cfi_def_cfa_offset 8
 220              		.cfi_offset 4, -8
 221              		.cfi_offset 14, -4
 254:Generated_Source\PSoC4/cyfitter_cfg.c **** 	/* Disable interrupts by default. Let user enable if/when they want. */
 255:Generated_Source\PSoC4/cyfitter_cfg.c **** 	CyGlobalIntDisable;
 222              		.loc 1 255 0
 223              	@ 255 "Generated_Source\PSoC4\cyfitter_cfg.c" 1
 224 00da 72B6     		CPSID   i
 225              	@ 0 "" 2
 256:Generated_Source\PSoC4/cyfitter_cfg.c **** 
 257:Generated_Source\PSoC4/cyfitter_cfg.c **** 	CY_SET_XTND_REG32((void CYFAR *)(CYREG_BLE_BLESS_LL_DSM_CTRL), 0x00000000u);
 226              		.loc 1 257 0
 227              		.code	16
 228 00dc 0022     		mov	r2, #0
 229 00de 284B     		ldr	r3, .L11
 230 00e0 1A60     		str	r2, [r3]
ARM GAS  C:\Users\Sarah\AppData\Local\Temp\ccZ2kNjI.s 			page 10


 231              	.LVL11:
 232              	.LBB2:
 258:Generated_Source\PSoC4/cyfitter_cfg.c **** 
 259:Generated_Source\PSoC4/cyfitter_cfg.c **** 	{
 260:Generated_Source\PSoC4/cyfitter_cfg.c **** 
 261:Generated_Source\PSoC4/cyfitter_cfg.c **** 		CYPACKED typedef struct {
 262:Generated_Source\PSoC4/cyfitter_cfg.c **** 			void CYFAR *address;
 263:Generated_Source\PSoC4/cyfitter_cfg.c **** 			uint16 size;
 264:Generated_Source\PSoC4/cyfitter_cfg.c **** 		} CYPACKED_ATTR cfg_memset_t;
 265:Generated_Source\PSoC4/cyfitter_cfg.c **** 
 266:Generated_Source\PSoC4/cyfitter_cfg.c **** 		static const cfg_memset_t CYCODE cfg_memset_list [] = {
 267:Generated_Source\PSoC4/cyfitter_cfg.c **** 			/* address, size */
 268:Generated_Source\PSoC4/cyfitter_cfg.c **** 			{(void CYFAR *)(CYDEV_UDB_P0_U0_BASE), 1024u},
 269:Generated_Source\PSoC4/cyfitter_cfg.c **** 			{(void CYFAR *)(CYDEV_UDB_DSI0_BASE), 1024u},
 270:Generated_Source\PSoC4/cyfitter_cfg.c **** 		};
 271:Generated_Source\PSoC4/cyfitter_cfg.c **** 
 272:Generated_Source\PSoC4/cyfitter_cfg.c **** 		uint8 CYDATA i;
 273:Generated_Source\PSoC4/cyfitter_cfg.c **** 
 274:Generated_Source\PSoC4/cyfitter_cfg.c **** 		/* Zero out critical memory blocks before beginning configuration */
 275:Generated_Source\PSoC4/cyfitter_cfg.c **** 		for (i = 0u; i < (sizeof(cfg_memset_list)/sizeof(cfg_memset_list[0])); i++)
 233              		.loc 1 275 0
 234 00e2 0024     		mov	r4, #0
 235 00e4 10E0     		b	.L9
 236              	.LVL12:
 237              	.L10:
 238              	.LBB3:
 276:Generated_Source\PSoC4/cyfitter_cfg.c **** 		{
 277:Generated_Source\PSoC4/cyfitter_cfg.c **** 			const cfg_memset_t CYCODE * CYDATA ms = &cfg_memset_list[i];
 278:Generated_Source\PSoC4/cyfitter_cfg.c **** 			CYMEMZERO(ms->address, (size_t)(uint32)(ms->size));
 239              		.loc 1 278 0 discriminator 3
 240 00e6 2748     		ldr	r0, .L11+4
 241 00e8 6300     		lsl	r3, r4, #1
 242 00ea 1A19     		add	r2, r3, r4
 243 00ec 5200     		lsl	r2, r2, #1
 244 00ee 8218     		add	r2, r0, r2
 245 00f0 9188     		ldrh	r1, [r2, #4]
 246 00f2 1B19     		add	r3, r3, r4
 247 00f4 5B00     		lsl	r3, r3, #1
 248 00f6 1A5A     		ldrh	r2, [r3, r0]
 249 00f8 C318     		add	r3, r0, r3
 250 00fa 5888     		ldrh	r0, [r3, #2]
 251 00fc 0004     		lsl	r0, r0, #16
 252 00fe 1043     		orr	r0, r2
 253 0100 FFF7FEFF 		bl	CYMEMZERO
 254              	.LVL13:
 255              	.LBE3:
 275:Generated_Source\PSoC4/cyfitter_cfg.c **** 		{
 256              		.loc 1 275 0 discriminator 3
 257 0104 0134     		add	r4, r4, #1
 258              	.LVL14:
 259 0106 E4B2     		uxtb	r4, r4
 260              	.LVL15:
 261              	.L9:
 275:Generated_Source\PSoC4/cyfitter_cfg.c **** 		{
 262              		.loc 1 275 0 is_stmt 0 discriminator 1
 263 0108 012C     		cmp	r4, #1
 264 010a ECD9     		bls	.L10
ARM GAS  C:\Users\Sarah\AppData\Local\Temp\ccZ2kNjI.s 			page 11


 279:Generated_Source\PSoC4/cyfitter_cfg.c **** 		}
 280:Generated_Source\PSoC4/cyfitter_cfg.c **** 
 281:Generated_Source\PSoC4/cyfitter_cfg.c **** 		/* HSIOM Starting address: CYDEV_HSIOM_BASE */
 282:Generated_Source\PSoC4/cyfitter_cfg.c **** 		CY_SET_XTND_REG32((void CYFAR *)(CYDEV_HSIOM_BASE), 0xEE000000u);
 265              		.loc 1 282 0 is_stmt 1
 266 010c EE22     		mov	r2, #238
 267 010e 1206     		lsl	r2, r2, #24
 268 0110 1D4B     		ldr	r3, .L11+8
 269 0112 1A60     		str	r2, [r3]
 283:Generated_Source\PSoC4/cyfitter_cfg.c **** 		CY_SET_XTND_REG32((void CYFAR *)(CYREG_HSIOM_PORT_SEL1), 0x00990000u);
 270              		.loc 1 283 0
 271 0114 9923     		mov	r3, #153
 272 0116 1B04     		lsl	r3, r3, #16
 273 0118 1C4A     		ldr	r2, .L11+12
 274 011a 1360     		str	r3, [r2]
 284:Generated_Source\PSoC4/cyfitter_cfg.c **** 
 285:Generated_Source\PSoC4/cyfitter_cfg.c **** 		/* UDB_PA_0 Starting address: CYDEV_UDB_PA0_BASE */
 286:Generated_Source\PSoC4/cyfitter_cfg.c **** 		CY_SET_XTND_REG32((void CYFAR *)(CYDEV_UDB_PA0_BASE), 0x00990000u);
 275              		.loc 1 286 0
 276 011c 1C4A     		ldr	r2, .L11+16
 277 011e 1360     		str	r3, [r2]
 287:Generated_Source\PSoC4/cyfitter_cfg.c **** 
 288:Generated_Source\PSoC4/cyfitter_cfg.c **** 		/* UDB_PA_1 Starting address: CYDEV_UDB_PA1_BASE */
 289:Generated_Source\PSoC4/cyfitter_cfg.c **** 		CY_SET_XTND_REG32((void CYFAR *)(CYDEV_UDB_PA1_BASE), 0x00990000u);
 278              		.loc 1 289 0
 279 0120 1C4A     		ldr	r2, .L11+20
 280 0122 1360     		str	r3, [r2]
 290:Generated_Source\PSoC4/cyfitter_cfg.c **** 
 291:Generated_Source\PSoC4/cyfitter_cfg.c **** 		/* UDB_PA_2 Starting address: CYDEV_UDB_PA2_BASE */
 292:Generated_Source\PSoC4/cyfitter_cfg.c **** 		CY_SET_XTND_REG32((void CYFAR *)(CYDEV_UDB_PA2_BASE), 0x00990000u);
 281              		.loc 1 292 0
 282 0124 1C4A     		ldr	r2, .L11+24
 283 0126 1360     		str	r3, [r2]
 293:Generated_Source\PSoC4/cyfitter_cfg.c **** 
 294:Generated_Source\PSoC4/cyfitter_cfg.c **** 		/* UDB_PA_3 Starting address: CYDEV_UDB_PA3_BASE */
 295:Generated_Source\PSoC4/cyfitter_cfg.c **** 		CY_SET_XTND_REG32((void CYFAR *)(CYDEV_UDB_PA3_BASE), 0x00990000u);
 284              		.loc 1 295 0
 285 0128 1C4A     		ldr	r2, .L11+28
 286 012a 1360     		str	r3, [r2]
 296:Generated_Source\PSoC4/cyfitter_cfg.c **** 
 297:Generated_Source\PSoC4/cyfitter_cfg.c **** 		/* Enable digital routing */
 298:Generated_Source\PSoC4/cyfitter_cfg.c **** 		CY_SET_XTND_REG8((void *)CYREG_UDB_UDBIF_BANK_CTL, CY_GET_XTND_REG8((void *)CYREG_UDB_UDBIF_BANK_
 287              		.loc 1 298 0
 288 012c 1C4B     		ldr	r3, .L11+32
 289 012e 1978     		ldrb	r1, [r3]
 290 0130 0222     		mov	r2, #2
 291 0132 0A43     		orr	r2, r1
 292 0134 1A70     		strb	r2, [r3]
 299:Generated_Source\PSoC4/cyfitter_cfg.c **** 
 300:Generated_Source\PSoC4/cyfitter_cfg.c **** 		/* Enable UDB array */
 301:Generated_Source\PSoC4/cyfitter_cfg.c **** 		CY_SET_XTND_REG8((void *)CYREG_UDB_UDBIF_WAIT_CFG, (uint8)((CY_GET_XTND_REG8((void *)CYREG_UDB_UD
 293              		.loc 1 301 0
 294 0136 1B48     		ldr	r0, .L11+36
 295 0138 0278     		ldrb	r2, [r0]
 296 013a 3C21     		mov	r1, #60
 297 013c 8A43     		bic	r2, r1
 298 013e 2839     		sub	r1, r1, #40
ARM GAS  C:\Users\Sarah\AppData\Local\Temp\ccZ2kNjI.s 			page 12


 299 0140 0A43     		orr	r2, r1
 300 0142 0270     		strb	r2, [r0]
 302:Generated_Source\PSoC4/cyfitter_cfg.c **** 		CY_SET_XTND_REG8((void *)CYREG_UDB_UDBIF_BANK_CTL, (uint8)(CY_GET_XTND_REG8((void *)CYREG_UDB_UDB
 301              		.loc 1 302 0
 302 0144 1978     		ldrb	r1, [r3]
 303 0146 1622     		mov	r2, #22
 304 0148 0A43     		orr	r2, r1
 305 014a 1A70     		strb	r2, [r3]
 306              	.LBE2:
 303:Generated_Source\PSoC4/cyfitter_cfg.c **** 	}
 304:Generated_Source\PSoC4/cyfitter_cfg.c **** 
 305:Generated_Source\PSoC4/cyfitter_cfg.c **** 	/* Perform second pass device configuration. These items must be configured in specific order afte
 306:Generated_Source\PSoC4/cyfitter_cfg.c **** 	/* IOPINS0_0 Starting address: CYDEV_GPIO_PRT0_BASE */
 307:Generated_Source\PSoC4/cyfitter_cfg.c **** 	CY_SET_XTND_REG32((void CYFAR *)(CYREG_GPIO_PRT0_PC), 0x00D80000u);
 307              		.loc 1 307 0
 308 014c D822     		mov	r2, #216
 309 014e 1204     		lsl	r2, r2, #16
 310 0150 154B     		ldr	r3, .L11+40
 311 0152 1A60     		str	r2, [r3]
 308:Generated_Source\PSoC4/cyfitter_cfg.c **** 
 309:Generated_Source\PSoC4/cyfitter_cfg.c **** 	/* IOPINS0_1 Starting address: CYDEV_GPIO_PRT1_BASE */
 310:Generated_Source\PSoC4/cyfitter_cfg.c **** 	CY_SET_XTND_REG32((void CYFAR *)(CYDEV_GPIO_PRT1_BASE), 0x00000020u);
 312              		.loc 1 310 0
 313 0154 2023     		mov	r3, #32
 314 0156 154A     		ldr	r2, .L11+44
 315 0158 1360     		str	r3, [r2]
 311:Generated_Source\PSoC4/cyfitter_cfg.c **** 	CY_SET_XTND_REG32((void CYFAR *)(CYREG_GPIO_PRT1_PC), 0x00031000u);
 316              		.loc 1 311 0
 317 015a C421     		mov	r1, #196
 318 015c 8902     		lsl	r1, r1, #10
 319 015e 144A     		ldr	r2, .L11+48
 320 0160 1160     		str	r1, [r2]
 312:Generated_Source\PSoC4/cyfitter_cfg.c **** 	CY_SET_XTND_REG32((void CYFAR *)(CYREG_GPIO_PRT1_PC2), 0x00000020u);
 321              		.loc 1 312 0
 322 0162 144A     		ldr	r2, .L11+52
 323 0164 1360     		str	r3, [r2]
 313:Generated_Source\PSoC4/cyfitter_cfg.c **** 
 314:Generated_Source\PSoC4/cyfitter_cfg.c **** 	/* IOPINS0_2 Starting address: CYDEV_GPIO_PRT2_BASE */
 315:Generated_Source\PSoC4/cyfitter_cfg.c **** 	CY_SET_XTND_REG32((void CYFAR *)(CYREG_GPIO_PRT2_PC), 0x00180000u);
 324              		.loc 1 315 0
 325 0166 C022     		mov	r2, #192
 326 0168 5203     		lsl	r2, r2, #13
 327 016a 134B     		ldr	r3, .L11+56
 328 016c 1A60     		str	r2, [r3]
 316:Generated_Source\PSoC4/cyfitter_cfg.c **** 
 317:Generated_Source\PSoC4/cyfitter_cfg.c **** 	/* IOPINS0_3 Starting address: CYDEV_GPIO_PRT3_BASE */
 318:Generated_Source\PSoC4/cyfitter_cfg.c **** 	CY_SET_XTND_REG32((void CYFAR *)(CYREG_GPIO_PRT3_PC), 0x00C00000u);
 329              		.loc 1 318 0
 330 016e C022     		mov	r2, #192
 331 0170 1204     		lsl	r2, r2, #16
 332 0172 124B     		ldr	r3, .L11+60
 333 0174 1A60     		str	r2, [r3]
 319:Generated_Source\PSoC4/cyfitter_cfg.c **** 
 320:Generated_Source\PSoC4/cyfitter_cfg.c **** 
 321:Generated_Source\PSoC4/cyfitter_cfg.c **** 	/* Setup clocks based on selections from Clock DWR */
 322:Generated_Source\PSoC4/cyfitter_cfg.c **** 	ClockSetup();
 334              		.loc 1 322 0
ARM GAS  C:\Users\Sarah\AppData\Local\Temp\ccZ2kNjI.s 			page 13


 335 0176 FFF743FF 		bl	ClockSetup
 336              	.LVL16:
 323:Generated_Source\PSoC4/cyfitter_cfg.c **** 
 324:Generated_Source\PSoC4/cyfitter_cfg.c **** 	/* Perform basic analog initialization to defaults */
 325:Generated_Source\PSoC4/cyfitter_cfg.c **** 	AnalogSetDefault();
 337              		.loc 1 325 0
 338 017a FFF7FEFF 		bl	AnalogSetDefault
 339              	.LVL17:
 326:Generated_Source\PSoC4/cyfitter_cfg.c **** 
 327:Generated_Source\PSoC4/cyfitter_cfg.c **** }
 340              		.loc 1 327 0
 341              		@ sp needed
 342              	.LVL18:
 343 017e 10BD     		pop	{r4, pc}
 344              	.L12:
 345              		.align	2
 346              	.L11:
 347 0180 6CF02E40 		.word	1076818028
 348 0184 00000000 		.word	.LANCHOR0
 349 0188 00000240 		.word	1073872896
 350 018c 00010240 		.word	1073873152
 351 0190 00500F40 		.word	1074745344
 352 0194 10500F40 		.word	1074745360
 353 0198 20500F40 		.word	1074745376
 354 019c 30500F40 		.word	1074745392
 355 01a0 00700F40 		.word	1074753536
 356 01a4 01700F40 		.word	1074753537
 357 01a8 08000440 		.word	1074003976
 358 01ac 00010440 		.word	1074004224
 359 01b0 08010440 		.word	1074004232
 360 01b4 18010440 		.word	1074004248
 361 01b8 08020440 		.word	1074004488
 362 01bc 08030440 		.word	1074004744
 363              		.cfi_endproc
 364              	.LFE7:
 365              		.size	cyfitter_cfg, .-cyfitter_cfg
 366              		.section	.rodata
 367              		.align	2
 368              		.set	.LANCHOR0,. + 0
 369              		.type	cfg_memset_list.4771, %object
 370              		.size	cfg_memset_list.4771, 12
 371              	cfg_memset_list.4771:
 372 0000 00300F40 		.word	1074737152
 373 0004 0004     		.short	1024
 374 0006 00400F40 		.4byte	1074741248
 375 000a 0004     		.short	1024
 376              		.text
 377              	.Letext0:
 378              		.file 2 "c:\\program files (x86)\\cypress\\psoc creator\\4.0\\psoc creator\\import\\gnu\\arm\\4.9.
 379              		.file 3 "Generated_Source\\PSoC4\\cytypes.h"
 380              		.file 4 "Generated_Source\\PSoC4\\CyLib.h"
 381              		.file 5 "Generated_Source\\PSoC4\\CyLFClk.h"
 382              		.section	.debug_info,"",%progbits
 383              	.Ldebug_info0:
 384 0000 6D030000 		.4byte	0x36d
 385 0004 0400     		.2byte	0x4
 386 0006 00000000 		.4byte	.Ldebug_abbrev0
ARM GAS  C:\Users\Sarah\AppData\Local\Temp\ccZ2kNjI.s 			page 14


 387 000a 04       		.byte	0x4
 388 000b 01       		.uleb128 0x1
 389 000c F2010000 		.4byte	.LASF34
 390 0010 01       		.byte	0x1
 391 0011 B4020000 		.4byte	.LASF35
 392 0015 3C010000 		.4byte	.LASF36
 393 0019 00000000 		.4byte	.Ldebug_ranges0+0
 394 001d 00000000 		.4byte	0
 395 0021 00000000 		.4byte	.Ldebug_line0
 396 0025 02       		.uleb128 0x2
 397 0026 04       		.byte	0x4
 398 0027 05       		.byte	0x5
 399 0028 696E7400 		.ascii	"int\000"
 400 002c 03       		.uleb128 0x3
 401 002d 14000000 		.4byte	.LASF11
 402 0031 02       		.byte	0x2
 403 0032 D4       		.byte	0xd4
 404 0033 37000000 		.4byte	0x37
 405 0037 04       		.uleb128 0x4
 406 0038 04       		.byte	0x4
 407 0039 07       		.byte	0x7
 408 003a 03010000 		.4byte	.LASF0
 409 003e 04       		.uleb128 0x4
 410 003f 01       		.byte	0x1
 411 0040 06       		.byte	0x6
 412 0041 A8020000 		.4byte	.LASF1
 413 0045 04       		.uleb128 0x4
 414 0046 01       		.byte	0x1
 415 0047 08       		.byte	0x8
 416 0048 C4000000 		.4byte	.LASF2
 417 004c 04       		.uleb128 0x4
 418 004d 02       		.byte	0x2
 419 004e 05       		.byte	0x5
 420 004f 80020000 		.4byte	.LASF3
 421 0053 04       		.uleb128 0x4
 422 0054 02       		.byte	0x2
 423 0055 07       		.byte	0x7
 424 0056 56000000 		.4byte	.LASF4
 425 005a 04       		.uleb128 0x4
 426 005b 04       		.byte	0x4
 427 005c 05       		.byte	0x5
 428 005d 9F020000 		.4byte	.LASF5
 429 0061 04       		.uleb128 0x4
 430 0062 04       		.byte	0x4
 431 0063 07       		.byte	0x7
 432 0064 91000000 		.4byte	.LASF6
 433 0068 04       		.uleb128 0x4
 434 0069 08       		.byte	0x8
 435 006a 05       		.byte	0x5
 436 006b C4010000 		.4byte	.LASF7
 437 006f 04       		.uleb128 0x4
 438 0070 08       		.byte	0x8
 439 0071 07       		.byte	0x7
 440 0072 25010000 		.4byte	.LASF8
 441 0076 04       		.uleb128 0x4
 442 0077 04       		.byte	0x4
 443 0078 07       		.byte	0x7
ARM GAS  C:\Users\Sarah\AppData\Local\Temp\ccZ2kNjI.s 			page 15


 444 0079 BB010000 		.4byte	.LASF9
 445 007d 05       		.uleb128 0x5
 446 007e 04       		.byte	0x4
 447 007f 06       		.uleb128 0x6
 448 0080 04       		.byte	0x4
 449 0081 85000000 		.4byte	0x85
 450 0085 07       		.uleb128 0x7
 451 0086 04       		.uleb128 0x4
 452 0087 01       		.byte	0x1
 453 0088 08       		.byte	0x8
 454 0089 DC010000 		.4byte	.LASF10
 455 008d 08       		.uleb128 0x8
 456 008e A3000000 		.4byte	.LASF12
 457 0092 03       		.byte	0x3
 458 0093 B901     		.2byte	0x1b9
 459 0095 45000000 		.4byte	0x45
 460 0099 08       		.uleb128 0x8
 461 009a EC000000 		.4byte	.LASF13
 462 009e 03       		.byte	0x3
 463 009f BA01     		.2byte	0x1ba
 464 00a1 53000000 		.4byte	0x53
 465 00a5 08       		.uleb128 0x8
 466 00a6 FC000000 		.4byte	.LASF14
 467 00aa 03       		.byte	0x3
 468 00ab BB01     		.2byte	0x1bb
 469 00ad 61000000 		.4byte	0x61
 470 00b1 04       		.uleb128 0x4
 471 00b2 04       		.byte	0x4
 472 00b3 04       		.byte	0x4
 473 00b4 69000000 		.4byte	.LASF15
 474 00b8 04       		.uleb128 0x4
 475 00b9 08       		.byte	0x8
 476 00ba 04       		.byte	0x4
 477 00bb D9000000 		.4byte	.LASF16
 478 00bf 08       		.uleb128 0x8
 479 00c0 F3000000 		.4byte	.LASF17
 480 00c4 03       		.byte	0x3
 481 00c5 5B02     		.2byte	0x25b
 482 00c7 61000000 		.4byte	0x61
 483 00cb 08       		.uleb128 0x8
 484 00cc 8C000000 		.4byte	.LASF18
 485 00d0 03       		.byte	0x3
 486 00d1 6302     		.2byte	0x263
 487 00d3 D7000000 		.4byte	0xd7
 488 00d7 09       		.uleb128 0x9
 489 00d8 8D000000 		.4byte	0x8d
 490 00dc 08       		.uleb128 0x8
 491 00dd 0E000000 		.4byte	.LASF19
 492 00e1 03       		.byte	0x3
 493 00e2 6502     		.2byte	0x265
 494 00e4 E8000000 		.4byte	0xe8
 495 00e8 09       		.uleb128 0x9
 496 00e9 A5000000 		.4byte	0xa5
 497 00ed 08       		.uleb128 0x8
 498 00ee A1010000 		.4byte	.LASF20
 499 00f2 03       		.byte	0x3
 500 00f3 7502     		.2byte	0x275
ARM GAS  C:\Users\Sarah\AppData\Local\Temp\ccZ2kNjI.s 			page 16


 501 00f5 7F000000 		.4byte	0x7f
 502 00f9 0A       		.uleb128 0xa
 503 00fa 1B000000 		.4byte	.LASF37
 504 00fe 01       		.byte	0x1
 505 00ff E1       		.byte	0xe1
 506 0100 00000000 		.4byte	.LFB6
 507 0104 20000000 		.4byte	.LFE6-.LFB6
 508 0108 01       		.uleb128 0x1
 509 0109 9C       		.byte	0x9c
 510 010a 0B       		.uleb128 0xb
 511 010b BA000000 		.4byte	.LASF21
 512 010f 01       		.byte	0x1
 513 0110 3E       		.byte	0x3e
 514 0111 00000000 		.4byte	.LFB2
 515 0115 0C000000 		.4byte	.LFE2-.LFB2
 516 0119 01       		.uleb128 0x1
 517 011a 9C       		.byte	0x9c
 518 011b 57010000 		.4byte	0x157
 519 011f 0C       		.uleb128 0xc
 520 0120 7300     		.ascii	"s\000"
 521 0122 01       		.byte	0x1
 522 0123 3E       		.byte	0x3e
 523 0124 7D000000 		.4byte	0x7d
 524 0128 00000000 		.4byte	.LLST0
 525 012c 0C       		.uleb128 0xc
 526 012d 6E00     		.ascii	"n\000"
 527 012f 01       		.byte	0x1
 528 0130 3E       		.byte	0x3e
 529 0131 2C000000 		.4byte	0x2c
 530 0135 21000000 		.4byte	.LLST1
 531 0139 0D       		.uleb128 0xd
 532 013a 0A000000 		.4byte	.LVL2
 533 013e C8020000 		.4byte	0x2c8
 534 0142 0E       		.uleb128 0xe
 535 0143 01       		.uleb128 0x1
 536 0144 52       		.byte	0x52
 537 0145 03       		.uleb128 0x3
 538 0146 F3       		.byte	0xf3
 539 0147 01       		.uleb128 0x1
 540 0148 51       		.byte	0x51
 541 0149 0E       		.uleb128 0xe
 542 014a 01       		.uleb128 0x1
 543 014b 51       		.byte	0x51
 544 014c 01       		.uleb128 0x1
 545 014d 30       		.byte	0x30
 546 014e 0E       		.uleb128 0xe
 547 014f 01       		.uleb128 0x1
 548 0150 50       		.byte	0x50
 549 0151 03       		.uleb128 0x3
 550 0152 F3       		.byte	0xf3
 551 0153 01       		.uleb128 0x1
 552 0154 50       		.byte	0x50
 553 0155 00       		.byte	0
 554 0156 00       		.byte	0
 555 0157 0B       		.uleb128 0xb
 556 0158 4B000000 		.4byte	.LASF22
 557 015c 01       		.byte	0x1
ARM GAS  C:\Users\Sarah\AppData\Local\Temp\ccZ2kNjI.s 			page 17


 558 015d 9C       		.byte	0x9c
 559 015e 00000000 		.4byte	.LFB5
 560 0162 D8000000 		.4byte	.LFE5-.LFB5
 561 0166 01       		.uleb128 0x1
 562 0167 9C       		.byte	0x9c
 563 0168 00020000 		.4byte	0x200
 564 016c 0F       		.uleb128 0xf
 565 016d 0C000000 		.4byte	.LVL3
 566 0171 E5020000 		.4byte	0x2e5
 567 0175 10       		.uleb128 0x10
 568 0176 12000000 		.4byte	.LVL4
 569 017a EC020000 		.4byte	0x2ec
 570 017e 8C010000 		.4byte	0x18c
 571 0182 0E       		.uleb128 0xe
 572 0183 01       		.uleb128 0x1
 573 0184 50       		.byte	0x50
 574 0185 05       		.uleb128 0x5
 575 0186 0C       		.byte	0xc
 576 0187 001BB700 		.4byte	0xb71b00
 577 018b 00       		.byte	0
 578 018c 10       		.uleb128 0x10
 579 018d 18000000 		.4byte	.LVL5
 580 0191 FD020000 		.4byte	0x2fd
 581 0195 9F010000 		.4byte	0x19f
 582 0199 0E       		.uleb128 0xe
 583 019a 01       		.uleb128 0x1
 584 019b 50       		.byte	0x50
 585 019c 01       		.uleb128 0x1
 586 019d 31       		.byte	0x31
 587 019e 00       		.byte	0
 588 019f 10       		.uleb128 0x10
 589 01a0 1E000000 		.4byte	.LVL6
 590 01a4 12030000 		.4byte	0x312
 591 01a8 B3010000 		.4byte	0x1b3
 592 01ac 0E       		.uleb128 0xe
 593 01ad 01       		.uleb128 0x1
 594 01ae 50       		.byte	0x50
 595 01af 02       		.uleb128 0x2
 596 01b0 08       		.byte	0x8
 597 01b1 30       		.byte	0x30
 598 01b2 00       		.byte	0
 599 01b3 10       		.uleb128 0x10
 600 01b4 54000000 		.4byte	.LVL7
 601 01b8 23030000 		.4byte	0x323
 602 01bc C8010000 		.4byte	0x1c8
 603 01c0 0E       		.uleb128 0xe
 604 01c1 01       		.uleb128 0x1
 605 01c2 50       		.byte	0x50
 606 01c3 03       		.uleb128 0x3
 607 01c4 0A       		.byte	0xa
 608 01c5 D007     		.2byte	0x7d0
 609 01c7 00       		.byte	0
 610 01c8 10       		.uleb128 0x10
 611 01c9 5A000000 		.4byte	.LVL8
 612 01cd 38030000 		.4byte	0x338
 613 01d1 DD010000 		.4byte	0x1dd
 614 01d5 0E       		.uleb128 0xe
ARM GAS  C:\Users\Sarah\AppData\Local\Temp\ccZ2kNjI.s 			page 18


 615 01d6 01       		.uleb128 0x1
 616 01d7 50       		.byte	0x50
 617 01d8 03       		.uleb128 0x3
 618 01d9 0A       		.byte	0xa
 619 01da DC05     		.2byte	0x5dc
 620 01dc 00       		.byte	0
 621 01dd 10       		.uleb128 0x10
 622 01de 86000000 		.4byte	.LVL9
 623 01e2 49030000 		.4byte	0x349
 624 01e6 F0010000 		.4byte	0x1f0
 625 01ea 0E       		.uleb128 0xe
 626 01eb 01       		.uleb128 0x1
 627 01ec 50       		.byte	0x50
 628 01ed 01       		.uleb128 0x1
 629 01ee 38       		.byte	0x38
 630 01ef 00       		.byte	0
 631 01f0 0D       		.uleb128 0xd
 632 01f1 8C000000 		.4byte	.LVL10
 633 01f5 63030000 		.4byte	0x363
 634 01f9 0E       		.uleb128 0xe
 635 01fa 01       		.uleb128 0x1
 636 01fb 50       		.byte	0x50
 637 01fc 01       		.uleb128 0x1
 638 01fd 38       		.byte	0x38
 639 01fe 00       		.byte	0
 640 01ff 00       		.byte	0
 641 0200 11       		.uleb128 0x11
 642 0201 10010000 		.4byte	.LASF38
 643 0205 01       		.byte	0x1
 644 0206 FC       		.byte	0xfc
 645 0207 D8000000 		.4byte	.LFB7
 646 020b E8000000 		.4byte	.LFE7-.LFB7
 647 020f 01       		.uleb128 0x1
 648 0210 9C       		.byte	0x9c
 649 0211 C8020000 		.4byte	0x2c8
 650 0215 12       		.uleb128 0x12
 651 0216 E2000000 		.4byte	.LBB2
 652 021a 6A000000 		.4byte	.LBE2-.LBB2
 653 021e B5020000 		.4byte	0x2b5
 654 0222 13       		.uleb128 0x13
 655 0223 06       		.byte	0x6
 656 0224 01       		.byte	0x1
 657 0225 0501     		.2byte	0x105
 658 0227 46020000 		.4byte	0x246
 659 022b 14       		.uleb128 0x14
 660 022c 1D010000 		.4byte	.LASF23
 661 0230 01       		.byte	0x1
 662 0231 0601     		.2byte	0x106
 663 0233 7D000000 		.4byte	0x7d
 664 0237 00       		.byte	0
 665 0238 14       		.uleb128 0x14
 666 0239 6F000000 		.4byte	.LASF24
 667 023d 01       		.byte	0x1
 668 023e 0701     		.2byte	0x107
 669 0240 99000000 		.4byte	0x99
 670 0244 04       		.byte	0x4
 671 0245 00       		.byte	0
ARM GAS  C:\Users\Sarah\AppData\Local\Temp\ccZ2kNjI.s 			page 19


 672 0246 08       		.uleb128 0x8
 673 0247 AE010000 		.4byte	.LASF25
 674 024b 01       		.byte	0x1
 675 024c 0801     		.2byte	0x108
 676 024e 22020000 		.4byte	0x222
 677 0252 15       		.uleb128 0x15
 678 0253 46020000 		.4byte	0x246
 679 0257 62020000 		.4byte	0x262
 680 025b 16       		.uleb128 0x16
 681 025c 76000000 		.4byte	0x76
 682 0260 01       		.byte	0x1
 683 0261 00       		.byte	0
 684 0262 17       		.uleb128 0x17
 685 0263 3B000000 		.4byte	.LASF26
 686 0267 01       		.byte	0x1
 687 0268 0A01     		.2byte	0x10a
 688 026a 74020000 		.4byte	0x274
 689 026e 05       		.uleb128 0x5
 690 026f 03       		.byte	0x3
 691 0270 00000000 		.4byte	cfg_memset_list.4771
 692 0274 18       		.uleb128 0x18
 693 0275 52020000 		.4byte	0x252
 694 0279 19       		.uleb128 0x19
 695 027a 6900     		.ascii	"i\000"
 696 027c 01       		.byte	0x1
 697 027d 1001     		.2byte	0x110
 698 027f 8D000000 		.4byte	0x8d
 699 0283 4D000000 		.4byte	.LLST2
 700 0287 1A       		.uleb128 0x1a
 701 0288 E6000000 		.4byte	.LBB3
 702 028c 1E000000 		.4byte	.LBE3-.LBB3
 703 0290 19       		.uleb128 0x19
 704 0291 6D7300   		.ascii	"ms\000"
 705 0294 01       		.byte	0x1
 706 0295 1501     		.2byte	0x115
 707 0297 9F020000 		.4byte	0x29f
 708 029b 77000000 		.4byte	.LLST3
 709 029f 06       		.uleb128 0x6
 710 02a0 04       		.byte	0x4
 711 02a1 A5020000 		.4byte	0x2a5
 712 02a5 18       		.uleb128 0x18
 713 02a6 46020000 		.4byte	0x246
 714 02aa 0F       		.uleb128 0xf
 715 02ab 04010000 		.4byte	.LVL13
 716 02af 0A010000 		.4byte	0x10a
 717 02b3 00       		.byte	0
 718 02b4 00       		.byte	0
 719 02b5 0F       		.uleb128 0xf
 720 02b6 7A010000 		.4byte	.LVL16
 721 02ba 57010000 		.4byte	0x157
 722 02be 0F       		.uleb128 0xf
 723 02bf 7E010000 		.4byte	.LVL17
 724 02c3 F9000000 		.4byte	0xf9
 725 02c7 00       		.byte	0
 726 02c8 1B       		.uleb128 0x1b
 727 02c9 D2000000 		.4byte	.LASF27
 728 02cd 7D000000 		.4byte	0x7d
ARM GAS  C:\Users\Sarah\AppData\Local\Temp\ccZ2kNjI.s 			page 20


 729 02d1 E5020000 		.4byte	0x2e5
 730 02d5 1C       		.uleb128 0x1c
 731 02d6 7D000000 		.4byte	0x7d
 732 02da 1C       		.uleb128 0x1c
 733 02db 25000000 		.4byte	0x25
 734 02df 1C       		.uleb128 0x1c
 735 02e0 76000000 		.4byte	0x76
 736 02e4 00       		.byte	0
 737 02e5 1D       		.uleb128 0x1d
 738 02e6 A9000000 		.4byte	.LASF39
 739 02ea 05       		.byte	0x5
 740 02eb 4F       		.byte	0x4f
 741 02ec 1E       		.uleb128 0x1e
 742 02ed 00000000 		.4byte	.LASF28
 743 02f1 04       		.byte	0x4
 744 02f2 DC       		.byte	0xdc
 745 02f3 FD020000 		.4byte	0x2fd
 746 02f7 1C       		.uleb128 0x1c
 747 02f8 A5000000 		.4byte	0xa5
 748 02fc 00       		.byte	0
 749 02fd 1F       		.uleb128 0x1f
 750 02fe 74000000 		.4byte	.LASF30
 751 0302 05       		.byte	0x5
 752 0303 51       		.byte	0x51
 753 0304 A5000000 		.4byte	0xa5
 754 0308 12030000 		.4byte	0x312
 755 030c 1C       		.uleb128 0x1c
 756 030d A5000000 		.4byte	0xa5
 757 0311 00       		.byte	0
 758 0312 1E       		.uleb128 0x1e
 759 0313 8A020000 		.4byte	.LASF29
 760 0317 04       		.byte	0x4
 761 0318 6C       		.byte	0x6c
 762 0319 23030000 		.4byte	0x323
 763 031d 1C       		.uleb128 0x1c
 764 031e A5000000 		.4byte	0xa5
 765 0322 00       		.byte	0
 766 0323 1F       		.uleb128 0x1f
 767 0324 E1010000 		.4byte	.LASF31
 768 0328 04       		.byte	0x4
 769 0329 84       		.byte	0x84
 770 032a BF000000 		.4byte	0xbf
 771 032e 38030000 		.4byte	0x338
 772 0332 1C       		.uleb128 0x1c
 773 0333 A5000000 		.4byte	0xa5
 774 0337 00       		.byte	0
 775 0338 1E       		.uleb128 0x1e
 776 0339 D2010000 		.4byte	.LASF32
 777 033d 04       		.byte	0x4
 778 033e DA       		.byte	0xda
 779 033f 49030000 		.4byte	0x349
 780 0343 1C       		.uleb128 0x1c
 781 0344 99000000 		.4byte	0x99
 782 0348 00       		.byte	0
 783 0349 1F       		.uleb128 0x1f
 784 034a 2C000000 		.4byte	.LASF33
 785 034e 04       		.byte	0x4
ARM GAS  C:\Users\Sarah\AppData\Local\Temp\ccZ2kNjI.s 			page 21


 786 034f BD       		.byte	0xbd
 787 0350 ED000000 		.4byte	0xed
 788 0354 63030000 		.4byte	0x363
 789 0358 1C       		.uleb128 0x1c
 790 0359 8D000000 		.4byte	0x8d
 791 035d 1C       		.uleb128 0x1c
 792 035e ED000000 		.4byte	0xed
 793 0362 00       		.byte	0
 794 0363 20       		.uleb128 0x20
 795 0364 E0000000 		.4byte	.LASF40
 796 0368 04       		.byte	0x4
 797 0369 C3       		.byte	0xc3
 798 036a 1C       		.uleb128 0x1c
 799 036b 8D000000 		.4byte	0x8d
 800 036f 00       		.byte	0
 801 0370 00       		.byte	0
 802              		.section	.debug_abbrev,"",%progbits
 803              	.Ldebug_abbrev0:
 804 0000 01       		.uleb128 0x1
 805 0001 11       		.uleb128 0x11
 806 0002 01       		.byte	0x1
 807 0003 25       		.uleb128 0x25
 808 0004 0E       		.uleb128 0xe
 809 0005 13       		.uleb128 0x13
 810 0006 0B       		.uleb128 0xb
 811 0007 03       		.uleb128 0x3
 812 0008 0E       		.uleb128 0xe
 813 0009 1B       		.uleb128 0x1b
 814 000a 0E       		.uleb128 0xe
 815 000b 55       		.uleb128 0x55
 816 000c 17       		.uleb128 0x17
 817 000d 11       		.uleb128 0x11
 818 000e 01       		.uleb128 0x1
 819 000f 10       		.uleb128 0x10
 820 0010 17       		.uleb128 0x17
 821 0011 00       		.byte	0
 822 0012 00       		.byte	0
 823 0013 02       		.uleb128 0x2
 824 0014 24       		.uleb128 0x24
 825 0015 00       		.byte	0
 826 0016 0B       		.uleb128 0xb
 827 0017 0B       		.uleb128 0xb
 828 0018 3E       		.uleb128 0x3e
 829 0019 0B       		.uleb128 0xb
 830 001a 03       		.uleb128 0x3
 831 001b 08       		.uleb128 0x8
 832 001c 00       		.byte	0
 833 001d 00       		.byte	0
 834 001e 03       		.uleb128 0x3
 835 001f 16       		.uleb128 0x16
 836 0020 00       		.byte	0
 837 0021 03       		.uleb128 0x3
 838 0022 0E       		.uleb128 0xe
 839 0023 3A       		.uleb128 0x3a
 840 0024 0B       		.uleb128 0xb
 841 0025 3B       		.uleb128 0x3b
 842 0026 0B       		.uleb128 0xb
ARM GAS  C:\Users\Sarah\AppData\Local\Temp\ccZ2kNjI.s 			page 22


 843 0027 49       		.uleb128 0x49
 844 0028 13       		.uleb128 0x13
 845 0029 00       		.byte	0
 846 002a 00       		.byte	0
 847 002b 04       		.uleb128 0x4
 848 002c 24       		.uleb128 0x24
 849 002d 00       		.byte	0
 850 002e 0B       		.uleb128 0xb
 851 002f 0B       		.uleb128 0xb
 852 0030 3E       		.uleb128 0x3e
 853 0031 0B       		.uleb128 0xb
 854 0032 03       		.uleb128 0x3
 855 0033 0E       		.uleb128 0xe
 856 0034 00       		.byte	0
 857 0035 00       		.byte	0
 858 0036 05       		.uleb128 0x5
 859 0037 0F       		.uleb128 0xf
 860 0038 00       		.byte	0
 861 0039 0B       		.uleb128 0xb
 862 003a 0B       		.uleb128 0xb
 863 003b 00       		.byte	0
 864 003c 00       		.byte	0
 865 003d 06       		.uleb128 0x6
 866 003e 0F       		.uleb128 0xf
 867 003f 00       		.byte	0
 868 0040 0B       		.uleb128 0xb
 869 0041 0B       		.uleb128 0xb
 870 0042 49       		.uleb128 0x49
 871 0043 13       		.uleb128 0x13
 872 0044 00       		.byte	0
 873 0045 00       		.byte	0
 874 0046 07       		.uleb128 0x7
 875 0047 15       		.uleb128 0x15
 876 0048 00       		.byte	0
 877 0049 27       		.uleb128 0x27
 878 004a 19       		.uleb128 0x19
 879 004b 00       		.byte	0
 880 004c 00       		.byte	0
 881 004d 08       		.uleb128 0x8
 882 004e 16       		.uleb128 0x16
 883 004f 00       		.byte	0
 884 0050 03       		.uleb128 0x3
 885 0051 0E       		.uleb128 0xe
 886 0052 3A       		.uleb128 0x3a
 887 0053 0B       		.uleb128 0xb
 888 0054 3B       		.uleb128 0x3b
 889 0055 05       		.uleb128 0x5
 890 0056 49       		.uleb128 0x49
 891 0057 13       		.uleb128 0x13
 892 0058 00       		.byte	0
 893 0059 00       		.byte	0
 894 005a 09       		.uleb128 0x9
 895 005b 35       		.uleb128 0x35
 896 005c 00       		.byte	0
 897 005d 49       		.uleb128 0x49
 898 005e 13       		.uleb128 0x13
 899 005f 00       		.byte	0
ARM GAS  C:\Users\Sarah\AppData\Local\Temp\ccZ2kNjI.s 			page 23


 900 0060 00       		.byte	0
 901 0061 0A       		.uleb128 0xa
 902 0062 2E       		.uleb128 0x2e
 903 0063 00       		.byte	0
 904 0064 03       		.uleb128 0x3
 905 0065 0E       		.uleb128 0xe
 906 0066 3A       		.uleb128 0x3a
 907 0067 0B       		.uleb128 0xb
 908 0068 3B       		.uleb128 0x3b
 909 0069 0B       		.uleb128 0xb
 910 006a 27       		.uleb128 0x27
 911 006b 19       		.uleb128 0x19
 912 006c 11       		.uleb128 0x11
 913 006d 01       		.uleb128 0x1
 914 006e 12       		.uleb128 0x12
 915 006f 06       		.uleb128 0x6
 916 0070 40       		.uleb128 0x40
 917 0071 18       		.uleb128 0x18
 918 0072 9742     		.uleb128 0x2117
 919 0074 19       		.uleb128 0x19
 920 0075 00       		.byte	0
 921 0076 00       		.byte	0
 922 0077 0B       		.uleb128 0xb
 923 0078 2E       		.uleb128 0x2e
 924 0079 01       		.byte	0x1
 925 007a 03       		.uleb128 0x3
 926 007b 0E       		.uleb128 0xe
 927 007c 3A       		.uleb128 0x3a
 928 007d 0B       		.uleb128 0xb
 929 007e 3B       		.uleb128 0x3b
 930 007f 0B       		.uleb128 0xb
 931 0080 27       		.uleb128 0x27
 932 0081 19       		.uleb128 0x19
 933 0082 11       		.uleb128 0x11
 934 0083 01       		.uleb128 0x1
 935 0084 12       		.uleb128 0x12
 936 0085 06       		.uleb128 0x6
 937 0086 40       		.uleb128 0x40
 938 0087 18       		.uleb128 0x18
 939 0088 9742     		.uleb128 0x2117
 940 008a 19       		.uleb128 0x19
 941 008b 01       		.uleb128 0x1
 942 008c 13       		.uleb128 0x13
 943 008d 00       		.byte	0
 944 008e 00       		.byte	0
 945 008f 0C       		.uleb128 0xc
 946 0090 05       		.uleb128 0x5
 947 0091 00       		.byte	0
 948 0092 03       		.uleb128 0x3
 949 0093 08       		.uleb128 0x8
 950 0094 3A       		.uleb128 0x3a
 951 0095 0B       		.uleb128 0xb
 952 0096 3B       		.uleb128 0x3b
 953 0097 0B       		.uleb128 0xb
 954 0098 49       		.uleb128 0x49
 955 0099 13       		.uleb128 0x13
 956 009a 02       		.uleb128 0x2
ARM GAS  C:\Users\Sarah\AppData\Local\Temp\ccZ2kNjI.s 			page 24


 957 009b 17       		.uleb128 0x17
 958 009c 00       		.byte	0
 959 009d 00       		.byte	0
 960 009e 0D       		.uleb128 0xd
 961 009f 898201   		.uleb128 0x4109
 962 00a2 01       		.byte	0x1
 963 00a3 11       		.uleb128 0x11
 964 00a4 01       		.uleb128 0x1
 965 00a5 31       		.uleb128 0x31
 966 00a6 13       		.uleb128 0x13
 967 00a7 00       		.byte	0
 968 00a8 00       		.byte	0
 969 00a9 0E       		.uleb128 0xe
 970 00aa 8A8201   		.uleb128 0x410a
 971 00ad 00       		.byte	0
 972 00ae 02       		.uleb128 0x2
 973 00af 18       		.uleb128 0x18
 974 00b0 9142     		.uleb128 0x2111
 975 00b2 18       		.uleb128 0x18
 976 00b3 00       		.byte	0
 977 00b4 00       		.byte	0
 978 00b5 0F       		.uleb128 0xf
 979 00b6 898201   		.uleb128 0x4109
 980 00b9 00       		.byte	0
 981 00ba 11       		.uleb128 0x11
 982 00bb 01       		.uleb128 0x1
 983 00bc 31       		.uleb128 0x31
 984 00bd 13       		.uleb128 0x13
 985 00be 00       		.byte	0
 986 00bf 00       		.byte	0
 987 00c0 10       		.uleb128 0x10
 988 00c1 898201   		.uleb128 0x4109
 989 00c4 01       		.byte	0x1
 990 00c5 11       		.uleb128 0x11
 991 00c6 01       		.uleb128 0x1
 992 00c7 31       		.uleb128 0x31
 993 00c8 13       		.uleb128 0x13
 994 00c9 01       		.uleb128 0x1
 995 00ca 13       		.uleb128 0x13
 996 00cb 00       		.byte	0
 997 00cc 00       		.byte	0
 998 00cd 11       		.uleb128 0x11
 999 00ce 2E       		.uleb128 0x2e
 1000 00cf 01       		.byte	0x1
 1001 00d0 3F       		.uleb128 0x3f
 1002 00d1 19       		.uleb128 0x19
 1003 00d2 03       		.uleb128 0x3
 1004 00d3 0E       		.uleb128 0xe
 1005 00d4 3A       		.uleb128 0x3a
 1006 00d5 0B       		.uleb128 0xb
 1007 00d6 3B       		.uleb128 0x3b
 1008 00d7 0B       		.uleb128 0xb
 1009 00d8 27       		.uleb128 0x27
 1010 00d9 19       		.uleb128 0x19
 1011 00da 11       		.uleb128 0x11
 1012 00db 01       		.uleb128 0x1
 1013 00dc 12       		.uleb128 0x12
ARM GAS  C:\Users\Sarah\AppData\Local\Temp\ccZ2kNjI.s 			page 25


 1014 00dd 06       		.uleb128 0x6
 1015 00de 40       		.uleb128 0x40
 1016 00df 18       		.uleb128 0x18
 1017 00e0 9742     		.uleb128 0x2117
 1018 00e2 19       		.uleb128 0x19
 1019 00e3 01       		.uleb128 0x1
 1020 00e4 13       		.uleb128 0x13
 1021 00e5 00       		.byte	0
 1022 00e6 00       		.byte	0
 1023 00e7 12       		.uleb128 0x12
 1024 00e8 0B       		.uleb128 0xb
 1025 00e9 01       		.byte	0x1
 1026 00ea 11       		.uleb128 0x11
 1027 00eb 01       		.uleb128 0x1
 1028 00ec 12       		.uleb128 0x12
 1029 00ed 06       		.uleb128 0x6
 1030 00ee 01       		.uleb128 0x1
 1031 00ef 13       		.uleb128 0x13
 1032 00f0 00       		.byte	0
 1033 00f1 00       		.byte	0
 1034 00f2 13       		.uleb128 0x13
 1035 00f3 13       		.uleb128 0x13
 1036 00f4 01       		.byte	0x1
 1037 00f5 0B       		.uleb128 0xb
 1038 00f6 0B       		.uleb128 0xb
 1039 00f7 3A       		.uleb128 0x3a
 1040 00f8 0B       		.uleb128 0xb
 1041 00f9 3B       		.uleb128 0x3b
 1042 00fa 05       		.uleb128 0x5
 1043 00fb 01       		.uleb128 0x1
 1044 00fc 13       		.uleb128 0x13
 1045 00fd 00       		.byte	0
 1046 00fe 00       		.byte	0
 1047 00ff 14       		.uleb128 0x14
 1048 0100 0D       		.uleb128 0xd
 1049 0101 00       		.byte	0
 1050 0102 03       		.uleb128 0x3
 1051 0103 0E       		.uleb128 0xe
 1052 0104 3A       		.uleb128 0x3a
 1053 0105 0B       		.uleb128 0xb
 1054 0106 3B       		.uleb128 0x3b
 1055 0107 05       		.uleb128 0x5
 1056 0108 49       		.uleb128 0x49
 1057 0109 13       		.uleb128 0x13
 1058 010a 38       		.uleb128 0x38
 1059 010b 0B       		.uleb128 0xb
 1060 010c 00       		.byte	0
 1061 010d 00       		.byte	0
 1062 010e 15       		.uleb128 0x15
 1063 010f 01       		.uleb128 0x1
 1064 0110 01       		.byte	0x1
 1065 0111 49       		.uleb128 0x49
 1066 0112 13       		.uleb128 0x13
 1067 0113 01       		.uleb128 0x1
 1068 0114 13       		.uleb128 0x13
 1069 0115 00       		.byte	0
 1070 0116 00       		.byte	0
ARM GAS  C:\Users\Sarah\AppData\Local\Temp\ccZ2kNjI.s 			page 26


 1071 0117 16       		.uleb128 0x16
 1072 0118 21       		.uleb128 0x21
 1073 0119 00       		.byte	0
 1074 011a 49       		.uleb128 0x49
 1075 011b 13       		.uleb128 0x13
 1076 011c 2F       		.uleb128 0x2f
 1077 011d 0B       		.uleb128 0xb
 1078 011e 00       		.byte	0
 1079 011f 00       		.byte	0
 1080 0120 17       		.uleb128 0x17
 1081 0121 34       		.uleb128 0x34
 1082 0122 00       		.byte	0
 1083 0123 03       		.uleb128 0x3
 1084 0124 0E       		.uleb128 0xe
 1085 0125 3A       		.uleb128 0x3a
 1086 0126 0B       		.uleb128 0xb
 1087 0127 3B       		.uleb128 0x3b
 1088 0128 05       		.uleb128 0x5
 1089 0129 49       		.uleb128 0x49
 1090 012a 13       		.uleb128 0x13
 1091 012b 02       		.uleb128 0x2
 1092 012c 18       		.uleb128 0x18
 1093 012d 00       		.byte	0
 1094 012e 00       		.byte	0
 1095 012f 18       		.uleb128 0x18
 1096 0130 26       		.uleb128 0x26
 1097 0131 00       		.byte	0
 1098 0132 49       		.uleb128 0x49
 1099 0133 13       		.uleb128 0x13
 1100 0134 00       		.byte	0
 1101 0135 00       		.byte	0
 1102 0136 19       		.uleb128 0x19
 1103 0137 34       		.uleb128 0x34
 1104 0138 00       		.byte	0
 1105 0139 03       		.uleb128 0x3
 1106 013a 08       		.uleb128 0x8
 1107 013b 3A       		.uleb128 0x3a
 1108 013c 0B       		.uleb128 0xb
 1109 013d 3B       		.uleb128 0x3b
 1110 013e 05       		.uleb128 0x5
 1111 013f 49       		.uleb128 0x49
 1112 0140 13       		.uleb128 0x13
 1113 0141 02       		.uleb128 0x2
 1114 0142 17       		.uleb128 0x17
 1115 0143 00       		.byte	0
 1116 0144 00       		.byte	0
 1117 0145 1A       		.uleb128 0x1a
 1118 0146 0B       		.uleb128 0xb
 1119 0147 01       		.byte	0x1
 1120 0148 11       		.uleb128 0x11
 1121 0149 01       		.uleb128 0x1
 1122 014a 12       		.uleb128 0x12
 1123 014b 06       		.uleb128 0x6
 1124 014c 00       		.byte	0
 1125 014d 00       		.byte	0
 1126 014e 1B       		.uleb128 0x1b
 1127 014f 2E       		.uleb128 0x2e
ARM GAS  C:\Users\Sarah\AppData\Local\Temp\ccZ2kNjI.s 			page 27


 1128 0150 01       		.byte	0x1
 1129 0151 3F       		.uleb128 0x3f
 1130 0152 19       		.uleb128 0x19
 1131 0153 03       		.uleb128 0x3
 1132 0154 0E       		.uleb128 0xe
 1133 0155 27       		.uleb128 0x27
 1134 0156 19       		.uleb128 0x19
 1135 0157 49       		.uleb128 0x49
 1136 0158 13       		.uleb128 0x13
 1137 0159 34       		.uleb128 0x34
 1138 015a 19       		.uleb128 0x19
 1139 015b 3C       		.uleb128 0x3c
 1140 015c 19       		.uleb128 0x19
 1141 015d 01       		.uleb128 0x1
 1142 015e 13       		.uleb128 0x13
 1143 015f 00       		.byte	0
 1144 0160 00       		.byte	0
 1145 0161 1C       		.uleb128 0x1c
 1146 0162 05       		.uleb128 0x5
 1147 0163 00       		.byte	0
 1148 0164 49       		.uleb128 0x49
 1149 0165 13       		.uleb128 0x13
 1150 0166 00       		.byte	0
 1151 0167 00       		.byte	0
 1152 0168 1D       		.uleb128 0x1d
 1153 0169 2E       		.uleb128 0x2e
 1154 016a 00       		.byte	0
 1155 016b 3F       		.uleb128 0x3f
 1156 016c 19       		.uleb128 0x19
 1157 016d 03       		.uleb128 0x3
 1158 016e 0E       		.uleb128 0xe
 1159 016f 3A       		.uleb128 0x3a
 1160 0170 0B       		.uleb128 0xb
 1161 0171 3B       		.uleb128 0x3b
 1162 0172 0B       		.uleb128 0xb
 1163 0173 27       		.uleb128 0x27
 1164 0174 19       		.uleb128 0x19
 1165 0175 3C       		.uleb128 0x3c
 1166 0176 19       		.uleb128 0x19
 1167 0177 00       		.byte	0
 1168 0178 00       		.byte	0
 1169 0179 1E       		.uleb128 0x1e
 1170 017a 2E       		.uleb128 0x2e
 1171 017b 01       		.byte	0x1
 1172 017c 3F       		.uleb128 0x3f
 1173 017d 19       		.uleb128 0x19
 1174 017e 03       		.uleb128 0x3
 1175 017f 0E       		.uleb128 0xe
 1176 0180 3A       		.uleb128 0x3a
 1177 0181 0B       		.uleb128 0xb
 1178 0182 3B       		.uleb128 0x3b
 1179 0183 0B       		.uleb128 0xb
 1180 0184 27       		.uleb128 0x27
 1181 0185 19       		.uleb128 0x19
 1182 0186 3C       		.uleb128 0x3c
 1183 0187 19       		.uleb128 0x19
 1184 0188 01       		.uleb128 0x1
ARM GAS  C:\Users\Sarah\AppData\Local\Temp\ccZ2kNjI.s 			page 28


 1185 0189 13       		.uleb128 0x13
 1186 018a 00       		.byte	0
 1187 018b 00       		.byte	0
 1188 018c 1F       		.uleb128 0x1f
 1189 018d 2E       		.uleb128 0x2e
 1190 018e 01       		.byte	0x1
 1191 018f 3F       		.uleb128 0x3f
 1192 0190 19       		.uleb128 0x19
 1193 0191 03       		.uleb128 0x3
 1194 0192 0E       		.uleb128 0xe
 1195 0193 3A       		.uleb128 0x3a
 1196 0194 0B       		.uleb128 0xb
 1197 0195 3B       		.uleb128 0x3b
 1198 0196 0B       		.uleb128 0xb
 1199 0197 27       		.uleb128 0x27
 1200 0198 19       		.uleb128 0x19
 1201 0199 49       		.uleb128 0x49
 1202 019a 13       		.uleb128 0x13
 1203 019b 3C       		.uleb128 0x3c
 1204 019c 19       		.uleb128 0x19
 1205 019d 01       		.uleb128 0x1
 1206 019e 13       		.uleb128 0x13
 1207 019f 00       		.byte	0
 1208 01a0 00       		.byte	0
 1209 01a1 20       		.uleb128 0x20
 1210 01a2 2E       		.uleb128 0x2e
 1211 01a3 01       		.byte	0x1
 1212 01a4 3F       		.uleb128 0x3f
 1213 01a5 19       		.uleb128 0x19
 1214 01a6 03       		.uleb128 0x3
 1215 01a7 0E       		.uleb128 0xe
 1216 01a8 3A       		.uleb128 0x3a
 1217 01a9 0B       		.uleb128 0xb
 1218 01aa 3B       		.uleb128 0x3b
 1219 01ab 0B       		.uleb128 0xb
 1220 01ac 27       		.uleb128 0x27
 1221 01ad 19       		.uleb128 0x19
 1222 01ae 3C       		.uleb128 0x3c
 1223 01af 19       		.uleb128 0x19
 1224 01b0 00       		.byte	0
 1225 01b1 00       		.byte	0
 1226 01b2 00       		.byte	0
 1227              		.section	.debug_loc,"",%progbits
 1228              	.Ldebug_loc0:
 1229              	.LLST0:
 1230 0000 00000000 		.4byte	.LVL0
 1231 0004 09000000 		.4byte	.LVL2-1
 1232 0008 0100     		.2byte	0x1
 1233 000a 50       		.byte	0x50
 1234 000b 09000000 		.4byte	.LVL2-1
 1235 000f 0C000000 		.4byte	.LFE2
 1236 0013 0400     		.2byte	0x4
 1237 0015 F3       		.byte	0xf3
 1238 0016 01       		.uleb128 0x1
 1239 0017 50       		.byte	0x50
 1240 0018 9F       		.byte	0x9f
 1241 0019 00000000 		.4byte	0
ARM GAS  C:\Users\Sarah\AppData\Local\Temp\ccZ2kNjI.s 			page 29


 1242 001d 00000000 		.4byte	0
 1243              	.LLST1:
 1244 0021 00000000 		.4byte	.LVL0
 1245 0025 06000000 		.4byte	.LVL1
 1246 0029 0100     		.2byte	0x1
 1247 002b 51       		.byte	0x51
 1248 002c 06000000 		.4byte	.LVL1
 1249 0030 09000000 		.4byte	.LVL2-1
 1250 0034 0100     		.2byte	0x1
 1251 0036 52       		.byte	0x52
 1252 0037 09000000 		.4byte	.LVL2-1
 1253 003b 0C000000 		.4byte	.LFE2
 1254 003f 0400     		.2byte	0x4
 1255 0041 F3       		.byte	0xf3
 1256 0042 01       		.uleb128 0x1
 1257 0043 51       		.byte	0x51
 1258 0044 9F       		.byte	0x9f
 1259 0045 00000000 		.4byte	0
 1260 0049 00000000 		.4byte	0
 1261              	.LLST2:
 1262 004d E2000000 		.4byte	.LVL11
 1263 0051 E6000000 		.4byte	.LVL12
 1264 0055 0200     		.2byte	0x2
 1265 0057 30       		.byte	0x30
 1266 0058 9F       		.byte	0x9f
 1267 0059 E6000000 		.4byte	.LVL12
 1268 005d 06010000 		.4byte	.LVL14
 1269 0061 0100     		.2byte	0x1
 1270 0063 54       		.byte	0x54
 1271 0064 08010000 		.4byte	.LVL15
 1272 0068 7E010000 		.4byte	.LVL18
 1273 006c 0100     		.2byte	0x1
 1274 006e 54       		.byte	0x54
 1275 006f 00000000 		.4byte	0
 1276 0073 00000000 		.4byte	0
 1277              	.LLST3:
 1278 0077 E6000000 		.4byte	.LVL12
 1279 007b 06010000 		.4byte	.LVL14
 1280 007f 0B00     		.2byte	0xb
 1281 0081 74       		.byte	0x74
 1282 0082 00       		.sleb128 0
 1283 0083 36       		.byte	0x36
 1284 0084 1E       		.byte	0x1e
 1285 0085 03       		.byte	0x3
 1286 0086 00000000 		.4byte	cfg_memset_list.4771
 1287 008a 22       		.byte	0x22
 1288 008b 9F       		.byte	0x9f
 1289 008c 06010000 		.4byte	.LVL14
 1290 0090 08010000 		.4byte	.LVL15
 1291 0094 0B00     		.2byte	0xb
 1292 0096 74       		.byte	0x74
 1293 0097 7F       		.sleb128 -1
 1294 0098 36       		.byte	0x36
 1295 0099 1E       		.byte	0x1e
 1296 009a 03       		.byte	0x3
 1297 009b 00000000 		.4byte	cfg_memset_list.4771
 1298 009f 22       		.byte	0x22
ARM GAS  C:\Users\Sarah\AppData\Local\Temp\ccZ2kNjI.s 			page 30


 1299 00a0 9F       		.byte	0x9f
 1300 00a1 00000000 		.4byte	0
 1301 00a5 00000000 		.4byte	0
 1302              		.section	.debug_aranges,"",%progbits
 1303 0000 34000000 		.4byte	0x34
 1304 0004 0200     		.2byte	0x2
 1305 0006 00000000 		.4byte	.Ldebug_info0
 1306 000a 04       		.byte	0x4
 1307 000b 00       		.byte	0
 1308 000c 0000     		.2byte	0
 1309 000e 0000     		.2byte	0
 1310 0010 00000000 		.4byte	.LFB6
 1311 0014 20000000 		.4byte	.LFE6-.LFB6
 1312 0018 00000000 		.4byte	.LFB2
 1313 001c 0C000000 		.4byte	.LFE2-.LFB2
 1314 0020 00000000 		.4byte	.LFB5
 1315 0024 D8000000 		.4byte	.LFE5-.LFB5
 1316 0028 D8000000 		.4byte	.LFB7
 1317 002c E8000000 		.4byte	.LFE7-.LFB7
 1318 0030 00000000 		.4byte	0
 1319 0034 00000000 		.4byte	0
 1320              		.section	.debug_ranges,"",%progbits
 1321              	.Ldebug_ranges0:
 1322 0000 00000000 		.4byte	.LFB6
 1323 0004 20000000 		.4byte	.LFE6
 1324 0008 00000000 		.4byte	.LFB2
 1325 000c 0C000000 		.4byte	.LFE2
 1326 0010 00000000 		.4byte	.LFB5
 1327 0014 D8000000 		.4byte	.LFE5
 1328 0018 D8000000 		.4byte	.LFB7
 1329 001c C0010000 		.4byte	.LFE7
 1330 0020 00000000 		.4byte	0
 1331 0024 00000000 		.4byte	0
 1332              		.section	.debug_line,"",%progbits
 1333              	.Ldebug_line0:
 1334 0000 61010000 		.section	.debug_str,"MS",%progbits,1
 1334      0200E300 
 1334      00000201 
 1334      FB0E0D00 
 1334      01010101 
 1335              	.LASF28:
 1336 0000 43794465 		.ascii	"CyDelayCycles\000"
 1336      6C617943 
 1336      79636C65 
 1336      7300
 1337              	.LASF19:
 1338 000e 72656733 		.ascii	"reg32\000"
 1338      3200
 1339              	.LASF11:
 1340 0014 73697A65 		.ascii	"size_t\000"
 1340      5F7400
 1341              	.LASF37:
 1342 001b 416E616C 		.ascii	"AnalogSetDefault\000"
 1342      6F675365 
 1342      74446566 
 1342      61756C74 
 1342      00
ARM GAS  C:\Users\Sarah\AppData\Local\Temp\ccZ2kNjI.s 			page 31


 1343              	.LASF33:
 1344 002c 4379496E 		.ascii	"CyIntSetVector\000"
 1344      74536574 
 1344      56656374 
 1344      6F7200
 1345              	.LASF26:
 1346 003b 6366675F 		.ascii	"cfg_memset_list\000"
 1346      6D656D73 
 1346      65745F6C 
 1346      69737400 
 1347              	.LASF22:
 1348 004b 436C6F63 		.ascii	"ClockSetup\000"
 1348      6B536574 
 1348      757000
 1349              	.LASF4:
 1350 0056 73686F72 		.ascii	"short unsigned int\000"
 1350      7420756E 
 1350      7369676E 
 1350      65642069 
 1350      6E7400
 1351              	.LASF15:
 1352 0069 666C6F61 		.ascii	"float\000"
 1352      7400
 1353              	.LASF24:
 1354 006f 73697A65 		.ascii	"size\000"
 1354      00
 1355              	.LASF30:
 1356 0074 43795379 		.ascii	"CySysClkWcoSetPowerMode\000"
 1356      73436C6B 
 1356      57636F53 
 1356      6574506F 
 1356      7765724D 
 1357              	.LASF18:
 1358 008c 72656738 		.ascii	"reg8\000"
 1358      00
 1359              	.LASF6:
 1360 0091 6C6F6E67 		.ascii	"long unsigned int\000"
 1360      20756E73 
 1360      69676E65 
 1360      6420696E 
 1360      7400
 1361              	.LASF12:
 1362 00a3 75696E74 		.ascii	"uint8\000"
 1362      3800
 1363              	.LASF39:
 1364 00a9 43795379 		.ascii	"CySysClkWcoStart\000"
 1364      73436C6B 
 1364      57636F53 
 1364      74617274 
 1364      00
 1365              	.LASF21:
 1366 00ba 43594D45 		.ascii	"CYMEMZERO\000"
 1366      4D5A4552 
 1366      4F00
 1367              	.LASF2:
 1368 00c4 756E7369 		.ascii	"unsigned char\000"
 1368      676E6564 
ARM GAS  C:\Users\Sarah\AppData\Local\Temp\ccZ2kNjI.s 			page 32


 1368      20636861 
 1368      7200
 1369              	.LASF27:
 1370 00d2 6D656D73 		.ascii	"memset\000"
 1370      657400
 1371              	.LASF16:
 1372 00d9 646F7562 		.ascii	"double\000"
 1372      6C6500
 1373              	.LASF40:
 1374 00e0 4379496E 		.ascii	"CyIntEnable\000"
 1374      74456E61 
 1374      626C6500 
 1375              	.LASF13:
 1376 00ec 75696E74 		.ascii	"uint16\000"
 1376      313600
 1377              	.LASF17:
 1378 00f3 63797374 		.ascii	"cystatus\000"
 1378      61747573 
 1378      00
 1379              	.LASF14:
 1380 00fc 75696E74 		.ascii	"uint32\000"
 1380      333200
 1381              	.LASF0:
 1382 0103 756E7369 		.ascii	"unsigned int\000"
 1382      676E6564 
 1382      20696E74 
 1382      00
 1383              	.LASF38:
 1384 0110 63796669 		.ascii	"cyfitter_cfg\000"
 1384      74746572 
 1384      5F636667 
 1384      00
 1385              	.LASF23:
 1386 011d 61646472 		.ascii	"address\000"
 1386      65737300 
 1387              	.LASF8:
 1388 0125 6C6F6E67 		.ascii	"long long unsigned int\000"
 1388      206C6F6E 
 1388      6720756E 
 1388      7369676E 
 1388      65642069 
 1389              	.LASF36:
 1390 013c 433A5C55 		.ascii	"C:\\Users\\Sarah\\Documents\\DVCS\\bleapp-master\\b"
 1390      73657273 
 1390      5C536172 
 1390      61685C44 
 1390      6F63756D 
 1391 0169 6C656170 		.ascii	"leapp-master\\PSoC_Creator\\capsenseled\\Psoc_HubBl"
 1391      702D6D61 
 1391      73746572 
 1391      5C50536F 
 1391      435F4372 
 1392 0199 652E6379 		.ascii	"e.cydsn\000"
 1392      64736E00 
 1393              	.LASF20:
 1394 01a1 63796973 		.ascii	"cyisraddress\000"
 1394      72616464 
ARM GAS  C:\Users\Sarah\AppData\Local\Temp\ccZ2kNjI.s 			page 33


 1394      72657373 
 1394      00
 1395              	.LASF25:
 1396 01ae 6366675F 		.ascii	"cfg_memset_t\000"
 1396      6D656D73 
 1396      65745F74 
 1396      00
 1397              	.LASF9:
 1398 01bb 73697A65 		.ascii	"sizetype\000"
 1398      74797065 
 1398      00
 1399              	.LASF7:
 1400 01c4 6C6F6E67 		.ascii	"long long int\000"
 1400      206C6F6E 
 1400      6720696E 
 1400      7400
 1401              	.LASF32:
 1402 01d2 43794465 		.ascii	"CyDelayUs\000"
 1402      6C617955 
 1402      7300
 1403              	.LASF10:
 1404 01dc 63686172 		.ascii	"char\000"
 1404      00
 1405              	.LASF31:
 1406 01e1 43795379 		.ascii	"CySysClkEcoStart\000"
 1406      73436C6B 
 1406      45636F53 
 1406      74617274 
 1406      00
 1407              	.LASF34:
 1408 01f2 474E5520 		.ascii	"GNU C 4.9.3 20150303 (release) [ARM/embedded-4_9-br"
 1408      4320342E 
 1408      392E3320 
 1408      32303135 
 1408      30333033 
 1409 0225 616E6368 		.ascii	"anch revision 221220] -mcpu=cortex-m0 -mthumb -g -O"
 1409      20726576 
 1409      6973696F 
 1409      6E203232 
 1409      31323230 
 1410 0258 67202D66 		.ascii	"g -ffunction-sections -ffat-lto-objects\000"
 1410      66756E63 
 1410      74696F6E 
 1410      2D736563 
 1410      74696F6E 
 1411              	.LASF3:
 1412 0280 73686F72 		.ascii	"short int\000"
 1412      7420696E 
 1412      7400
 1413              	.LASF29:
 1414 028a 43795379 		.ascii	"CySysClkWriteImoFreq\000"
 1414      73436C6B 
 1414      57726974 
 1414      65496D6F 
 1414      46726571 
 1415              	.LASF5:
 1416 029f 6C6F6E67 		.ascii	"long int\000"
ARM GAS  C:\Users\Sarah\AppData\Local\Temp\ccZ2kNjI.s 			page 34


 1416      20696E74 
 1416      00
 1417              	.LASF1:
 1418 02a8 7369676E 		.ascii	"signed char\000"
 1418      65642063 
 1418      68617200 
 1419              	.LASF35:
 1420 02b4 47656E65 		.ascii	"Generated_Source\\PSoC4\\cyfitter_cfg.c\000"
 1420      72617465 
 1420      645F536F 
 1420      75726365 
 1420      5C50536F 
 1421              		.ident	"GCC: (GNU Tools for ARM Embedded Processors) 4.9.3 20150303 (release) [ARM/embedded-4_9-br
