ARM GAS  C:\Users\Sarah\AppData\Local\Temp\ccTSlSXH.s 			page 1


   1              		.cpu cortex-m0
   2              		.fpu softvfp
   3              		.eabi_attribute 20, 1
   4              		.eabi_attribute 21, 1
   5              		.eabi_attribute 23, 3
   6              		.eabi_attribute 24, 1
   7              		.eabi_attribute 25, 1
   8              		.eabi_attribute 26, 1
   9              		.eabi_attribute 30, 6
  10              		.eabi_attribute 34, 0
  11              		.eabi_attribute 18, 4
  12              		.code	16
  13              		.file	"main.c"
  14              		.text
  15              	.Ltext0:
  16              		.cfi_sections	.debug_frame
  17              		.comm	connectionHandle,2,4
  18              		.comm	a,1,1
  19              		.section	.text.Stack_Handler,"ax",%progbits
  20              		.align	2
  21              		.global	Stack_Handler
  22              		.code	16
  23              		.thumb_func
  24              		.type	Stack_Handler, %function
  25              	Stack_Handler:
  26              	.LFB37:
  27              		.file 1 "main.c"
   1:main.c        **** /* ========================================
   2:main.c        ****  *
   3:main.c        ****  * Copyright YOUR COMPANY, THE YEAR
   4:main.c        ****  * All Rights Reserved
   5:main.c        ****  * UNPUBLISHED, LICENSED SOFTWARE.
   6:main.c        ****  *
   7:main.c        ****  * CONFIDENTIAL AND PROPRIETARY INFORMATION
   8:main.c        ****  * WHICH IS THE PROPERTY OF your company.
   9:main.c        ****  *
  10:main.c        ****  * ========================================
  11:main.c        **** */
  12:main.c        **** #include "project.h"
  13:main.c        **** 
  14:main.c        **** CYBLE_CONN_HANDLE_T connectionHandle;
  15:main.c        **** 
  16:main.c        **** CYBLE_EVENT_T a;
  17:main.c        **** 
  18:main.c        **** void Stack_Handler( uint32 eventCode, void * eventParam)
  19:main.c        **** {
  28              		.loc 1 19 0
  29              		.cfi_startproc
  30 0000 80B5     		push	{r7, lr}
  31              		.cfi_def_cfa_offset 8
  32              		.cfi_offset 7, -8
  33              		.cfi_offset 14, -4
  34 0002 84B0     		sub	sp, sp, #16
  35              		.cfi_def_cfa_offset 24
  36 0004 00AF     		add	r7, sp, #0
  37              		.cfi_def_cfa_register 7
  38 0006 7860     		str	r0, [r7, #4]
ARM GAS  C:\Users\Sarah\AppData\Local\Temp\ccTSlSXH.s 			page 2


  39 0008 3960     		str	r1, [r7]
  20:main.c        ****     
  21:main.c        ****     CYBLE_GATTS_WRITE_CMD_REQ_PARAM_T* wrReq;
  22:main.c        ****     
  23:main.c        ****     switch (eventCode)
  40              		.loc 1 23 0
  41 000a 7B68     		ldr	r3, [r7, #4]
  42 000c 262B     		cmp	r3, #38
  43 000e 1FD0     		beq	.L3
  44 0010 04D8     		bhi	.L4
  45 0012 012B     		cmp	r3, #1
  46 0014 09D0     		beq	.L5
  47 0016 022B     		cmp	r3, #2
  48 0018 0BD0     		beq	.L6
  49 001a 80E0     		b	.L2
  50              	.L4:
  51 001c 412B     		cmp	r3, #65
  52 001e 20D0     		beq	.L7
  53 0020 4C2B     		cmp	r3, #76
  54 0022 2CD0     		beq	.L8
  55 0024 282B     		cmp	r3, #40
  56 0026 0CD0     		beq	.L9
  57 0028 79E0     		b	.L2
  58              	.L5:
  24:main.c        ****     {
  25:main.c        ****         case CYBLE_EVT_STACK_ON:
  26:main.c        ****             CyBle_GappStartAdvertisement(CYBLE_ADVERTISING_FAST);
  59              		.loc 1 26 0
  60 002a 0020     		mov	r0, #0
  61 002c FFF7FEFF 		bl	CyBle_GappStartAdvertisement
  27:main.c        **** 		
  28:main.c        **** 		    break;
  62              		.loc 1 28 0
  63 0030 7AE0     		b	.L1
  64              	.L6:
  29:main.c        ****         case CYBLE_EVT_TIMEOUT:
  30:main.c        ****     		/* Timeout has occured */
  31:main.c        ****             if(CYBLE_GAP_ADV_MODE_TO == *(uint8 *) eventParam)
  65              		.loc 1 31 0
  66 0032 3B68     		ldr	r3, [r7]
  67 0034 1B78     		ldrb	r3, [r3]
  68 0036 012B     		cmp	r3, #1
  69 0038 02D1     		bne	.L11
  32:main.c        ****             {
  33:main.c        ****                 /* Advertisement timeout has occured - stop advertisement */
  34:main.c        ****                 CyBle_GappStopAdvertisement();
  70              		.loc 1 34 0
  71 003a FFF7FEFF 		bl	CyBle_GappStopAdvertisement
  35:main.c        ****             }
  36:main.c        **** 	        break;
  72              		.loc 1 36 0
  73 003e 73E0     		b	.L1
  74              	.L11:
  75 0040 72E0     		b	.L1
  76              	.L9:
  37:main.c        ****         case CYBLE_EVT_GAP_DEVICE_DISCONNECTED:
  38:main.c        ****             CyBle_GappStartAdvertisement(CYBLE_ADVERTISING_FAST);
ARM GAS  C:\Users\Sarah\AppData\Local\Temp\ccTSlSXH.s 			page 3


  77              		.loc 1 38 0
  78 0042 0020     		mov	r0, #0
  79 0044 FFF7FEFF 		bl	CyBle_GappStartAdvertisement
  39:main.c        ****             LED_Scan_Write(1);
  80              		.loc 1 39 0
  81 0048 0120     		mov	r0, #1
  82 004a FFF7FEFF 		bl	LED_Scan_Write
  40:main.c        ****             break;
  83              		.loc 1 40 0
  84 004e 6BE0     		b	.L1
  85              	.L3:
  41:main.c        ****         
  42:main.c        ****         case CYBLE_EVT_GAPP_ADVERTISEMENT_START_STOP:
  43:main.c        **** 		/* Restart Advertisement if the state is disconnected */
  44:main.c        **** 		if(CyBle_GetState() == CYBLE_STATE_DISCONNECTED )
  86              		.loc 1 44 0
  87 0050 374B     		ldr	r3, .L24
  88 0052 1B78     		ldrb	r3, [r3]
  89 0054 042B     		cmp	r3, #4
  90 0056 03D1     		bne	.L12
  45:main.c        **** 		{
  46:main.c        **** 			CyBle_GappStartAdvertisement(CYBLE_ADVERTISING_FAST);
  91              		.loc 1 46 0
  92 0058 0020     		mov	r0, #0
  93 005a FFF7FEFF 		bl	CyBle_GappStartAdvertisement
  47:main.c        **** 		}
  48:main.c        **** 
  49:main.c        ****         break;
  94              		.loc 1 49 0
  95 005e 63E0     		b	.L1
  96              	.L12:
  97 0060 62E0     		b	.L1
  98              	.L7:
  50:main.c        ****         case CYBLE_EVT_GATT_CONNECT_IND:
  51:main.c        ****             connectionHandle = *(CYBLE_CONN_HANDLE_T *)eventParam;
  99              		.loc 1 51 0
 100 0062 344A     		ldr	r2, .L24+4
 101 0064 3B68     		ldr	r3, [r7]
 102 0066 111C     		mov	r1, r2
 103 0068 1A1C     		mov	r2, r3
 104 006a 0223     		mov	r3, #2
 105 006c 081C     		mov	r0, r1
 106 006e 111C     		mov	r1, r2
 107 0070 1A1C     		mov	r2, r3
 108 0072 FFF7FEFF 		bl	memcpy
  52:main.c        ****             LED_Scan_Write(0);
 109              		.loc 1 52 0
 110 0076 0020     		mov	r0, #0
 111 0078 FFF7FEFF 		bl	LED_Scan_Write
  53:main.c        ****             break;
 112              		.loc 1 53 0
 113 007c 54E0     		b	.L1
 114              	.L8:
  54:main.c        ****         case CYBLE_EVT_GATTS_WRITE_REQ:
  55:main.c        ****             wrReq = (CYBLE_GATTS_WRITE_REQ_PARAM_T*)eventParam;
 115              		.loc 1 55 0
 116 007e 3B68     		ldr	r3, [r7]
ARM GAS  C:\Users\Sarah\AppData\Local\Temp\ccTSlSXH.s 			page 4


 117 0080 FB60     		str	r3, [r7, #12]
  56:main.c        ****             if (wrReq->handleValPair.attrHandle == CYBLE_VENTSERVICE_PRESSURE_CHAR_HANDLE)
 118              		.loc 1 56 0
 119 0082 FB68     		ldr	r3, [r7, #12]
 120 0084 9B89     		ldrh	r3, [r3, #12]
 121 0086 152B     		cmp	r3, #21
 122 0088 0ED1     		bne	.L13
  57:main.c        ****             {
  58:main.c        ****                 CyBle_GattsWriteAttributeValue (&wrReq->handleValPair, 0, &connectionHandle, CYBLE_
 123              		.loc 1 58 0
 124 008a FB68     		ldr	r3, [r7, #12]
 125 008c 1A1D     		add	r2, r3, #4
 126 008e 294B     		ldr	r3, .L24+4
 127 0090 101C     		mov	r0, r2
 128 0092 0021     		mov	r1, #0
 129 0094 1A1C     		mov	r2, r3
 130 0096 0023     		mov	r3, #0
 131 0098 FFF7FEFF 		bl	CyBle_GattsWriteAttributeValue
  59:main.c        ****                 LED_Conf_Write(wrReq->handleValPair.value.val[0]);
 132              		.loc 1 59 0
 133 009c FB68     		ldr	r3, [r7, #12]
 134 009e 5B68     		ldr	r3, [r3, #4]
 135 00a0 1B78     		ldrb	r3, [r3]
 136 00a2 181C     		mov	r0, r3
 137 00a4 FFF7FEFF 		bl	LED_Conf_Write
 138              	.L13:
  60:main.c        ****             }
  61:main.c        ****             if (wrReq->handleValPair.attrHandle == CYBLE_VENTSERVICE_SERVO_CHAR_HANDLE)
 139              		.loc 1 61 0
 140 00a8 FB68     		ldr	r3, [r7, #12]
 141 00aa 9B89     		ldrh	r3, [r3, #12]
 142 00ac 122B     		cmp	r3, #18
 143 00ae 27D1     		bne	.L14
  62:main.c        ****             {
  63:main.c        ****                 switch (wrReq->handleValPair.value.val[0]) {
 144              		.loc 1 63 0
 145 00b0 FB68     		ldr	r3, [r7, #12]
 146 00b2 5B68     		ldr	r3, [r3, #4]
 147 00b4 1B78     		ldrb	r3, [r3]
 148 00b6 052B     		cmp	r3, #5
 149 00b8 21D8     		bhi	.L23
 150 00ba 9A00     		lsl	r2, r3, #2
 151 00bc 1E4B     		ldr	r3, .L24+8
 152 00be D318     		add	r3, r2, r3
 153 00c0 1B68     		ldr	r3, [r3]
 154 00c2 9F46     		mov	pc, r3
 155              		.section	.rodata
 156              		.align	2
 157              	.L17:
 158 0000 C4000000 		.word	.L16
 159 0004 CE000000 		.word	.L18
 160 0008 D8000000 		.word	.L19
 161 000c E0000000 		.word	.L20
 162 0010 EA000000 		.word	.L21
 163 0014 F4000000 		.word	.L22
 164              		.section	.text.Stack_Handler
 165              	.L16:
ARM GAS  C:\Users\Sarah\AppData\Local\Temp\ccTSlSXH.s 			page 5


  64:main.c        ****                         case (0):
  65:main.c        ****                             PWM_Servo_WriteCompare(4315);
 166              		.loc 1 65 0
 167 00c4 1D4B     		ldr	r3, .L24+12
 168 00c6 181C     		mov	r0, r3
 169 00c8 FFF7FEFF 		bl	PWM_Servo_WriteCompare
  66:main.c        ****                             //Timer_WritePeriod(1205);
  67:main.c        ****                             //Timer_Start();
  68:main.c        ****                         break;
 170              		.loc 1 68 0
 171 00cc 18E0     		b	.L14
 172              	.L18:
  69:main.c        ****                         case (1):
  70:main.c        ****                             PWM_Servo_WriteCompare(4350);
 173              		.loc 1 70 0
 174 00ce 1C4B     		ldr	r3, .L24+16
 175 00d0 181C     		mov	r0, r3
 176 00d2 FFF7FEFF 		bl	PWM_Servo_WriteCompare
  71:main.c        ****                             //Timer_WritePeriod(540);
  72:main.c        ****                             //Timer_Start();
  73:main.c        ****                         break;
 177              		.loc 1 73 0
 178 00d6 13E0     		b	.L14
 179              	.L19:
  74:main.c        ****                         case (2):
  75:main.c        ****                             PWM_Servo_WriteCompare(4375);
 180              		.loc 1 75 0
 181 00d8 1A4B     		ldr	r3, .L24+20
 182 00da 181C     		mov	r0, r3
 183 00dc FFF7FEFF 		bl	PWM_Servo_WriteCompare
 184              	.L20:
  76:main.c        ****                             //Timer_WritePeriod(225);
  77:main.c        ****                             //Timer_Start();
  78:main.c        ****                         case (3):
  79:main.c        ****                             PWM_Servo_WriteCompare(4425);
 185              		.loc 1 79 0
 186 00e0 194B     		ldr	r3, .L24+24
 187 00e2 181C     		mov	r0, r3
 188 00e4 FFF7FEFF 		bl	PWM_Servo_WriteCompare
  80:main.c        ****                         break;
 189              		.loc 1 80 0
 190 00e8 0AE0     		b	.L14
 191              	.L21:
  81:main.c        ****                         case (4):
  82:main.c        ****                             PWM_Servo_WriteCompare(4450);
 192              		.loc 1 82 0
 193 00ea 184B     		ldr	r3, .L24+28
 194 00ec 181C     		mov	r0, r3
 195 00ee FFF7FEFF 		bl	PWM_Servo_WriteCompare
  83:main.c        ****                         break;
 196              		.loc 1 83 0
 197 00f2 05E0     		b	.L14
 198              	.L22:
  84:main.c        ****                         case (5):
  85:main.c        ****                             PWM_Servo_WriteCompare(4475);
 199              		.loc 1 85 0
 200 00f4 164B     		ldr	r3, .L24+32
ARM GAS  C:\Users\Sarah\AppData\Local\Temp\ccTSlSXH.s 			page 6


 201 00f6 181C     		mov	r0, r3
 202 00f8 FFF7FEFF 		bl	PWM_Servo_WriteCompare
  86:main.c        ****                         break;
 203              		.loc 1 86 0
 204 00fc 00E0     		b	.L14
 205              	.L23:
  87:main.c        ****                     default:
  88:main.c        ****                             
  89:main.c        ****                         break;
 206              		.loc 1 89 0
 207 00fe C046     		mov	r8, r8
 208              	.L14:
  90:main.c        ****                 }
  91:main.c        ****             }
  92:main.c        ****             CyBle_GattsWriteRsp(connectionHandle);
 209              		.loc 1 92 0
 210 0100 0C4B     		ldr	r3, .L24+4
 211 0102 1A78     		ldrb	r2, [r3]
 212 0104 5B78     		ldrb	r3, [r3, #1]
 213 0106 1B02     		lsl	r3, r3, #8
 214 0108 1A43     		orr	r2, r3
 215 010a 0023     		mov	r3, #0
 216 010c 1204     		lsl	r2, r2, #16
 217 010e 120C     		lsr	r2, r2, #16
 218 0110 1B0C     		lsr	r3, r3, #16
 219 0112 1B04     		lsl	r3, r3, #16
 220 0114 1343     		orr	r3, r2
 221 0116 181C     		mov	r0, r3
 222 0118 FFF7FEFF 		bl	CyBle_GattsWriteRsp
  93:main.c        ****             break;
 223              		.loc 1 93 0
 224 011c 04E0     		b	.L1
 225              	.L2:
  94:main.c        ****         default:
  95:main.c        ****             a = eventCode;
 226              		.loc 1 95 0
 227 011e 7B68     		ldr	r3, [r7, #4]
 228 0120 DAB2     		uxtb	r2, r3
 229 0122 0C4B     		ldr	r3, .L24+36
 230 0124 1A70     		strb	r2, [r3]
  96:main.c        ****             break;
 231              		.loc 1 96 0
 232 0126 C046     		mov	r8, r8
 233              	.L1:
  97:main.c        ****         
  98:main.c        ****     }
  99:main.c        **** }
 234              		.loc 1 99 0
 235 0128 BD46     		mov	sp, r7
 236 012a 04B0     		add	sp, sp, #16
 237              		@ sp needed
 238 012c 80BD     		pop	{r7, pc}
 239              	.L25:
 240 012e C046     		.align	2
 241              	.L24:
 242 0130 00000000 		.word	cyBle_state
 243 0134 00000000 		.word	connectionHandle
ARM GAS  C:\Users\Sarah\AppData\Local\Temp\ccTSlSXH.s 			page 7


 244 0138 00000000 		.word	.L17
 245 013c DB100000 		.word	4315
 246 0140 FE100000 		.word	4350
 247 0144 17110000 		.word	4375
 248 0148 49110000 		.word	4425
 249 014c 62110000 		.word	4450
 250 0150 7B110000 		.word	4475
 251 0154 00000000 		.word	a
 252              		.cfi_endproc
 253              	.LFE37:
 254              		.size	Stack_Handler, .-Stack_Handler
 255              		.section	.text.main,"ax",%progbits
 256              		.align	2
 257              		.global	main
 258              		.code	16
 259              		.thumb_func
 260              		.type	main, %function
 261              	main:
 262              	.LFB38:
 100:main.c        **** 
 101:main.c        **** int main(void)
 102:main.c        **** {
 263              		.loc 1 102 0
 264              		.cfi_startproc
 265 0000 80B5     		push	{r7, lr}
 266              		.cfi_def_cfa_offset 8
 267              		.cfi_offset 7, -8
 268              		.cfi_offset 14, -4
 269 0002 00AF     		add	r7, sp, #0
 270              		.cfi_def_cfa_register 7
 103:main.c        ****     CyGlobalIntEnable; /* Enable global interrupts. */
 271              		.loc 1 103 0
 272              	@ 103 "main.c" 1
 273 0004 62B6     		CPSIE   i
 274              	@ 0 "" 2
 104:main.c        **** 
 105:main.c        ****     /* Place your initialization/startup code here (e.g. MyInst_Start()) */
 106:main.c        **** 
 107:main.c        ****     PWM_Servo_Start();
 275              		.loc 1 107 0
 276              		.code	16
 277 0006 FFF7FEFF 		bl	PWM_Servo_Start
 108:main.c        ****     CyBle_Start( Stack_Handler );
 278              		.loc 1 108 0
 279 000a 064B     		ldr	r3, .L28
 280 000c 181C     		mov	r0, r3
 281 000e FFF7FEFF 		bl	CyBle_Start
 109:main.c        ****     LED_Conf_Write(0);
 282              		.loc 1 109 0
 283 0012 0020     		mov	r0, #0
 284 0014 FFF7FEFF 		bl	LED_Conf_Write
 110:main.c        ****     LED_Scan_Write(1);
 285              		.loc 1 110 0
 286 0018 0120     		mov	r0, #1
 287 001a FFF7FEFF 		bl	LED_Scan_Write
 288              	.L27:
 111:main.c        ****     for(;;)
ARM GAS  C:\Users\Sarah\AppData\Local\Temp\ccTSlSXH.s 			page 8


 112:main.c        ****     {
 113:main.c        ****         CyBle_ProcessEvents();
 289              		.loc 1 113 0 discriminator 1
 290 001e FFF7FEFF 		bl	CyBle_ProcessEvents
 114:main.c        ****     }
 291              		.loc 1 114 0 discriminator 1
 292 0022 FCE7     		b	.L27
 293              	.L29:
 294              		.align	2
 295              	.L28:
 296 0024 00000000 		.word	Stack_Handler
 297              		.cfi_endproc
 298              	.LFE38:
 299              		.size	main, .-main
 300              		.text
 301              	.Letext0:
 302              		.file 2 "Generated_Source\\PSoC4/cytypes.h"
 303              		.file 3 "Generated_Source\\PSoC4/BLE_Stack.h"
 304              		.file 4 "Generated_Source\\PSoC4/BLE_StackHostMain.h"
 305              		.file 5 "Generated_Source\\PSoC4/BLE_StackGatt.h"
 306              		.file 6 "Generated_Source\\PSoC4/BLE_StackGattServer.h"
 307              		.file 7 "Generated_Source\\PSoC4/BLE_eventHandler.h"
 308              		.section	.debug_info,"",%progbits
 309              	.Ldebug_info0:
 310 0000 5B040000 		.4byte	0x45b
 311 0004 0400     		.2byte	0x4
 312 0006 00000000 		.4byte	.Ldebug_abbrev0
 313 000a 04       		.byte	0x4
 314 000b 01       		.uleb128 0x1
 315 000c 220B0000 		.4byte	.LASF116
 316 0010 01       		.byte	0x1
 317 0011 BD050000 		.4byte	.LASF117
 318 0015 29090000 		.4byte	.LASF118
 319 0019 00000000 		.4byte	.Ldebug_ranges0+0
 320 001d 00000000 		.4byte	0
 321 0021 00000000 		.4byte	.Ldebug_line0
 322 0025 02       		.uleb128 0x2
 323 0026 01       		.byte	0x1
 324 0027 06       		.byte	0x6
 325 0028 67020000 		.4byte	.LASF0
 326 002c 02       		.uleb128 0x2
 327 002d 01       		.byte	0x1
 328 002e 08       		.byte	0x8
 329 002f 86080000 		.4byte	.LASF1
 330 0033 02       		.uleb128 0x2
 331 0034 02       		.byte	0x2
 332 0035 05       		.byte	0x5
 333 0036 52030000 		.4byte	.LASF2
 334 003a 02       		.uleb128 0x2
 335 003b 02       		.byte	0x2
 336 003c 07       		.byte	0x7
 337 003d 19050000 		.4byte	.LASF3
 338 0041 02       		.uleb128 0x2
 339 0042 04       		.byte	0x4
 340 0043 05       		.byte	0x5
 341 0044 65010000 		.4byte	.LASF4
 342 0048 02       		.uleb128 0x2
ARM GAS  C:\Users\Sarah\AppData\Local\Temp\ccTSlSXH.s 			page 9


 343 0049 04       		.byte	0x4
 344 004a 07       		.byte	0x7
 345 004b 5F040000 		.4byte	.LASF5
 346 004f 02       		.uleb128 0x2
 347 0050 08       		.byte	0x8
 348 0051 05       		.byte	0x5
 349 0052 59020000 		.4byte	.LASF6
 350 0056 02       		.uleb128 0x2
 351 0057 08       		.byte	0x8
 352 0058 07       		.byte	0x7
 353 0059 6E010000 		.4byte	.LASF7
 354 005d 03       		.uleb128 0x3
 355 005e 04       		.byte	0x4
 356 005f 05       		.byte	0x5
 357 0060 696E7400 		.ascii	"int\000"
 358 0064 02       		.uleb128 0x2
 359 0065 04       		.byte	0x4
 360 0066 07       		.byte	0x7
 361 0067 33040000 		.4byte	.LASF8
 362 006b 04       		.uleb128 0x4
 363 006c 4C030000 		.4byte	.LASF9
 364 0070 02       		.byte	0x2
 365 0071 B901     		.2byte	0x1b9
 366 0073 2C000000 		.4byte	0x2c
 367 0077 04       		.uleb128 0x4
 368 0078 94080000 		.4byte	.LASF10
 369 007c 02       		.byte	0x2
 370 007d BA01     		.2byte	0x1ba
 371 007f 3A000000 		.4byte	0x3a
 372 0083 04       		.uleb128 0x4
 373 0084 B1030000 		.4byte	.LASF11
 374 0088 02       		.byte	0x2
 375 0089 BB01     		.2byte	0x1bb
 376 008b 48000000 		.4byte	0x48
 377 008f 02       		.uleb128 0x2
 378 0090 04       		.byte	0x4
 379 0091 04       		.byte	0x4
 380 0092 6E080000 		.4byte	.LASF12
 381 0096 02       		.uleb128 0x2
 382 0097 08       		.byte	0x8
 383 0098 04       		.byte	0x4
 384 0099 7B030000 		.4byte	.LASF13
 385 009d 02       		.uleb128 0x2
 386 009e 01       		.byte	0x1
 387 009f 08       		.byte	0x8
 388 00a0 090A0000 		.4byte	.LASF14
 389 00a4 02       		.uleb128 0x2
 390 00a5 04       		.byte	0x4
 391 00a6 07       		.byte	0x7
 392 00a7 FA060000 		.4byte	.LASF15
 393 00ab 05       		.uleb128 0x5
 394 00ac 04       		.byte	0x4
 395 00ad 06       		.uleb128 0x6
 396 00ae 01       		.byte	0x1
 397 00af 03       		.byte	0x3
 398 00b0 4D01     		.2byte	0x14d
 399 00b2 90020000 		.4byte	0x290
ARM GAS  C:\Users\Sarah\AppData\Local\Temp\ccTSlSXH.s 			page 10


 400 00b6 07       		.uleb128 0x7
 401 00b7 2C050000 		.4byte	.LASF16
 402 00bb 00       		.sleb128 0
 403 00bc 07       		.uleb128 0x7
 404 00bd 73020000 		.4byte	.LASF17
 405 00c1 01       		.sleb128 1
 406 00c2 07       		.uleb128 0x7
 407 00c3 53010000 		.4byte	.LASF18
 408 00c7 02       		.sleb128 2
 409 00c8 07       		.uleb128 0x7
 410 00c9 7C0A0000 		.4byte	.LASF19
 411 00cd 03       		.sleb128 3
 412 00ce 07       		.uleb128 0x7
 413 00cf 98010000 		.4byte	.LASF20
 414 00d3 04       		.sleb128 4
 415 00d4 07       		.uleb128 0x7
 416 00d5 23000000 		.4byte	.LASF21
 417 00d9 05       		.sleb128 5
 418 00da 07       		.uleb128 0x7
 419 00db 61050000 		.4byte	.LASF22
 420 00df 06       		.sleb128 6
 421 00e0 07       		.uleb128 0x7
 422 00e1 54060000 		.4byte	.LASF23
 423 00e5 20       		.sleb128 32
 424 00e6 07       		.uleb128 0x7
 425 00e7 AF020000 		.4byte	.LASF24
 426 00eb 21       		.sleb128 33
 427 00ec 07       		.uleb128 0x7
 428 00ed 7A050000 		.4byte	.LASF25
 429 00f1 22       		.sleb128 34
 430 00f2 07       		.uleb128 0x7
 431 00f3 F1050000 		.4byte	.LASF26
 432 00f7 23       		.sleb128 35
 433 00f8 07       		.uleb128 0x7
 434 00f9 CD070000 		.4byte	.LASF27
 435 00fd 24       		.sleb128 36
 436 00fe 07       		.uleb128 0x7
 437 00ff 3A070000 		.4byte	.LASF28
 438 0103 25       		.sleb128 37
 439 0104 07       		.uleb128 0x7
 440 0105 24030000 		.4byte	.LASF29
 441 0109 26       		.sleb128 38
 442 010a 07       		.uleb128 0x7
 443 010b 9E050000 		.4byte	.LASF30
 444 010f 27       		.sleb128 39
 445 0110 07       		.uleb128 0x7
 446 0111 0E0A0000 		.4byte	.LASF31
 447 0115 28       		.sleb128 40
 448 0116 07       		.uleb128 0x7
 449 0117 FB010000 		.4byte	.LASF32
 450 011b 29       		.sleb128 41
 451 011c 07       		.uleb128 0x7
 452 011d A2000000 		.4byte	.LASF33
 453 0121 2A       		.sleb128 42
 454 0122 07       		.uleb128 0x7
 455 0123 86020000 		.4byte	.LASF34
 456 0127 2B       		.sleb128 43
ARM GAS  C:\Users\Sarah\AppData\Local\Temp\ccTSlSXH.s 			page 11


 457 0128 07       		.uleb128 0x7
 458 0129 D70B0000 		.4byte	.LASF35
 459 012d 2C       		.sleb128 44
 460 012e 07       		.uleb128 0x7
 461 012f 18020000 		.4byte	.LASF36
 462 0133 2D       		.sleb128 45
 463 0134 07       		.uleb128 0x7
 464 0135 9B080000 		.4byte	.LASF37
 465 0139 2E       		.sleb128 46
 466 013a 07       		.uleb128 0x7
 467 013b EC000000 		.4byte	.LASF38
 468 013f 2F       		.sleb128 47
 469 0140 07       		.uleb128 0x7
 470 0141 8F070000 		.4byte	.LASF39
 471 0145 30       		.sleb128 48
 472 0146 07       		.uleb128 0x7
 473 0147 2F0C0000 		.4byte	.LASF40
 474 014b 31       		.sleb128 49
 475 014c 07       		.uleb128 0x7
 476 014d 6E070000 		.4byte	.LASF41
 477 0151 32       		.sleb128 50
 478 0152 07       		.uleb128 0x7
 479 0153 CA090000 		.4byte	.LASF42
 480 0157 33       		.sleb128 51
 481 0158 07       		.uleb128 0x7
 482 0159 71040000 		.4byte	.LASF43
 483 015d 34       		.sleb128 52
 484 015e 07       		.uleb128 0x7
 485 015f B0070000 		.4byte	.LASF44
 486 0163 35       		.sleb128 53
 487 0164 07       		.uleb128 0x7
 488 0165 C4050000 		.4byte	.LASF45
 489 0169 36       		.sleb128 54
 490 016a 07       		.uleb128 0x7
 491 016b 86060000 		.4byte	.LASF46
 492 016f 37       		.sleb128 55
 493 0170 07       		.uleb128 0x7
 494 0171 B0090000 		.4byte	.LASF47
 495 0175 C000     		.sleb128 64
 496 0177 07       		.uleb128 0x7
 497 0178 17060000 		.4byte	.LASF48
 498 017c C100     		.sleb128 65
 499 017e 07       		.uleb128 0x7
 500 017f 6F0C0000 		.4byte	.LASF49
 501 0183 C200     		.sleb128 66
 502 0185 07       		.uleb128 0x7
 503 0186 B70A0000 		.4byte	.LASF50
 504 018a C300     		.sleb128 67
 505 018c 07       		.uleb128 0x7
 506 018d A3040000 		.4byte	.LASF51
 507 0191 C400     		.sleb128 68
 508 0193 07       		.uleb128 0x7
 509 0194 47080000 		.4byte	.LASF52
 510 0198 C500     		.sleb128 69
 511 019a 07       		.uleb128 0x7
 512 019b D9060000 		.4byte	.LASF53
 513 019f C600     		.sleb128 70
ARM GAS  C:\Users\Sarah\AppData\Local\Temp\ccTSlSXH.s 			page 12


 514 01a1 07       		.uleb128 0x7
 515 01a2 43050000 		.4byte	.LASF54
 516 01a6 C700     		.sleb128 71
 517 01a8 07       		.uleb128 0x7
 518 01a9 B00B0000 		.4byte	.LASF55
 519 01ad C800     		.sleb128 72
 520 01af 07       		.uleb128 0x7
 521 01b0 C6020000 		.4byte	.LASF56
 522 01b4 C900     		.sleb128 73
 523 01b6 07       		.uleb128 0x7
 524 01b7 EE0A0000 		.4byte	.LASF57
 525 01bb CA00     		.sleb128 74
 526 01bd 07       		.uleb128 0x7
 527 01be 15010000 		.4byte	.LASF58
 528 01c2 CB00     		.sleb128 75
 529 01c4 07       		.uleb128 0x7
 530 01c5 89040000 		.4byte	.LASF59
 531 01c9 CC00     		.sleb128 76
 532 01cb 07       		.uleb128 0x7
 533 01cc 54070000 		.4byte	.LASF60
 534 01d0 CD00     		.sleb128 77
 535 01d2 07       		.uleb128 0x7
 536 01d3 DF020000 		.4byte	.LASF61
 537 01d7 CE00     		.sleb128 78
 538 01d9 07       		.uleb128 0x7
 539 01da 0A090000 		.4byte	.LASF62
 540 01de CF00     		.sleb128 79
 541 01e0 07       		.uleb128 0x7
 542 01e1 34010000 		.4byte	.LASF63
 543 01e5 D000     		.sleb128 80
 544 01e7 07       		.uleb128 0x7
 545 01e8 5C030000 		.4byte	.LASF64
 546 01ec D100     		.sleb128 81
 547 01ee 07       		.uleb128 0x7
 548 01ef E9070000 		.4byte	.LASF65
 549 01f3 D200     		.sleb128 82
 550 01f5 07       		.uleb128 0x7
 551 01f6 D1080000 		.4byte	.LASF66
 552 01fa D300     		.sleb128 83
 553 01fc 07       		.uleb128 0x7
 554 01fd 8F090000 		.4byte	.LASF67
 555 0201 D400     		.sleb128 84
 556 0203 07       		.uleb128 0x7
 557 0204 C1040000 		.4byte	.LASF68
 558 0208 D500     		.sleb128 85
 559 020a 07       		.uleb128 0x7
 560 020b 11040000 		.4byte	.LASF69
 561 020f D600     		.sleb128 86
 562 0211 07       		.uleb128 0x7
 563 0212 300A0000 		.4byte	.LASF70
 564 0216 D700     		.sleb128 87
 565 0218 07       		.uleb128 0x7
 566 0219 E5040000 		.4byte	.LASF71
 567 021d D800     		.sleb128 88
 568 021f 07       		.uleb128 0x7
 569 0220 D5010000 		.4byte	.LASF72
 570 0224 F000     		.sleb128 112
ARM GAS  C:\Users\Sarah\AppData\Local\Temp\ccTSlSXH.s 			page 13


 571 0226 07       		.uleb128 0x7
 572 0227 040C0000 		.4byte	.LASF73
 573 022b F100     		.sleb128 113
 574 022d 07       		.uleb128 0x7
 575 022e 38060000 		.4byte	.LASF74
 576 0232 F200     		.sleb128 114
 577 0234 07       		.uleb128 0x7
 578 0235 BB060000 		.4byte	.LASF75
 579 0239 F300     		.sleb128 115
 580 023b 07       		.uleb128 0x7
 581 023c 29080000 		.4byte	.LASF76
 582 0240 F400     		.sleb128 116
 583 0242 07       		.uleb128 0x7
 584 0243 82030000 		.4byte	.LASF77
 585 0247 F500     		.sleb128 117
 586 0249 07       		.uleb128 0x7
 587 024a CB000000 		.4byte	.LASF78
 588 024e F600     		.sleb128 118
 589 0250 07       		.uleb128 0x7
 590 0251 53000000 		.4byte	.LASF79
 591 0255 F700     		.sleb128 119
 592 0257 07       		.uleb128 0x7
 593 0258 00000000 		.4byte	.LASF80
 594 025c F800     		.sleb128 120
 595 025e 07       		.uleb128 0x7
 596 025f 590A0000 		.4byte	.LASF81
 597 0263 F900     		.sleb128 121
 598 0265 07       		.uleb128 0x7
 599 0266 DC030000 		.4byte	.LASF82
 600 026a FA00     		.sleb128 122
 601 026c 07       		.uleb128 0x7
 602 026d AD010000 		.4byte	.LASF83
 603 0271 FA01     		.sleb128 250
 604 0273 07       		.uleb128 0x7
 605 0274 40040000 		.4byte	.LASF84
 606 0278 FB01     		.sleb128 251
 607 027a 07       		.uleb128 0x7
 608 027b F8080000 		.4byte	.LASF85
 609 027f FC01     		.sleb128 252
 610 0281 07       		.uleb128 0x7
 611 0282 F1090000 		.4byte	.LASF86
 612 0286 FD01     		.sleb128 253
 613 0288 07       		.uleb128 0x7
 614 0289 B8030000 		.4byte	.LASF87
 615 028d FF01     		.sleb128 255
 616 028f 00       		.byte	0
 617 0290 04       		.uleb128 0x4
 618 0291 FD020000 		.4byte	.LASF88
 619 0295 03       		.byte	0x3
 620 0296 2203     		.2byte	0x322
 621 0298 AD000000 		.4byte	0xad
 622 029c 08       		.uleb128 0x8
 623 029d 04       		.byte	0x4
 624 029e 6B000000 		.4byte	0x6b
 625 02a2 09       		.uleb128 0x9
 626 02a3 01       		.byte	0x1
 627 02a4 04       		.byte	0x4
ARM GAS  C:\Users\Sarah\AppData\Local\Temp\ccTSlSXH.s 			page 14


 628 02a5 2F       		.byte	0x2f
 629 02a6 C3020000 		.4byte	0x2c3
 630 02aa 07       		.uleb128 0x7
 631 02ab C6030000 		.4byte	.LASF89
 632 02af 01       		.sleb128 1
 633 02b0 07       		.uleb128 0x7
 634 02b1 BF080000 		.4byte	.LASF90
 635 02b5 02       		.sleb128 2
 636 02b6 07       		.uleb128 0x7
 637 02b7 74080000 		.4byte	.LASF91
 638 02bb 03       		.sleb128 3
 639 02bc 07       		.uleb128 0x7
 640 02bd 08050000 		.4byte	.LASF92
 641 02c1 04       		.sleb128 4
 642 02c2 00       		.byte	0
 643 02c3 04       		.uleb128 0x4
 644 02c4 530C0000 		.4byte	.LASF93
 645 02c8 05       		.byte	0x5
 646 02c9 8901     		.2byte	0x189
 647 02cb 77000000 		.4byte	0x77
 648 02cf 0A       		.uleb128 0xa
 649 02d0 02       		.byte	0x2
 650 02d1 05       		.byte	0x5
 651 02d2 9301     		.2byte	0x193
 652 02d4 F3020000 		.4byte	0x2f3
 653 02d8 0B       		.uleb128 0xb
 654 02d9 FB0B0000 		.4byte	.LASF94
 655 02dd 05       		.byte	0x5
 656 02de 9A01     		.2byte	0x19a
 657 02e0 6B000000 		.4byte	0x6b
 658 02e4 00       		.byte	0
 659 02e5 0B       		.uleb128 0xb
 660 02e6 32060000 		.4byte	.LASF95
 661 02ea 05       		.byte	0x5
 662 02eb A001     		.2byte	0x1a0
 663 02ed 6B000000 		.4byte	0x6b
 664 02f1 01       		.byte	0x1
 665 02f2 00       		.byte	0
 666 02f3 04       		.uleb128 0x4
 667 02f4 72000000 		.4byte	.LASF96
 668 02f8 05       		.byte	0x5
 669 02f9 A201     		.2byte	0x1a2
 670 02fb CF020000 		.4byte	0x2cf
 671 02ff 0A       		.uleb128 0xa
 672 0300 08       		.byte	0x8
 673 0301 05       		.byte	0x5
 674 0302 BE01     		.2byte	0x1be
 675 0304 30030000 		.4byte	0x330
 676 0308 0C       		.uleb128 0xc
 677 0309 76616C00 		.ascii	"val\000"
 678 030d 05       		.byte	0x5
 679 030e C101     		.2byte	0x1c1
 680 0310 9C020000 		.4byte	0x29c
 681 0314 00       		.byte	0
 682 0315 0C       		.uleb128 0xc
 683 0316 6C656E00 		.ascii	"len\000"
 684 031a 05       		.byte	0x5
ARM GAS  C:\Users\Sarah\AppData\Local\Temp\ccTSlSXH.s 			page 15


 685 031b C401     		.2byte	0x1c4
 686 031d 77000000 		.4byte	0x77
 687 0321 04       		.byte	0x4
 688 0322 0B       		.uleb128 0xb
 689 0323 A5020000 		.4byte	.LASF97
 690 0327 05       		.byte	0x5
 691 0328 CB01     		.2byte	0x1cb
 692 032a 77000000 		.4byte	0x77
 693 032e 06       		.byte	0x6
 694 032f 00       		.byte	0
 695 0330 04       		.uleb128 0x4
 696 0331 85010000 		.4byte	.LASF98
 697 0335 05       		.byte	0x5
 698 0336 CD01     		.2byte	0x1cd
 699 0338 FF020000 		.4byte	0x2ff
 700 033c 0A       		.uleb128 0xa
 701 033d 0C       		.byte	0xc
 702 033e 05       		.byte	0x5
 703 033f D001     		.2byte	0x1d0
 704 0341 60030000 		.4byte	0x360
 705 0345 0B       		.uleb128 0xb
 706 0346 0B040000 		.4byte	.LASF99
 707 034a 05       		.byte	0x5
 708 034b D301     		.2byte	0x1d3
 709 034d 30030000 		.4byte	0x330
 710 0351 00       		.byte	0
 711 0352 0B       		.uleb128 0xb
 712 0353 00040000 		.4byte	.LASF100
 713 0357 05       		.byte	0x5
 714 0358 D601     		.2byte	0x1d6
 715 035a C3020000 		.4byte	0x2c3
 716 035e 08       		.byte	0x8
 717 035f 00       		.byte	0
 718 0360 04       		.uleb128 0x4
 719 0361 0A080000 		.4byte	.LASF101
 720 0365 05       		.byte	0x5
 721 0366 D801     		.2byte	0x1d8
 722 0368 3C030000 		.4byte	0x33c
 723 036c 0D       		.uleb128 0xd
 724 036d 10       		.byte	0x10
 725 036e 06       		.byte	0x6
 726 036f 8A       		.byte	0x8a
 727 0370 8D030000 		.4byte	0x38d
 728 0374 0E       		.uleb128 0xe
 729 0375 86000000 		.4byte	.LASF102
 730 0379 06       		.byte	0x6
 731 037a 8D       		.byte	0x8d
 732 037b F3020000 		.4byte	0x2f3
 733 037f 00       		.byte	0
 734 0380 0E       		.uleb128 0xe
 735 0381 78060000 		.4byte	.LASF103
 736 0385 06       		.byte	0x6
 737 0386 90       		.byte	0x90
 738 0387 60030000 		.4byte	0x360
 739 038b 04       		.byte	0x4
 740 038c 00       		.byte	0
 741 038d 0F       		.uleb128 0xf
ARM GAS  C:\Users\Sarah\AppData\Local\Temp\ccTSlSXH.s 			page 16


 742 038e 03070000 		.4byte	.LASF104
 743 0392 06       		.byte	0x6
 744 0393 92       		.byte	0x92
 745 0394 6C030000 		.4byte	0x36c
 746 0398 0F       		.uleb128 0xf
 747 0399 950A0000 		.4byte	.LASF105
 748 039d 06       		.byte	0x6
 749 039e 95       		.byte	0x95
 750 039f 8D030000 		.4byte	0x38d
 751 03a3 06       		.uleb128 0x6
 752 03a4 01       		.byte	0x1
 753 03a5 07       		.byte	0x7
 754 03a6 5008     		.2byte	0x850
 755 03a8 CB030000 		.4byte	0x3cb
 756 03ac 07       		.uleb128 0x7
 757 03ad 3F000000 		.4byte	.LASF106
 758 03b1 00       		.sleb128 0
 759 03b2 07       		.uleb128 0x7
 760 03b3 21070000 		.4byte	.LASF107
 761 03b7 01       		.sleb128 1
 762 03b8 07       		.uleb128 0x7
 763 03b9 0C0B0000 		.4byte	.LASF108
 764 03bd 02       		.sleb128 2
 765 03be 07       		.uleb128 0x7
 766 03bf 41020000 		.4byte	.LASF109
 767 03c3 03       		.sleb128 3
 768 03c4 07       		.uleb128 0x7
 769 03c5 0B030000 		.4byte	.LASF110
 770 03c9 04       		.sleb128 4
 771 03ca 00       		.byte	0
 772 03cb 04       		.uleb128 0x4
 773 03cc E00A0000 		.4byte	.LASF111
 774 03d0 07       		.byte	0x7
 775 03d1 5E08     		.2byte	0x85e
 776 03d3 A3030000 		.4byte	0x3a3
 777 03d7 10       		.uleb128 0x10
 778 03d8 A3030000 		.4byte	.LASF119
 779 03dc 01       		.byte	0x1
 780 03dd 12       		.byte	0x12
 781 03de 00000000 		.4byte	.LFB37
 782 03e2 58010000 		.4byte	.LFE37-.LFB37
 783 03e6 01       		.uleb128 0x1
 784 03e7 9C       		.byte	0x9c
 785 03e8 17040000 		.4byte	0x417
 786 03ec 11       		.uleb128 0x11
 787 03ed CB010000 		.4byte	.LASF112
 788 03f1 01       		.byte	0x1
 789 03f2 12       		.byte	0x12
 790 03f3 83000000 		.4byte	0x83
 791 03f7 02       		.uleb128 0x2
 792 03f8 91       		.byte	0x91
 793 03f9 6C       		.sleb128 -20
 794 03fa 11       		.uleb128 0x11
 795 03fb D50A0000 		.4byte	.LASF113
 796 03ff 01       		.byte	0x1
 797 0400 12       		.byte	0x12
 798 0401 AB000000 		.4byte	0xab
ARM GAS  C:\Users\Sarah\AppData\Local\Temp\ccTSlSXH.s 			page 17


 799 0405 02       		.uleb128 0x2
 800 0406 91       		.byte	0x91
 801 0407 68       		.sleb128 -24
 802 0408 12       		.uleb128 0x12
 803 0409 F2080000 		.4byte	.LASF120
 804 040d 01       		.byte	0x1
 805 040e 15       		.byte	0x15
 806 040f 17040000 		.4byte	0x417
 807 0413 02       		.uleb128 0x2
 808 0414 91       		.byte	0x91
 809 0415 74       		.sleb128 -12
 810 0416 00       		.byte	0
 811 0417 08       		.uleb128 0x8
 812 0418 04       		.byte	0x4
 813 0419 98030000 		.4byte	0x398
 814 041d 13       		.uleb128 0x13
 815 041e 2A0C0000 		.4byte	.LASF121
 816 0422 01       		.byte	0x1
 817 0423 65       		.byte	0x65
 818 0424 5D000000 		.4byte	0x5d
 819 0428 00000000 		.4byte	.LFB38
 820 042c 28000000 		.4byte	.LFE38-.LFB38
 821 0430 01       		.uleb128 0x1
 822 0431 9C       		.byte	0x9c
 823 0432 14       		.uleb128 0x14
 824 0433 E5050000 		.4byte	.LASF114
 825 0437 07       		.byte	0x7
 826 0438 A90A     		.2byte	0xaa9
 827 043a CB030000 		.4byte	0x3cb
 828 043e 15       		.uleb128 0x15
 829 043f 91000000 		.4byte	.LASF115
 830 0443 01       		.byte	0x1
 831 0444 0E       		.byte	0xe
 832 0445 F3020000 		.4byte	0x2f3
 833 0449 05       		.uleb128 0x5
 834 044a 03       		.byte	0x3
 835 044b 00000000 		.4byte	connectionHandle
 836 044f 16       		.uleb128 0x16
 837 0450 6100     		.ascii	"a\000"
 838 0452 01       		.byte	0x1
 839 0453 10       		.byte	0x10
 840 0454 90020000 		.4byte	0x290
 841 0458 05       		.uleb128 0x5
 842 0459 03       		.byte	0x3
 843 045a 00000000 		.4byte	a
 844 045e 00       		.byte	0
 845              		.section	.debug_abbrev,"",%progbits
 846              	.Ldebug_abbrev0:
 847 0000 01       		.uleb128 0x1
 848 0001 11       		.uleb128 0x11
 849 0002 01       		.byte	0x1
 850 0003 25       		.uleb128 0x25
 851 0004 0E       		.uleb128 0xe
 852 0005 13       		.uleb128 0x13
 853 0006 0B       		.uleb128 0xb
 854 0007 03       		.uleb128 0x3
 855 0008 0E       		.uleb128 0xe
ARM GAS  C:\Users\Sarah\AppData\Local\Temp\ccTSlSXH.s 			page 18


 856 0009 1B       		.uleb128 0x1b
 857 000a 0E       		.uleb128 0xe
 858 000b 55       		.uleb128 0x55
 859 000c 17       		.uleb128 0x17
 860 000d 11       		.uleb128 0x11
 861 000e 01       		.uleb128 0x1
 862 000f 10       		.uleb128 0x10
 863 0010 17       		.uleb128 0x17
 864 0011 00       		.byte	0
 865 0012 00       		.byte	0
 866 0013 02       		.uleb128 0x2
 867 0014 24       		.uleb128 0x24
 868 0015 00       		.byte	0
 869 0016 0B       		.uleb128 0xb
 870 0017 0B       		.uleb128 0xb
 871 0018 3E       		.uleb128 0x3e
 872 0019 0B       		.uleb128 0xb
 873 001a 03       		.uleb128 0x3
 874 001b 0E       		.uleb128 0xe
 875 001c 00       		.byte	0
 876 001d 00       		.byte	0
 877 001e 03       		.uleb128 0x3
 878 001f 24       		.uleb128 0x24
 879 0020 00       		.byte	0
 880 0021 0B       		.uleb128 0xb
 881 0022 0B       		.uleb128 0xb
 882 0023 3E       		.uleb128 0x3e
 883 0024 0B       		.uleb128 0xb
 884 0025 03       		.uleb128 0x3
 885 0026 08       		.uleb128 0x8
 886 0027 00       		.byte	0
 887 0028 00       		.byte	0
 888 0029 04       		.uleb128 0x4
 889 002a 16       		.uleb128 0x16
 890 002b 00       		.byte	0
 891 002c 03       		.uleb128 0x3
 892 002d 0E       		.uleb128 0xe
 893 002e 3A       		.uleb128 0x3a
 894 002f 0B       		.uleb128 0xb
 895 0030 3B       		.uleb128 0x3b
 896 0031 05       		.uleb128 0x5
 897 0032 49       		.uleb128 0x49
 898 0033 13       		.uleb128 0x13
 899 0034 00       		.byte	0
 900 0035 00       		.byte	0
 901 0036 05       		.uleb128 0x5
 902 0037 0F       		.uleb128 0xf
 903 0038 00       		.byte	0
 904 0039 0B       		.uleb128 0xb
 905 003a 0B       		.uleb128 0xb
 906 003b 00       		.byte	0
 907 003c 00       		.byte	0
 908 003d 06       		.uleb128 0x6
 909 003e 04       		.uleb128 0x4
 910 003f 01       		.byte	0x1
 911 0040 0B       		.uleb128 0xb
 912 0041 0B       		.uleb128 0xb
ARM GAS  C:\Users\Sarah\AppData\Local\Temp\ccTSlSXH.s 			page 19


 913 0042 3A       		.uleb128 0x3a
 914 0043 0B       		.uleb128 0xb
 915 0044 3B       		.uleb128 0x3b
 916 0045 05       		.uleb128 0x5
 917 0046 01       		.uleb128 0x1
 918 0047 13       		.uleb128 0x13
 919 0048 00       		.byte	0
 920 0049 00       		.byte	0
 921 004a 07       		.uleb128 0x7
 922 004b 28       		.uleb128 0x28
 923 004c 00       		.byte	0
 924 004d 03       		.uleb128 0x3
 925 004e 0E       		.uleb128 0xe
 926 004f 1C       		.uleb128 0x1c
 927 0050 0D       		.uleb128 0xd
 928 0051 00       		.byte	0
 929 0052 00       		.byte	0
 930 0053 08       		.uleb128 0x8
 931 0054 0F       		.uleb128 0xf
 932 0055 00       		.byte	0
 933 0056 0B       		.uleb128 0xb
 934 0057 0B       		.uleb128 0xb
 935 0058 49       		.uleb128 0x49
 936 0059 13       		.uleb128 0x13
 937 005a 00       		.byte	0
 938 005b 00       		.byte	0
 939 005c 09       		.uleb128 0x9
 940 005d 04       		.uleb128 0x4
 941 005e 01       		.byte	0x1
 942 005f 0B       		.uleb128 0xb
 943 0060 0B       		.uleb128 0xb
 944 0061 3A       		.uleb128 0x3a
 945 0062 0B       		.uleb128 0xb
 946 0063 3B       		.uleb128 0x3b
 947 0064 0B       		.uleb128 0xb
 948 0065 01       		.uleb128 0x1
 949 0066 13       		.uleb128 0x13
 950 0067 00       		.byte	0
 951 0068 00       		.byte	0
 952 0069 0A       		.uleb128 0xa
 953 006a 13       		.uleb128 0x13
 954 006b 01       		.byte	0x1
 955 006c 0B       		.uleb128 0xb
 956 006d 0B       		.uleb128 0xb
 957 006e 3A       		.uleb128 0x3a
 958 006f 0B       		.uleb128 0xb
 959 0070 3B       		.uleb128 0x3b
 960 0071 05       		.uleb128 0x5
 961 0072 01       		.uleb128 0x1
 962 0073 13       		.uleb128 0x13
 963 0074 00       		.byte	0
 964 0075 00       		.byte	0
 965 0076 0B       		.uleb128 0xb
 966 0077 0D       		.uleb128 0xd
 967 0078 00       		.byte	0
 968 0079 03       		.uleb128 0x3
 969 007a 0E       		.uleb128 0xe
ARM GAS  C:\Users\Sarah\AppData\Local\Temp\ccTSlSXH.s 			page 20


 970 007b 3A       		.uleb128 0x3a
 971 007c 0B       		.uleb128 0xb
 972 007d 3B       		.uleb128 0x3b
 973 007e 05       		.uleb128 0x5
 974 007f 49       		.uleb128 0x49
 975 0080 13       		.uleb128 0x13
 976 0081 38       		.uleb128 0x38
 977 0082 0B       		.uleb128 0xb
 978 0083 00       		.byte	0
 979 0084 00       		.byte	0
 980 0085 0C       		.uleb128 0xc
 981 0086 0D       		.uleb128 0xd
 982 0087 00       		.byte	0
 983 0088 03       		.uleb128 0x3
 984 0089 08       		.uleb128 0x8
 985 008a 3A       		.uleb128 0x3a
 986 008b 0B       		.uleb128 0xb
 987 008c 3B       		.uleb128 0x3b
 988 008d 05       		.uleb128 0x5
 989 008e 49       		.uleb128 0x49
 990 008f 13       		.uleb128 0x13
 991 0090 38       		.uleb128 0x38
 992 0091 0B       		.uleb128 0xb
 993 0092 00       		.byte	0
 994 0093 00       		.byte	0
 995 0094 0D       		.uleb128 0xd
 996 0095 13       		.uleb128 0x13
 997 0096 01       		.byte	0x1
 998 0097 0B       		.uleb128 0xb
 999 0098 0B       		.uleb128 0xb
 1000 0099 3A       		.uleb128 0x3a
 1001 009a 0B       		.uleb128 0xb
 1002 009b 3B       		.uleb128 0x3b
 1003 009c 0B       		.uleb128 0xb
 1004 009d 01       		.uleb128 0x1
 1005 009e 13       		.uleb128 0x13
 1006 009f 00       		.byte	0
 1007 00a0 00       		.byte	0
 1008 00a1 0E       		.uleb128 0xe
 1009 00a2 0D       		.uleb128 0xd
 1010 00a3 00       		.byte	0
 1011 00a4 03       		.uleb128 0x3
 1012 00a5 0E       		.uleb128 0xe
 1013 00a6 3A       		.uleb128 0x3a
 1014 00a7 0B       		.uleb128 0xb
 1015 00a8 3B       		.uleb128 0x3b
 1016 00a9 0B       		.uleb128 0xb
 1017 00aa 49       		.uleb128 0x49
 1018 00ab 13       		.uleb128 0x13
 1019 00ac 38       		.uleb128 0x38
 1020 00ad 0B       		.uleb128 0xb
 1021 00ae 00       		.byte	0
 1022 00af 00       		.byte	0
 1023 00b0 0F       		.uleb128 0xf
 1024 00b1 16       		.uleb128 0x16
 1025 00b2 00       		.byte	0
 1026 00b3 03       		.uleb128 0x3
ARM GAS  C:\Users\Sarah\AppData\Local\Temp\ccTSlSXH.s 			page 21


 1027 00b4 0E       		.uleb128 0xe
 1028 00b5 3A       		.uleb128 0x3a
 1029 00b6 0B       		.uleb128 0xb
 1030 00b7 3B       		.uleb128 0x3b
 1031 00b8 0B       		.uleb128 0xb
 1032 00b9 49       		.uleb128 0x49
 1033 00ba 13       		.uleb128 0x13
 1034 00bb 00       		.byte	0
 1035 00bc 00       		.byte	0
 1036 00bd 10       		.uleb128 0x10
 1037 00be 2E       		.uleb128 0x2e
 1038 00bf 01       		.byte	0x1
 1039 00c0 3F       		.uleb128 0x3f
 1040 00c1 19       		.uleb128 0x19
 1041 00c2 03       		.uleb128 0x3
 1042 00c3 0E       		.uleb128 0xe
 1043 00c4 3A       		.uleb128 0x3a
 1044 00c5 0B       		.uleb128 0xb
 1045 00c6 3B       		.uleb128 0x3b
 1046 00c7 0B       		.uleb128 0xb
 1047 00c8 27       		.uleb128 0x27
 1048 00c9 19       		.uleb128 0x19
 1049 00ca 11       		.uleb128 0x11
 1050 00cb 01       		.uleb128 0x1
 1051 00cc 12       		.uleb128 0x12
 1052 00cd 06       		.uleb128 0x6
 1053 00ce 40       		.uleb128 0x40
 1054 00cf 18       		.uleb128 0x18
 1055 00d0 9642     		.uleb128 0x2116
 1056 00d2 19       		.uleb128 0x19
 1057 00d3 01       		.uleb128 0x1
 1058 00d4 13       		.uleb128 0x13
 1059 00d5 00       		.byte	0
 1060 00d6 00       		.byte	0
 1061 00d7 11       		.uleb128 0x11
 1062 00d8 05       		.uleb128 0x5
 1063 00d9 00       		.byte	0
 1064 00da 03       		.uleb128 0x3
 1065 00db 0E       		.uleb128 0xe
 1066 00dc 3A       		.uleb128 0x3a
 1067 00dd 0B       		.uleb128 0xb
 1068 00de 3B       		.uleb128 0x3b
 1069 00df 0B       		.uleb128 0xb
 1070 00e0 49       		.uleb128 0x49
 1071 00e1 13       		.uleb128 0x13
 1072 00e2 02       		.uleb128 0x2
 1073 00e3 18       		.uleb128 0x18
 1074 00e4 00       		.byte	0
 1075 00e5 00       		.byte	0
 1076 00e6 12       		.uleb128 0x12
 1077 00e7 34       		.uleb128 0x34
 1078 00e8 00       		.byte	0
 1079 00e9 03       		.uleb128 0x3
 1080 00ea 0E       		.uleb128 0xe
 1081 00eb 3A       		.uleb128 0x3a
 1082 00ec 0B       		.uleb128 0xb
 1083 00ed 3B       		.uleb128 0x3b
ARM GAS  C:\Users\Sarah\AppData\Local\Temp\ccTSlSXH.s 			page 22


 1084 00ee 0B       		.uleb128 0xb
 1085 00ef 49       		.uleb128 0x49
 1086 00f0 13       		.uleb128 0x13
 1087 00f1 02       		.uleb128 0x2
 1088 00f2 18       		.uleb128 0x18
 1089 00f3 00       		.byte	0
 1090 00f4 00       		.byte	0
 1091 00f5 13       		.uleb128 0x13
 1092 00f6 2E       		.uleb128 0x2e
 1093 00f7 00       		.byte	0
 1094 00f8 3F       		.uleb128 0x3f
 1095 00f9 19       		.uleb128 0x19
 1096 00fa 03       		.uleb128 0x3
 1097 00fb 0E       		.uleb128 0xe
 1098 00fc 3A       		.uleb128 0x3a
 1099 00fd 0B       		.uleb128 0xb
 1100 00fe 3B       		.uleb128 0x3b
 1101 00ff 0B       		.uleb128 0xb
 1102 0100 27       		.uleb128 0x27
 1103 0101 19       		.uleb128 0x19
 1104 0102 49       		.uleb128 0x49
 1105 0103 13       		.uleb128 0x13
 1106 0104 11       		.uleb128 0x11
 1107 0105 01       		.uleb128 0x1
 1108 0106 12       		.uleb128 0x12
 1109 0107 06       		.uleb128 0x6
 1110 0108 40       		.uleb128 0x40
 1111 0109 18       		.uleb128 0x18
 1112 010a 9642     		.uleb128 0x2116
 1113 010c 19       		.uleb128 0x19
 1114 010d 00       		.byte	0
 1115 010e 00       		.byte	0
 1116 010f 14       		.uleb128 0x14
 1117 0110 34       		.uleb128 0x34
 1118 0111 00       		.byte	0
 1119 0112 03       		.uleb128 0x3
 1120 0113 0E       		.uleb128 0xe
 1121 0114 3A       		.uleb128 0x3a
 1122 0115 0B       		.uleb128 0xb
 1123 0116 3B       		.uleb128 0x3b
 1124 0117 05       		.uleb128 0x5
 1125 0118 49       		.uleb128 0x49
 1126 0119 13       		.uleb128 0x13
 1127 011a 3F       		.uleb128 0x3f
 1128 011b 19       		.uleb128 0x19
 1129 011c 3C       		.uleb128 0x3c
 1130 011d 19       		.uleb128 0x19
 1131 011e 00       		.byte	0
 1132 011f 00       		.byte	0
 1133 0120 15       		.uleb128 0x15
 1134 0121 34       		.uleb128 0x34
 1135 0122 00       		.byte	0
 1136 0123 03       		.uleb128 0x3
 1137 0124 0E       		.uleb128 0xe
 1138 0125 3A       		.uleb128 0x3a
 1139 0126 0B       		.uleb128 0xb
 1140 0127 3B       		.uleb128 0x3b
ARM GAS  C:\Users\Sarah\AppData\Local\Temp\ccTSlSXH.s 			page 23


 1141 0128 0B       		.uleb128 0xb
 1142 0129 49       		.uleb128 0x49
 1143 012a 13       		.uleb128 0x13
 1144 012b 3F       		.uleb128 0x3f
 1145 012c 19       		.uleb128 0x19
 1146 012d 02       		.uleb128 0x2
 1147 012e 18       		.uleb128 0x18
 1148 012f 00       		.byte	0
 1149 0130 00       		.byte	0
 1150 0131 16       		.uleb128 0x16
 1151 0132 34       		.uleb128 0x34
 1152 0133 00       		.byte	0
 1153 0134 03       		.uleb128 0x3
 1154 0135 08       		.uleb128 0x8
 1155 0136 3A       		.uleb128 0x3a
 1156 0137 0B       		.uleb128 0xb
 1157 0138 3B       		.uleb128 0x3b
 1158 0139 0B       		.uleb128 0xb
 1159 013a 49       		.uleb128 0x49
 1160 013b 13       		.uleb128 0x13
 1161 013c 3F       		.uleb128 0x3f
 1162 013d 19       		.uleb128 0x19
 1163 013e 02       		.uleb128 0x2
 1164 013f 18       		.uleb128 0x18
 1165 0140 00       		.byte	0
 1166 0141 00       		.byte	0
 1167 0142 00       		.byte	0
 1168              		.section	.debug_aranges,"",%progbits
 1169 0000 24000000 		.4byte	0x24
 1170 0004 0200     		.2byte	0x2
 1171 0006 00000000 		.4byte	.Ldebug_info0
 1172 000a 04       		.byte	0x4
 1173 000b 00       		.byte	0
 1174 000c 0000     		.2byte	0
 1175 000e 0000     		.2byte	0
 1176 0010 00000000 		.4byte	.LFB37
 1177 0014 58010000 		.4byte	.LFE37-.LFB37
 1178 0018 00000000 		.4byte	.LFB38
 1179 001c 28000000 		.4byte	.LFE38-.LFB38
 1180 0020 00000000 		.4byte	0
 1181 0024 00000000 		.4byte	0
 1182              		.section	.debug_ranges,"",%progbits
 1183              	.Ldebug_ranges0:
 1184 0000 00000000 		.4byte	.LFB37
 1185 0004 58010000 		.4byte	.LFE37
 1186 0008 00000000 		.4byte	.LFB38
 1187 000c 28000000 		.4byte	.LFE38
 1188 0010 00000000 		.4byte	0
 1189 0014 00000000 		.4byte	0
 1190              		.section	.debug_line,"",%progbits
 1191              	.Ldebug_line0:
 1192 0000 03010000 		.section	.debug_str,"MS",%progbits,1
 1192      0200A900 
 1192      00000201 
 1192      FB0E0D00 
 1192      01010101 
 1193              	.LASF80:
ARM GAS  C:\Users\Sarah\AppData\Local\Temp\ccTSlSXH.s 			page 24


 1194 0000 4359424C 		.ascii	"CYBLE_EVT_L2CAP_CBFC_RX_CREDIT_IND\000"
 1194      455F4556 
 1194      545F4C32 
 1194      4341505F 
 1194      43424643 
 1195              	.LASF21:
 1196 0023 4359424C 		.ascii	"CYBLE_EVT_STACK_BUSY_STATUS\000"
 1196      455F4556 
 1196      545F5354 
 1196      41434B5F 
 1196      42555359 
 1197              	.LASF106:
 1198 003f 4359424C 		.ascii	"CYBLE_STATE_STOPPED\000"
 1198      455F5354 
 1198      4154455F 
 1198      53544F50 
 1198      50454400 
 1199              	.LASF79:
 1200 0053 4359424C 		.ascii	"CYBLE_EVT_L2CAP_CBFC_DATA_READ\000"
 1200      455F4556 
 1200      545F4C32 
 1200      4341505F 
 1200      43424643 
 1201              	.LASF96:
 1202 0072 4359424C 		.ascii	"CYBLE_CONN_HANDLE_T\000"
 1202      455F434F 
 1202      4E4E5F48 
 1202      414E444C 
 1202      455F5400 
 1203              	.LASF102:
 1204 0086 636F6E6E 		.ascii	"connHandle\000"
 1204      48616E64 
 1204      6C6500
 1205              	.LASF115:
 1206 0091 636F6E6E 		.ascii	"connectionHandle\000"
 1206      65637469 
 1206      6F6E4861 
 1206      6E646C65 
 1206      00
 1207              	.LASF33:
 1208 00a2 4359424C 		.ascii	"CYBLE_EVT_GAP_CONNECTION_UPDATE_COMPLETE\000"
 1208      455F4556 
 1208      545F4741 
 1208      505F434F 
 1208      4E4E4543 
 1209              	.LASF78:
 1210 00cb 4359424C 		.ascii	"CYBLE_EVT_L2CAP_CBFC_DISCONN_CNF\000"
 1210      455F4556 
 1210      545F4C32 
 1210      4341505F 
 1210      43424643 
 1211              	.LASF38:
 1212 00ec 4359424C 		.ascii	"CYBLE_EVT_GAP_OOB_GENERATED_NOTIFICATION\000"
 1212      455F4556 
 1212      545F4741 
 1212      505F4F4F 
 1212      425F4745 
ARM GAS  C:\Users\Sarah\AppData\Local\Temp\ccTSlSXH.s 			page 25


 1213              	.LASF58:
 1214 0115 4359424C 		.ascii	"CYBLE_EVT_GATTC_READ_MULTI_RSP\000"
 1214      455F4556 
 1214      545F4741 
 1214      5454435F 
 1214      52454144 
 1215              	.LASF63:
 1216 0134 4359424C 		.ascii	"CYBLE_EVT_GATTS_EXEC_WRITE_REQ\000"
 1216      455F4556 
 1216      545F4741 
 1216      5454535F 
 1216      45584543 
 1217              	.LASF18:
 1218 0153 4359424C 		.ascii	"CYBLE_EVT_TIMEOUT\000"
 1218      455F4556 
 1218      545F5449 
 1218      4D454F55 
 1218      5400
 1219              	.LASF4:
 1220 0165 6C6F6E67 		.ascii	"long int\000"
 1220      20696E74 
 1220      00
 1221              	.LASF7:
 1222 016e 6C6F6E67 		.ascii	"long long unsigned int\000"
 1222      206C6F6E 
 1222      6720756E 
 1222      7369676E 
 1222      65642069 
 1223              	.LASF98:
 1224 0185 4359424C 		.ascii	"CYBLE_GATT_VALUE_T\000"
 1224      455F4741 
 1224      54545F56 
 1224      414C5545 
 1224      5F5400
 1225              	.LASF20:
 1226 0198 4359424C 		.ascii	"CYBLE_EVT_HCI_STATUS\000"
 1226      455F4556 
 1226      545F4843 
 1226      495F5354 
 1226      41545553 
 1227              	.LASF83:
 1228 01ad 4359424C 		.ascii	"CYBLE_EVT_PENDING_FLASH_WRITE\000"
 1228      455F4556 
 1228      545F5045 
 1228      4E44494E 
 1228      475F464C 
 1229              	.LASF112:
 1230 01cb 6576656E 		.ascii	"eventCode\000"
 1230      74436F64 
 1230      6500
 1231              	.LASF72:
 1232 01d5 4359424C 		.ascii	"CYBLE_EVT_L2CAP_CONN_PARAM_UPDATE_REQ\000"
 1232      455F4556 
 1232      545F4C32 
 1232      4341505F 
 1232      434F4E4E 
 1233              	.LASF32:
ARM GAS  C:\Users\Sarah\AppData\Local\Temp\ccTSlSXH.s 			page 26


 1234 01fb 4359424C 		.ascii	"CYBLE_EVT_GAP_ENCRYPT_CHANGE\000"
 1234      455F4556 
 1234      545F4741 
 1234      505F454E 
 1234      43525950 
 1235              	.LASF36:
 1236 0218 4359424C 		.ascii	"CYBLE_EVT_GAP_NUMERIC_COMPARISON_REQUEST\000"
 1236      455F4556 
 1236      545F4741 
 1236      505F4E55 
 1236      4D455249 
 1237              	.LASF109:
 1238 0241 4359424C 		.ascii	"CYBLE_STATE_ADVERTISING\000"
 1238      455F5354 
 1238      4154455F 
 1238      41445645 
 1238      52544953 
 1239              	.LASF6:
 1240 0259 6C6F6E67 		.ascii	"long long int\000"
 1240      206C6F6E 
 1240      6720696E 
 1240      7400
 1241              	.LASF0:
 1242 0267 7369676E 		.ascii	"signed char\000"
 1242      65642063 
 1242      68617200 
 1243              	.LASF17:
 1244 0273 4359424C 		.ascii	"CYBLE_EVT_STACK_ON\000"
 1244      455F4556 
 1244      545F5354 
 1244      41434B5F 
 1244      4F4E00
 1245              	.LASF34:
 1246 0286 4359424C 		.ascii	"CYBLE_EVT_GAPC_SCAN_START_STOP\000"
 1246      455F4556 
 1246      545F4741 
 1246      50435F53 
 1246      43414E5F 
 1247              	.LASF97:
 1248 02a5 61637475 		.ascii	"actualLen\000"
 1248      616C4C65 
 1248      6E00
 1249              	.LASF24:
 1250 02af 4359424C 		.ascii	"CYBLE_EVT_GAP_AUTH_REQ\000"
 1250      455F4556 
 1250      545F4741 
 1250      505F4155 
 1250      54485F52 
 1251              	.LASF56:
 1252 02c6 4359424C 		.ascii	"CYBLE_EVT_GATTC_READ_RSP\000"
 1252      455F4556 
 1252      545F4741 
 1252      5454435F 
 1252      52454144 
 1253              	.LASF61:
 1254 02df 4359424C 		.ascii	"CYBLE_EVT_GATTS_WRITE_CMD_REQ\000"
 1254      455F4556 
ARM GAS  C:\Users\Sarah\AppData\Local\Temp\ccTSlSXH.s 			page 27


 1254      545F4741 
 1254      5454535F 
 1254      57524954 
 1255              	.LASF88:
 1256 02fd 4359424C 		.ascii	"CYBLE_EVENT_T\000"
 1256      455F4556 
 1256      454E545F 
 1256      5400
 1257              	.LASF110:
 1258 030b 4359424C 		.ascii	"CYBLE_STATE_DISCONNECTED\000"
 1258      455F5354 
 1258      4154455F 
 1258      44495343 
 1258      4F4E4E45 
 1259              	.LASF29:
 1260 0324 4359424C 		.ascii	"CYBLE_EVT_GAPP_ADVERTISEMENT_START_STOP\000"
 1260      455F4556 
 1260      545F4741 
 1260      50505F41 
 1260      44564552 
 1261              	.LASF9:
 1262 034c 75696E74 		.ascii	"uint8\000"
 1262      3800
 1263              	.LASF2:
 1264 0352 73686F72 		.ascii	"short int\000"
 1264      7420696E 
 1264      7400
 1265              	.LASF64:
 1266 035c 4359424C 		.ascii	"CYBLE_EVT_GATTC_EXEC_WRITE_RSP\000"
 1266      455F4556 
 1266      545F4741 
 1266      5454435F 
 1266      45584543 
 1267              	.LASF13:
 1268 037b 646F7562 		.ascii	"double\000"
 1268      6C6500
 1269              	.LASF77:
 1270 0382 4359424C 		.ascii	"CYBLE_EVT_L2CAP_CBFC_DISCONN_IND\000"
 1270      455F4556 
 1270      545F4C32 
 1270      4341505F 
 1270      43424643 
 1271              	.LASF119:
 1272 03a3 53746163 		.ascii	"Stack_Handler\000"
 1272      6B5F4861 
 1272      6E646C65 
 1272      7200
 1273              	.LASF11:
 1274 03b1 75696E74 		.ascii	"uint32\000"
 1274      333200
 1275              	.LASF87:
 1276 03b8 4359424C 		.ascii	"CYBLE_EVT_MAX\000"
 1276      455F4556 
 1276      545F4D41 
 1276      5800
 1277              	.LASF89:
 1278 03c6 4359424C 		.ascii	"CYBLE_GAP_ADV_MODE_TO\000"
ARM GAS  C:\Users\Sarah\AppData\Local\Temp\ccTSlSXH.s 			page 28


 1278      455F4741 
 1278      505F4144 
 1278      565F4D4F 
 1278      44455F54 
 1279              	.LASF82:
 1280 03dc 4359424C 		.ascii	"CYBLE_EVT_L2CAP_CBFC_DATA_WRITE_IND\000"
 1280      455F4556 
 1280      545F4C32 
 1280      4341505F 
 1280      43424643 
 1281              	.LASF100:
 1282 0400 61747472 		.ascii	"attrHandle\000"
 1282      48616E64 
 1282      6C6500
 1283              	.LASF99:
 1284 040b 76616C75 		.ascii	"value\000"
 1284      6500
 1285              	.LASF69:
 1286 0411 4359424C 		.ascii	"CYBLE_EVT_GATTC_STOP_CMD_COMPLETE\000"
 1286      455F4556 
 1286      545F4741 
 1286      5454435F 
 1286      53544F50 
 1287              	.LASF8:
 1288 0433 756E7369 		.ascii	"unsigned int\000"
 1288      676E6564 
 1288      20696E74 
 1288      00
 1289              	.LASF84:
 1290 0440 4359424C 		.ascii	"CYBLE_EVT_LE_PING_AUTH_TIMEOUT\000"
 1290      455F4556 
 1290      545F4C45 
 1290      5F50494E 
 1290      475F4155 
 1291              	.LASF5:
 1292 045f 6C6F6E67 		.ascii	"long unsigned int\000"
 1292      20756E73 
 1292      69676E65 
 1292      6420696E 
 1292      7400
 1293              	.LASF43:
 1294 0471 4359424C 		.ascii	"CYBLE_EVT_GAP_CONN_ESTB\000"
 1294      455F4556 
 1294      545F4741 
 1294      505F434F 
 1294      4E4E5F45 
 1295              	.LASF59:
 1296 0489 4359424C 		.ascii	"CYBLE_EVT_GATTS_WRITE_REQ\000"
 1296      455F4556 
 1296      545F4741 
 1296      5454535F 
 1296      57524954 
 1297              	.LASF51:
 1298 04a3 4359424C 		.ascii	"CYBLE_EVT_GATTC_XCHNG_MTU_RSP\000"
 1298      455F4556 
 1298      545F4741 
 1298      5454435F 
ARM GAS  C:\Users\Sarah\AppData\Local\Temp\ccTSlSXH.s 			page 29


 1298      5843484E 
 1299              	.LASF68:
 1300 04c1 4359424C 		.ascii	"CYBLE_EVT_GATTS_DATA_SIGNED_CMD_REQ\000"
 1300      455F4556 
 1300      545F4741 
 1300      5454535F 
 1300      44415441 
 1301              	.LASF71:
 1302 04e5 4359424C 		.ascii	"CYBLE_EVT_GATTC_LONG_PROCEDURE_END\000"
 1302      455F4556 
 1302      545F4741 
 1302      5454435F 
 1302      4C4F4E47 
 1303              	.LASF92:
 1304 0508 4359424C 		.ascii	"CYBLE_GENERIC_TO\000"
 1304      455F4745 
 1304      4E455249 
 1304      435F544F 
 1304      00
 1305              	.LASF3:
 1306 0519 73686F72 		.ascii	"short unsigned int\000"
 1306      7420756E 
 1306      7369676E 
 1306      65642069 
 1306      6E7400
 1307              	.LASF16:
 1308 052c 4359424C 		.ascii	"CYBLE_EVT_HOST_INVALID\000"
 1308      455F4556 
 1308      545F484F 
 1308      53545F49 
 1308      4E56414C 
 1309              	.LASF54:
 1310 0543 4359424C 		.ascii	"CYBLE_EVT_GATTC_FIND_INFO_RSP\000"
 1310      455F4556 
 1310      545F4741 
 1310      5454435F 
 1310      46494E44 
 1311              	.LASF22:
 1312 0561 4359424C 		.ascii	"CYBLE_EVT_MEMORY_REQUEST\000"
 1312      455F4556 
 1312      545F4D45 
 1312      4D4F5259 
 1312      5F524551 
 1313              	.LASF25:
 1314 057a 4359424C 		.ascii	"CYBLE_EVT_GAP_PASSKEY_ENTRY_REQUEST\000"
 1314      455F4556 
 1314      545F4741 
 1314      505F5041 
 1314      53534B45 
 1315              	.LASF30:
 1316 059e 4359424C 		.ascii	"CYBLE_EVT_GAP_DEVICE_CONNECTED\000"
 1316      455F4556 
 1316      545F4741 
 1316      505F4445 
 1316      56494345 
 1317              	.LASF117:
 1318 05bd 6D61696E 		.ascii	"main.c\000"
ARM GAS  C:\Users\Sarah\AppData\Local\Temp\ccTSlSXH.s 			page 30


 1318      2E6300
 1319              	.LASF45:
 1320 05c4 4359424C 		.ascii	"CYBLE_EVT_GAP_AUTH_REQ_REPLY_ERR\000"
 1320      455F4556 
 1320      545F4741 
 1320      505F4155 
 1320      54485F52 
 1321              	.LASF114:
 1322 05e5 6379426C 		.ascii	"cyBle_state\000"
 1322      655F7374 
 1322      61746500 
 1323              	.LASF26:
 1324 05f1 4359424C 		.ascii	"CYBLE_EVT_GAP_PASSKEY_DISPLAY_REQUEST\000"
 1324      455F4556 
 1324      545F4741 
 1324      505F5041 
 1324      53534B45 
 1325              	.LASF48:
 1326 0617 4359424C 		.ascii	"CYBLE_EVT_GATT_CONNECT_IND\000"
 1326      455F4556 
 1326      545F4741 
 1326      54545F43 
 1326      4F4E4E45 
 1327              	.LASF95:
 1328 0632 61747449 		.ascii	"attId\000"
 1328      6400
 1329              	.LASF74:
 1330 0638 4359424C 		.ascii	"CYBLE_EVT_L2CAP_COMMAND_REJ\000"
 1330      455F4556 
 1330      545F4C32 
 1330      4341505F 
 1330      434F4D4D 
 1331              	.LASF23:
 1332 0654 4359424C 		.ascii	"CYBLE_EVT_GAPC_SCAN_PROGRESS_RESULT\000"
 1332      455F4556 
 1332      545F4741 
 1332      50435F53 
 1332      43414E5F 
 1333              	.LASF103:
 1334 0678 68616E64 		.ascii	"handleValPair\000"
 1334      6C655661 
 1334      6C506169 
 1334      7200
 1335              	.LASF46:
 1336 0686 4359424C 		.ascii	"CYBLE_EVT_GAP_SMP_LOC_P256_KEYS_GEN_AND_SET_COMPLET"
 1336      455F4556 
 1336      545F4741 
 1336      505F534D 
 1336      505F4C4F 
 1337 06b9 4500     		.ascii	"E\000"
 1338              	.LASF75:
 1339 06bb 4359424C 		.ascii	"CYBLE_EVT_L2CAP_CBFC_CONN_IND\000"
 1339      455F4556 
 1339      545F4C32 
 1339      4341505F 
 1339      43424643 
 1340              	.LASF53:
ARM GAS  C:\Users\Sarah\AppData\Local\Temp\ccTSlSXH.s 			page 31


 1341 06d9 4359424C 		.ascii	"CYBLE_EVT_GATTC_READ_BY_TYPE_RSP\000"
 1341      455F4556 
 1341      545F4741 
 1341      5454435F 
 1341      52454144 
 1342              	.LASF15:
 1343 06fa 73697A65 		.ascii	"sizetype\000"
 1343      74797065 
 1343      00
 1344              	.LASF104:
 1345 0703 4359424C 		.ascii	"CYBLE_GATTS_WRITE_REQ_PARAM_T\000"
 1345      455F4741 
 1345      5454535F 
 1345      57524954 
 1345      455F5245 
 1346              	.LASF107:
 1347 0721 4359424C 		.ascii	"CYBLE_STATE_INITIALIZING\000"
 1347      455F5354 
 1347      4154455F 
 1347      494E4954 
 1347      49414C49 
 1348              	.LASF28:
 1349 073a 4359424C 		.ascii	"CYBLE_EVT_GAP_AUTH_FAILED\000"
 1349      455F4556 
 1349      545F4741 
 1349      505F4155 
 1349      54485F46 
 1350              	.LASF60:
 1351 0754 4359424C 		.ascii	"CYBLE_EVT_GATTC_WRITE_RSP\000"
 1351      455F4556 
 1351      545F4741 
 1351      5454435F 
 1351      57524954 
 1352              	.LASF41:
 1353 076e 4359424C 		.ascii	"CYBLE_EVT_GAPC_DIRECT_ADV_REPORT\000"
 1353      455F4556 
 1353      545F4741 
 1353      50435F44 
 1353      49524543 
 1354              	.LASF39:
 1355 078f 4359424C 		.ascii	"CYBLE_EVT_GAP_DATA_LENGTH_CHANGE\000"
 1355      455F4556 
 1355      545F4741 
 1355      505F4441 
 1355      54415F4C 
 1356              	.LASF44:
 1357 07b0 4359424C 		.ascii	"CYBLE_EVT_GAP_SCAN_REQ_RECVD\000"
 1357      455F4556 
 1357      545F4741 
 1357      505F5343 
 1357      414E5F52 
 1358              	.LASF27:
 1359 07cd 4359424C 		.ascii	"CYBLE_EVT_GAP_AUTH_COMPLETE\000"
 1359      455F4556 
 1359      545F4741 
 1359      505F4155 
 1359      54485F43 
ARM GAS  C:\Users\Sarah\AppData\Local\Temp\ccTSlSXH.s 			page 32


 1360              	.LASF65:
 1361 07e9 4359424C 		.ascii	"CYBLE_EVT_GATTC_HANDLE_VALUE_NTF\000"
 1361      455F4556 
 1361      545F4741 
 1361      5454435F 
 1361      48414E44 
 1362              	.LASF101:
 1363 080a 4359424C 		.ascii	"CYBLE_GATT_HANDLE_VALUE_PAIR_T\000"
 1363      455F4741 
 1363      54545F48 
 1363      414E444C 
 1363      455F5641 
 1364              	.LASF76:
 1365 0829 4359424C 		.ascii	"CYBLE_EVT_L2CAP_CBFC_CONN_CNF\000"
 1365      455F4556 
 1365      545F4C32 
 1365      4341505F 
 1365      43424643 
 1366              	.LASF52:
 1367 0847 4359424C 		.ascii	"CYBLE_EVT_GATTC_READ_BY_GROUP_TYPE_RSP\000"
 1367      455F4556 
 1367      545F4741 
 1367      5454435F 
 1367      52454144 
 1368              	.LASF12:
 1369 086e 666C6F61 		.ascii	"float\000"
 1369      7400
 1370              	.LASF91:
 1371 0874 4359424C 		.ascii	"CYBLE_GATT_RSP_TO\000"
 1371      455F4741 
 1371      54545F52 
 1371      53505F54 
 1371      4F00
 1372              	.LASF1:
 1373 0886 756E7369 		.ascii	"unsigned char\000"
 1373      676E6564 
 1373      20636861 
 1373      7200
 1374              	.LASF10:
 1375 0894 75696E74 		.ascii	"uint16\000"
 1375      313600
 1376              	.LASF37:
 1377 089b 4359424C 		.ascii	"CYBLE_EVT_GAP_KEYPRESS_NOTIFICATION\000"
 1377      455F4556 
 1377      545F4741 
 1377      505F4B45 
 1377      59505245 
 1378              	.LASF90:
 1379 08bf 4359424C 		.ascii	"CYBLE_GAP_SCAN_TO\000"
 1379      455F4741 
 1379      505F5343 
 1379      414E5F54 
 1379      4F00
 1380              	.LASF66:
 1381 08d1 4359424C 		.ascii	"CYBLE_EVT_GATTC_HANDLE_VALUE_IND\000"
 1381      455F4556 
 1381      545F4741 
ARM GAS  C:\Users\Sarah\AppData\Local\Temp\ccTSlSXH.s 			page 33


 1381      5454435F 
 1381      48414E44 
 1382              	.LASF120:
 1383 08f2 77725265 		.ascii	"wrReq\000"
 1383      7100
 1384              	.LASF85:
 1385 08f8 4359424C 		.ascii	"CYBLE_EVT_HCI_PKT\000"
 1385      455F4556 
 1385      545F4843 
 1385      495F504B 
 1385      5400
 1386              	.LASF62:
 1387 090a 4359424C 		.ascii	"CYBLE_EVT_GATTS_PREP_WRITE_REQ\000"
 1387      455F4556 
 1387      545F4741 
 1387      5454535F 
 1387      50524550 
 1388              	.LASF118:
 1389 0929 433A5C55 		.ascii	"C:\\Users\\Sarah\\Documents\\DVCS\\bleapp-master\\b"
 1389      73657273 
 1389      5C536172 
 1389      61685C44 
 1389      6F63756D 
 1390 0956 6C656170 		.ascii	"leapp-master\\PSoC_Creator\\capsenseled\\Proc_VentB"
 1390      702D6D61 
 1390      73746572 
 1390      5C50536F 
 1390      435F4372 
 1391 0986 4C452E63 		.ascii	"LE.cydsn\000"
 1391      7964736E 
 1391      00
 1392              	.LASF67:
 1393 098f 4359424C 		.ascii	"CYBLE_EVT_GATTS_HANDLE_VALUE_CNF\000"
 1393      455F4556 
 1393      545F4741 
 1393      5454535F 
 1393      48414E44 
 1394              	.LASF47:
 1395 09b0 4359424C 		.ascii	"CYBLE_EVT_GATTC_ERROR_RSP\000"
 1395      455F4556 
 1395      545F4741 
 1395      5454435F 
 1395      4552524F 
 1396              	.LASF42:
 1397 09ca 4359424C 		.ascii	"CYBLE_EVT_GAP_SMP_NEGOTIATED_AUTH_INFO\000"
 1397      455F4556 
 1397      545F4741 
 1397      505F534D 
 1397      505F4E45 
 1398              	.LASF86:
 1399 09f1 4359424C 		.ascii	"CYBLE_EVT_FLASH_CORRUPT\000"
 1399      455F4556 
 1399      545F464C 
 1399      4153485F 
 1399      434F5252 
 1400              	.LASF14:
 1401 0a09 63686172 		.ascii	"char\000"
ARM GAS  C:\Users\Sarah\AppData\Local\Temp\ccTSlSXH.s 			page 34


 1401      00
 1402              	.LASF31:
 1403 0a0e 4359424C 		.ascii	"CYBLE_EVT_GAP_DEVICE_DISCONNECTED\000"
 1403      455F4556 
 1403      545F4741 
 1403      505F4445 
 1403      56494345 
 1404              	.LASF70:
 1405 0a30 4359424C 		.ascii	"CYBLE_EVT_GATTS_READ_CHAR_VAL_ACCESS_REQ\000"
 1405      455F4556 
 1405      545F4741 
 1405      5454535F 
 1405      52454144 
 1406              	.LASF81:
 1407 0a59 4359424C 		.ascii	"CYBLE_EVT_L2CAP_CBFC_TX_CREDIT_IND\000"
 1407      455F4556 
 1407      545F4C32 
 1407      4341505F 
 1407      43424643 
 1408              	.LASF19:
 1409 0a7c 4359424C 		.ascii	"CYBLE_EVT_HARDWARE_ERROR\000"
 1409      455F4556 
 1409      545F4841 
 1409      52445741 
 1409      52455F45 
 1410              	.LASF105:
 1411 0a95 4359424C 		.ascii	"CYBLE_GATTS_WRITE_CMD_REQ_PARAM_T\000"
 1411      455F4741 
 1411      5454535F 
 1411      57524954 
 1411      455F434D 
 1412              	.LASF50:
 1413 0ab7 4359424C 		.ascii	"CYBLE_EVT_GATTS_XCNHG_MTU_REQ\000"
 1413      455F4556 
 1413      545F4741 
 1413      5454535F 
 1413      58434E48 
 1414              	.LASF113:
 1415 0ad5 6576656E 		.ascii	"eventParam\000"
 1415      74506172 
 1415      616D00
 1416              	.LASF111:
 1417 0ae0 4359424C 		.ascii	"CYBLE_STATE_T\000"
 1417      455F5354 
 1417      4154455F 
 1417      5400
 1418              	.LASF57:
 1419 0aee 4359424C 		.ascii	"CYBLE_EVT_GATTC_READ_BLOB_RSP\000"
 1419      455F4556 
 1419      545F4741 
 1419      5454435F 
 1419      52454144 
 1420              	.LASF108:
 1421 0b0c 4359424C 		.ascii	"CYBLE_STATE_CONNECTED\000"
 1421      455F5354 
 1421      4154455F 
 1421      434F4E4E 
ARM GAS  C:\Users\Sarah\AppData\Local\Temp\ccTSlSXH.s 			page 35


 1421      45435445 
 1422              	.LASF116:
 1423 0b22 474E5520 		.ascii	"GNU C 4.9.3 20150303 (release) [ARM/embedded-4_9-br"
 1423      4320342E 
 1423      392E3320 
 1423      32303135 
 1423      30333033 
 1424 0b55 616E6368 		.ascii	"anch revision 221220] -mcpu=cortex-m0 -mthumb -g -O"
 1424      20726576 
 1424      6973696F 
 1424      6E203232 
 1424      31323230 
 1425 0b88 30202D66 		.ascii	"0 -ffunction-sections -ffat-lto-objects\000"
 1425      66756E63 
 1425      74696F6E 
 1425      2D736563 
 1425      74696F6E 
 1426              	.LASF55:
 1427 0bb0 4359424C 		.ascii	"CYBLE_EVT_GATTC_FIND_BY_TYPE_VALUE_RSP\000"
 1427      455F4556 
 1427      545F4741 
 1427      5454435F 
 1427      46494E44 
 1428              	.LASF35:
 1429 0bd7 4359424C 		.ascii	"CYBLE_EVT_GAP_KEYINFO_EXCHNGE_CMPLT\000"
 1429      455F4556 
 1429      545F4741 
 1429      505F4B45 
 1429      59494E46 
 1430              	.LASF94:
 1431 0bfb 62644861 		.ascii	"bdHandle\000"
 1431      6E646C65 
 1431      00
 1432              	.LASF73:
 1433 0c04 4359424C 		.ascii	"CYBLE_EVT_L2CAP_CONN_PARAM_UPDATE_RSP\000"
 1433      455F4556 
 1433      545F4C32 
 1433      4341505F 
 1433      434F4E4E 
 1434              	.LASF121:
 1435 0c2a 6D61696E 		.ascii	"main\000"
 1435      00
 1436              	.LASF40:
 1437 0c2f 4359424C 		.ascii	"CYBLE_EVT_GAP_ENHANCE_CONN_COMPLETE\000"
 1437      455F4556 
 1437      545F4741 
 1437      505F454E 
 1437      48414E43 
 1438              	.LASF93:
 1439 0c53 4359424C 		.ascii	"CYBLE_GATT_DB_ATTR_HANDLE_T\000"
 1439      455F4741 
 1439      54545F44 
 1439      425F4154 
 1439      54525F48 
 1440              	.LASF49:
 1441 0c6f 4359424C 		.ascii	"CYBLE_EVT_GATT_DISCONNECT_IND\000"
 1441      455F4556 
ARM GAS  C:\Users\Sarah\AppData\Local\Temp\ccTSlSXH.s 			page 36


 1441      545F4741 
 1441      54545F44 
 1441      4953434F 
 1442              		.ident	"GCC: (GNU Tools for ARM Embedded Processors) 4.9.3 20150303 (release) [ARM/embedded-4_9-br
