--------------- Build Started: 04/17/2017 17:47:33 Project: capsenseled, Configuration: ARM GCC 4.9-2015-q1-update Debug ---------------
cydsfit.exe -.appdatapath "C:\Users\yunse\AppData\Local\Cypress Semiconductor\PSoC Creator\4.0" -.fdsnotice -.fdswarpdepfile=warp_dependencies.txt -.fdselabdepfile=elab_dependencies.txt -.fdsbldfile=generated_files.txt -.fdsreffile=referenced_files.txt -p C:\Users\yunse\Desktop\ece445_project\bleapp-master\bleapp-master\PSoC_Creator\capsenseled\capsenseled.cydsn\capsenseled.cyprj -d CY8C4248LQI-BL583 -s C:\Users\yunse\Desktop\ece445_project\bleapp-master\bleapp-master\PSoC_Creator\capsenseled\capsenseled.cydsn\Generated_Source\PSoC4 -- -yv2 -q10 -ygs -o2 -v3 -.fftcfgtype=LE
Elaborating Design...
HDL Generation...
Synthesis...
Tech Mapping...
Analog Placement...
Analog Routing...
Analog Code Generation...
Digital Placement...
Digital Routing...
Bitstream Generation...
Bitstream Verification...
Static timing analysis...
API Generation...
Dependency Generation...
Cleanup...
arm-none-eabi-gcc.exe -mcpu=cortex-m0 -mthumb -I. -IGenerated_Source\PSoC4 -Wa,-alh=.\CortexM0\ARM_GCC_493\Debug/ble_gatt.lst -g -D DEBUG -Wall -ffunction-sections -Og -ffat-lto-objects -c Generated_Source\PSoC4\ble_gatt.c -o .\CortexM0\ARM_GCC_493\Debug\ble_gatt.o
arm-none-eabi-ar.exe -rs .\CortexM0\ARM_GCC_493\Debug\capsenseled.a .\CortexM0\ARM_GCC_493\Debug\cyfitter_cfg.o .\CortexM0\ARM_GCC_493\Debug\blue.o .\CortexM0\ARM_GCC_493\Debug\blue_PM.o .\CortexM0\ARM_GCC_493\Debug\red.o .\CortexM0\ARM_GCC_493\Debug\red_PM.o .\CortexM0\ARM_GCC_493\Debug\capsense.o .\CortexM0\ARM_GCC_493\Debug\capsense_PM.o .\CortexM0\ARM_GCC_493\Debug\capsense_CSHL.o .\CortexM0\ARM_GCC_493\Debug\capsense_INT.o .\CortexM0\ARM_GCC_493\Debug\capsense_TunerHelper.o .\CortexM0\ARM_GCC_493\Debug\capsense_SMS.o .\CortexM0\ARM_GCC_493\Debug\ble.o .\CortexM0\ARM_GCC_493\Debug\ble_gatt.o .\CortexM0\ARM_GCC_493\Debug\ble_eventHandler.o .\CortexM0\ARM_GCC_493\Debug\ble_HAL_INT.o .\CortexM0\ARM_GCC_493\Debug\ble_HAL_PVT.o .\CortexM0\ARM_GCC_493\Debug\ble_custom.o .\CortexM0\ARM_GCC_493\Debug\pwm.o .\CortexM0\ARM_GCC_493\Debug\pwm_PM.o .\CortexM0\ARM_GCC_493\Debug\Clock_1.o .\CortexM0\ARM_GCC_493\Debug\capsense_SampleClk.o .\CortexM0\ARM_GCC_493\Debug\capsense_SenseClk.o .\CortexM0\ARM_GCC_493\Debug\ble_bless_isr.o .\CortexM0\ARM_GCC_493\Debug\CyFlash.o .\CortexM0\ARM_GCC_493\Debug\CyLib.o .\CortexM0\ARM_GCC_493\Debug\cyPm.o .\CortexM0\ARM_GCC_493\Debug\cyutils.o .\CortexM0\ARM_GCC_493\Debug\CyLFClk.o .\CortexM0\ARM_GCC_493\Debug\CyDMA.o .\CortexM0\ARM_GCC_493\Debug\PWM_Servo.o .\CortexM0\ARM_GCC_493\Debug\PWM_Servo_PM.o .\CortexM0\ARM_GCC_493\Debug\Clock_2.o .\CortexM0\ARM_GCC_493\Debug\Servo.o .\CortexM0\ARM_GCC_493\Debug\Servo_PM.o .\CortexM0\ARM_GCC_493\Debug\Timer.o .\CortexM0\ARM_GCC_493\Debug\Timer_PM.o .\CortexM0\ARM_GCC_493\Debug\timer_int.o .\CortexM0\ARM_GCC_493\Debug\Clock_3.o .\CortexM0\ARM_GCC_493\Debug\CyBootAsmGnu.o
arm-none-eabi-ar.exe: creating .\CortexM0\ARM_GCC_493\Debug\capsenseled.a
arm-none-eabi-gcc.exe -Wl,--start-group -o .\CortexM0\ARM_GCC_493\Debug\capsenseled.elf .\CortexM0\ARM_GCC_493\Debug\main.o .\CortexM0\ARM_GCC_493\Debug\cymetadata.o .\CortexM0\ARM_GCC_493\Debug\Cm0Start.o .\CortexM0\ARM_GCC_493\Debug\capsenseled.a "C:\Program Files (x86)\Cypress\PSoC Creator\4.0\PSoC Creator\psoc\content\cycomponentlibraryupdates\CyComponentLibraryUpdates.cylib\BLE_v3_30\Library\gccCyBLEStack_BLE_SOC_PERIPHERAL.a" "C:\Program Files (x86)\Cypress\PSoC Creator\4.0\PSoC Creator\psoc\content\cycomponentlibraryupdates\CyComponentLibraryUpdates.cylib\CapSense_CSD_P4_v2_60\PSoC4\Library\CapsenseP4Library_GCC.a" "C:\Program Files (x86)\Cypress\PSoC Creator\4.0\PSoC Creator\psoc\content\cycomponentlibrary\CyComponentLibrary.cylib\CortexM0\ARM_GCC_493\Debug\CyComponentLibrary.a" -mcpu=cortex-m0 -mthumb -g -ffunction-sections -Og -ffat-lto-objects -L Generated_Source\PSoC4 -Wl,-Map,.\CortexM0\ARM_GCC_493\Debug/capsenseled.map -T C:\Users\yunse\Desktop\ece445_project\bleapp-master\bleapp-master\PSoC_Creator\capsenseled\capsenseled.cydsn\Generated_Source\PSoC4\cm0gcc.ld -specs=nano.specs -Wl,--gc-sections -Wl,--end-group
cyelftool.exe -C C:\Users\yunse\Desktop\ece445_project\bleapp-master\bleapp-master\PSoC_Creator\capsenseled\capsenseled.cydsn\CortexM0\ARM_GCC_493\Debug\capsenseled.elf --flash_row_size 256 --flash_size 262144
cyelftool.exe -S C:\Users\yunse\Desktop\ece445_project\bleapp-master\bleapp-master\PSoC_Creator\capsenseled\capsenseled.cydsn\CortexM0\ARM_GCC_493\Debug\capsenseled.elf
Flash used: 87035 of 262144 bytes (33.2%).
SRAM used: 11136 of 32768 bytes (34.0%). Stack: 2048 bytes. Heap: 128 bytes.
--------------- Build Succeeded: 04/17/2017 17:47:43 ---------------
