ARM GAS  C:\Users\Sarah\AppData\Local\Temp\ccrRh35E.s 			page 1


   1              		.cpu cortex-m0
   2              		.fpu softvfp
   3              		.eabi_attribute 20, 1
   4              		.eabi_attribute 21, 1
   5              		.eabi_attribute 23, 3
   6              		.eabi_attribute 24, 1
   7              		.eabi_attribute 25, 1
   8              		.eabi_attribute 26, 1
   9              		.eabi_attribute 30, 1
  10              		.eabi_attribute 34, 0
  11              		.eabi_attribute 18, 4
  12              		.code	16
  13              		.file	"OneWire_StatusReg_BUS.c"
  14              		.text
  15              	.Ltext0:
  16              		.cfi_sections	.debug_frame
  17              		.section	.text.OneWire_StatusReg_BUS_Read,"ax",%progbits
  18              		.align	2
  19              		.global	OneWire_StatusReg_BUS_Read
  20              		.code	16
  21              		.thumb_func
  22              		.type	OneWire_StatusReg_BUS_Read, %function
  23              	OneWire_StatusReg_BUS_Read:
  24              	.LFB2:
  25              		.file 1 "Generated_Source\\PSoC4\\OneWire_StatusReg_BUS.c"
   1:Generated_Source\PSoC4/OneWire_StatusReg_BUS.c **** /*******************************************************************************
   2:Generated_Source\PSoC4/OneWire_StatusReg_BUS.c **** * File Name: OneWire_StatusReg_BUS.c  
   3:Generated_Source\PSoC4/OneWire_StatusReg_BUS.c **** * Version 1.80
   4:Generated_Source\PSoC4/OneWire_StatusReg_BUS.c **** *
   5:Generated_Source\PSoC4/OneWire_StatusReg_BUS.c **** * Description:
   6:Generated_Source\PSoC4/OneWire_StatusReg_BUS.c **** *  This file contains API to enable firmware to read the value of a Status 
   7:Generated_Source\PSoC4/OneWire_StatusReg_BUS.c **** *  Register.
   8:Generated_Source\PSoC4/OneWire_StatusReg_BUS.c **** *
   9:Generated_Source\PSoC4/OneWire_StatusReg_BUS.c **** * Note:
  10:Generated_Source\PSoC4/OneWire_StatusReg_BUS.c **** *
  11:Generated_Source\PSoC4/OneWire_StatusReg_BUS.c **** ********************************************************************************
  12:Generated_Source\PSoC4/OneWire_StatusReg_BUS.c **** * Copyright 2008-2012, Cypress Semiconductor Corporation.  All rights reserved.
  13:Generated_Source\PSoC4/OneWire_StatusReg_BUS.c **** * You may use this file only in accordance with the license, terms, conditions, 
  14:Generated_Source\PSoC4/OneWire_StatusReg_BUS.c **** * disclaimers, and limitations in the end user license agreement accompanying 
  15:Generated_Source\PSoC4/OneWire_StatusReg_BUS.c **** * the software package with which this file was provided.
  16:Generated_Source\PSoC4/OneWire_StatusReg_BUS.c **** *******************************************************************************/
  17:Generated_Source\PSoC4/OneWire_StatusReg_BUS.c **** 
  18:Generated_Source\PSoC4/OneWire_StatusReg_BUS.c **** #include "OneWire_StatusReg_BUS.h"
  19:Generated_Source\PSoC4/OneWire_StatusReg_BUS.c **** 
  20:Generated_Source\PSoC4/OneWire_StatusReg_BUS.c **** #if !defined(OneWire_StatusReg_BUS_sts_sts_reg__REMOVED) /* Check for removal by optimization */
  21:Generated_Source\PSoC4/OneWire_StatusReg_BUS.c **** 
  22:Generated_Source\PSoC4/OneWire_StatusReg_BUS.c **** 
  23:Generated_Source\PSoC4/OneWire_StatusReg_BUS.c **** /*******************************************************************************
  24:Generated_Source\PSoC4/OneWire_StatusReg_BUS.c **** * Function Name: OneWire_StatusReg_BUS_Read
  25:Generated_Source\PSoC4/OneWire_StatusReg_BUS.c **** ********************************************************************************
  26:Generated_Source\PSoC4/OneWire_StatusReg_BUS.c **** *
  27:Generated_Source\PSoC4/OneWire_StatusReg_BUS.c **** * Summary:
  28:Generated_Source\PSoC4/OneWire_StatusReg_BUS.c **** *  Reads the current value assigned to the Status Register.
  29:Generated_Source\PSoC4/OneWire_StatusReg_BUS.c **** *
  30:Generated_Source\PSoC4/OneWire_StatusReg_BUS.c **** * Parameters:
  31:Generated_Source\PSoC4/OneWire_StatusReg_BUS.c **** *  None.
  32:Generated_Source\PSoC4/OneWire_StatusReg_BUS.c **** *
ARM GAS  C:\Users\Sarah\AppData\Local\Temp\ccrRh35E.s 			page 2


  33:Generated_Source\PSoC4/OneWire_StatusReg_BUS.c **** * Return:
  34:Generated_Source\PSoC4/OneWire_StatusReg_BUS.c **** *  The current value in the Status Register.
  35:Generated_Source\PSoC4/OneWire_StatusReg_BUS.c **** *
  36:Generated_Source\PSoC4/OneWire_StatusReg_BUS.c **** *******************************************************************************/
  37:Generated_Source\PSoC4/OneWire_StatusReg_BUS.c **** uint8 OneWire_StatusReg_BUS_Read(void) 
  38:Generated_Source\PSoC4/OneWire_StatusReg_BUS.c **** { 
  26              		.loc 1 38 0
  27              		.cfi_startproc
  39:Generated_Source\PSoC4/OneWire_StatusReg_BUS.c ****     return OneWire_StatusReg_BUS_Status;
  28              		.loc 1 39 0
  29 0000 014B     		ldr	r3, .L2
  30 0002 1878     		ldrb	r0, [r3]
  31 0004 C0B2     		uxtb	r0, r0
  40:Generated_Source\PSoC4/OneWire_StatusReg_BUS.c **** }
  32              		.loc 1 40 0
  33              		@ sp needed
  34 0006 7047     		bx	lr
  35              	.L3:
  36              		.align	2
  37              	.L2:
  38 0008 63000F40 		.word	1074724963
  39              		.cfi_endproc
  40              	.LFE2:
  41              		.size	OneWire_StatusReg_BUS_Read, .-OneWire_StatusReg_BUS_Read
  42              		.section	.text.OneWire_StatusReg_BUS_InterruptEnable,"ax",%progbits
  43              		.align	2
  44              		.global	OneWire_StatusReg_BUS_InterruptEnable
  45              		.code	16
  46              		.thumb_func
  47              		.type	OneWire_StatusReg_BUS_InterruptEnable, %function
  48              	OneWire_StatusReg_BUS_InterruptEnable:
  49              	.LFB3:
  41:Generated_Source\PSoC4/OneWire_StatusReg_BUS.c **** 
  42:Generated_Source\PSoC4/OneWire_StatusReg_BUS.c **** 
  43:Generated_Source\PSoC4/OneWire_StatusReg_BUS.c **** /*******************************************************************************
  44:Generated_Source\PSoC4/OneWire_StatusReg_BUS.c **** * Function Name: OneWire_StatusReg_BUS_InterruptEnable
  45:Generated_Source\PSoC4/OneWire_StatusReg_BUS.c **** ********************************************************************************
  46:Generated_Source\PSoC4/OneWire_StatusReg_BUS.c **** *
  47:Generated_Source\PSoC4/OneWire_StatusReg_BUS.c **** * Summary:
  48:Generated_Source\PSoC4/OneWire_StatusReg_BUS.c **** *  Enables the Status Register interrupt.
  49:Generated_Source\PSoC4/OneWire_StatusReg_BUS.c **** *
  50:Generated_Source\PSoC4/OneWire_StatusReg_BUS.c **** * Parameters:
  51:Generated_Source\PSoC4/OneWire_StatusReg_BUS.c **** *  None.
  52:Generated_Source\PSoC4/OneWire_StatusReg_BUS.c **** *
  53:Generated_Source\PSoC4/OneWire_StatusReg_BUS.c **** * Return:
  54:Generated_Source\PSoC4/OneWire_StatusReg_BUS.c **** *  None.
  55:Generated_Source\PSoC4/OneWire_StatusReg_BUS.c **** *
  56:Generated_Source\PSoC4/OneWire_StatusReg_BUS.c **** *******************************************************************************/
  57:Generated_Source\PSoC4/OneWire_StatusReg_BUS.c **** void OneWire_StatusReg_BUS_InterruptEnable(void) 
  58:Generated_Source\PSoC4/OneWire_StatusReg_BUS.c **** {
  50              		.loc 1 58 0
  51              		.cfi_startproc
  52 0000 08B5     		push	{r3, lr}
  53              		.cfi_def_cfa_offset 8
  54              		.cfi_offset 3, -8
  55              		.cfi_offset 14, -4
  59:Generated_Source\PSoC4/OneWire_StatusReg_BUS.c ****     uint8 interruptState;
ARM GAS  C:\Users\Sarah\AppData\Local\Temp\ccrRh35E.s 			page 3


  60:Generated_Source\PSoC4/OneWire_StatusReg_BUS.c ****     interruptState = CyEnterCriticalSection();
  56              		.loc 1 60 0
  57 0002 FFF7FEFF 		bl	CyEnterCriticalSection
  58              	.LVL0:
  61:Generated_Source\PSoC4/OneWire_StatusReg_BUS.c ****     OneWire_StatusReg_BUS_Status_Aux_Ctrl |= OneWire_StatusReg_BUS_STATUS_INTR_ENBL;
  59              		.loc 1 61 0
  60 0006 044A     		ldr	r2, .L5
  61 0008 1178     		ldrb	r1, [r2]
  62 000a 1023     		mov	r3, #16
  63 000c 0B43     		orr	r3, r1
  64 000e 1370     		strb	r3, [r2]
  62:Generated_Source\PSoC4/OneWire_StatusReg_BUS.c ****     CyExitCriticalSection(interruptState);
  65              		.loc 1 62 0
  66 0010 FFF7FEFF 		bl	CyExitCriticalSection
  67              	.LVL1:
  63:Generated_Source\PSoC4/OneWire_StatusReg_BUS.c **** }
  68              		.loc 1 63 0
  69              		@ sp needed
  70 0014 08BD     		pop	{r3, pc}
  71              	.L6:
  72 0016 C046     		.align	2
  73              	.L5:
  74 0018 93000F40 		.word	1074725011
  75              		.cfi_endproc
  76              	.LFE3:
  77              		.size	OneWire_StatusReg_BUS_InterruptEnable, .-OneWire_StatusReg_BUS_InterruptEnable
  78              		.section	.text.OneWire_StatusReg_BUS_InterruptDisable,"ax",%progbits
  79              		.align	2
  80              		.global	OneWire_StatusReg_BUS_InterruptDisable
  81              		.code	16
  82              		.thumb_func
  83              		.type	OneWire_StatusReg_BUS_InterruptDisable, %function
  84              	OneWire_StatusReg_BUS_InterruptDisable:
  85              	.LFB4:
  64:Generated_Source\PSoC4/OneWire_StatusReg_BUS.c **** 
  65:Generated_Source\PSoC4/OneWire_StatusReg_BUS.c **** 
  66:Generated_Source\PSoC4/OneWire_StatusReg_BUS.c **** /*******************************************************************************
  67:Generated_Source\PSoC4/OneWire_StatusReg_BUS.c **** * Function Name: OneWire_StatusReg_BUS_InterruptDisable
  68:Generated_Source\PSoC4/OneWire_StatusReg_BUS.c **** ********************************************************************************
  69:Generated_Source\PSoC4/OneWire_StatusReg_BUS.c **** *
  70:Generated_Source\PSoC4/OneWire_StatusReg_BUS.c **** * Summary:
  71:Generated_Source\PSoC4/OneWire_StatusReg_BUS.c **** *  Disables the Status Register interrupt.
  72:Generated_Source\PSoC4/OneWire_StatusReg_BUS.c **** *
  73:Generated_Source\PSoC4/OneWire_StatusReg_BUS.c **** * Parameters:
  74:Generated_Source\PSoC4/OneWire_StatusReg_BUS.c **** *  None.
  75:Generated_Source\PSoC4/OneWire_StatusReg_BUS.c **** *
  76:Generated_Source\PSoC4/OneWire_StatusReg_BUS.c **** * Return:
  77:Generated_Source\PSoC4/OneWire_StatusReg_BUS.c **** *  None.
  78:Generated_Source\PSoC4/OneWire_StatusReg_BUS.c **** *
  79:Generated_Source\PSoC4/OneWire_StatusReg_BUS.c **** *******************************************************************************/
  80:Generated_Source\PSoC4/OneWire_StatusReg_BUS.c **** void OneWire_StatusReg_BUS_InterruptDisable(void) 
  81:Generated_Source\PSoC4/OneWire_StatusReg_BUS.c **** {
  86              		.loc 1 81 0
  87              		.cfi_startproc
  88 0000 08B5     		push	{r3, lr}
  89              		.cfi_def_cfa_offset 8
  90              		.cfi_offset 3, -8
ARM GAS  C:\Users\Sarah\AppData\Local\Temp\ccrRh35E.s 			page 4


  91              		.cfi_offset 14, -4
  82:Generated_Source\PSoC4/OneWire_StatusReg_BUS.c ****     uint8 interruptState;
  83:Generated_Source\PSoC4/OneWire_StatusReg_BUS.c ****     interruptState = CyEnterCriticalSection();
  92              		.loc 1 83 0
  93 0002 FFF7FEFF 		bl	CyEnterCriticalSection
  94              	.LVL2:
  84:Generated_Source\PSoC4/OneWire_StatusReg_BUS.c ****     OneWire_StatusReg_BUS_Status_Aux_Ctrl &= (uint8)(~OneWire_StatusReg_BUS_STATUS_INTR_ENBL);
  95              		.loc 1 84 0
  96 0006 044A     		ldr	r2, .L8
  97 0008 1378     		ldrb	r3, [r2]
  98 000a 1021     		mov	r1, #16
  99 000c 8B43     		bic	r3, r1
 100 000e 1370     		strb	r3, [r2]
  85:Generated_Source\PSoC4/OneWire_StatusReg_BUS.c ****     CyExitCriticalSection(interruptState);
 101              		.loc 1 85 0
 102 0010 FFF7FEFF 		bl	CyExitCriticalSection
 103              	.LVL3:
  86:Generated_Source\PSoC4/OneWire_StatusReg_BUS.c **** }
 104              		.loc 1 86 0
 105              		@ sp needed
 106 0014 08BD     		pop	{r3, pc}
 107              	.L9:
 108 0016 C046     		.align	2
 109              	.L8:
 110 0018 93000F40 		.word	1074725011
 111              		.cfi_endproc
 112              	.LFE4:
 113              		.size	OneWire_StatusReg_BUS_InterruptDisable, .-OneWire_StatusReg_BUS_InterruptDisable
 114              		.section	.text.OneWire_StatusReg_BUS_WriteMask,"ax",%progbits
 115              		.align	2
 116              		.global	OneWire_StatusReg_BUS_WriteMask
 117              		.code	16
 118              		.thumb_func
 119              		.type	OneWire_StatusReg_BUS_WriteMask, %function
 120              	OneWire_StatusReg_BUS_WriteMask:
 121              	.LFB5:
  87:Generated_Source\PSoC4/OneWire_StatusReg_BUS.c **** 
  88:Generated_Source\PSoC4/OneWire_StatusReg_BUS.c **** 
  89:Generated_Source\PSoC4/OneWire_StatusReg_BUS.c **** /*******************************************************************************
  90:Generated_Source\PSoC4/OneWire_StatusReg_BUS.c **** * Function Name: OneWire_StatusReg_BUS_WriteMask
  91:Generated_Source\PSoC4/OneWire_StatusReg_BUS.c **** ********************************************************************************
  92:Generated_Source\PSoC4/OneWire_StatusReg_BUS.c **** *
  93:Generated_Source\PSoC4/OneWire_StatusReg_BUS.c **** * Summary:
  94:Generated_Source\PSoC4/OneWire_StatusReg_BUS.c **** *  Writes the current mask value assigned to the Status Register.
  95:Generated_Source\PSoC4/OneWire_StatusReg_BUS.c **** *
  96:Generated_Source\PSoC4/OneWire_StatusReg_BUS.c **** * Parameters:
  97:Generated_Source\PSoC4/OneWire_StatusReg_BUS.c **** *  mask:  Value to write into the mask register.
  98:Generated_Source\PSoC4/OneWire_StatusReg_BUS.c **** *
  99:Generated_Source\PSoC4/OneWire_StatusReg_BUS.c **** * Return:
 100:Generated_Source\PSoC4/OneWire_StatusReg_BUS.c **** *  None.
 101:Generated_Source\PSoC4/OneWire_StatusReg_BUS.c **** *
 102:Generated_Source\PSoC4/OneWire_StatusReg_BUS.c **** *******************************************************************************/
 103:Generated_Source\PSoC4/OneWire_StatusReg_BUS.c **** void OneWire_StatusReg_BUS_WriteMask(uint8 mask) 
 104:Generated_Source\PSoC4/OneWire_StatusReg_BUS.c **** {
 122              		.loc 1 104 0
 123              		.cfi_startproc
 124              	.LVL4:
ARM GAS  C:\Users\Sarah\AppData\Local\Temp\ccrRh35E.s 			page 5


 105:Generated_Source\PSoC4/OneWire_StatusReg_BUS.c ****     #if(OneWire_StatusReg_BUS_INPUTS < 8u)
 106:Generated_Source\PSoC4/OneWire_StatusReg_BUS.c ****     	mask &= (uint8)((((uint8)1u) << OneWire_StatusReg_BUS_INPUTS) - 1u);
 107:Generated_Source\PSoC4/OneWire_StatusReg_BUS.c **** 	#endif /* End OneWire_StatusReg_BUS_INPUTS < 8u */
 108:Generated_Source\PSoC4/OneWire_StatusReg_BUS.c ****     OneWire_StatusReg_BUS_Status_Mask = mask;
 125              		.loc 1 108 0
 126 0000 014B     		ldr	r3, .L11
 127 0002 1870     		strb	r0, [r3]
 109:Generated_Source\PSoC4/OneWire_StatusReg_BUS.c **** }
 128              		.loc 1 109 0
 129              		@ sp needed
 130 0004 7047     		bx	lr
 131              	.L12:
 132 0006 C046     		.align	2
 133              	.L11:
 134 0008 83000F40 		.word	1074724995
 135              		.cfi_endproc
 136              	.LFE5:
 137              		.size	OneWire_StatusReg_BUS_WriteMask, .-OneWire_StatusReg_BUS_WriteMask
 138              		.section	.text.OneWire_StatusReg_BUS_ReadMask,"ax",%progbits
 139              		.align	2
 140              		.global	OneWire_StatusReg_BUS_ReadMask
 141              		.code	16
 142              		.thumb_func
 143              		.type	OneWire_StatusReg_BUS_ReadMask, %function
 144              	OneWire_StatusReg_BUS_ReadMask:
 145              	.LFB6:
 110:Generated_Source\PSoC4/OneWire_StatusReg_BUS.c **** 
 111:Generated_Source\PSoC4/OneWire_StatusReg_BUS.c **** 
 112:Generated_Source\PSoC4/OneWire_StatusReg_BUS.c **** /*******************************************************************************
 113:Generated_Source\PSoC4/OneWire_StatusReg_BUS.c **** * Function Name: OneWire_StatusReg_BUS_ReadMask
 114:Generated_Source\PSoC4/OneWire_StatusReg_BUS.c **** ********************************************************************************
 115:Generated_Source\PSoC4/OneWire_StatusReg_BUS.c **** *
 116:Generated_Source\PSoC4/OneWire_StatusReg_BUS.c **** * Summary:
 117:Generated_Source\PSoC4/OneWire_StatusReg_BUS.c **** *  Reads the current interrupt mask assigned to the Status Register.
 118:Generated_Source\PSoC4/OneWire_StatusReg_BUS.c **** *
 119:Generated_Source\PSoC4/OneWire_StatusReg_BUS.c **** * Parameters:
 120:Generated_Source\PSoC4/OneWire_StatusReg_BUS.c **** *  None.
 121:Generated_Source\PSoC4/OneWire_StatusReg_BUS.c **** *
 122:Generated_Source\PSoC4/OneWire_StatusReg_BUS.c **** * Return:
 123:Generated_Source\PSoC4/OneWire_StatusReg_BUS.c **** *  The value of the interrupt mask of the Status Register.
 124:Generated_Source\PSoC4/OneWire_StatusReg_BUS.c **** *
 125:Generated_Source\PSoC4/OneWire_StatusReg_BUS.c **** *******************************************************************************/
 126:Generated_Source\PSoC4/OneWire_StatusReg_BUS.c **** uint8 OneWire_StatusReg_BUS_ReadMask(void) 
 127:Generated_Source\PSoC4/OneWire_StatusReg_BUS.c **** {
 146              		.loc 1 127 0
 147              		.cfi_startproc
 128:Generated_Source\PSoC4/OneWire_StatusReg_BUS.c ****     return OneWire_StatusReg_BUS_Status_Mask;
 148              		.loc 1 128 0
 149 0000 014B     		ldr	r3, .L14
 150 0002 1878     		ldrb	r0, [r3]
 151 0004 C0B2     		uxtb	r0, r0
 129:Generated_Source\PSoC4/OneWire_StatusReg_BUS.c **** }
 152              		.loc 1 129 0
 153              		@ sp needed
 154 0006 7047     		bx	lr
 155              	.L15:
 156              		.align	2
ARM GAS  C:\Users\Sarah\AppData\Local\Temp\ccrRh35E.s 			page 6


 157              	.L14:
 158 0008 83000F40 		.word	1074724995
 159              		.cfi_endproc
 160              	.LFE6:
 161              		.size	OneWire_StatusReg_BUS_ReadMask, .-OneWire_StatusReg_BUS_ReadMask
 162              		.text
 163              	.Letext0:
 164              		.file 2 "Generated_Source\\PSoC4\\cytypes.h"
 165              		.file 3 "Generated_Source\\PSoC4\\CyLib.h"
 166              		.section	.debug_info,"",%progbits
 167              	.Ldebug_info0:
 168 0000 74010000 		.4byte	0x174
 169 0004 0400     		.2byte	0x4
 170 0006 00000000 		.4byte	.Ldebug_abbrev0
 171 000a 04       		.byte	0x4
 172 000b 01       		.uleb128 0x1
 173 000c 89010000 		.4byte	.LASF21
 174 0010 01       		.byte	0x1
 175 0011 17020000 		.4byte	.LASF22
 176 0015 45000000 		.4byte	.LASF23
 177 0019 00000000 		.4byte	.Ldebug_ranges0+0
 178 001d 00000000 		.4byte	0
 179 0021 00000000 		.4byte	.Ldebug_line0
 180 0025 02       		.uleb128 0x2
 181 0026 01       		.byte	0x1
 182 0027 06       		.byte	0x6
 183 0028 67010000 		.4byte	.LASF0
 184 002c 02       		.uleb128 0x2
 185 002d 01       		.byte	0x1
 186 002e 08       		.byte	0x8
 187 002f 0A010000 		.4byte	.LASF1
 188 0033 02       		.uleb128 0x2
 189 0034 02       		.byte	0x2
 190 0035 05       		.byte	0x5
 191 0036 46020000 		.4byte	.LASF2
 192 003a 02       		.uleb128 0x2
 193 003b 02       		.byte	0x2
 194 003c 07       		.byte	0x7
 195 003d 0E000000 		.4byte	.LASF3
 196 0041 02       		.uleb128 0x2
 197 0042 04       		.byte	0x4
 198 0043 05       		.byte	0x5
 199 0044 1D010000 		.4byte	.LASF4
 200 0048 02       		.uleb128 0x2
 201 0049 04       		.byte	0x4
 202 004a 07       		.byte	0x7
 203 004b D6000000 		.4byte	.LASF5
 204 004f 02       		.uleb128 0x2
 205 0050 08       		.byte	0x8
 206 0051 05       		.byte	0x5
 207 0052 00000000 		.4byte	.LASF6
 208 0056 02       		.uleb128 0x2
 209 0057 08       		.byte	0x8
 210 0058 07       		.byte	0x7
 211 0059 E8000000 		.4byte	.LASF7
 212 005d 03       		.uleb128 0x3
 213 005e 04       		.byte	0x4
ARM GAS  C:\Users\Sarah\AppData\Local\Temp\ccrRh35E.s 			page 7


 214 005f 05       		.byte	0x5
 215 0060 696E7400 		.ascii	"int\000"
 216 0064 02       		.uleb128 0x2
 217 0065 04       		.byte	0x4
 218 0066 07       		.byte	0x7
 219 0067 21000000 		.4byte	.LASF8
 220 006b 04       		.uleb128 0x4
 221 006c D0000000 		.4byte	.LASF12
 222 0070 02       		.byte	0x2
 223 0071 B901     		.2byte	0x1b9
 224 0073 2C000000 		.4byte	0x2c
 225 0077 02       		.uleb128 0x2
 226 0078 04       		.byte	0x4
 227 0079 04       		.byte	0x4
 228 007a FF000000 		.4byte	.LASF9
 229 007e 02       		.uleb128 0x2
 230 007f 08       		.byte	0x8
 231 0080 04       		.byte	0x4
 232 0081 41010000 		.4byte	.LASF10
 233 0085 02       		.uleb128 0x2
 234 0086 01       		.byte	0x1
 235 0087 08       		.byte	0x8
 236 0088 18010000 		.4byte	.LASF11
 237 008c 04       		.uleb128 0x4
 238 008d 50020000 		.4byte	.LASF13
 239 0091 02       		.byte	0x2
 240 0092 6302     		.2byte	0x263
 241 0094 98000000 		.4byte	0x98
 242 0098 05       		.uleb128 0x5
 243 0099 6B000000 		.4byte	0x6b
 244 009d 02       		.uleb128 0x2
 245 009e 04       		.byte	0x4
 246 009f 07       		.byte	0x7
 247 00a0 7C020000 		.4byte	.LASF14
 248 00a4 06       		.uleb128 0x6
 249 00a5 26010000 		.4byte	.LASF19
 250 00a9 01       		.byte	0x1
 251 00aa 25       		.byte	0x25
 252 00ab 6B000000 		.4byte	0x6b
 253 00af 00000000 		.4byte	.LFB2
 254 00b3 0C000000 		.4byte	.LFE2-.LFB2
 255 00b7 01       		.uleb128 0x1
 256 00b8 9C       		.byte	0x9c
 257 00b9 07       		.uleb128 0x7
 258 00ba AA000000 		.4byte	.LASF15
 259 00be 01       		.byte	0x1
 260 00bf 39       		.byte	0x39
 261 00c0 00000000 		.4byte	.LFB3
 262 00c4 1C000000 		.4byte	.LFE3-.LFB3
 263 00c8 01       		.uleb128 0x1
 264 00c9 9C       		.byte	0x9c
 265 00ca F0000000 		.4byte	0xf0
 266 00ce 08       		.uleb128 0x8
 267 00cf 85020000 		.4byte	.LASF17
 268 00d3 01       		.byte	0x1
 269 00d4 3B       		.byte	0x3b
 270 00d5 6B000000 		.4byte	0x6b
ARM GAS  C:\Users\Sarah\AppData\Local\Temp\ccrRh35E.s 			page 8


 271 00d9 00000000 		.4byte	.LLST0
 272 00dd 09       		.uleb128 0x9
 273 00de 06000000 		.4byte	.LVL0
 274 00e2 5F010000 		.4byte	0x15f
 275 00e6 09       		.uleb128 0x9
 276 00e7 14000000 		.4byte	.LVL1
 277 00eb 6A010000 		.4byte	0x16a
 278 00ef 00       		.byte	0
 279 00f0 07       		.uleb128 0x7
 280 00f1 55020000 		.4byte	.LASF16
 281 00f5 01       		.byte	0x1
 282 00f6 50       		.byte	0x50
 283 00f7 00000000 		.4byte	.LFB4
 284 00fb 1C000000 		.4byte	.LFE4-.LFB4
 285 00ff 01       		.uleb128 0x1
 286 0100 9C       		.byte	0x9c
 287 0101 27010000 		.4byte	0x127
 288 0105 08       		.uleb128 0x8
 289 0106 85020000 		.4byte	.LASF17
 290 010a 01       		.byte	0x1
 291 010b 52       		.byte	0x52
 292 010c 6B000000 		.4byte	0x6b
 293 0110 13000000 		.4byte	.LLST1
 294 0114 09       		.uleb128 0x9
 295 0115 06000000 		.4byte	.LVL2
 296 0119 5F010000 		.4byte	0x15f
 297 011d 09       		.uleb128 0x9
 298 011e 14000000 		.4byte	.LVL3
 299 0122 6A010000 		.4byte	0x16a
 300 0126 00       		.byte	0
 301 0127 07       		.uleb128 0x7
 302 0128 94020000 		.4byte	.LASF18
 303 012c 01       		.byte	0x1
 304 012d 67       		.byte	0x67
 305 012e 00000000 		.4byte	.LFB5
 306 0132 0C000000 		.4byte	.LFE5-.LFB5
 307 0136 01       		.uleb128 0x1
 308 0137 9C       		.byte	0x9c
 309 0138 4A010000 		.4byte	0x14a
 310 013c 0A       		.uleb128 0xa
 311 013d 05010000 		.4byte	.LASF24
 312 0141 01       		.byte	0x1
 313 0142 67       		.byte	0x67
 314 0143 6B000000 		.4byte	0x6b
 315 0147 01       		.uleb128 0x1
 316 0148 50       		.byte	0x50
 317 0149 00       		.byte	0
 318 014a 06       		.uleb128 0x6
 319 014b 48010000 		.4byte	.LASF20
 320 014f 01       		.byte	0x1
 321 0150 7E       		.byte	0x7e
 322 0151 6B000000 		.4byte	0x6b
 323 0155 00000000 		.4byte	.LFB6
 324 0159 0C000000 		.4byte	.LFE6-.LFB6
 325 015d 01       		.uleb128 0x1
 326 015e 9C       		.byte	0x9c
 327 015f 0B       		.uleb128 0xb
ARM GAS  C:\Users\Sarah\AppData\Local\Temp\ccrRh35E.s 			page 9


 328 0160 2E000000 		.4byte	.LASF25
 329 0164 03       		.byte	0x3
 330 0165 E5       		.byte	0xe5
 331 0166 6B000000 		.4byte	0x6b
 332 016a 0C       		.uleb128 0xc
 333 016b 73010000 		.4byte	.LASF26
 334 016f 03       		.byte	0x3
 335 0170 E6       		.byte	0xe6
 336 0171 0D       		.uleb128 0xd
 337 0172 6B000000 		.4byte	0x6b
 338 0176 00       		.byte	0
 339 0177 00       		.byte	0
 340              		.section	.debug_abbrev,"",%progbits
 341              	.Ldebug_abbrev0:
 342 0000 01       		.uleb128 0x1
 343 0001 11       		.uleb128 0x11
 344 0002 01       		.byte	0x1
 345 0003 25       		.uleb128 0x25
 346 0004 0E       		.uleb128 0xe
 347 0005 13       		.uleb128 0x13
 348 0006 0B       		.uleb128 0xb
 349 0007 03       		.uleb128 0x3
 350 0008 0E       		.uleb128 0xe
 351 0009 1B       		.uleb128 0x1b
 352 000a 0E       		.uleb128 0xe
 353 000b 55       		.uleb128 0x55
 354 000c 17       		.uleb128 0x17
 355 000d 11       		.uleb128 0x11
 356 000e 01       		.uleb128 0x1
 357 000f 10       		.uleb128 0x10
 358 0010 17       		.uleb128 0x17
 359 0011 00       		.byte	0
 360 0012 00       		.byte	0
 361 0013 02       		.uleb128 0x2
 362 0014 24       		.uleb128 0x24
 363 0015 00       		.byte	0
 364 0016 0B       		.uleb128 0xb
 365 0017 0B       		.uleb128 0xb
 366 0018 3E       		.uleb128 0x3e
 367 0019 0B       		.uleb128 0xb
 368 001a 03       		.uleb128 0x3
 369 001b 0E       		.uleb128 0xe
 370 001c 00       		.byte	0
 371 001d 00       		.byte	0
 372 001e 03       		.uleb128 0x3
 373 001f 24       		.uleb128 0x24
 374 0020 00       		.byte	0
 375 0021 0B       		.uleb128 0xb
 376 0022 0B       		.uleb128 0xb
 377 0023 3E       		.uleb128 0x3e
 378 0024 0B       		.uleb128 0xb
 379 0025 03       		.uleb128 0x3
 380 0026 08       		.uleb128 0x8
 381 0027 00       		.byte	0
 382 0028 00       		.byte	0
 383 0029 04       		.uleb128 0x4
 384 002a 16       		.uleb128 0x16
ARM GAS  C:\Users\Sarah\AppData\Local\Temp\ccrRh35E.s 			page 10


 385 002b 00       		.byte	0
 386 002c 03       		.uleb128 0x3
 387 002d 0E       		.uleb128 0xe
 388 002e 3A       		.uleb128 0x3a
 389 002f 0B       		.uleb128 0xb
 390 0030 3B       		.uleb128 0x3b
 391 0031 05       		.uleb128 0x5
 392 0032 49       		.uleb128 0x49
 393 0033 13       		.uleb128 0x13
 394 0034 00       		.byte	0
 395 0035 00       		.byte	0
 396 0036 05       		.uleb128 0x5
 397 0037 35       		.uleb128 0x35
 398 0038 00       		.byte	0
 399 0039 49       		.uleb128 0x49
 400 003a 13       		.uleb128 0x13
 401 003b 00       		.byte	0
 402 003c 00       		.byte	0
 403 003d 06       		.uleb128 0x6
 404 003e 2E       		.uleb128 0x2e
 405 003f 00       		.byte	0
 406 0040 3F       		.uleb128 0x3f
 407 0041 19       		.uleb128 0x19
 408 0042 03       		.uleb128 0x3
 409 0043 0E       		.uleb128 0xe
 410 0044 3A       		.uleb128 0x3a
 411 0045 0B       		.uleb128 0xb
 412 0046 3B       		.uleb128 0x3b
 413 0047 0B       		.uleb128 0xb
 414 0048 27       		.uleb128 0x27
 415 0049 19       		.uleb128 0x19
 416 004a 49       		.uleb128 0x49
 417 004b 13       		.uleb128 0x13
 418 004c 11       		.uleb128 0x11
 419 004d 01       		.uleb128 0x1
 420 004e 12       		.uleb128 0x12
 421 004f 06       		.uleb128 0x6
 422 0050 40       		.uleb128 0x40
 423 0051 18       		.uleb128 0x18
 424 0052 9742     		.uleb128 0x2117
 425 0054 19       		.uleb128 0x19
 426 0055 00       		.byte	0
 427 0056 00       		.byte	0
 428 0057 07       		.uleb128 0x7
 429 0058 2E       		.uleb128 0x2e
 430 0059 01       		.byte	0x1
 431 005a 3F       		.uleb128 0x3f
 432 005b 19       		.uleb128 0x19
 433 005c 03       		.uleb128 0x3
 434 005d 0E       		.uleb128 0xe
 435 005e 3A       		.uleb128 0x3a
 436 005f 0B       		.uleb128 0xb
 437 0060 3B       		.uleb128 0x3b
 438 0061 0B       		.uleb128 0xb
 439 0062 27       		.uleb128 0x27
 440 0063 19       		.uleb128 0x19
 441 0064 11       		.uleb128 0x11
ARM GAS  C:\Users\Sarah\AppData\Local\Temp\ccrRh35E.s 			page 11


 442 0065 01       		.uleb128 0x1
 443 0066 12       		.uleb128 0x12
 444 0067 06       		.uleb128 0x6
 445 0068 40       		.uleb128 0x40
 446 0069 18       		.uleb128 0x18
 447 006a 9742     		.uleb128 0x2117
 448 006c 19       		.uleb128 0x19
 449 006d 01       		.uleb128 0x1
 450 006e 13       		.uleb128 0x13
 451 006f 00       		.byte	0
 452 0070 00       		.byte	0
 453 0071 08       		.uleb128 0x8
 454 0072 34       		.uleb128 0x34
 455 0073 00       		.byte	0
 456 0074 03       		.uleb128 0x3
 457 0075 0E       		.uleb128 0xe
 458 0076 3A       		.uleb128 0x3a
 459 0077 0B       		.uleb128 0xb
 460 0078 3B       		.uleb128 0x3b
 461 0079 0B       		.uleb128 0xb
 462 007a 49       		.uleb128 0x49
 463 007b 13       		.uleb128 0x13
 464 007c 02       		.uleb128 0x2
 465 007d 17       		.uleb128 0x17
 466 007e 00       		.byte	0
 467 007f 00       		.byte	0
 468 0080 09       		.uleb128 0x9
 469 0081 898201   		.uleb128 0x4109
 470 0084 00       		.byte	0
 471 0085 11       		.uleb128 0x11
 472 0086 01       		.uleb128 0x1
 473 0087 31       		.uleb128 0x31
 474 0088 13       		.uleb128 0x13
 475 0089 00       		.byte	0
 476 008a 00       		.byte	0
 477 008b 0A       		.uleb128 0xa
 478 008c 05       		.uleb128 0x5
 479 008d 00       		.byte	0
 480 008e 03       		.uleb128 0x3
 481 008f 0E       		.uleb128 0xe
 482 0090 3A       		.uleb128 0x3a
 483 0091 0B       		.uleb128 0xb
 484 0092 3B       		.uleb128 0x3b
 485 0093 0B       		.uleb128 0xb
 486 0094 49       		.uleb128 0x49
 487 0095 13       		.uleb128 0x13
 488 0096 02       		.uleb128 0x2
 489 0097 18       		.uleb128 0x18
 490 0098 00       		.byte	0
 491 0099 00       		.byte	0
 492 009a 0B       		.uleb128 0xb
 493 009b 2E       		.uleb128 0x2e
 494 009c 00       		.byte	0
 495 009d 3F       		.uleb128 0x3f
 496 009e 19       		.uleb128 0x19
 497 009f 03       		.uleb128 0x3
 498 00a0 0E       		.uleb128 0xe
ARM GAS  C:\Users\Sarah\AppData\Local\Temp\ccrRh35E.s 			page 12


 499 00a1 3A       		.uleb128 0x3a
 500 00a2 0B       		.uleb128 0xb
 501 00a3 3B       		.uleb128 0x3b
 502 00a4 0B       		.uleb128 0xb
 503 00a5 27       		.uleb128 0x27
 504 00a6 19       		.uleb128 0x19
 505 00a7 49       		.uleb128 0x49
 506 00a8 13       		.uleb128 0x13
 507 00a9 3C       		.uleb128 0x3c
 508 00aa 19       		.uleb128 0x19
 509 00ab 00       		.byte	0
 510 00ac 00       		.byte	0
 511 00ad 0C       		.uleb128 0xc
 512 00ae 2E       		.uleb128 0x2e
 513 00af 01       		.byte	0x1
 514 00b0 3F       		.uleb128 0x3f
 515 00b1 19       		.uleb128 0x19
 516 00b2 03       		.uleb128 0x3
 517 00b3 0E       		.uleb128 0xe
 518 00b4 3A       		.uleb128 0x3a
 519 00b5 0B       		.uleb128 0xb
 520 00b6 3B       		.uleb128 0x3b
 521 00b7 0B       		.uleb128 0xb
 522 00b8 27       		.uleb128 0x27
 523 00b9 19       		.uleb128 0x19
 524 00ba 3C       		.uleb128 0x3c
 525 00bb 19       		.uleb128 0x19
 526 00bc 00       		.byte	0
 527 00bd 00       		.byte	0
 528 00be 0D       		.uleb128 0xd
 529 00bf 05       		.uleb128 0x5
 530 00c0 00       		.byte	0
 531 00c1 49       		.uleb128 0x49
 532 00c2 13       		.uleb128 0x13
 533 00c3 00       		.byte	0
 534 00c4 00       		.byte	0
 535 00c5 00       		.byte	0
 536              		.section	.debug_loc,"",%progbits
 537              	.Ldebug_loc0:
 538              	.LLST0:
 539 0000 06000000 		.4byte	.LVL0
 540 0004 13000000 		.4byte	.LVL1-1
 541 0008 0100     		.2byte	0x1
 542 000a 50       		.byte	0x50
 543 000b 00000000 		.4byte	0
 544 000f 00000000 		.4byte	0
 545              	.LLST1:
 546 0013 06000000 		.4byte	.LVL2
 547 0017 13000000 		.4byte	.LVL3-1
 548 001b 0100     		.2byte	0x1
 549 001d 50       		.byte	0x50
 550 001e 00000000 		.4byte	0
 551 0022 00000000 		.4byte	0
 552              		.section	.debug_aranges,"",%progbits
 553 0000 3C000000 		.4byte	0x3c
 554 0004 0200     		.2byte	0x2
 555 0006 00000000 		.4byte	.Ldebug_info0
ARM GAS  C:\Users\Sarah\AppData\Local\Temp\ccrRh35E.s 			page 13


 556 000a 04       		.byte	0x4
 557 000b 00       		.byte	0
 558 000c 0000     		.2byte	0
 559 000e 0000     		.2byte	0
 560 0010 00000000 		.4byte	.LFB2
 561 0014 0C000000 		.4byte	.LFE2-.LFB2
 562 0018 00000000 		.4byte	.LFB3
 563 001c 1C000000 		.4byte	.LFE3-.LFB3
 564 0020 00000000 		.4byte	.LFB4
 565 0024 1C000000 		.4byte	.LFE4-.LFB4
 566 0028 00000000 		.4byte	.LFB5
 567 002c 0C000000 		.4byte	.LFE5-.LFB5
 568 0030 00000000 		.4byte	.LFB6
 569 0034 0C000000 		.4byte	.LFE6-.LFB6
 570 0038 00000000 		.4byte	0
 571 003c 00000000 		.4byte	0
 572              		.section	.debug_ranges,"",%progbits
 573              	.Ldebug_ranges0:
 574 0000 00000000 		.4byte	.LFB2
 575 0004 0C000000 		.4byte	.LFE2
 576 0008 00000000 		.4byte	.LFB3
 577 000c 1C000000 		.4byte	.LFE3
 578 0010 00000000 		.4byte	.LFB4
 579 0014 1C000000 		.4byte	.LFE4
 580 0018 00000000 		.4byte	.LFB5
 581 001c 0C000000 		.4byte	.LFE5
 582 0020 00000000 		.4byte	.LFB6
 583 0024 0C000000 		.4byte	.LFE6
 584 0028 00000000 		.4byte	0
 585 002c 00000000 		.4byte	0
 586              		.section	.debug_line,"",%progbits
 587              	.Ldebug_line0:
 588 0000 BF000000 		.section	.debug_str,"MS",%progbits,1
 588      02005D00 
 588      00000201 
 588      FB0E0D00 
 588      01010101 
 589              	.LASF6:
 590 0000 6C6F6E67 		.ascii	"long long int\000"
 590      206C6F6E 
 590      6720696E 
 590      7400
 591              	.LASF3:
 592 000e 73686F72 		.ascii	"short unsigned int\000"
 592      7420756E 
 592      7369676E 
 592      65642069 
 592      6E7400
 593              	.LASF8:
 594 0021 756E7369 		.ascii	"unsigned int\000"
 594      676E6564 
 594      20696E74 
 594      00
 595              	.LASF25:
 596 002e 4379456E 		.ascii	"CyEnterCriticalSection\000"
 596      74657243 
 596      72697469 
ARM GAS  C:\Users\Sarah\AppData\Local\Temp\ccrRh35E.s 			page 14


 596      63616C53 
 596      65637469 
 597              	.LASF23:
 598 0045 433A5C55 		.ascii	"C:\\Users\\Sarah\\Documents\\DVCS\\bleapp-master\\b"
 598      73657273 
 598      5C536172 
 598      61685C44 
 598      6F63756D 
 599 0072 6C656170 		.ascii	"leapp-master\\PSoC_Creator\\capsenseled\\capsensele"
 599      702D6D61 
 599      73746572 
 599      5C50536F 
 599      435F4372 
 600 00a2 642E6379 		.ascii	"d.cydsn\000"
 600      64736E00 
 601              	.LASF15:
 602 00aa 4F6E6557 		.ascii	"OneWire_StatusReg_BUS_InterruptEnable\000"
 602      6972655F 
 602      53746174 
 602      75735265 
 602      675F4255 
 603              	.LASF12:
 604 00d0 75696E74 		.ascii	"uint8\000"
 604      3800
 605              	.LASF5:
 606 00d6 6C6F6E67 		.ascii	"long unsigned int\000"
 606      20756E73 
 606      69676E65 
 606      6420696E 
 606      7400
 607              	.LASF7:
 608 00e8 6C6F6E67 		.ascii	"long long unsigned int\000"
 608      206C6F6E 
 608      6720756E 
 608      7369676E 
 608      65642069 
 609              	.LASF9:
 610 00ff 666C6F61 		.ascii	"float\000"
 610      7400
 611              	.LASF24:
 612 0105 6D61736B 		.ascii	"mask\000"
 612      00
 613              	.LASF1:
 614 010a 756E7369 		.ascii	"unsigned char\000"
 614      676E6564 
 614      20636861 
 614      7200
 615              	.LASF11:
 616 0118 63686172 		.ascii	"char\000"
 616      00
 617              	.LASF4:
 618 011d 6C6F6E67 		.ascii	"long int\000"
 618      20696E74 
 618      00
 619              	.LASF19:
 620 0126 4F6E6557 		.ascii	"OneWire_StatusReg_BUS_Read\000"
 620      6972655F 
ARM GAS  C:\Users\Sarah\AppData\Local\Temp\ccrRh35E.s 			page 15


 620      53746174 
 620      75735265 
 620      675F4255 
 621              	.LASF10:
 622 0141 646F7562 		.ascii	"double\000"
 622      6C6500
 623              	.LASF20:
 624 0148 4F6E6557 		.ascii	"OneWire_StatusReg_BUS_ReadMask\000"
 624      6972655F 
 624      53746174 
 624      75735265 
 624      675F4255 
 625              	.LASF0:
 626 0167 7369676E 		.ascii	"signed char\000"
 626      65642063 
 626      68617200 
 627              	.LASF26:
 628 0173 43794578 		.ascii	"CyExitCriticalSection\000"
 628      69744372 
 628      69746963 
 628      616C5365 
 628      6374696F 
 629              	.LASF21:
 630 0189 474E5520 		.ascii	"GNU C 4.9.3 20150303 (release) [ARM/embedded-4_9-br"
 630      4320342E 
 630      392E3320 
 630      32303135 
 630      30333033 
 631 01bc 616E6368 		.ascii	"anch revision 221220] -mcpu=cortex-m0 -mthumb -g -O"
 631      20726576 
 631      6973696F 
 631      6E203232 
 631      31323230 
 632 01ef 67202D66 		.ascii	"g -ffunction-sections -ffat-lto-objects\000"
 632      66756E63 
 632      74696F6E 
 632      2D736563 
 632      74696F6E 
 633              	.LASF22:
 634 0217 47656E65 		.ascii	"Generated_Source\\PSoC4\\OneWire_StatusReg_BUS.c\000"
 634      72617465 
 634      645F536F 
 634      75726365 
 634      5C50536F 
 635              	.LASF2:
 636 0246 73686F72 		.ascii	"short int\000"
 636      7420696E 
 636      7400
 637              	.LASF13:
 638 0250 72656738 		.ascii	"reg8\000"
 638      00
 639              	.LASF16:
 640 0255 4F6E6557 		.ascii	"OneWire_StatusReg_BUS_InterruptDisable\000"
 640      6972655F 
 640      53746174 
 640      75735265 
 640      675F4255 
ARM GAS  C:\Users\Sarah\AppData\Local\Temp\ccrRh35E.s 			page 16


 641              	.LASF14:
 642 027c 73697A65 		.ascii	"sizetype\000"
 642      74797065 
 642      00
 643              	.LASF17:
 644 0285 696E7465 		.ascii	"interruptState\000"
 644      72727570 
 644      74537461 
 644      746500
 645              	.LASF18:
 646 0294 4F6E6557 		.ascii	"OneWire_StatusReg_BUS_WriteMask\000"
 646      6972655F 
 646      53746174 
 646      75735265 
 646      675F4255 
 647              		.ident	"GCC: (GNU Tools for ARM Embedded Processors) 4.9.3 20150303 (release) [ARM/embedded-4_9-br
