#***************************************************************************

#sjplacer

#Version:            1.1

#Build Date:         Apr 29 2016 09:00:55

#File Generated:     Apr 26 2017 17:14:47

#Purpose:            

#Copyright (C) 2010-2011 by Softjin Technologies Pvt Ltd. All rights reserved.

#***************************************************************************

Executing : C:\Program Files (x86)\Cypress\PSoC Creator\4.0\PSoC Creator\bin/sjplacer.exe --proj-name Proc_VentBLE --netlist-vh2 Proc_VentBLE_p.vh2 --arch-file C:\Program Files (x86)\Cypress\PSoC Creator\4.0\PSoC Creator\dev/arch/p4_udb2x2.ark --rrg-file C:\Program Files (x86)\Cypress\PSoC Creator\4.0\PSoC Creator\dev/psoc4/3/256dma/route_arch-rrg.cydata --irq-file C:\Program Files (x86)\Cypress\PSoC Creator\4.0\PSoC Creator\dev/psoc4/3//256dma/irqconn.cydata --drq-file C:\Program Files (x86)\Cypress\PSoC Creator\4.0\PSoC Creator\dev/psoc4/3//256dma/triggerconn.cydata --dsi-conn-file C:\Program Files (x86)\Cypress\PSoC Creator\4.0\PSoC Creator\dev/psoc4/3//256dma/dsiconn.cydata --pins-file pins_56-QFN.xml --lib-file Proc_VentBLE_p.lib --sdc-file Proc_VentBLE.sdc --io-pcf Proc_VentBLE.pci --outdir .

		Softjin Techologies Placer, Version 1.1

Build Date : Apr 29 2016	08:58:44

D2004: Option and Settings Summary
=============================================================
Netlist vh2 file          - Proc_VentBLE_p.vh2
Architecture file         - C:\Program Files (x86)\Cypress\PSoC Creator\4.0\PSoC Creator\dev/arch/p4_udb2x2.ark
Package                   - 
Defparam file             - 
SDC file                  - Proc_VentBLE.sdc
Output directory          - .
Timing library            - Proc_VentBLE_p.lib
IO Placement file         - Proc_VentBLE.pci

D2050: Starting reading inputs for placer
=============================================================
D2065: Reading netlist file : "Proc_VentBLE_p.vh2"
D2065: Reading arch file : "C:\Program Files (x86)\Cypress\PSoC Creator\4.0\PSoC Creator\dev/arch/p4_udb2x2.ark"
D2051: Reading of inputs for placer completed successfully

D2053: Starting placement of the design
=============================================================

Phase 2
Phase 3

Design Statistics after Packing
    Number of Combinational MCs 	:	1
    Number of Sequential MCs    	:	9
    Number of DPs               	:	1
    Number of Controls          	:	2
    Number of Status            	:	1
    Number of SyncCells         	:	0
    Number of count7cells       	:	1

Device Utilization Summary after Packing
    Macrocells                  :	10/32
    UDBS                        :	2/4
    IOs                         :	14/38


D2088: Phase 3, elapsed time : 0.0 (sec)

Phase 4
D2088: Phase 4, elapsed time : 0.0 (sec)

Phase 6

######################################################################
Placement Timing Summary

The timing summary is based on estimated routing delays after
placement. For final timing report, please carry out the timing
analysis after routing.
======================================================================

######################################################################
                     Clock Summary 
======================================================================
Number of clocks: 15
Clock: ADC_SAR_Seq_1_intClock | Frequency: N/A       | Target:   4.4 MHz
Clock: ADC_SAR_Seq_1_intClock(FFB) | Frequency: N/A       | Target:   4.4 MHz
Clock: Clock_1              | Frequency: N/A       | Target:   0.0 MHz
Clock: Clock_1(FFB)         | Frequency: N/A       | Target:   0.0 MHz
Clock: Clock_4              | Frequency:  68.1 MHz | Target:   0.5 MHz
Clock: Clock_8              | Frequency: N/A       | Target:   0.5 MHz
Clock: Clock_8(FFB)         | Frequency: N/A       | Target:   0.5 MHz
Clock: CyECO                | Frequency: N/A       | Target:  24.0 MHz
Clock: CyHFCLK              | Frequency: N/A       | Target:  48.0 MHz
Clock: CyILO                | Frequency: N/A       | Target:   0.0 MHz
Clock: CyIMO                | Frequency: N/A       | Target:  48.0 MHz
Clock: CyLFCLK              | Frequency: N/A       | Target:   0.0 MHz
Clock: CyRouted1            | Frequency: N/A       | Target:  48.0 MHz
Clock: CySYSCLK             | Frequency: N/A       | Target:  48.0 MHz
Clock: CyWCO                | Frequency: N/A       | Target:   0.0 MHz

======================================================================
                     End of Clock Summary
######################################################################

D2088: Phase 6, elapsed time : 0.0 (sec)

Phase 7
######################################################################
                     Clock Summary 
======================================================================
Number of clocks: 15
Clock: ADC_SAR_Seq_1_intClock | Frequency: N/A       | Target:   4.4 MHz
Clock: ADC_SAR_Seq_1_intClock(FFB) | Frequency: N/A       | Target:   4.4 MHz
Clock: Clock_1              | Frequency: N/A       | Target:   0.0 MHz
Clock: Clock_1(FFB)         | Frequency: N/A       | Target:   0.0 MHz
Clock: Clock_4              | Frequency:  68.1 MHz | Target:   0.5 MHz
Clock: Clock_8              | Frequency: N/A       | Target:   0.5 MHz
Clock: Clock_8(FFB)         | Frequency: N/A       | Target:   0.5 MHz
Clock: CyECO                | Frequency: N/A       | Target:  24.0 MHz
Clock: CyHFCLK              | Frequency: N/A       | Target:  48.0 MHz
Clock: CyILO                | Frequency: N/A       | Target:   0.0 MHz
Clock: CyIMO                | Frequency: N/A       | Target:  48.0 MHz
Clock: CyLFCLK              | Frequency: N/A       | Target:   0.0 MHz
Clock: CyRouted1            | Frequency: N/A       | Target:  48.0 MHz
Clock: CySYSCLK             | Frequency: N/A       | Target:  48.0 MHz
Clock: CyWCO                | Frequency: N/A       | Target:   0.0 MHz

======================================================================
                     End of Clock Summary
######################################################################
D2088: Phase 7, elapsed time : 0.0 (sec)

Final Design Statistics
    Number of Combinational MCs 	:	1
    Number of Sequential MCs    	:	9
    Number of DPs               	:	1
    Number of Controls          	:	2
    Number of Status            	:	1
    Number of SyncCells         	:	0
    Number of count7cells       	:	1
    Number of IOs       	:	14

Device Utilization Summary
    Macrocells                  :	10/32
    IOs                         :	14/38



######################################################################
Placement Timing Summary

The timing summary is based on estimated routing delays after
placement. For final timing report, please carry out the timing
analysis after routing.
======================================================================


######################################################################
                     Clock Summary 
======================================================================
Number of clocks: 15
Clock: ADC_SAR_Seq_1_intClock | Frequency: N/A       | Target:   4.4 MHz
Clock: ADC_SAR_Seq_1_intClock(FFB) | Frequency: N/A       | Target:   4.4 MHz
Clock: Clock_1              | Frequency: N/A       | Target:   0.0 MHz
Clock: Clock_1(FFB)         | Frequency: N/A       | Target:   0.0 MHz
Clock: Clock_4              | Frequency:  68.1 MHz | Target:   0.6 MHz
Clock: Clock_8              | Frequency: N/A       | Target:   0.5 MHz
Clock: Clock_8(FFB)         | Frequency: N/A       | Target:   0.5 MHz
Clock: CyECO                | Frequency: N/A       | Target:  24.0 MHz
Clock: CyHFCLK              | Frequency: N/A       | Target:  48.0 MHz
Clock: CyILO                | Frequency: N/A       | Target:   0.0 MHz
Clock: CyIMO                | Frequency: N/A       | Target:  48.0 MHz
Clock: CyLFCLK              | Frequency: N/A       | Target:   0.0 MHz
Clock: CyRouted1            | Frequency: N/A       | Target:  48.0 MHz
Clock: CySYSCLK             | Frequency: N/A       | Target:  48.0 MHz
Clock: CyWCO                | Frequency: N/A       | Target:   0.0 MHz

======================================================================
                     End of Clock Summary
######################################################################

Phase 6

######################################################################
Placement Timing Summary

The timing summary is based on estimated routing delays after
placement. For final timing report, please carry out the timing
analysis after routing.
======================================================================

######################################################################
                     Clock Summary 
======================================================================
Number of clocks: 15
Clock: ADC_SAR_Seq_1_intClock | Frequency: N/A       | Target:   4.4 MHz
Clock: ADC_SAR_Seq_1_intClock(FFB) | Frequency: N/A       | Target:   4.4 MHz
Clock: Clock_1              | Frequency: N/A       | Target:   0.0 MHz
Clock: Clock_1(FFB)         | Frequency: N/A       | Target:   0.0 MHz
Clock: Clock_4              | Frequency:  68.1 MHz | Target:   0.6 MHz
Clock: Clock_8              | Frequency: N/A       | Target:   0.5 MHz
Clock: Clock_8(FFB)         | Frequency: N/A       | Target:   0.5 MHz
Clock: CyECO                | Frequency: N/A       | Target:  24.0 MHz
Clock: CyHFCLK              | Frequency: N/A       | Target:  48.0 MHz
Clock: CyILO                | Frequency: N/A       | Target:   0.0 MHz
Clock: CyIMO                | Frequency: N/A       | Target:  48.0 MHz
Clock: CyLFCLK              | Frequency: N/A       | Target:   0.0 MHz
Clock: CyRouted1            | Frequency: N/A       | Target:  48.0 MHz
Clock: CySYSCLK             | Frequency: N/A       | Target:  48.0 MHz
Clock: CyWCO                | Frequency: N/A       | Target:   0.0 MHz

======================================================================
                     End of Clock Summary
######################################################################

D2088: Phase 6, elapsed time : 0.0 (sec)

Phase 7
######################################################################
                     Clock Summary 
======================================================================
Number of clocks: 15
Clock: ADC_SAR_Seq_1_intClock | Frequency: N/A       | Target:   4.4 MHz
Clock: ADC_SAR_Seq_1_intClock(FFB) | Frequency: N/A       | Target:   4.4 MHz
Clock: Clock_1              | Frequency: N/A       | Target:   0.0 MHz
Clock: Clock_1(FFB)         | Frequency: N/A       | Target:   0.0 MHz
Clock: Clock_4              | Frequency:  68.1 MHz | Target:   0.6 MHz
Clock: Clock_8              | Frequency: N/A       | Target:   0.5 MHz
Clock: Clock_8(FFB)         | Frequency: N/A       | Target:   0.5 MHz
Clock: CyECO                | Frequency: N/A       | Target:  24.0 MHz
Clock: CyHFCLK              | Frequency: N/A       | Target:  48.0 MHz
Clock: CyILO                | Frequency: N/A       | Target:   0.0 MHz
Clock: CyIMO                | Frequency: N/A       | Target:  48.0 MHz
Clock: CyLFCLK              | Frequency: N/A       | Target:   0.0 MHz
Clock: CyRouted1            | Frequency: N/A       | Target:  48.0 MHz
Clock: CySYSCLK             | Frequency: N/A       | Target:  48.0 MHz
Clock: CyWCO                | Frequency: N/A       | Target:   0.0 MHz

======================================================================
                     End of Clock Summary
######################################################################
D2088: Phase 7, elapsed time : 0.0 (sec)

Final Design Statistics
    Number of Combinational MCs 	:	1
    Number of Sequential MCs    	:	9
    Number of DPs               	:	1
    Number of Controls          	:	2
    Number of Status            	:	1
    Number of SyncCells         	:	0
    Number of count7cells       	:	1
    Number of IOs       	:	14

Device Utilization Summary
    Macrocells                  :	10/32
    IOs                         :	14/38



######################################################################
Placement Timing Summary

The timing summary is based on estimated routing delays after
placement. For final timing report, please carry out the timing
analysis after routing.
======================================================================


######################################################################
                     Clock Summary 
======================================================================
Number of clocks: 15
Clock: ADC_SAR_Seq_1_intClock | Frequency: N/A       | Target:   4.4 MHz
Clock: ADC_SAR_Seq_1_intClock(FFB) | Frequency: N/A       | Target:   4.4 MHz
Clock: Clock_1              | Frequency: N/A       | Target:   0.0 MHz
Clock: Clock_1(FFB)         | Frequency: N/A       | Target:   0.0 MHz
Clock: Clock_4              | Frequency:  68.1 MHz | Target:   0.7 MHz
Clock: Clock_8              | Frequency: N/A       | Target:   0.5 MHz
Clock: Clock_8(FFB)         | Frequency: N/A       | Target:   0.5 MHz
Clock: CyECO                | Frequency: N/A       | Target:  24.0 MHz
Clock: CyHFCLK              | Frequency: N/A       | Target:  48.0 MHz
Clock: CyILO                | Frequency: N/A       | Target:   0.0 MHz
Clock: CyIMO                | Frequency: N/A       | Target:  48.0 MHz
Clock: CyLFCLK              | Frequency: N/A       | Target:   0.0 MHz
Clock: CyRouted1            | Frequency: N/A       | Target:  48.0 MHz
Clock: CySYSCLK             | Frequency: N/A       | Target:  48.0 MHz
Clock: CyWCO                | Frequency: N/A       | Target:   0.0 MHz

======================================================================
                     End of Clock Summary
######################################################################

Phase 8
D2088: Phase 8, elapsed time : 0.0 (sec)

D2054: Placement of the design completed successfully

I2076: Total run-time: 0.4 sec.

