Loading plugins phase: Elapsed time ==> 0s.567ms
<CYPRESSTAG name="CyDsfit arguments...">
cydsfit arguments: -.fdsnotice -.fdswarpdepfile=warp_dependencies.txt -.fdselabdepfile=elab_dependencies.txt -.fdsbldfile=generated_files.txt -.fdsreffile=referenced_files.txt -p C:\Users\Sarah\Documents\PSoC Creator\Workspace01\TempSensor.cydsn\TempSensor.cyprj -d CY8C4248LQI-BL583 -s C:\Users\Sarah\Documents\PSoC Creator\Workspace01\TempSensor.cydsn\Generated_Source\PSoC4 -- -yv2 -q10 -ygs -o2 -v3 -.fftcfgtype=LE</CYPRESSTAG>
<CYPRESSTAG name="Design elaboration results...">
</CYPRESSTAG>
Elaboration phase: Elapsed time ==> 1s.594ms
<CYPRESSTAG name="HDL generation results...">
</CYPRESSTAG>
HDL generation phase: Elapsed time ==> 0s.135ms
<CYPRESSTAG name="Synthesis results...">

     | | | | | | |
   _________________
  -|               |-
  -|               |-
  -|               |-
  -|    CYPRESS    |-
  -|               |-
  -|               |-   Warp Verilog Synthesis Compiler: Version 6.3 IR 41
  -|               |-   Copyright (C) 1991-2001 Cypress Semiconductor
   |_______________|
     | | | | | | |

======================================================================
Compiling:  TempSensor.v
Program  :   C:\Program Files (x86)\Cypress\PSoC Creator\4.0\PSoC Creator\warp\bin\warp.exe
Options  :    -yv2 -q10 -ygs -o2 -v3 -.fftcfgtype=LE -ya -.fftprj=C:\Users\Sarah\Documents\PSoC Creator\Workspace01\TempSensor.cydsn\TempSensor.cyprj -dcpsoc3 TempSensor.v -verilog
======================================================================

======================================================================
Compiling:  TempSensor.v
Program  :   C:\Program Files (x86)\Cypress\PSoC Creator\4.0\PSoC Creator\warp\bin\warp.exe
Options  :    -yv2 -q10 -ygs -o2 -v3 -.fftcfgtype=LE -ya -.fftprj=C:\Users\Sarah\Documents\PSoC Creator\Workspace01\TempSensor.cydsn\TempSensor.cyprj -dcpsoc3 TempSensor.v -verilog
======================================================================

======================================================================
Compiling:  TempSensor.v
Program  :   vlogfe
Options  :    -yv2 -q10 -ygs -o2 -v3 -.fftcfgtype=LE -ya -.fftprj=C:\Users\Sarah\Documents\PSoC Creator\Workspace01\TempSensor.cydsn\TempSensor.cyprj -dcpsoc3 -verilog TempSensor.v
======================================================================

vlogfe V6.3 IR 41:  Verilog parser
Tue Apr 04 12:44:57 2017


======================================================================
Compiling:  TempSensor.v
Program  :   vpp
Options  :    -yv2 -q10 TempSensor.v
======================================================================

vpp V6.3 IR 41:  Verilog Pre-Processor
Tue Apr 04 12:44:57 2017

Flattening file 'C:\Program Files (x86)\Cypress\PSoC Creator\4.0\PSoC Creator\psoc\content\cyprimitives\CyPrimitives.cylib\CyControlReg_v1_70\CyControlReg_v1_70.v'
Flattening file 'C:\Program Files (x86)\Cypress\PSoC Creator\4.0\PSoC Creator\warp\lib\common\cypress.v'
Flattening file 'C:\Program Files (x86)\Cypress\PSoC Creator\4.0\PSoC Creator\warp\lib\common\cy_psoc3_inc.v'
Flattening file 'C:\Program Files (x86)\Cypress\PSoC Creator\4.0\PSoC Creator\psoc\content\cyprimitives\CyPrimitives.cylib\CyStatusReg_v1_80\CyStatusReg_v1_80.v'
Flattening file 'C:\Program Files (x86)\Cypress\PSoC Creator\4.0\PSoC Creator\warp\lib\common\cypress.v'
Flattening file 'C:\Program Files (x86)\Cypress\PSoC Creator\4.0\PSoC Creator\psoc\content\cycomponentlibrary\CyComponentLibrary.cylib\B_Timer_v2_70\B_Timer_v2_70.v'
Flattening file 'C:\Program Files (x86)\Cypress\PSoC Creator\4.0\PSoC Creator\warp\lib\common\cypress.v'
Flattening file 'C:\Program Files (x86)\Cypress\PSoC Creator\4.0\PSoC Creator\psoc\content\cyprimitives\CyPrimitives.cylib\cy_virtualmux_v1_0\cy_virtualmux_v1_0.v'
Flattening file 'C:\Program Files (x86)\Cypress\PSoC Creator\4.0\PSoC Creator\psoc\content\cyprimitives\CyPrimitives.cylib\cy_constant_v1_0\cy_constant_v1_0.v'

vpp:  No errors.

Library 'work' => directory 'lcpsoc3'
General_symbol_table
General_symbol_table
Linking 'C:\Program Files (x86)\Cypress\PSoC Creator\4.0\PSoC Creator\warp\lib\common\std.vhd'.
Linking 'C:\Program Files (x86)\Cypress\PSoC Creator\4.0\PSoC Creator\warp\lib\common\cypress.vhd'.
Linking 'C:\Program Files (x86)\Cypress\PSoC Creator\4.0\PSoC Creator\warp\lib\common\work\cypress.vif'.
Linking 'C:\Program Files (x86)\Cypress\PSoC Creator\4.0\PSoC Creator\warp\lib\ieee\work\stdlogic.vif'.
Linking 'C:\Program Files (x86)\Cypress\PSoC Creator\4.0\PSoC Creator\warp\lib\common\stdlogic\lpmpkg.vif'.
Linking 'C:\Program Files (x86)\Cypress\PSoC Creator\4.0\PSoC Creator\warp\lib\common\stdlogic\rtlpkg.vif'.
Linking 'C:\Program Files (x86)\Cypress\PSoC Creator\4.0\PSoC Creator\warp\lib\common\stdlogic\mod_cnst.vif'.
Linking 'C:\Program Files (x86)\Cypress\PSoC Creator\4.0\PSoC Creator\warp\lib\common\stdlogic\mod_mthv.vif'.
Linking 'C:\Program Files (x86)\Cypress\PSoC Creator\4.0\PSoC Creator\warp\lib\common\stdlogic\mod_genv.vif'.
Using control file 'TempSensor.ctl'.
C:\Program Files (x86)\Cypress\PSoC Creator\4.0\PSoC Creator\psoc\content\cycomponentlibrary\CyComponentLibrary.cylib\B_Timer_v2_70\B_Timer_v2_70.v (line 368, col 46):  Note: Substituting module 'cmp_vv_vv' for '='.
C:\Program Files (x86)\Cypress\PSoC Creator\4.0\PSoC Creator\psoc\content\cycomponentlibrary\CyComponentLibrary.cylib\B_Timer_v2_70\B_Timer_v2_70.v (line 374, col 62):  Note: Substituting module 'add_vv_vv' for '+'.
Linking 'C:\Program Files (x86)\Cypress\PSoC Creator\4.0\PSoC Creator\warp\lib\common\stdlogic\cy_psoc3pkg.vif'.
Linking 'C:\Program Files (x86)\Cypress\PSoC Creator\4.0\PSoC Creator\warp\lib\common\stdlogic\cy_psoc3.vif'.

vlogfe:  No errors.


======================================================================
Compiling:  TempSensor.v
Program  :   tovif
Options  :    -yv2 -q10 -ygs -o2 -v3 -.fftcfgtype=LE -ya -.fftprj=C:\Users\Sarah\Documents\PSoC Creator\Workspace01\TempSensor.cydsn\TempSensor.cyprj -dcpsoc3 -verilog TempSensor.v
======================================================================

tovif V6.3 IR 41:  High-level synthesis
Tue Apr 04 12:44:57 2017

Linking 'C:\Program Files (x86)\Cypress\PSoC Creator\4.0\PSoC Creator\warp\lib\common\std.vhd'.
Linking 'C:\Program Files (x86)\Cypress\PSoC Creator\4.0\PSoC Creator\warp\lib\common\cypress.vhd'.
Linking 'C:\Program Files (x86)\Cypress\PSoC Creator\4.0\PSoC Creator\warp\lib\common\work\cypress.vif'.
Linking 'C:\Program Files (x86)\Cypress\PSoC Creator\4.0\PSoC Creator\warp\lib\ieee\work\stdlogic.vif'.
Linking 'C:\Program Files (x86)\Cypress\PSoC Creator\4.0\PSoC Creator\warp\lib\common\stdlogic\lpmpkg.vif'.
Linking 'C:\Program Files (x86)\Cypress\PSoC Creator\4.0\PSoC Creator\warp\lib\common\stdlogic\rtlpkg.vif'.
Linking 'C:\Program Files (x86)\Cypress\PSoC Creator\4.0\PSoC Creator\warp\lib\common\stdlogic\mod_cnst.vif'.
Linking 'C:\Program Files (x86)\Cypress\PSoC Creator\4.0\PSoC Creator\warp\lib\common\stdlogic\mod_mthv.vif'.
Linking 'C:\Program Files (x86)\Cypress\PSoC Creator\4.0\PSoC Creator\warp\lib\common\stdlogic\mod_genv.vif'.
Linking 'C:\Users\Sarah\Documents\PSoC Creator\Workspace01\TempSensor.cydsn\codegentemp\TempSensor.ctl'.
Linking 'C:\Program Files (x86)\Cypress\PSoC Creator\4.0\PSoC Creator\psoc\content\cyprimitives\CyPrimitives.cylib\CyControlReg_v1_70\CyControlReg_v1_70.v'.
Linking 'C:\Program Files (x86)\Cypress\PSoC Creator\4.0\PSoC Creator\warp\lib\common\cypress.v'.
Linking 'C:\Program Files (x86)\Cypress\PSoC Creator\4.0\PSoC Creator\warp\lib\common\cy_psoc3_inc.v'.
Linking 'C:\Users\Sarah\Documents\PSoC Creator\Workspace01\TempSensor.cydsn\codegentemp\TempSensor.v'.
Linking 'C:\Program Files (x86)\Cypress\PSoC Creator\4.0\PSoC Creator\psoc\content\cyprimitives\CyPrimitives.cylib\CyStatusReg_v1_80\CyStatusReg_v1_80.v'.
Linking 'C:\Program Files (x86)\Cypress\PSoC Creator\4.0\PSoC Creator\psoc\content\cycomponentlibrary\CyComponentLibrary.cylib\B_Timer_v2_70\B_Timer_v2_70.v'.
Linking 'C:\Program Files (x86)\Cypress\PSoC Creator\4.0\PSoC Creator\psoc\content\cyprimitives\CyPrimitives.cylib\cy_virtualmux_v1_0\cy_virtualmux_v1_0.v'.
Linking 'C:\Program Files (x86)\Cypress\PSoC Creator\4.0\PSoC Creator\psoc\content\cyprimitives\CyPrimitives.cylib\cy_constant_v1_0\cy_constant_v1_0.v'.
Linking 'C:\Program Files (x86)\Cypress\PSoC Creator\4.0\PSoC Creator\warp\lib\common\stdlogic\cy_psoc3pkg.vif'.
Linking 'C:\Program Files (x86)\Cypress\PSoC Creator\4.0\PSoC Creator\warp\lib\common\stdlogic\cy_psoc3.vif'.

tovif:  No errors.


======================================================================
Compiling:  TempSensor.v
Program  :   topld
Options  :    -yv2 -q10 -ygs -o2 -v3 -.fftcfgtype=LE -ya -.fftprj=C:\Users\Sarah\Documents\PSoC Creator\Workspace01\TempSensor.cydsn\TempSensor.cyprj -dcpsoc3 -verilog TempSensor.v
======================================================================

topld V6.3 IR 41:  Synthesis and optimization
Tue Apr 04 12:44:57 2017

Linking 'C:\Program Files (x86)\Cypress\PSoC Creator\4.0\PSoC Creator\warp\lib\common\std.vhd'.
Linking 'C:\Program Files (x86)\Cypress\PSoC Creator\4.0\PSoC Creator\warp\lib\common\cypress.vhd'.
Linking 'C:\Program Files (x86)\Cypress\PSoC Creator\4.0\PSoC Creator\warp\lib\common\work\cypress.vif'.
Linking 'C:\Program Files (x86)\Cypress\PSoC Creator\4.0\PSoC Creator\warp\lib\ieee\work\stdlogic.vif'.
Linking 'C:\Program Files (x86)\Cypress\PSoC Creator\4.0\PSoC Creator\warp\lib\common\stdlogic\lpmpkg.vif'.
Linking 'C:\Program Files (x86)\Cypress\PSoC Creator\4.0\PSoC Creator\warp\lib\common\stdlogic\rtlpkg.vif'.
Linking 'C:\Program Files (x86)\Cypress\PSoC Creator\4.0\PSoC Creator\warp\lib\common\stdlogic\mod_cnst.vif'.
Linking 'C:\Program Files (x86)\Cypress\PSoC Creator\4.0\PSoC Creator\warp\lib\common\stdlogic\mod_mthv.vif'.
Linking 'C:\Program Files (x86)\Cypress\PSoC Creator\4.0\PSoC Creator\warp\lib\common\stdlogic\mod_genv.vif'.
Linking 'C:\Users\Sarah\Documents\PSoC Creator\Workspace01\TempSensor.cydsn\codegentemp\TempSensor.ctl'.
Linking 'C:\Program Files (x86)\Cypress\PSoC Creator\4.0\PSoC Creator\psoc\content\cyprimitives\CyPrimitives.cylib\CyControlReg_v1_70\CyControlReg_v1_70.v'.
Linking 'C:\Program Files (x86)\Cypress\PSoC Creator\4.0\PSoC Creator\warp\lib\common\cypress.v'.
Linking 'C:\Program Files (x86)\Cypress\PSoC Creator\4.0\PSoC Creator\warp\lib\common\cy_psoc3_inc.v'.
Linking 'C:\Users\Sarah\Documents\PSoC Creator\Workspace01\TempSensor.cydsn\codegentemp\TempSensor.v'.
Linking 'C:\Program Files (x86)\Cypress\PSoC Creator\4.0\PSoC Creator\psoc\content\cyprimitives\CyPrimitives.cylib\CyStatusReg_v1_80\CyStatusReg_v1_80.v'.
Linking 'C:\Program Files (x86)\Cypress\PSoC Creator\4.0\PSoC Creator\psoc\content\cycomponentlibrary\CyComponentLibrary.cylib\B_Timer_v2_70\B_Timer_v2_70.v'.
Linking 'C:\Program Files (x86)\Cypress\PSoC Creator\4.0\PSoC Creator\psoc\content\cyprimitives\CyPrimitives.cylib\cy_virtualmux_v1_0\cy_virtualmux_v1_0.v'.
Linking 'C:\Program Files (x86)\Cypress\PSoC Creator\4.0\PSoC Creator\psoc\content\cyprimitives\CyPrimitives.cylib\cy_constant_v1_0\cy_constant_v1_0.v'.
Linking 'C:\Program Files (x86)\Cypress\PSoC Creator\4.0\PSoC Creator\warp\lib\common\stdlogic\cy_psoc3pkg.vif'.
Linking 'C:\Program Files (x86)\Cypress\PSoC Creator\4.0\PSoC Creator\warp\lib\common\stdlogic\cy_psoc3.vif'.
Linking 'C:\Program Files (x86)\Cypress\PSoC Creator\4.0\PSoC Creator\warp\lib\lcpsoc3\stdlogic\cpsoc3.vif'.

----------------------------------------------------------
Detecting unused logic.
----------------------------------------------------------
    User names
	\OneWire:Net_901\
	\OneWire:Net_902\
	\OneWire:Net_903\
	\OneWire:Net_904\
	\OneWire:Net_905\
	\OneWire:Net_906\
	\OneWire:Net_907\
	\OneWire:TimerDelay:TimerUDB:ctrl_cmode_0\
	\OneWire:TimerDelay:TimerUDB:ctrl_ic_1\
	\OneWire:TimerDelay:TimerUDB:ctrl_ic_0\
	\OneWire:Net_913\
	\OneWire:TimerDelay:TimerUDB:zeros_3\
	\OneWire:TimerDelay:TimerUDB:zeros_2\
	\OneWire:Net_820_7\
	\OneWire:ControlReg_SEL:control_out_7\
	\OneWire:Net_820_6\
	\OneWire:ControlReg_SEL:control_out_6\
	\OneWire:Net_820_5\
	\OneWire:ControlReg_SEL:control_out_5\
	\OneWire:Net_820_4\
	\OneWire:ControlReg_SEL:control_out_4\
	\OneWire:Net_820_3\
	\OneWire:ControlReg_SEL:control_out_3\
	\OneWire:Net_820_2\
	\OneWire:ControlReg_SEL:control_out_2\
	\OneWire:Net_820_1\
	\OneWire:ControlReg_SEL:control_out_1\
	\OneWire:Net_925\
	\OneWire:Net_926\
	\OneWire:Net_927\
	\OneWire:Net_928\
	\OneWire:Net_929\
	\OneWire:Net_930\
	\OneWire:Net_931\
	\OneWire:Net_986\


Deleted 35 User equations/components.
Deleted 0 Synthesized equations/components.

------------------------------------------------------
Alias Detection
------------------------------------------------------
Aliasing one to tmpOE__Pin_1_net_0
Aliasing \OneWire:ControlReg_DRV:clk\ to zero
Aliasing \OneWire:ControlReg_DRV:rst\ to zero
Aliasing \OneWire:Net_280\ to zero
Aliasing \OneWire:TimerDelay:TimerUDB:ctrl_cmode_1\ to zero
Aliasing \OneWire:TimerDelay:TimerUDB:ctrl_tmode_1\ to zero
Aliasing \OneWire:TimerDelay:TimerUDB:ctrl_tmode_0\ to tmpOE__Pin_1_net_0
Aliasing \OneWire:TimerDelay:TimerUDB:status_6\ to zero
Aliasing \OneWire:TimerDelay:TimerUDB:status_5\ to zero
Aliasing \OneWire:TimerDelay:TimerUDB:status_4\ to zero
Aliasing \OneWire:TimerDelay:TimerUDB:status_0\ to \OneWire:TimerDelay:TimerUDB:tc_i\
Aliasing \OneWire:ControlReg_SEL:clk\ to zero
Aliasing \OneWire:ControlReg_SEL:rst\ to zero
Aliasing \OneWire:Trigger:rst\ to zero
Aliasing \OneWire:Net_987\ to tmpOE__Pin_1_net_0
Aliasing \OneWire:Net_988\ to tmpOE__Pin_1_net_0
Aliasing \OneWire:Net_989\ to tmpOE__Pin_1_net_0
Aliasing \OneWire:Net_1072\ to tmpOE__Pin_1_net_0
Aliasing \OneWire:Net_1073\ to tmpOE__Pin_1_net_0
Aliasing \OneWire:Net_1074\ to tmpOE__Pin_1_net_0
Aliasing \OneWire:Net_1075\ to tmpOE__Pin_1_net_0
Aliasing tmpOE__LED_net_0 to tmpOE__Pin_1_net_0
Aliasing tmpOE__Pin_3_net_0 to tmpOE__Pin_1_net_0
Aliasing tmpOE__Pin_2_net_0 to tmpOE__Pin_1_net_0
Aliasing tmpOE__Pin_4_net_0 to tmpOE__Pin_1_net_0
Aliasing tmpOE__Pin_6_net_0 to tmpOE__Pin_1_net_0
Aliasing tmpOE__Pin_5_net_0 to tmpOE__Pin_1_net_0
Aliasing tmpOE__Pin_7_net_0 to tmpOE__Pin_1_net_0
Aliasing tmpOE__Pin_8_net_0 to tmpOE__Pin_1_net_0
Aliasing \OneWire:TimerDelay:TimerUDB:capture_last\\D\ to zero
Aliasing \OneWire:TimerDelay:TimerUDB:capture_out_reg_i\\D\ to \OneWire:TimerDelay:TimerUDB:capt_fifo_load_int\
Removing Lhs of wire one[7] = tmpOE__Pin_1_net_0[1]
Removing Lhs of wire \OneWire:ControlReg_DRV:clk\[9] = zero[2]
Removing Lhs of wire \OneWire:ControlReg_DRV:rst\[10] = zero[2]
Removing Rhs of wire \OneWire:Net_1111\[11] = \OneWire:ControlReg_DRV:control_out_0\[12]
Removing Rhs of wire \OneWire:Net_1111\[11] = \OneWire:ControlReg_DRV:control_0\[35]
Removing Rhs of wire \OneWire:tmpOE__bufoe_1_net_0\[37] = \OneWire:Net_820_0\[39]
Removing Rhs of wire \OneWire:tmpOE__bufoe_1_net_0\[37] = \OneWire:ControlReg_SEL:control_out_0\[214]
Removing Rhs of wire \OneWire:tmpOE__bufoe_1_net_0\[37] = \OneWire:ControlReg_SEL:control_0\[223]
Removing Lhs of wire \OneWire:StatusReg_BUS:status_7\[40] = \OneWire:Net_959_7\[41]
Removing Lhs of wire \OneWire:Net_959_7\[41] = tmpOE__Pin_1_net_0[1]
Removing Lhs of wire \OneWire:StatusReg_BUS:status_6\[42] = \OneWire:Net_959_6\[43]
Removing Lhs of wire \OneWire:Net_959_6\[43] = tmpOE__Pin_1_net_0[1]
Removing Lhs of wire \OneWire:StatusReg_BUS:status_5\[44] = \OneWire:Net_959_5\[45]
Removing Lhs of wire \OneWire:Net_959_5\[45] = tmpOE__Pin_1_net_0[1]
Removing Lhs of wire \OneWire:StatusReg_BUS:status_4\[46] = \OneWire:Net_959_4\[47]
Removing Lhs of wire \OneWire:Net_959_4\[47] = tmpOE__Pin_1_net_0[1]
Removing Lhs of wire \OneWire:StatusReg_BUS:status_3\[48] = \OneWire:Net_959_3\[49]
Removing Lhs of wire \OneWire:Net_959_3\[49] = tmpOE__Pin_1_net_0[1]
Removing Lhs of wire \OneWire:StatusReg_BUS:status_2\[50] = \OneWire:Net_959_2\[51]
Removing Lhs of wire \OneWire:Net_959_2\[51] = tmpOE__Pin_1_net_0[1]
Removing Lhs of wire \OneWire:StatusReg_BUS:status_1\[52] = \OneWire:Net_959_1\[53]
Removing Lhs of wire \OneWire:Net_959_1\[53] = tmpOE__Pin_1_net_0[1]
Removing Lhs of wire \OneWire:StatusReg_BUS:status_0\[54] = \OneWire:Net_959_0\[55]
Removing Lhs of wire \OneWire:Net_959_0\[55] = \OneWire:Net_807\[38]
Removing Lhs of wire \OneWire:Net_280\[57] = zero[2]
Removing Lhs of wire \OneWire:TimerDelay:TimerUDB:ctrl_enable\[72] = \OneWire:TimerDelay:TimerUDB:control_7\[64]
Removing Lhs of wire \OneWire:TimerDelay:TimerUDB:ctrl_ten\[73] = \OneWire:TimerDelay:TimerUDB:control_4\[67]
Removing Lhs of wire \OneWire:TimerDelay:TimerUDB:ctrl_cmode_1\[74] = zero[2]
Removing Lhs of wire \OneWire:TimerDelay:TimerUDB:ctrl_tmode_1\[76] = zero[2]
Removing Lhs of wire \OneWire:TimerDelay:TimerUDB:ctrl_tmode_0\[77] = tmpOE__Pin_1_net_0[1]
Removing Rhs of wire \OneWire:TimerDelay:TimerUDB:timer_enable\[83] = \OneWire:TimerDelay:TimerUDB:runmode_enable\[96]
Removing Rhs of wire \OneWire:TimerDelay:TimerUDB:run_mode\[84] = \OneWire:TimerDelay:TimerUDB:hwEnable_reg\[85]
Removing Lhs of wire \OneWire:TimerDelay:TimerUDB:tc_i\[89] = \OneWire:TimerDelay:TimerUDB:status_tc\[86]
Removing Lhs of wire \OneWire:TimerDelay:TimerUDB:hwEnable\[91] = \OneWire:TimerDelay:TimerUDB:control_7\[64]
Removing Rhs of wire Net_60[92] = \OneWire:TimerDelay:TimerUDB:tc_reg_i\[90]
Removing Lhs of wire \OneWire:TimerDelay:TimerUDB:capt_fifo_load_int\[95] = \OneWire:TimerDelay:TimerUDB:capt_fifo_load\[82]
Removing Rhs of wire \OneWire:Net_527\[99] = \OneWire:Trigger:control_out_0\[227]
Removing Rhs of wire \OneWire:Net_527\[99] = \OneWire:Trigger:control_0\[250]
Removing Lhs of wire \OneWire:TimerDelay:TimerUDB:status_6\[104] = zero[2]
Removing Lhs of wire \OneWire:TimerDelay:TimerUDB:status_5\[105] = zero[2]
Removing Lhs of wire \OneWire:TimerDelay:TimerUDB:status_4\[106] = zero[2]
Removing Lhs of wire \OneWire:TimerDelay:TimerUDB:status_0\[107] = \OneWire:TimerDelay:TimerUDB:status_tc\[86]
Removing Lhs of wire \OneWire:TimerDelay:TimerUDB:status_1\[108] = \OneWire:TimerDelay:TimerUDB:capt_fifo_load\[82]
Removing Rhs of wire \OneWire:TimerDelay:TimerUDB:status_2\[109] = \OneWire:TimerDelay:TimerUDB:fifo_full\[110]
Removing Rhs of wire \OneWire:TimerDelay:TimerUDB:status_3\[111] = \OneWire:TimerDelay:TimerUDB:fifo_nempty\[112]
Removing Lhs of wire \OneWire:TimerDelay:TimerUDB:cs_addr_2\[115] = Net_60[92]
Removing Lhs of wire \OneWire:TimerDelay:TimerUDB:cs_addr_1\[116] = \OneWire:TimerDelay:TimerUDB:trig_reg\[103]
Removing Lhs of wire \OneWire:TimerDelay:TimerUDB:cs_addr_0\[117] = \OneWire:TimerDelay:TimerUDB:per_zero\[88]
Removing Lhs of wire \OneWire:ControlReg_SEL:clk\[198] = zero[2]
Removing Lhs of wire \OneWire:ControlReg_SEL:rst\[199] = zero[2]
Removing Lhs of wire \OneWire:Trigger:clk\[225] = \OneWire:Net_522\[59]
Removing Lhs of wire \OneWire:Trigger:rst\[226] = zero[2]
Removing Lhs of wire \OneWire:Net_987\[252] = tmpOE__Pin_1_net_0[1]
Removing Lhs of wire \OneWire:Net_988\[253] = tmpOE__Pin_1_net_0[1]
Removing Lhs of wire \OneWire:Net_989\[254] = tmpOE__Pin_1_net_0[1]
Removing Lhs of wire \OneWire:Net_1072\[256] = tmpOE__Pin_1_net_0[1]
Removing Lhs of wire \OneWire:Net_1073\[257] = tmpOE__Pin_1_net_0[1]
Removing Lhs of wire \OneWire:Net_1074\[258] = tmpOE__Pin_1_net_0[1]
Removing Lhs of wire \OneWire:Net_1075\[259] = tmpOE__Pin_1_net_0[1]
Removing Lhs of wire tmpOE__LED_net_0[261] = tmpOE__Pin_1_net_0[1]
Removing Lhs of wire tmpOE__Pin_3_net_0[267] = tmpOE__Pin_1_net_0[1]
Removing Lhs of wire tmpOE__Pin_2_net_0[274] = tmpOE__Pin_1_net_0[1]
Removing Lhs of wire tmpOE__Pin_4_net_0[281] = tmpOE__Pin_1_net_0[1]
Removing Lhs of wire tmpOE__Pin_6_net_0[288] = tmpOE__Pin_1_net_0[1]
Removing Lhs of wire tmpOE__Pin_5_net_0[295] = tmpOE__Pin_1_net_0[1]
Removing Lhs of wire tmpOE__Pin_7_net_0[302] = tmpOE__Pin_1_net_0[1]
Removing Lhs of wire tmpOE__Pin_8_net_0[309] = tmpOE__Pin_1_net_0[1]
Removing Lhs of wire \OneWire:TimerDelay:TimerUDB:capture_last\\D\[315] = zero[2]
Removing Lhs of wire \OneWire:TimerDelay:TimerUDB:hwEnable_reg\\D\[316] = \OneWire:TimerDelay:TimerUDB:control_7\[64]
Removing Lhs of wire \OneWire:TimerDelay:TimerUDB:tc_reg_i\\D\[317] = \OneWire:TimerDelay:TimerUDB:status_tc\[86]
Removing Lhs of wire \OneWire:TimerDelay:TimerUDB:capture_out_reg_i\\D\[318] = \OneWire:TimerDelay:TimerUDB:capt_fifo_load\[82]
Removing Lhs of wire \OneWire:TimerDelay:TimerUDB:trig_last\\D\[321] = \OneWire:Net_527\[99]

------------------------------------------------------
Aliased 0 equations, 72 wires.
------------------------------------------------------

----------------------------------------------------------
Circuit simplification
----------------------------------------------------------

Substituting virtuals - pass 1:

Note:  Expanding virtual equation for 'tmpOE__Pin_1_net_0' (cost = 0):
tmpOE__Pin_1_net_0 <=  ('1') ;

Note:  Expanding virtual equation for 'zero' (cost = 0):
zero <=  ('0') ;

Note:  Expanding virtual equation for '\OneWire:TimerDelay:TimerUDB:fifo_load_polarized\' (cost = 0):
\OneWire:TimerDelay:TimerUDB:fifo_load_polarized\ <=  ('0') ;

Note:  Expanding virtual equation for '\OneWire:TimerDelay:TimerUDB:trigger_polarized\' (cost = 0):
\OneWire:TimerDelay:TimerUDB:trigger_polarized\ <= (\OneWire:TimerDelay:TimerUDB:trig_rise_detected\);


Substituting virtuals - pass 2:

Note:  Expanding virtual equation for '\OneWire:TimerDelay:TimerUDB:trigger_enable\' (cost = 5):
\OneWire:TimerDelay:TimerUDB:trigger_enable\ <= ((\OneWire:TimerDelay:TimerUDB:control_4\ and \OneWire:TimerDelay:TimerUDB:trig_rise_detected\));


Substituting virtuals - pass 3:

Note:  Expanding virtual equation for '\OneWire:TimerDelay:TimerUDB:status_tc\' (cost = 5):
\OneWire:TimerDelay:TimerUDB:status_tc\ <= ((\OneWire:TimerDelay:TimerUDB:control_4\ and \OneWire:TimerDelay:TimerUDB:run_mode\ and \OneWire:TimerDelay:TimerUDB:per_zero\ and \OneWire:TimerDelay:TimerUDB:trig_rise_detected\));


Substituting virtuals - pass 4:


----------------------------------------------------------
Circuit simplification results:

	Expanded 6 signals.
	Turned 0 signals into soft nodes.
	Maximum default expansion cost was set at 3.
----------------------------------------------------------

------------------------------------------------------
Alias Detection
------------------------------------------------------
Aliasing \OneWire:TimerDelay:TimerUDB:capt_fifo_load\ to zero
Removing Lhs of wire \OneWire:TimerDelay:TimerUDB:capt_fifo_load\[82] = zero[2]

------------------------------------------------------
Aliased 0 equations, 1 wires.
------------------------------------------------------

----------------------------------------------------------
Circuit simplification
----------------------------------------------------------

Eliminating unused logic - pass 1:


Eliminating unused logic - pass 2:


Substituting virtuals - pass 1:


----------------------------------------------------------
Circuit simplification results:

	Expanded 0 signals.
	Turned 0 signals into soft nodes.
	Maximum default expansion cost was set at 3.
----------------------------------------------------------

topld:  No errors.

CYPRESS_DIR    : C:\Program Files (x86)\Cypress\PSoC Creator\4.0\PSoC Creator\warp
Warp Program   : C:\Program Files (x86)\Cypress\PSoC Creator\4.0\PSoC Creator\warp\bin\warp.exe
Warp Arguments : -yv2 -q10 -ygs -o2 -v3 -.fftcfgtype=LE -ya "-.fftprj=C:\Users\Sarah\Documents\PSoC Creator\Workspace01\TempSensor.cydsn\TempSensor.cyprj" -dcpsoc3 TempSensor.v -verilog
</CYPRESSTAG>
Warp synthesis phase: Elapsed time ==> 0s.785ms
<CYPRESSTAG name="Fitter results...">
<CYPRESSTAG name="Fitter startup details...">
cyp3fit: V4.0.0.432, Family: PSoC3, Started at: Tuesday, 04 April 2017 12:44:57
Options: -yv2 -q10 -ygs -o2 -v3 -.fftcfgtype=LE -ya -.fftprj=C:\Users\Sarah\Documents\PSoC Creator\Workspace01\TempSensor.cydsn\TempSensor.cyprj -d CY8C4248LQI-BL583 TempSensor.v -verilog
</CYPRESSTAG>
<CYPRESSTAG name="Design parsing">
Design parsing phase: Elapsed time ==> 0s.100ms
</CYPRESSTAG>
<CYPRESSTAG name="Tech Mapping">
<CYPRESSTAG name="Initial Mapping" icon="FILE_RPT_TECHM">
    Converted constant MacroCell: \OneWire:TimerDelay:TimerUDB:capture_last\ from registered to combinatorial
    Converted constant MacroCell: \OneWire:TimerDelay:TimerUDB:capture_out_reg_i\ from registered to combinatorial

Removing unused cells resulting from optimization
Done removing unused cells.
<CYPRESSTAG name="Global Clock Selection" icon="FILE_RPT_TECHM">
    Digital Clock 0: Automatic-assigning  clock 'OneWire_clock_delay'. Fanout=3, Signal=\OneWire:Net_522_digital\
<CYPRESSTAG name="UDB Clock/Enable Remapping Results">
    UDB Clk/Enable \OneWire:TimerDelay:TimerUDB:clock_enable_block\: with output requested to be synchronous
        ClockIn: ClockGenBlock:m0s8clockgenblockcell.gen_clk_out_0 was determined to be a global clock that is synchronous to HFCLK
        EnableIn: Constant 1 was determined to be synchronous to ClockIn
        ClockOut: ClockGenBlock:m0s8clockgenblockcell.gen_clk_out_0, EnableOut: Constant 1
    UDB Clk/Enable \OneWire:TimerDelay:TimerUDB:sCTRLReg:SyncCtl:cy_psoc3_udb_Ctl_Clk_Sync\: with output requested to be synchronous
        ClockIn: ClockGenBlock:m0s8clockgenblockcell.gen_clk_out_0 was determined to be a global clock that is synchronous to HFCLK
        EnableIn: Constant 1 was determined to be synchronous to ClockIn
        ClockOut: ClockGenBlock:m0s8clockgenblockcell.gen_clk_out_0, EnableOut: Constant 1
</CYPRESSTAG>
</CYPRESSTAG>
ADD: pft.M0040: information: The following 7 pin(s) will be assigned a location by the fitter: Pin_2(0), Pin_3(0), Pin_4(0), Pin_5(0), Pin_6(0), Pin_7(0), Pin_8(0)


Removing unused cells resulting from optimization
Done removing unused cells.
<CYPRESSTAG name="Duplicate Macrocell detection">
</CYPRESSTAG>
</CYPRESSTAG>
<CYPRESSTAG name="Duplicate Macrocell detection">
</CYPRESSTAG>
<CYPRESSTAG name="Design Equations" icon="FILE_RPT_EQUATION">

------------------------------------------------------------
Design Equations
------------------------------------------------------------
    <CYPRESSTAG name="Pin listing">

    ------------------------------------------------------------
    Pin listing
    ------------------------------------------------------------

    Pin : Name = Pin_1(0)
        Attributes:
            In Group/Port: True
            In Sync Option: NOSYNC
            Out Sync Option: NOSYNC
            Interrupt generated: False
            Interrupt mode: NONE
            Drive mode: RES_PULL_UP
            VTrip: CMOS
            Slew: FAST
            Input Sync needed: False
            Output Sync needed: False
            SC shield enabled: False
            POR State: ANY
            LCD Mode: COMMON
            Register Mode: RegComb
            CaSense Mode: NEITHER
            Treat as pin: True
            Is OE Registered: False
            Uses Analog: False
            Can contain Digital: True
            Is SIO: False
            SIO Output Buf: NONREGULATED
            SIO Input Buf: SINGLE_ENDED
            SIO HiFreq: LOW
            SIO Hyst: DISABLED
            SIO Vtrip: MULTIPLIER_0_5
            SIO Multiplier Index: 0
            SIO RefSel: VCC_IO
            Required Capabilitites: DIGITAL, ROUTABLE
            Initial Value: 1
            IO Voltage: 0
        PORT MAP (
            pa_out => Pin_1(0)__PA ,
            oe => \OneWire:tmpOE__bufoe_1_net_0\ ,
            fb => \OneWire:Net_807\ ,
            input => \OneWire:Net_1111\ ,
            pad => Pin_1(0)_PAD );
        Properties:
        {
        }

    Pin : Name = LED(0)
        Attributes:
            In Group/Port: True
            In Sync Option: AUTO
            Out Sync Option: NOSYNC
            Interrupt generated: False
            Interrupt mode: NONE
            Drive mode: CMOS_OUT
            VTrip: EITHER
            Slew: FAST
            Input Sync needed: False
            Output Sync needed: False
            SC shield enabled: False
            POR State: ANY
            LCD Mode: COMMON
            Register Mode: RegComb
            CaSense Mode: NEITHER
            Treat as pin: True
            Is OE Registered: False
            Uses Analog: False
            Can contain Digital: True
            Is SIO: False
            SIO Output Buf: NONREGULATED
            SIO Input Buf: SINGLE_ENDED
            SIO HiFreq: LOW
            SIO Hyst: DISABLED
            SIO Vtrip: MULTIPLIER_0_5
            SIO Multiplier Index: 0
            SIO RefSel: VCC_IO
            Required Capabilitites: DIGITAL
            Initial Value: 0
            IO Voltage: 0
        PORT MAP (
            pa_out => LED(0)__PA ,
            pad => LED(0)_PAD );
        Properties:
        {
        }

    Pin : Name = Pin_3(0)
        Attributes:
            In Group/Port: True
            In Sync Option: NOSYNC
            Out Sync Option: NOSYNC
            Interrupt generated: False
            Interrupt mode: NONE
            Drive mode: RES_PULL_UP
            VTrip: CMOS
            Slew: FAST
            Input Sync needed: False
            Output Sync needed: False
            SC shield enabled: False
            POR State: ANY
            LCD Mode: COMMON
            Register Mode: RegComb
            CaSense Mode: NEITHER
            Treat as pin: True
            Is OE Registered: False
            Uses Analog: False
            Can contain Digital: True
            Is SIO: False
            SIO Output Buf: NONREGULATED
            SIO Input Buf: SINGLE_ENDED
            SIO HiFreq: LOW
            SIO Hyst: DISABLED
            SIO Vtrip: MULTIPLIER_0_5
            SIO Multiplier Index: 0
            SIO RefSel: VCC_IO
            Required Capabilitites: DIGITAL
            Initial Value: 1
            IO Voltage: 0
        PORT MAP (
            pa_out => Pin_3(0)__PA ,
            pad => Pin_3(0)_PAD );

    Pin : Name = Pin_2(0)
        Attributes:
            In Group/Port: True
            In Sync Option: NOSYNC
            Out Sync Option: NOSYNC
            Interrupt generated: False
            Interrupt mode: NONE
            Drive mode: RES_PULL_UP
            VTrip: CMOS
            Slew: FAST
            Input Sync needed: False
            Output Sync needed: False
            SC shield enabled: False
            POR State: ANY
            LCD Mode: COMMON
            Register Mode: RegComb
            CaSense Mode: NEITHER
            Treat as pin: True
            Is OE Registered: False
            Uses Analog: False
            Can contain Digital: True
            Is SIO: False
            SIO Output Buf: NONREGULATED
            SIO Input Buf: SINGLE_ENDED
            SIO HiFreq: LOW
            SIO Hyst: DISABLED
            SIO Vtrip: MULTIPLIER_0_5
            SIO Multiplier Index: 0
            SIO RefSel: VCC_IO
            Required Capabilitites: DIGITAL
            Initial Value: 1
            IO Voltage: 0
        PORT MAP (
            pa_out => Pin_2(0)__PA ,
            pad => Pin_2(0)_PAD );

    Pin : Name = Pin_4(0)
        Attributes:
            In Group/Port: True
            In Sync Option: NOSYNC
            Out Sync Option: NOSYNC
            Interrupt generated: False
            Interrupt mode: NONE
            Drive mode: RES_PULL_UP
            VTrip: CMOS
            Slew: FAST
            Input Sync needed: False
            Output Sync needed: False
            SC shield enabled: False
            POR State: ANY
            LCD Mode: COMMON
            Register Mode: RegComb
            CaSense Mode: NEITHER
            Treat as pin: True
            Is OE Registered: False
            Uses Analog: False
            Can contain Digital: True
            Is SIO: False
            SIO Output Buf: NONREGULATED
            SIO Input Buf: SINGLE_ENDED
            SIO HiFreq: LOW
            SIO Hyst: DISABLED
            SIO Vtrip: MULTIPLIER_0_5
            SIO Multiplier Index: 0
            SIO RefSel: VCC_IO
            Required Capabilitites: DIGITAL
            Initial Value: 1
            IO Voltage: 0
        PORT MAP (
            pa_out => Pin_4(0)__PA ,
            pad => Pin_4(0)_PAD );

    Pin : Name = Pin_6(0)
        Attributes:
            In Group/Port: True
            In Sync Option: NOSYNC
            Out Sync Option: NOSYNC
            Interrupt generated: False
            Interrupt mode: NONE
            Drive mode: RES_PULL_UP
            VTrip: CMOS
            Slew: FAST
            Input Sync needed: False
            Output Sync needed: False
            SC shield enabled: False
            POR State: ANY
            LCD Mode: COMMON
            Register Mode: RegComb
            CaSense Mode: NEITHER
            Treat as pin: True
            Is OE Registered: False
            Uses Analog: False
            Can contain Digital: True
            Is SIO: False
            SIO Output Buf: NONREGULATED
            SIO Input Buf: SINGLE_ENDED
            SIO HiFreq: LOW
            SIO Hyst: DISABLED
            SIO Vtrip: MULTIPLIER_0_5
            SIO Multiplier Index: 0
            SIO RefSel: VCC_IO
            Required Capabilitites: DIGITAL
            Initial Value: 1
            IO Voltage: 0
        PORT MAP (
            pa_out => Pin_6(0)__PA ,
            pad => Pin_6(0)_PAD );

    Pin : Name = Pin_5(0)
        Attributes:
            In Group/Port: True
            In Sync Option: NOSYNC
            Out Sync Option: NOSYNC
            Interrupt generated: False
            Interrupt mode: NONE
            Drive mode: RES_PULL_UP
            VTrip: CMOS
            Slew: FAST
            Input Sync needed: False
            Output Sync needed: False
            SC shield enabled: False
            POR State: ANY
            LCD Mode: COMMON
            Register Mode: RegComb
            CaSense Mode: NEITHER
            Treat as pin: True
            Is OE Registered: False
            Uses Analog: False
            Can contain Digital: True
            Is SIO: False
            SIO Output Buf: NONREGULATED
            SIO Input Buf: SINGLE_ENDED
            SIO HiFreq: LOW
            SIO Hyst: DISABLED
            SIO Vtrip: MULTIPLIER_0_5
            SIO Multiplier Index: 0
            SIO RefSel: VCC_IO
            Required Capabilitites: DIGITAL
            Initial Value: 1
            IO Voltage: 0
        PORT MAP (
            pa_out => Pin_5(0)__PA ,
            pad => Pin_5(0)_PAD );

    Pin : Name = Pin_7(0)
        Attributes:
            In Group/Port: True
            In Sync Option: NOSYNC
            Out Sync Option: NOSYNC
            Interrupt generated: False
            Interrupt mode: NONE
            Drive mode: RES_PULL_UP
            VTrip: CMOS
            Slew: FAST
            Input Sync needed: False
            Output Sync needed: False
            SC shield enabled: False
            POR State: ANY
            LCD Mode: COMMON
            Register Mode: RegComb
            CaSense Mode: NEITHER
            Treat as pin: True
            Is OE Registered: False
            Uses Analog: False
            Can contain Digital: True
            Is SIO: False
            SIO Output Buf: NONREGULATED
            SIO Input Buf: SINGLE_ENDED
            SIO HiFreq: LOW
            SIO Hyst: DISABLED
            SIO Vtrip: MULTIPLIER_0_5
            SIO Multiplier Index: 0
            SIO RefSel: VCC_IO
            Required Capabilitites: DIGITAL
            Initial Value: 1
            IO Voltage: 0
        PORT MAP (
            pa_out => Pin_7(0)__PA ,
            pad => Pin_7(0)_PAD );

    Pin : Name = Pin_8(0)
        Attributes:
            In Group/Port: True
            In Sync Option: NOSYNC
            Out Sync Option: NOSYNC
            Interrupt generated: False
            Interrupt mode: NONE
            Drive mode: RES_PULL_UP
            VTrip: CMOS
            Slew: FAST
            Input Sync needed: False
            Output Sync needed: False
            SC shield enabled: False
            POR State: ANY
            LCD Mode: COMMON
            Register Mode: RegComb
            CaSense Mode: NEITHER
            Treat as pin: True
            Is OE Registered: False
            Uses Analog: False
            Can contain Digital: True
            Is SIO: False
            SIO Output Buf: NONREGULATED
            SIO Input Buf: SINGLE_ENDED
            SIO HiFreq: LOW
            SIO Hyst: DISABLED
            SIO Vtrip: MULTIPLIER_0_5
            SIO Multiplier Index: 0
            SIO RefSel: VCC_IO
            Required Capabilitites: DIGITAL
            Initial Value: 1
            IO Voltage: 0
        PORT MAP (
            pa_out => Pin_8(0)__PA ,
            pad => Pin_8(0)_PAD );
    </CYPRESSTAG>
    <CYPRESSTAG name="Macrocell listing" icon="FILE_RPT_EQUATION">

    ------------------------------------------------------------
    Macrocell listing
    ------------------------------------------------------------

    MacroCell: Name=\OneWire:TimerDelay:TimerUDB:status_tc\, Mode=(Combinatorial)
        Total # of inputs        : 4
        Total # of product terms : 1
            Clock Enable: True
        Main Equation            : 1 pterm
        (
              \OneWire:TimerDelay:TimerUDB:control_4\ * 
              \OneWire:TimerDelay:TimerUDB:run_mode\ * 
              \OneWire:TimerDelay:TimerUDB:per_zero\ * 
              \OneWire:TimerDelay:TimerUDB:trig_rise_detected\
        );
        Output = \OneWire:TimerDelay:TimerUDB:status_tc\ (fanout=1)

    MacroCell: Name=\OneWire:TimerDelay:TimerUDB:trig_reg\, Mode=(Combinatorial)
        Total # of inputs        : 3
        Total # of product terms : 1
            Clock Enable: True
        Main Equation            : 1 pterm
        (
              \OneWire:TimerDelay:TimerUDB:control_4\ * 
              \OneWire:TimerDelay:TimerUDB:timer_enable\ * 
              \OneWire:TimerDelay:TimerUDB:trig_rise_detected\
        );
        Output = \OneWire:TimerDelay:TimerUDB:trig_reg\ (fanout=2)

    MacroCell: Name=__ONE__, Mode=(Combinatorial)
        Total # of inputs        : 0
        Total # of product terms : 0
            Clock Enable: True
        Main Equation            : 0 pterms
        !(
            0
        );
        Output = __ONE__ (fanout=7)

    MacroCell: Name=\OneWire:TimerDelay:TimerUDB:run_mode\, Mode=(D-Register)
        Total # of inputs        : 1
        Total # of product terms : 1
        List of special equations: 
            Clock  = (\OneWire:Net_522_digital\) => Global
            Clock Enable: True
        Main Equation            : 1 pterm
        (
              \OneWire:TimerDelay:TimerUDB:control_7\
        );
        Output = \OneWire:TimerDelay:TimerUDB:run_mode\ (fanout=4)

    MacroCell: Name=Net_60, Mode=(D-Register)
        Total # of inputs        : 4
        Total # of product terms : 1
        List of special equations: 
            Clock  = (\OneWire:Net_522_digital\) => Global
            Clock Enable: True
        Main Equation            : 1 pterm
        (
              \OneWire:TimerDelay:TimerUDB:control_4\ * 
              \OneWire:TimerDelay:TimerUDB:run_mode\ * 
              \OneWire:TimerDelay:TimerUDB:per_zero\ * 
              \OneWire:TimerDelay:TimerUDB:trig_rise_detected\
        );
        Output = Net_60 (fanout=8)

    MacroCell: Name=\OneWire:TimerDelay:TimerUDB:timer_enable\, Mode=(D-Register)
        Total # of inputs        : 8
        Total # of product terms : 3
        List of special equations: 
            Clock  = (\OneWire:Net_522_digital\) => Global
            Clock Enable: True
        Main Equation            : 3 pterms
        (
              \OneWire:TimerDelay:TimerUDB:control_7\ * 
              \OneWire:TimerDelay:TimerUDB:control_4\ * 
              !\OneWire:TimerDelay:TimerUDB:timer_enable\ * !Net_60 * 
              !\OneWire:TimerDelay:TimerUDB:trig_disable\ * 
              \OneWire:TimerDelay:TimerUDB:trig_rise_detected\
            + \OneWire:TimerDelay:TimerUDB:control_7\ * 
              \OneWire:TimerDelay:TimerUDB:control_4\ * 
              !\OneWire:TimerDelay:TimerUDB:run_mode\ * !Net_60 * 
              !\OneWire:TimerDelay:TimerUDB:trig_disable\ * 
              \OneWire:TimerDelay:TimerUDB:trig_rise_detected\
            + \OneWire:TimerDelay:TimerUDB:control_7\ * 
              \OneWire:TimerDelay:TimerUDB:control_4\ * 
              !\OneWire:TimerDelay:TimerUDB:per_zero\ * !Net_60 * 
              !\OneWire:TimerDelay:TimerUDB:trig_disable\ * 
              \OneWire:TimerDelay:TimerUDB:trig_rise_detected\
        );
        Output = \OneWire:TimerDelay:TimerUDB:timer_enable\ (fanout=3)

    MacroCell: Name=\OneWire:TimerDelay:TimerUDB:trig_disable\, Mode=(D-Register)
        Total # of inputs        : 7
        Total # of product terms : 2
        List of special equations: 
            Clock  = (\OneWire:Net_522_digital\) => Global
            Clock Enable: True
        Main Equation            : 2 pterms
        (
              \OneWire:TimerDelay:TimerUDB:control_4\ * 
              \OneWire:TimerDelay:TimerUDB:timer_enable\ * 
              \OneWire:TimerDelay:TimerUDB:run_mode\ * 
              \OneWire:TimerDelay:TimerUDB:per_zero\ * !Net_60 * 
              \OneWire:TimerDelay:TimerUDB:trig_rise_detected\
            + !Net_60 * \OneWire:TimerDelay:TimerUDB:trig_disable\
        );
        Output = \OneWire:TimerDelay:TimerUDB:trig_disable\ (fanout=2)

    MacroCell: Name=\OneWire:TimerDelay:TimerUDB:trig_last\, Mode=(D-Register)
        Total # of inputs        : 1
        Total # of product terms : 1
        List of special equations: 
            Clock  = (\OneWire:Net_522_digital\) => Global
            Clock Enable: True
        Main Equation            : 1 pterm
        (
              \OneWire:Net_527\
        );
        Output = \OneWire:TimerDelay:TimerUDB:trig_last\ (fanout=2)

    MacroCell: Name=\OneWire:TimerDelay:TimerUDB:trig_rise_detected\, Mode=(D-Register)
        Total # of inputs        : 6
        Total # of product terms : 2
        List of special equations: 
            Clock  = (\OneWire:Net_522_digital\) => Global
            Clock Enable: True
        Main Equation            : 2 pterms
        (
              \OneWire:TimerDelay:TimerUDB:control_7\ * 
              \OneWire:TimerDelay:TimerUDB:control_4\ * !Net_60 * 
              !\OneWire:TimerDelay:TimerUDB:trig_last\ * \OneWire:Net_527\
            + \OneWire:TimerDelay:TimerUDB:control_7\ * 
              \OneWire:TimerDelay:TimerUDB:control_4\ * !Net_60 * 
              \OneWire:TimerDelay:TimerUDB:trig_rise_detected\
        );
        Output = \OneWire:TimerDelay:TimerUDB:trig_rise_detected\ (fanout=6)

    MacroCell: Name=\OneWire:TimerDelay:TimerUDB:trig_fall_detected\, Mode=(D-Register)
        Total # of inputs        : 6
        Total # of product terms : 2
        List of special equations: 
            Clock  = (\OneWire:Net_522_digital\) => Global
            Clock Enable: True
        Main Equation            : 2 pterms
        (
              \OneWire:TimerDelay:TimerUDB:control_7\ * 
              \OneWire:TimerDelay:TimerUDB:control_4\ * !Net_60 * 
              \OneWire:TimerDelay:TimerUDB:trig_last\ * !\OneWire:Net_527\
            + \OneWire:TimerDelay:TimerUDB:control_7\ * 
              \OneWire:TimerDelay:TimerUDB:control_4\ * !Net_60 * 
              \OneWire:TimerDelay:TimerUDB:trig_fall_detected\
        );
        Output = \OneWire:TimerDelay:TimerUDB:trig_fall_detected\ (fanout=1)
    </CYPRESSTAG>
    <CYPRESSTAG name="Datapath listing">

    ------------------------------------------------------------
    Datapath listing
    ------------------------------------------------------------

    datapathcell: Name =\OneWire:TimerDelay:TimerUDB:sT16:timerdp:u0\
        PORT MAP (
            clock => \OneWire:Net_522_digital\ ,
            cs_addr_2 => Net_60 ,
            cs_addr_1 => \OneWire:TimerDelay:TimerUDB:trig_reg\ ,
            cs_addr_0 => \OneWire:TimerDelay:TimerUDB:per_zero\ ,
            chain_out => \OneWire:TimerDelay:TimerUDB:sT16:timerdp:carry\ );
        Properties:
        {
            a0_init = "00000000"
            a1_init = "00000000"
            ce0_sync = 1
            ce1_sync = 1
            cl0_sync = 1
            cl1_sync = 1
            cmsb_sync = 1
            co_msb_sync = 1
            cy_dpconfig = "0000000001000000000000000100000001000000010000000000000010000000000000001000000000000000100000000000000010000000000000001000000011111111000000001111111111111111000000000000000000000001000000000000000000011000"
            d0_init = "00000000"
            d1_init = "00000000"
            f0_blk_sync = 1
            f0_bus_sync = 1
            f1_blk_sync = 1
            f1_bus_sync = 1
            ff0_sync = 1
            ff1_sync = 1
            ov_msb_sync = 1
            so_sync = 1
            z0_sync = 1
            z1_sync = 1
        }
        Clock Polarity: Active High
        Clock Enable: True
        Next in chain : \OneWire:TimerDelay:TimerUDB:sT16:timerdp:u1\

    datapathcell: Name =\OneWire:TimerDelay:TimerUDB:sT16:timerdp:u1\
        PORT MAP (
            clock => \OneWire:Net_522_digital\ ,
            cs_addr_2 => Net_60 ,
            cs_addr_1 => \OneWire:TimerDelay:TimerUDB:trig_reg\ ,
            cs_addr_0 => \OneWire:TimerDelay:TimerUDB:per_zero\ ,
            z0_comb => \OneWire:TimerDelay:TimerUDB:per_zero\ ,
            f0_bus_stat_comb => \OneWire:TimerDelay:TimerUDB:status_3\ ,
            f0_blk_stat_comb => \OneWire:TimerDelay:TimerUDB:status_2\ ,
            chain_in => \OneWire:TimerDelay:TimerUDB:sT16:timerdp:carry\ );
        Properties:
        {
            a0_init = "00000000"
            a1_init = "00000000"
            ce0_sync = 1
            ce1_sync = 1
            cl0_sync = 1
            cl1_sync = 1
            cmsb_sync = 1
            co_msb_sync = 1
            cy_dpconfig = "0000000001000000000000000100000001000000010000000000000010000000000000001000000000000000100000000000000010000000000000001000000011111111000000001111111111111111100000110000000000000001000000110000000000011000"
            d0_init = "00000000"
            d1_init = "00000000"
            f0_blk_sync = 1
            f0_bus_sync = 1
            f1_blk_sync = 1
            f1_bus_sync = 1
            ff0_sync = 1
            ff1_sync = 1
            ov_msb_sync = 1
            so_sync = 1
            z0_sync = 1
            z1_sync = 1
        }
        Clock Polarity: Active High
        Clock Enable: True
        Previous in chain : \OneWire:TimerDelay:TimerUDB:sT16:timerdp:u0\
    </CYPRESSTAG>
    <CYPRESSTAG name="Status register listing">

    ------------------------------------------------------------
    Status register listing
    ------------------------------------------------------------

    statuscell: Name =\OneWire:StatusReg_BUS:sts:sts_reg\
        PORT MAP (
            status_7 => __ONE__ ,
            status_6 => __ONE__ ,
            status_5 => __ONE__ ,
            status_4 => __ONE__ ,
            status_3 => __ONE__ ,
            status_2 => __ONE__ ,
            status_1 => __ONE__ ,
            status_0 => \OneWire:Net_807\ );
        Properties:
        {
            cy_force_order = 1
            cy_md_select = "00000000"
        }
        Clock Enable: True
    </CYPRESSTAG>
    <CYPRESSTAG name="StatusI register listing">

    ------------------------------------------------------------
    StatusI register listing
    ------------------------------------------------------------

    statusicell: Name =\OneWire:TimerDelay:TimerUDB:rstSts:stsreg\
        PORT MAP (
            reset => Net_60 ,
            clock => \OneWire:Net_522_digital\ ,
            status_3 => \OneWire:TimerDelay:TimerUDB:status_3\ ,
            status_2 => \OneWire:TimerDelay:TimerUDB:status_2\ ,
            status_0 => \OneWire:TimerDelay:TimerUDB:status_tc\ );
        Properties:
        {
            cy_force_order = 1
            cy_int_mask = "1111111"
            cy_md_select = "0000011"
        }
        Clock Polarity: Active High
        Clock Enable: True
    </CYPRESSTAG>
    <CYPRESSTAG name="Sync listing">
    </CYPRESSTAG>
    <CYPRESSTAG name="Control register listing">

    ------------------------------------------------------------
    Control register listing
    ------------------------------------------------------------

    controlcell: Name =\OneWire:ControlReg_DRV:Sync:ctrl_reg\
        PORT MAP (
            control_7 => \OneWire:ControlReg_DRV:control_7\ ,
            control_6 => \OneWire:ControlReg_DRV:control_6\ ,
            control_5 => \OneWire:ControlReg_DRV:control_5\ ,
            control_4 => \OneWire:ControlReg_DRV:control_4\ ,
            control_3 => \OneWire:ControlReg_DRV:control_3\ ,
            control_2 => \OneWire:ControlReg_DRV:control_2\ ,
            control_1 => \OneWire:ControlReg_DRV:control_1\ ,
            control_0 => \OneWire:Net_1111\ );
        Properties:
        {
            cy_ctrl_mode_0 = "00000000"
            cy_ctrl_mode_1 = "00000000"
            cy_ext_reset = 0
            cy_force_order = 1
            cy_init_value = "00000001"
        }
        Clock Enable: True

    controlcell: Name =\OneWire:TimerDelay:TimerUDB:sCTRLReg:SyncCtl:ctrlreg\
        PORT MAP (
            clock => \OneWire:Net_522_digital\ ,
            control_7 => \OneWire:TimerDelay:TimerUDB:control_7\ ,
            control_6 => \OneWire:TimerDelay:TimerUDB:control_6\ ,
            control_5 => \OneWire:TimerDelay:TimerUDB:control_5\ ,
            control_4 => \OneWire:TimerDelay:TimerUDB:control_4\ ,
            control_3 => \OneWire:TimerDelay:TimerUDB:control_3\ ,
            control_2 => \OneWire:TimerDelay:TimerUDB:control_2\ ,
            control_1 => \OneWire:TimerDelay:TimerUDB:control_1\ ,
            control_0 => \OneWire:TimerDelay:TimerUDB:control_0\ );
        Properties:
        {
            cy_ctrl_mode_0 = "11111111"
            cy_ctrl_mode_1 = "00000000"
            cy_ext_reset = 0
            cy_force_order = 1
            cy_init_value = "00000000"
        }
        Clock Polarity: Active High
        Clock Enable: True

    controlcell: Name =\OneWire:ControlReg_SEL:Sync:ctrl_reg\
        PORT MAP (
            control_7 => \OneWire:ControlReg_SEL:control_7\ ,
            control_6 => \OneWire:ControlReg_SEL:control_6\ ,
            control_5 => \OneWire:ControlReg_SEL:control_5\ ,
            control_4 => \OneWire:ControlReg_SEL:control_4\ ,
            control_3 => \OneWire:ControlReg_SEL:control_3\ ,
            control_2 => \OneWire:ControlReg_SEL:control_2\ ,
            control_1 => \OneWire:ControlReg_SEL:control_1\ ,
            control_0 => \OneWire:tmpOE__bufoe_1_net_0\ );
        Properties:
        {
            cy_ctrl_mode_0 = "00000000"
            cy_ctrl_mode_1 = "00000000"
            cy_ext_reset = 0
            cy_force_order = 1
            cy_init_value = "00001111"
        }
        Clock Enable: True

    controlcell: Name =\OneWire:Trigger:Sync:ctrl_reg\
        PORT MAP (
            clock => \OneWire:Net_522_digital\ ,
            control_7 => \OneWire:Trigger:control_7\ ,
            control_6 => \OneWire:Trigger:control_6\ ,
            control_5 => \OneWire:Trigger:control_5\ ,
            control_4 => \OneWire:Trigger:control_4\ ,
            control_3 => \OneWire:Trigger:control_3\ ,
            control_2 => \OneWire:Trigger:control_2\ ,
            control_1 => \OneWire:Trigger:control_1\ ,
            control_0 => \OneWire:Net_527\ );
        Properties:
        {
            cy_ctrl_mode_0 = "00000001"
            cy_ctrl_mode_1 = "00000001"
            cy_ext_reset = 1
            cy_force_order = 1
            cy_init_value = "00000000"
        }
        Clock Polarity: Active High
        Clock Enable: True
    </CYPRESSTAG>
    <CYPRESSTAG name="Count7 listing">
    </CYPRESSTAG>
    <CYPRESSTAG name="DRQ listing">
    </CYPRESSTAG>
    <CYPRESSTAG name="Interrupt listing">

    ------------------------------------------------------------
    Interrupt listing
    ------------------------------------------------------------

    interrupt: Name =\OneWire:isr_DataReady\
        PORT MAP (
            interrupt => Net_60 );
        Properties:
        {
            int_type = "10"
            is_nmi = 0
        }
    </CYPRESSTAG>
</CYPRESSTAG>
<CYPRESSTAG name="Technology mapping summary" expanded>

------------------------------------------------------------
Technology mapping summary
------------------------------------------------------------

Resource Type                 : Used : Free :  Max :  % Used
============================================================
Digital Clocks                :    1 :    3 :    4 : 25.00 %
Interrupts                    :    1 :   31 :   32 :  3.13 %
IO                            :   13 :   25 :   38 : 34.21 %
Segment LCD                   :    0 :    1 :    1 :  0.00 %
CapSense                      :    0 :    1 :    1 :  0.00 %
Die Temp                      :    0 :    1 :    1 :  0.00 %
Serial Communication (SCB)    :    0 :    2 :    2 :  0.00 %
BLE                           :    0 :    1 :    1 :  0.00 %
DMA Channels                  :    0 :    8 :    8 :  0.00 %
Timer/Counter/PWM             :    0 :    4 :    4 :  0.00 %
UDB                           :      :      :      :        
  Macrocells                  :   10 :   22 :   32 : 31.25 %
  Unique P-terms              :   13 :   51 :   64 : 20.31 %
  Total P-terms               :   14 :      :      :        
  Datapath Cells              :    2 :    2 :    4 : 50.00 %
  Status Cells                :    2 :    2 :    4 : 50.00 %
    Status Registers          :    1 :      :      :        
    StatusI Registers         :    1 :      :      :        
  Control Cells               :    4 :    0 :    4 : 100.00 %
    Control Registers         :    4 :      :      :        
Comparator/Opamp              :    0 :    4 :    4 :  0.00 %
LP Comparator                 :    0 :    2 :    2 :  0.00 %
SAR ADC                       :    0 :    1 :    1 :  0.00 %
DAC                           :      :      :      :        
  7-bit IDAC                  :    0 :    1 :    1 :  0.00 %
  8-bit IDAC                  :    0 :    1 :    1 :  0.00 %
</CYPRESSTAG>
Technology Mapping: Elapsed time ==> 0s.320ms
Tech Mapping phase: Elapsed time ==> 0s.496ms
</CYPRESSTAG>
<CYPRESSTAG name="Analog Placement">
<CYPRESSTAG name="Analog Placement">
Elapsed time ==> 0.2168180s
</CYPRESSTAG>
Analog Placement phase: Elapsed time ==> 0s.528ms
</CYPRESSTAG>
<CYPRESSTAG name="Analog Routing">
<CYPRESSTAG name="Analog Routing">
Route success=True, Iterations=1 Elapsed=0.0082097 secs
</CYPRESSTAG>
Analog Routing phase: Elapsed time ==> 0s.015ms
</CYPRESSTAG>
<CYPRESSTAG name="Analog Code Generation">
============ Analog Final Answer Routes ============
Dump of CyAnalogRoutingResultsDB
Map of net to items {
}
Map of item to net {
}
Mux Info {
}
Analog Code Generation phase: Elapsed time ==> 0s.071ms
</CYPRESSTAG>
<CYPRESSTAG name="Digital Placement">
<CYPRESSTAG name="Detailed placement messages">
I2076: Total run-time: 0.7 sec.

</CYPRESSTAG>
<CYPRESSTAG name="PLD Packing">
<CYPRESSTAG name="PLD Packing Summary" expanded>

------------------------------------------------------------
PLD Packing Summary
------------------------------------------------------------
            Resource Type : Used : Free :  Max :  % Used
    ====================================================
                     PLDs :    3 :    5 :    8 :  37.50%

<CYPRESSTAG name="PLD Statistics">

        PLD Resource Type :     Average/LAB
    =======================================
                   Inputs :            6.67
                   Pterms :            4.33
               Macrocells :            3.33
</CYPRESSTAG>
<CYPRESSTAG name="Packed PLD Contents">
Packed PLD Contents not displayed at this verbose level.</CYPRESSTAG>
</CYPRESSTAG>
PLD Packing: Elapsed time ==> 0s.034ms
</CYPRESSTAG>
<CYPRESSTAG name="Partitioning">
<CYPRESSTAG name="Initial Partitioning Summary">
Initial Partitioning Summary not displayed at this verbose level.</CYPRESSTAG>
<CYPRESSTAG name="Final Partitioning Summary">
Final Partitioning Summary not displayed at this verbose level.</CYPRESSTAG>
Partitioning: Elapsed time ==> 0s.124ms
</CYPRESSTAG>
<CYPRESSTAG name="Final Placement Summary">

------------------------------------------------------------
Final Placement Summary
------------------------------------------------------------

       Resource Type :      Count : Avg Inputs : Avg Outputs
    ========================================================
                 UDB :          4 :       3.00 :       2.50
<CYPRESSTAG name="Final Placement Details">
<CYPRESSTAG name="Component Details">

------------------------------------------------------------
Component Placement Details
------------------------------------------------------------
UDB [UDB=(0,0)] contents:
datapathcell: Name =\OneWire:TimerDelay:TimerUDB:sT16:timerdp:u1\
    PORT MAP (
        clock => \OneWire:Net_522_digital\ ,
        cs_addr_2 => Net_60 ,
        cs_addr_1 => \OneWire:TimerDelay:TimerUDB:trig_reg\ ,
        cs_addr_0 => \OneWire:TimerDelay:TimerUDB:per_zero\ ,
        z0_comb => \OneWire:TimerDelay:TimerUDB:per_zero\ ,
        f0_bus_stat_comb => \OneWire:TimerDelay:TimerUDB:status_3\ ,
        f0_blk_stat_comb => \OneWire:TimerDelay:TimerUDB:status_2\ ,
        chain_in => \OneWire:TimerDelay:TimerUDB:sT16:timerdp:carry\ );
    Properties:
    {
        a0_init = "00000000"
        a1_init = "00000000"
        ce0_sync = 1
        ce1_sync = 1
        cl0_sync = 1
        cl1_sync = 1
        cmsb_sync = 1
        co_msb_sync = 1
        cy_dpconfig = "0000000001000000000000000100000001000000010000000000000010000000000000001000000000000000100000000000000010000000000000001000000011111111000000001111111111111111100000110000000000000001000000110000000000011000"
        d0_init = "00000000"
        d1_init = "00000000"
        f0_blk_sync = 1
        f0_bus_sync = 1
        f1_blk_sync = 1
        f1_bus_sync = 1
        ff0_sync = 1
        ff1_sync = 1
        ov_msb_sync = 1
        so_sync = 1
        z0_sync = 1
        z1_sync = 1
    }
    Clock Polarity: Active High
    Clock Enable: True
    Previous in chain : \OneWire:TimerDelay:TimerUDB:sT16:timerdp:u0\

statusicell: Name =\OneWire:TimerDelay:TimerUDB:rstSts:stsreg\
    PORT MAP (
        reset => Net_60 ,
        clock => \OneWire:Net_522_digital\ ,
        status_3 => \OneWire:TimerDelay:TimerUDB:status_3\ ,
        status_2 => \OneWire:TimerDelay:TimerUDB:status_2\ ,
        status_0 => \OneWire:TimerDelay:TimerUDB:status_tc\ );
    Properties:
    {
        cy_force_order = 1
        cy_int_mask = "1111111"
        cy_md_select = "0000011"
    }
    Clock Polarity: Active High
    Clock Enable: True

controlcell: Name =\OneWire:ControlReg_SEL:Sync:ctrl_reg\
    PORT MAP (
        control_7 => \OneWire:ControlReg_SEL:control_7\ ,
        control_6 => \OneWire:ControlReg_SEL:control_6\ ,
        control_5 => \OneWire:ControlReg_SEL:control_5\ ,
        control_4 => \OneWire:ControlReg_SEL:control_4\ ,
        control_3 => \OneWire:ControlReg_SEL:control_3\ ,
        control_2 => \OneWire:ControlReg_SEL:control_2\ ,
        control_1 => \OneWire:ControlReg_SEL:control_1\ ,
        control_0 => \OneWire:tmpOE__bufoe_1_net_0\ );
    Properties:
    {
        cy_ctrl_mode_0 = "00000000"
        cy_ctrl_mode_1 = "00000000"
        cy_ext_reset = 0
        cy_force_order = 1
        cy_init_value = "00001111"
    }
    Clock Enable: True

UDB [UDB=(0,1)] contents:
controlcell: Name =\OneWire:ControlReg_DRV:Sync:ctrl_reg\
    PORT MAP (
        control_7 => \OneWire:ControlReg_DRV:control_7\ ,
        control_6 => \OneWire:ControlReg_DRV:control_6\ ,
        control_5 => \OneWire:ControlReg_DRV:control_5\ ,
        control_4 => \OneWire:ControlReg_DRV:control_4\ ,
        control_3 => \OneWire:ControlReg_DRV:control_3\ ,
        control_2 => \OneWire:ControlReg_DRV:control_2\ ,
        control_1 => \OneWire:ControlReg_DRV:control_1\ ,
        control_0 => \OneWire:Net_1111\ );
    Properties:
    {
        cy_ctrl_mode_0 = "00000000"
        cy_ctrl_mode_1 = "00000000"
        cy_ext_reset = 0
        cy_force_order = 1
        cy_init_value = "00000001"
    }
    Clock Enable: True

UDB [UDB=(1,0)] contents:
LAB@[UDB=(1,0)][LB=0] #macrocells=4, #inputs=10, #pterms=8
{
    [McSlotId=0]:     MacroCell: Name=\OneWire:TimerDelay:TimerUDB:trig_reg\, Mode=(Combinatorial) @ [UDB=(1,0)][LB=0][MC=0]
        Total # of inputs        : 3
        Total # of product terms : 1
            Clock Enable: True
        Main Equation            : 1 pterm
        (
              \OneWire:TimerDelay:TimerUDB:control_4\ * 
              \OneWire:TimerDelay:TimerUDB:timer_enable\ * 
              \OneWire:TimerDelay:TimerUDB:trig_rise_detected\
        );
        Output = \OneWire:TimerDelay:TimerUDB:trig_reg\ (fanout=2)
        Properties               : 
        {
        }

    [McSlotId=1]:     MacroCell: Name=\OneWire:TimerDelay:TimerUDB:timer_enable\, Mode=(D-Register) @ [UDB=(1,0)][LB=0][MC=1]
        Total # of inputs        : 8
        Total # of product terms : 3
        List of special equations: 
            Clock  = (\OneWire:Net_522_digital\) => Global
            Clock Enable: True
        Main Equation            : 3 pterms
        (
              \OneWire:TimerDelay:TimerUDB:control_7\ * 
              \OneWire:TimerDelay:TimerUDB:control_4\ * 
              !\OneWire:TimerDelay:TimerUDB:timer_enable\ * !Net_60 * 
              !\OneWire:TimerDelay:TimerUDB:trig_disable\ * 
              \OneWire:TimerDelay:TimerUDB:trig_rise_detected\
            + \OneWire:TimerDelay:TimerUDB:control_7\ * 
              \OneWire:TimerDelay:TimerUDB:control_4\ * 
              !\OneWire:TimerDelay:TimerUDB:run_mode\ * !Net_60 * 
              !\OneWire:TimerDelay:TimerUDB:trig_disable\ * 
              \OneWire:TimerDelay:TimerUDB:trig_rise_detected\
            + \OneWire:TimerDelay:TimerUDB:control_7\ * 
              \OneWire:TimerDelay:TimerUDB:control_4\ * 
              !\OneWire:TimerDelay:TimerUDB:per_zero\ * !Net_60 * 
              !\OneWire:TimerDelay:TimerUDB:trig_disable\ * 
              \OneWire:TimerDelay:TimerUDB:trig_rise_detected\
        );
        Output = \OneWire:TimerDelay:TimerUDB:timer_enable\ (fanout=3)
        Properties               : 
        {
        }

    [McSlotId=2]:     MacroCell: Name=\OneWire:TimerDelay:TimerUDB:trig_rise_detected\, Mode=(D-Register) @ [UDB=(1,0)][LB=0][MC=2]
        Total # of inputs        : 6
        Total # of product terms : 2
        List of special equations: 
            Clock  = (\OneWire:Net_522_digital\) => Global
            Clock Enable: True
        Main Equation            : 2 pterms
        (
              \OneWire:TimerDelay:TimerUDB:control_7\ * 
              \OneWire:TimerDelay:TimerUDB:control_4\ * !Net_60 * 
              !\OneWire:TimerDelay:TimerUDB:trig_last\ * \OneWire:Net_527\
            + \OneWire:TimerDelay:TimerUDB:control_7\ * 
              \OneWire:TimerDelay:TimerUDB:control_4\ * !Net_60 * 
              \OneWire:TimerDelay:TimerUDB:trig_rise_detected\
        );
        Output = \OneWire:TimerDelay:TimerUDB:trig_rise_detected\ (fanout=6)
        Properties               : 
        {
        }

    [McSlotId=3]:     MacroCell: Name=\OneWire:TimerDelay:TimerUDB:trig_disable\, Mode=(D-Register) @ [UDB=(1,0)][LB=0][MC=3]
        Total # of inputs        : 7
        Total # of product terms : 2
        List of special equations: 
            Clock  = (\OneWire:Net_522_digital\) => Global
            Clock Enable: True
        Main Equation            : 2 pterms
        (
              \OneWire:TimerDelay:TimerUDB:control_4\ * 
              \OneWire:TimerDelay:TimerUDB:timer_enable\ * 
              \OneWire:TimerDelay:TimerUDB:run_mode\ * 
              \OneWire:TimerDelay:TimerUDB:per_zero\ * !Net_60 * 
              \OneWire:TimerDelay:TimerUDB:trig_rise_detected\
            + !Net_60 * \OneWire:TimerDelay:TimerUDB:trig_disable\
        );
        Output = \OneWire:TimerDelay:TimerUDB:trig_disable\ (fanout=2)
        Properties               : 
        {
        }
}

LAB@[UDB=(1,0)][LB=1] #macrocells=4, #inputs=9, #pterms=4
{
    [McSlotId=0]:     MacroCell: Name=Net_60, Mode=(D-Register) @ [UDB=(1,0)][LB=1][MC=0]
        Total # of inputs        : 4
        Total # of product terms : 1
        List of special equations: 
            Clock  = (\OneWire:Net_522_digital\) => Global
            Clock Enable: True
        Main Equation            : 1 pterm
        (
              \OneWire:TimerDelay:TimerUDB:control_4\ * 
              \OneWire:TimerDelay:TimerUDB:run_mode\ * 
              \OneWire:TimerDelay:TimerUDB:per_zero\ * 
              \OneWire:TimerDelay:TimerUDB:trig_rise_detected\
        );
        Output = Net_60 (fanout=8)
        Properties               : 
        {
        }

    [McSlotId=1]:     MacroCell: Name=\OneWire:TimerDelay:TimerUDB:status_tc\, Mode=(Combinatorial) @ [UDB=(1,0)][LB=1][MC=1]
        Total # of inputs        : 4
        Total # of product terms : 1
            Clock Enable: True
        Main Equation            : 1 pterm
        (
              \OneWire:TimerDelay:TimerUDB:control_4\ * 
              \OneWire:TimerDelay:TimerUDB:run_mode\ * 
              \OneWire:TimerDelay:TimerUDB:per_zero\ * 
              \OneWire:TimerDelay:TimerUDB:trig_rise_detected\
        );
        Output = \OneWire:TimerDelay:TimerUDB:status_tc\ (fanout=1)
        Properties               : 
        {
        }

    [McSlotId=2]:     MacroCell: Name=\OneWire:TimerDelay:TimerUDB:run_mode\, Mode=(D-Register) @ [UDB=(1,0)][LB=1][MC=2]
        Total # of inputs        : 1
        Total # of product terms : 1
        List of special equations: 
            Clock  = (\OneWire:Net_522_digital\) => Global
            Clock Enable: True
        Main Equation            : 1 pterm
        (
              \OneWire:TimerDelay:TimerUDB:control_7\
        );
        Output = \OneWire:TimerDelay:TimerUDB:run_mode\ (fanout=4)
        Properties               : 
        {
        }

    [McSlotId=3]:     MacroCell: Name=\OneWire:TimerDelay:TimerUDB:trig_fall_detected\, Mode=(D-Register) @ [UDB=(1,0)][LB=1][MC=3]
        Total # of inputs        : 6
        Total # of product terms : 2
        List of special equations: 
            Clock  = (\OneWire:Net_522_digital\) => Global
            Clock Enable: True
        Main Equation            : 2 pterms
        (
              \OneWire:TimerDelay:TimerUDB:control_7\ * 
              \OneWire:TimerDelay:TimerUDB:control_4\ * !Net_60 * 
              \OneWire:TimerDelay:TimerUDB:trig_last\ * !\OneWire:Net_527\
            + \OneWire:TimerDelay:TimerUDB:control_7\ * 
              \OneWire:TimerDelay:TimerUDB:control_4\ * !Net_60 * 
              \OneWire:TimerDelay:TimerUDB:trig_fall_detected\
        );
        Output = \OneWire:TimerDelay:TimerUDB:trig_fall_detected\ (fanout=1)
        Properties               : 
        {
        }
}

datapathcell: Name =\OneWire:TimerDelay:TimerUDB:sT16:timerdp:u0\
    PORT MAP (
        clock => \OneWire:Net_522_digital\ ,
        cs_addr_2 => Net_60 ,
        cs_addr_1 => \OneWire:TimerDelay:TimerUDB:trig_reg\ ,
        cs_addr_0 => \OneWire:TimerDelay:TimerUDB:per_zero\ ,
        chain_out => \OneWire:TimerDelay:TimerUDB:sT16:timerdp:carry\ );
    Properties:
    {
        a0_init = "00000000"
        a1_init = "00000000"
        ce0_sync = 1
        ce1_sync = 1
        cl0_sync = 1
        cl1_sync = 1
        cmsb_sync = 1
        co_msb_sync = 1
        cy_dpconfig = "0000000001000000000000000100000001000000010000000000000010000000000000001000000000000000100000000000000010000000000000001000000011111111000000001111111111111111000000000000000000000001000000000000000000011000"
        d0_init = "00000000"
        d1_init = "00000000"
        f0_blk_sync = 1
        f0_bus_sync = 1
        f1_blk_sync = 1
        f1_bus_sync = 1
        ff0_sync = 1
        ff1_sync = 1
        ov_msb_sync = 1
        so_sync = 1
        z0_sync = 1
        z1_sync = 1
    }
    Clock Polarity: Active High
    Clock Enable: True
    Next in chain : \OneWire:TimerDelay:TimerUDB:sT16:timerdp:u1\

statuscell: Name =\OneWire:StatusReg_BUS:sts:sts_reg\
    PORT MAP (
        status_7 => __ONE__ ,
        status_6 => __ONE__ ,
        status_5 => __ONE__ ,
        status_4 => __ONE__ ,
        status_3 => __ONE__ ,
        status_2 => __ONE__ ,
        status_1 => __ONE__ ,
        status_0 => \OneWire:Net_807\ );
    Properties:
    {
        cy_force_order = 1
        cy_md_select = "00000000"
    }
    Clock Enable: True

controlcell: Name =\OneWire:TimerDelay:TimerUDB:sCTRLReg:SyncCtl:ctrlreg\
    PORT MAP (
        clock => \OneWire:Net_522_digital\ ,
        control_7 => \OneWire:TimerDelay:TimerUDB:control_7\ ,
        control_6 => \OneWire:TimerDelay:TimerUDB:control_6\ ,
        control_5 => \OneWire:TimerDelay:TimerUDB:control_5\ ,
        control_4 => \OneWire:TimerDelay:TimerUDB:control_4\ ,
        control_3 => \OneWire:TimerDelay:TimerUDB:control_3\ ,
        control_2 => \OneWire:TimerDelay:TimerUDB:control_2\ ,
        control_1 => \OneWire:TimerDelay:TimerUDB:control_1\ ,
        control_0 => \OneWire:TimerDelay:TimerUDB:control_0\ );
    Properties:
    {
        cy_ctrl_mode_0 = "11111111"
        cy_ctrl_mode_1 = "00000000"
        cy_ext_reset = 0
        cy_force_order = 1
        cy_init_value = "00000000"
    }
    Clock Polarity: Active High
    Clock Enable: True

UDB [UDB=(1,1)] contents:
LAB@[UDB=(1,1)][LB=0] #macrocells=2, #inputs=1, #pterms=1
{
    [McSlotId=0]:     MacroCell: Name=\OneWire:TimerDelay:TimerUDB:trig_last\, Mode=(D-Register) @ [UDB=(1,1)][LB=0][MC=0]
        Total # of inputs        : 1
        Total # of product terms : 1
        List of special equations: 
            Clock  = (\OneWire:Net_522_digital\) => Global
            Clock Enable: True
        Main Equation            : 1 pterm
        (
              \OneWire:Net_527\
        );
        Output = \OneWire:TimerDelay:TimerUDB:trig_last\ (fanout=2)
        Properties               : 
        {
        }

    [McSlotId=1]:     MacroCell: Name=__ONE__, Mode=(Combinatorial) @ [UDB=(1,1)][LB=0][MC=1]
        Total # of inputs        : 0
        Total # of product terms : 0
            Clock Enable: True
        Main Equation            : 0 pterms
        !(
            0
        );
        Output = __ONE__ (fanout=7)
        Properties               : 
        {
        }

    [McSlotId=2]: (empty)
    [McSlotId=3]: (empty)
}

controlcell: Name =\OneWire:Trigger:Sync:ctrl_reg\
    PORT MAP (
        clock => \OneWire:Net_522_digital\ ,
        control_7 => \OneWire:Trigger:control_7\ ,
        control_6 => \OneWire:Trigger:control_6\ ,
        control_5 => \OneWire:Trigger:control_5\ ,
        control_4 => \OneWire:Trigger:control_4\ ,
        control_3 => \OneWire:Trigger:control_3\ ,
        control_2 => \OneWire:Trigger:control_2\ ,
        control_1 => \OneWire:Trigger:control_1\ ,
        control_0 => \OneWire:Net_527\ );
    Properties:
    {
        cy_ctrl_mode_0 = "00000001"
        cy_ctrl_mode_1 = "00000001"
        cy_ext_reset = 1
        cy_force_order = 1
        cy_init_value = "00000000"
    }
    Clock Polarity: Active High
    Clock Enable: True

Intr container @ [IntrContainer=(0)]: 
  Intr@ [IntrContainer=(0)][IntrId=(1)] 
    interrupt: Name =\OneWire:isr_DataReady\
        PORT MAP (
            interrupt => Net_60 );
        Properties:
        {
            int_type = "10"
            is_nmi = 0
        }
Drq container @ [DrqContainer=(0)]: empty
Port 0 contains the following IO cells:
[IoId=0]: 
Pin : Name = Pin_5(0)
    Attributes:
        In Group/Port: True
        In Sync Option: NOSYNC
        Out Sync Option: NOSYNC
        Interrupt generated: False
        Interrupt mode: NONE
        Drive mode: RES_PULL_UP
        VTrip: CMOS
        Slew: FAST
        Input Sync needed: False
        Output Sync needed: False
        SC shield enabled: False
        POR State: ANY
        LCD Mode: COMMON
        Register Mode: RegComb
        CaSense Mode: NEITHER
        Treat as pin: True
        Is OE Registered: False
        Uses Analog: False
        Can contain Digital: True
        Is SIO: False
        SIO Output Buf: NONREGULATED
        SIO Input Buf: SINGLE_ENDED
        SIO HiFreq: LOW
        SIO Hyst: DISABLED
        SIO Vtrip: MULTIPLIER_0_5
        SIO Multiplier Index: 0
        SIO RefSel: VCC_IO
        Required Capabilitites: DIGITAL
        Initial Value: 1
        IO Voltage: 0
    PORT MAP (
        pa_out => Pin_5(0)__PA ,
        pad => Pin_5(0)_PAD );
    Properties:
    {
    }

[IoId=1]: 
Pin : Name = Pin_2(0)
    Attributes:
        In Group/Port: True
        In Sync Option: NOSYNC
        Out Sync Option: NOSYNC
        Interrupt generated: False
        Interrupt mode: NONE
        Drive mode: RES_PULL_UP
        VTrip: CMOS
        Slew: FAST
        Input Sync needed: False
        Output Sync needed: False
        SC shield enabled: False
        POR State: ANY
        LCD Mode: COMMON
        Register Mode: RegComb
        CaSense Mode: NEITHER
        Treat as pin: True
        Is OE Registered: False
        Uses Analog: False
        Can contain Digital: True
        Is SIO: False
        SIO Output Buf: NONREGULATED
        SIO Input Buf: SINGLE_ENDED
        SIO HiFreq: LOW
        SIO Hyst: DISABLED
        SIO Vtrip: MULTIPLIER_0_5
        SIO Multiplier Index: 0
        SIO RefSel: VCC_IO
        Required Capabilitites: DIGITAL
        Initial Value: 1
        IO Voltage: 0
    PORT MAP (
        pa_out => Pin_2(0)__PA ,
        pad => Pin_2(0)_PAD );
    Properties:
    {
    }

[IoId=2]: 
Pin : Name = Pin_6(0)
    Attributes:
        In Group/Port: True
        In Sync Option: NOSYNC
        Out Sync Option: NOSYNC
        Interrupt generated: False
        Interrupt mode: NONE
        Drive mode: RES_PULL_UP
        VTrip: CMOS
        Slew: FAST
        Input Sync needed: False
        Output Sync needed: False
        SC shield enabled: False
        POR State: ANY
        LCD Mode: COMMON
        Register Mode: RegComb
        CaSense Mode: NEITHER
        Treat as pin: True
        Is OE Registered: False
        Uses Analog: False
        Can contain Digital: True
        Is SIO: False
        SIO Output Buf: NONREGULATED
        SIO Input Buf: SINGLE_ENDED
        SIO HiFreq: LOW
        SIO Hyst: DISABLED
        SIO Vtrip: MULTIPLIER_0_5
        SIO Multiplier Index: 0
        SIO RefSel: VCC_IO
        Required Capabilitites: DIGITAL
        Initial Value: 1
        IO Voltage: 0
    PORT MAP (
        pa_out => Pin_6(0)__PA ,
        pad => Pin_6(0)_PAD );
    Properties:
    {
    }

[IoId=3]: 
Pin : Name = Pin_8(0)
    Attributes:
        In Group/Port: True
        In Sync Option: NOSYNC
        Out Sync Option: NOSYNC
        Interrupt generated: False
        Interrupt mode: NONE
        Drive mode: RES_PULL_UP
        VTrip: CMOS
        Slew: FAST
        Input Sync needed: False
        Output Sync needed: False
        SC shield enabled: False
        POR State: ANY
        LCD Mode: COMMON
        Register Mode: RegComb
        CaSense Mode: NEITHER
        Treat as pin: True
        Is OE Registered: False
        Uses Analog: False
        Can contain Digital: True
        Is SIO: False
        SIO Output Buf: NONREGULATED
        SIO Input Buf: SINGLE_ENDED
        SIO HiFreq: LOW
        SIO Hyst: DISABLED
        SIO Vtrip: MULTIPLIER_0_5
        SIO Multiplier Index: 0
        SIO RefSel: VCC_IO
        Required Capabilitites: DIGITAL
        Initial Value: 1
        IO Voltage: 0
    PORT MAP (
        pa_out => Pin_8(0)__PA ,
        pad => Pin_8(0)_PAD );
    Properties:
    {
    }

[IoId=4]: 
Pin : Name = Pin_4(0)
    Attributes:
        In Group/Port: True
        In Sync Option: NOSYNC
        Out Sync Option: NOSYNC
        Interrupt generated: False
        Interrupt mode: NONE
        Drive mode: RES_PULL_UP
        VTrip: CMOS
        Slew: FAST
        Input Sync needed: False
        Output Sync needed: False
        SC shield enabled: False
        POR State: ANY
        LCD Mode: COMMON
        Register Mode: RegComb
        CaSense Mode: NEITHER
        Treat as pin: True
        Is OE Registered: False
        Uses Analog: False
        Can contain Digital: True
        Is SIO: False
        SIO Output Buf: NONREGULATED
        SIO Input Buf: SINGLE_ENDED
        SIO HiFreq: LOW
        SIO Hyst: DISABLED
        SIO Vtrip: MULTIPLIER_0_5
        SIO Multiplier Index: 0
        SIO RefSel: VCC_IO
        Required Capabilitites: DIGITAL
        Initial Value: 1
        IO Voltage: 0
    PORT MAP (
        pa_out => Pin_4(0)__PA ,
        pad => Pin_4(0)_PAD );
    Properties:
    {
    }

[IoId=5]: 
Pin : Name = Pin_7(0)
    Attributes:
        In Group/Port: True
        In Sync Option: NOSYNC
        Out Sync Option: NOSYNC
        Interrupt generated: False
        Interrupt mode: NONE
        Drive mode: RES_PULL_UP
        VTrip: CMOS
        Slew: FAST
        Input Sync needed: False
        Output Sync needed: False
        SC shield enabled: False
        POR State: ANY
        LCD Mode: COMMON
        Register Mode: RegComb
        CaSense Mode: NEITHER
        Treat as pin: True
        Is OE Registered: False
        Uses Analog: False
        Can contain Digital: True
        Is SIO: False
        SIO Output Buf: NONREGULATED
        SIO Input Buf: SINGLE_ENDED
        SIO HiFreq: LOW
        SIO Hyst: DISABLED
        SIO Vtrip: MULTIPLIER_0_5
        SIO Multiplier Index: 0
        SIO RefSel: VCC_IO
        Required Capabilitites: DIGITAL
        Initial Value: 1
        IO Voltage: 0
    PORT MAP (
        pa_out => Pin_7(0)__PA ,
        pad => Pin_7(0)_PAD );
    Properties:
    {
    }

Port 1 contains the following IO cells:
[IoId=0]: 
Pin : Name = Pin_3(0)
    Attributes:
        In Group/Port: True
        In Sync Option: NOSYNC
        Out Sync Option: NOSYNC
        Interrupt generated: False
        Interrupt mode: NONE
        Drive mode: RES_PULL_UP
        VTrip: CMOS
        Slew: FAST
        Input Sync needed: False
        Output Sync needed: False
        SC shield enabled: False
        POR State: ANY
        LCD Mode: COMMON
        Register Mode: RegComb
        CaSense Mode: NEITHER
        Treat as pin: True
        Is OE Registered: False
        Uses Analog: False
        Can contain Digital: True
        Is SIO: False
        SIO Output Buf: NONREGULATED
        SIO Input Buf: SINGLE_ENDED
        SIO HiFreq: LOW
        SIO Hyst: DISABLED
        SIO Vtrip: MULTIPLIER_0_5
        SIO Multiplier Index: 0
        SIO RefSel: VCC_IO
        Required Capabilitites: DIGITAL
        Initial Value: 1
        IO Voltage: 0
    PORT MAP (
        pa_out => Pin_3(0)__PA ,
        pad => Pin_3(0)_PAD );
    Properties:
    {
    }

Port 2 contains the following IO cells:
[IoId=6]: 
Pin : Name = LED(0)
    Attributes:
        In Group/Port: True
        In Sync Option: AUTO
        Out Sync Option: NOSYNC
        Interrupt generated: False
        Interrupt mode: NONE
        Drive mode: CMOS_OUT
        VTrip: EITHER
        Slew: FAST
        Input Sync needed: False
        Output Sync needed: False
        SC shield enabled: False
        POR State: ANY
        LCD Mode: COMMON
        Register Mode: RegComb
        CaSense Mode: NEITHER
        Treat as pin: True
        Is OE Registered: False
        Uses Analog: False
        Can contain Digital: True
        Is SIO: False
        SIO Output Buf: NONREGULATED
        SIO Input Buf: SINGLE_ENDED
        SIO HiFreq: LOW
        SIO Hyst: DISABLED
        SIO Vtrip: MULTIPLIER_0_5
        SIO Multiplier Index: 0
        SIO RefSel: VCC_IO
        Required Capabilitites: DIGITAL
        Initial Value: 0
        IO Voltage: 0
    PORT MAP (
        pa_out => LED(0)__PA ,
        pad => LED(0)_PAD );
    Properties:
    {
    }

Port 3 contains the following IO cells:
[IoId=0]: 
Pin : Name = Pin_1(0)
    Attributes:
        In Group/Port: True
        In Sync Option: NOSYNC
        Out Sync Option: NOSYNC
        Interrupt generated: False
        Interrupt mode: NONE
        Drive mode: RES_PULL_UP
        VTrip: CMOS
        Slew: FAST
        Input Sync needed: False
        Output Sync needed: False
        SC shield enabled: False
        POR State: ANY
        LCD Mode: COMMON
        Register Mode: RegComb
        CaSense Mode: NEITHER
        Treat as pin: True
        Is OE Registered: False
        Uses Analog: False
        Can contain Digital: True
        Is SIO: False
        SIO Output Buf: NONREGULATED
        SIO Input Buf: SINGLE_ENDED
        SIO HiFreq: LOW
        SIO Hyst: DISABLED
        SIO Vtrip: MULTIPLIER_0_5
        SIO Multiplier Index: 0
        SIO RefSel: VCC_IO
        Required Capabilitites: DIGITAL, ROUTABLE
        Initial Value: 1
        IO Voltage: 0
    PORT MAP (
        pa_out => Pin_1(0)__PA ,
        oe => \OneWire:tmpOE__bufoe_1_net_0\ ,
        fb => \OneWire:Net_807\ ,
        input => \OneWire:Net_1111\ ,
        pad => Pin_1(0)_PAD );
    Properties:
    {
    }

Port 4 is empty
Port 5 is empty
Port 6 is empty
ARM group 0: empty
Clock group 0: 
    Clock Block @ F(Clock,0): 
    m0s8clockblockcell: Name =ClockBlock
        PORT MAP (
            hfclk => ClockBlock_HFCLK ,
            imo => ClockBlock_IMO ,
            ext => ClockBlock_EXTCLK ,
            sysclk => ClockBlock_SYSCLK ,
            eco => ClockBlock_ECO ,
            ilo => ClockBlock_ILO ,
            lfclk => ClockBlock_LFCLK ,
            wco => ClockBlock_WCO ,
            dsi_in_0 => ClockBlock_Routed1 ,
            udb_div_0 => dclk_to_genclk );
        Properties:
        {
        }
PM group 0: empty
SPC group 0: empty
WDT group 0: empty
FSS group 0: empty
LP Comparator group 0: empty
Serial Communication (SCB) group 0: empty
CapSense group 0: empty
8-bit IDAC group 0: empty
7-bit IDAC group 0: empty
Timer/Counter/PWM group 0: empty
Comparator/Opamp group 0: empty
Die Temp group 0: empty
SAR ADC group 0: empty
Segment LCD group 0: empty
CLK_GEN group 0: 
    M0S8 Clock Gen Block @ F(CLK_GEN,0): 
    m0s8clockgenblockcell: Name =ClockGenBlock
        PORT MAP (
            gen_clk_out_0 => \OneWire:Net_522_digital\ ,
            gen_clk_in_0 => dclk_to_genclk );
        Properties:
        {
        }
LPCOMPBLOCK group 0: empty
PASSBLOCK group 0: empty
ANAPUMP group 0: empty
BLE group 0: empty
GANGED_PICU group 0: empty
WCO group 0: empty
M0S8DMAC group 0: empty
</CYPRESSTAG>
<CYPRESSTAG name="Port Configuration Details">

------------------------------------------------------------
Port Configuration report
------------------------------------------------------------
     |     |       | Interrupt |                  |          | 
Port | Pin | Fixed |      Type |       Drive Mode |     Name | Connections
-----+-----+-------+-----------+------------------+----------+----------------------------------------------------------------------------------
   0 |   0 |       |      NONE |      RES_PULL_UP | Pin_5(0) | 
     |   1 |       |      NONE |      RES_PULL_UP | Pin_2(0) | 
     |   2 |       |      NONE |      RES_PULL_UP | Pin_6(0) | 
     |   3 |       |      NONE |      RES_PULL_UP | Pin_8(0) | 
     |   4 |       |      NONE |      RES_PULL_UP | Pin_4(0) | 
     |   5 |       |      NONE |      RES_PULL_UP | Pin_7(0) | 
-----+-----+-------+-----------+------------------+----------+----------------------------------------------------------------------------------
   1 |   0 |       |      NONE |      RES_PULL_UP | Pin_3(0) | 
-----+-----+-------+-----------+------------------+----------+----------------------------------------------------------------------------------
   2 |   6 |     * |      NONE |         CMOS_OUT |   LED(0) | 
-----+-----+-------+-----------+------------------+----------+----------------------------------------------------------------------------------
   3 |   0 |     * |      NONE |      RES_PULL_UP | Pin_1(0) | FB(\OneWire:Net_807\), In(\OneWire:Net_1111\), OE(\OneWire:tmpOE__bufoe_1_net_0\)
------------------------------------------------------------------------------------------------------------------------------------------------
</CYPRESSTAG>
</CYPRESSTAG>
</CYPRESSTAG>
Digital component placer commit/Report: Elapsed time ==> 0s.020ms
Digital Placement phase: Elapsed time ==> 1s.380ms
</CYPRESSTAG>
<CYPRESSTAG name="Digital Routing">
Routing successful.
Digital Routing phase: Elapsed time ==> 0s.990ms
</CYPRESSTAG>
<CYPRESSTAG name="Bitstream Generation">
Bitstream Generation phase: Elapsed time ==> 0s.553ms
</CYPRESSTAG>
<CYPRESSTAG name="Bitstream Verification">
Bitstream Verification phase: Elapsed time ==> 0s.123ms
</CYPRESSTAG>
<CYPRESSTAG name="Static timing analysis">
Timing report is in TempSensor_timing.html.
Static timing analysis phase: Elapsed time ==> 0s.460ms
</CYPRESSTAG>
<CYPRESSTAG name="Data reporting">
Data reporting phase: Elapsed time ==> 0s.007ms
</CYPRESSTAG>
<CYPRESSTAG name="Database update...">
Design database save phase: Elapsed time ==> 0s.224ms
</CYPRESSTAG>
cydsfit: Elapsed time ==> 5s.032ms
</CYPRESSTAG>
Fitter phase: Elapsed time ==> 5s.044ms
API generation phase: Elapsed time ==> 1s.673ms
Dependency generation phase: Elapsed time ==> 0s.056ms
Cleanup phase: Elapsed time ==> 0s.003ms
