--------------- Build Started: 04/26/2017 15:32:38 Project: SleepMode, Configuration: ARM GCC 4.9-2015-q1-update Debug ---------------
cydsfit.exe -.appdatapath "C:\Users\Sarah\AppData\Local\Cypress Semiconductor\PSoC Creator\4.0" -.fdsnotice -.fdswarpdepfile=warp_dependencies.txt -.fdselabdepfile=elab_dependencies.txt -.fdsbldfile=generated_files.txt -.fdsreffile=referenced_files.txt -p C:\Users\Sarah\Documents\DVCS\bleapp-master\bleapp-master\PSoC_Creator\capsenseled\SleepMode.cydsn\SleepMode.cyprj -d CYBL11573-56LQXI -s C:\Users\Sarah\Documents\DVCS\bleapp-master\bleapp-master\PSoC_Creator\capsenseled\SleepMode.cydsn\Generated_Source\PSoC4 -- -yv2 -q10 -ygs -o2 -v3 -.fftcfgtype=LE
Elaborating Design...
ADD: pft.M0074: information: A (re)build is required to use the analog device editor. Unable to load the necessary information from the cyfit file. Partial/wrong data will be displayed until this has been resolved.
 * C:\Users\Sarah\Documents\DVCS\bleapp-master\bleapp-master\PSoC_Creator\capsenseled\SleepMode.cydsn\SleepMode.cydwr ()
ADD: sdb.M0061: information: Info from component: ADC_SAR_Seq_1. The actual sample rate (10195 SPS) differs from the desired sample rate (10000 SPS) due to the clock configuration in the DWR.
 * C:\Users\Sarah\Documents\DVCS\bleapp-master\bleapp-master\PSoC_Creator\capsenseled\SleepMode.cydsn\TopDesign\TopDesign.cysch (Instance:ADC_SAR_Seq_1)
HDL Generation...
Synthesis...
Tech Mapping...
ADD: pft.M0040: information: The following 15 pin(s) will be assigned a location by the fitter: \SCB_1:miso_m(0)\, \SCB_1:mosi_m(0)\, \SCB_1:sclk_m(0)\, \SCB_1:ss0_m(0)\, ADC_In(0), LED_1(0), LED_2(0), SCK(0), SDI(0), SW1(0), SW2(0), SW3(0), SW4(0), SW5(0), WS(0)
Analog Placement...
Analog Routing...
Analog Code Generation...
Digital Placement...
Digital Routing...
Bitstream Generation...
Bitstream Verification...
Static timing analysis...
API Generation...
DEL: pft.M0074: information: A (re)build is required to use the analog device editor. Unable to load the necessary information from the cyfit file. Partial/wrong data will be displayed until this has been resolved.
 * C:\Users\Sarah\Documents\DVCS\bleapp-master\bleapp-master\PSoC_Creator\capsenseled\SleepMode.cydsn\SleepMode.cydwr ()
Dependency Generation...
Cleanup...
--------------- Build Succeeded: 04/26/2017 15:33:13 ---------------
