ARM GAS  C:\Users\Sarah\AppData\Local\Temp\ccya0c3K.s 			page 1


   1              		.cpu cortex-m0
   2              		.fpu softvfp
   3              		.eabi_attribute 20, 1
   4              		.eabi_attribute 21, 1
   5              		.eabi_attribute 23, 3
   6              		.eabi_attribute 24, 1
   7              		.eabi_attribute 25, 1
   8              		.eabi_attribute 26, 1
   9              		.eabi_attribute 30, 1
  10              		.eabi_attribute 34, 0
  11              		.eabi_attribute 18, 4
  12              		.code	16
  13              		.file	"BLE_custom.c"
  14              		.text
  15              	.Ltext0:
  16              		.cfi_sections	.debug_frame
  17              		.section	.text.CyBle_CustomInit,"ax",%progbits
  18              		.align	2
  19              		.global	CyBle_CustomInit
  20              		.code	16
  21              		.thumb_func
  22              		.type	CyBle_CustomInit, %function
  23              	CyBle_CustomInit:
  24              	.LFB2:
  25              		.file 1 "Generated_Source\\PSoC4\\BLE_custom.c"
   1:Generated_Source\PSoC4/BLE_custom.c **** /***************************************************************************//**
   2:Generated_Source\PSoC4/BLE_custom.c **** * \file CYBLE_custom.c
   3:Generated_Source\PSoC4/BLE_custom.c **** * \version 3.30
   4:Generated_Source\PSoC4/BLE_custom.c **** * 
   5:Generated_Source\PSoC4/BLE_custom.c **** * \brief
   6:Generated_Source\PSoC4/BLE_custom.c **** *  Contains the source code for the Custom Service.
   7:Generated_Source\PSoC4/BLE_custom.c **** * 
   8:Generated_Source\PSoC4/BLE_custom.c **** ********************************************************************************
   9:Generated_Source\PSoC4/BLE_custom.c **** * \copyright
  10:Generated_Source\PSoC4/BLE_custom.c **** * Copyright 2014-2016, Cypress Semiconductor Corporation.  All rights reserved.
  11:Generated_Source\PSoC4/BLE_custom.c **** * You may use this file only in accordance with the license, terms, conditions,
  12:Generated_Source\PSoC4/BLE_custom.c **** * disclaimers, and limitations in the end user license agreement accompanying
  13:Generated_Source\PSoC4/BLE_custom.c **** * the software package with which this file was provided.
  14:Generated_Source\PSoC4/BLE_custom.c **** *******************************************************************************/
  15:Generated_Source\PSoC4/BLE_custom.c **** 
  16:Generated_Source\PSoC4/BLE_custom.c **** 
  17:Generated_Source\PSoC4/BLE_custom.c **** #include "BLE_eventHandler.h"
  18:Generated_Source\PSoC4/BLE_custom.c **** 
  19:Generated_Source\PSoC4/BLE_custom.c **** #ifdef CYBLE_CUSTOM_SERVER
  20:Generated_Source\PSoC4/BLE_custom.c **** 
  21:Generated_Source\PSoC4/BLE_custom.c **** /* If any custom service with custom characterisctis is defined in the
  22:Generated_Source\PSoC4/BLE_custom.c **** * customizer's GUI their handles will be present in this array.
  23:Generated_Source\PSoC4/BLE_custom.c **** */
  24:Generated_Source\PSoC4/BLE_custom.c **** /* This array contains attribute handles for the defined Custom Services and their characteristics 
  25:Generated_Source\PSoC4/BLE_custom.c ****    The array index definitions are located in the CYBLE_custom.h file. */
  26:Generated_Source\PSoC4/BLE_custom.c **** const CYBLE_CUSTOMS_T cyBle_customs[0x01u] = {
  27:Generated_Source\PSoC4/BLE_custom.c **** 
  28:Generated_Source\PSoC4/BLE_custom.c ****     /* VentService service */
  29:Generated_Source\PSoC4/BLE_custom.c ****     {
  30:Generated_Source\PSoC4/BLE_custom.c ****         0x0010u, /* Handle of the VentService service */ 
  31:Generated_Source\PSoC4/BLE_custom.c ****         {
  32:Generated_Source\PSoC4/BLE_custom.c **** 
ARM GAS  C:\Users\Sarah\AppData\Local\Temp\ccya0c3K.s 			page 2


  33:Generated_Source\PSoC4/BLE_custom.c ****             /* led characteristic */
  34:Generated_Source\PSoC4/BLE_custom.c ****             {
  35:Generated_Source\PSoC4/BLE_custom.c ****                 0x0012u, /* Handle of the led characteristic */ 
  36:Generated_Source\PSoC4/BLE_custom.c ****                 
  37:Generated_Source\PSoC4/BLE_custom.c ****                 /* Array of Descriptors handles */
  38:Generated_Source\PSoC4/BLE_custom.c ****                 {
  39:Generated_Source\PSoC4/BLE_custom.c ****                     0x0013u, /* Handle of the Characteristic User Description descriptor */ 
  40:Generated_Source\PSoC4/BLE_custom.c ****                 }, 
  41:Generated_Source\PSoC4/BLE_custom.c ****             },
  42:Generated_Source\PSoC4/BLE_custom.c ****         }, 
  43:Generated_Source\PSoC4/BLE_custom.c ****     },
  44:Generated_Source\PSoC4/BLE_custom.c **** };
  45:Generated_Source\PSoC4/BLE_custom.c **** 
  46:Generated_Source\PSoC4/BLE_custom.c **** 
  47:Generated_Source\PSoC4/BLE_custom.c **** #endif /* (CYBLE_CUSTOM_SERVER) */
  48:Generated_Source\PSoC4/BLE_custom.c **** 
  49:Generated_Source\PSoC4/BLE_custom.c **** #ifdef CYBLE_CUSTOM_CLIENT
  50:Generated_Source\PSoC4/BLE_custom.c ****     
  51:Generated_Source\PSoC4/BLE_custom.c **** 
  52:Generated_Source\PSoC4/BLE_custom.c **** static uint16 cyBle_customDisServIndex;
  53:Generated_Source\PSoC4/BLE_custom.c **** static uint16 cyBle_customDisCharIndex;
  54:Generated_Source\PSoC4/BLE_custom.c **** 
  55:Generated_Source\PSoC4/BLE_custom.c **** #endif /* (CYBLE_CUSTOM_CLIENT) */
  56:Generated_Source\PSoC4/BLE_custom.c **** 
  57:Generated_Source\PSoC4/BLE_custom.c **** 
  58:Generated_Source\PSoC4/BLE_custom.c **** /****************************************************************************** 
  59:Generated_Source\PSoC4/BLE_custom.c **** * Function Name: CyBle_CustomInit
  60:Generated_Source\PSoC4/BLE_custom.c **** ***************************************************************************//**
  61:Generated_Source\PSoC4/BLE_custom.c **** * 
  62:Generated_Source\PSoC4/BLE_custom.c **** *  This function initializes Custom Service.
  63:Generated_Source\PSoC4/BLE_custom.c **** * 
  64:Generated_Source\PSoC4/BLE_custom.c **** * \return
  65:Generated_Source\PSoC4/BLE_custom.c **** *  None
  66:Generated_Source\PSoC4/BLE_custom.c **** * 
  67:Generated_Source\PSoC4/BLE_custom.c **** ******************************************************************************/
  68:Generated_Source\PSoC4/BLE_custom.c **** void CyBle_CustomInit(void)
  69:Generated_Source\PSoC4/BLE_custom.c **** {
  26              		.loc 1 69 0
  27              		.cfi_startproc
  70:Generated_Source\PSoC4/BLE_custom.c ****     
  71:Generated_Source\PSoC4/BLE_custom.c **** #ifdef CYBLE_CUSTOM_CLIENT
  72:Generated_Source\PSoC4/BLE_custom.c **** 
  73:Generated_Source\PSoC4/BLE_custom.c ****     uint16 locServIndex;
  74:Generated_Source\PSoC4/BLE_custom.c ****     uint16 locCharIndex;
  75:Generated_Source\PSoC4/BLE_custom.c ****     uint16 locDescIndex;
  76:Generated_Source\PSoC4/BLE_custom.c ****     
  77:Generated_Source\PSoC4/BLE_custom.c ****     for(locServIndex = 0u; locServIndex < CYBLE_CUSTOMC_SERVICE_COUNT; locServIndex++)
  78:Generated_Source\PSoC4/BLE_custom.c ****     {
  79:Generated_Source\PSoC4/BLE_custom.c ****         if(cyBle_serverInfo[CYBLE_SRVI_CUSTOMS + locServIndex].range.startHandle == CYBLE_GATT_INVA
  80:Generated_Source\PSoC4/BLE_custom.c ****         {
  81:Generated_Source\PSoC4/BLE_custom.c ****             for(locCharIndex = 0u; locCharIndex < cyBle_customCServ[locServIndex].charCount; locCha
  82:Generated_Source\PSoC4/BLE_custom.c ****             {
  83:Generated_Source\PSoC4/BLE_custom.c ****                 cyBle_customCServ[locServIndex].customServChar[locCharIndex].
  84:Generated_Source\PSoC4/BLE_custom.c ****                     customServCharHandle = 0u;
  85:Generated_Source\PSoC4/BLE_custom.c ****                 
  86:Generated_Source\PSoC4/BLE_custom.c ****                 for(locDescIndex = 0u; locDescIndex < 
  87:Generated_Source\PSoC4/BLE_custom.c ****                     cyBle_customCServ[locServIndex].customServChar[locCharIndex].descCount; 
ARM GAS  C:\Users\Sarah\AppData\Local\Temp\ccya0c3K.s 			page 3


  88:Generated_Source\PSoC4/BLE_custom.c ****                         locDescIndex++)
  89:Generated_Source\PSoC4/BLE_custom.c ****                 {
  90:Generated_Source\PSoC4/BLE_custom.c ****                     cyBle_customCServ[locServIndex].customServChar[locCharIndex].
  91:Generated_Source\PSoC4/BLE_custom.c ****                         customServCharDesc[locDescIndex].descHandle = 0u;
  92:Generated_Source\PSoC4/BLE_custom.c ****                 }
  93:Generated_Source\PSoC4/BLE_custom.c ****             }
  94:Generated_Source\PSoC4/BLE_custom.c ****         }
  95:Generated_Source\PSoC4/BLE_custom.c ****     }
  96:Generated_Source\PSoC4/BLE_custom.c **** 
  97:Generated_Source\PSoC4/BLE_custom.c **** #endif /* (CYBLE_CUSTOM_CLIENT) */
  98:Generated_Source\PSoC4/BLE_custom.c **** }
  28              		.loc 1 98 0
  29              		@ sp needed
  30 0000 7047     		bx	lr
  31              		.cfi_endproc
  32              	.LFE2:
  33              		.size	CyBle_CustomInit, .-CyBle_CustomInit
  34              		.global	cyBle_customs
  35 0002 C046     		.section	.rodata
  36              		.align	2
  37              		.type	cyBle_customs, %object
  38              		.size	cyBle_customs, 6
  39              	cyBle_customs:
  40 0000 1000     		.short	16
  41 0002 1200     		.short	18
  42 0004 1300     		.short	19
  43 0006 0000     		.text
  44              	.Letext0:
  45              		.file 2 "Generated_Source\\PSoC4\\cytypes.h"
  46              		.file 3 "Generated_Source\\PSoC4\\BLE_StackGatt.h"
  47              		.file 4 "Generated_Source\\PSoC4\\BLE_custom.h"
  48              		.file 5 "Generated_Source\\PSoC4\\BLE_Stack.h"
  49              		.section	.debug_info,"",%progbits
  50              	.Ldebug_info0:
  51 0000 2E030000 		.4byte	0x32e
  52 0004 0400     		.2byte	0x4
  53 0006 00000000 		.4byte	.Ldebug_abbrev0
  54 000a 04       		.byte	0x4
  55 000b 01       		.uleb128 0x1
  56 000c FF090000 		.4byte	.LASF93
  57 0010 01       		.byte	0x1
  58 0011 C6020000 		.4byte	.LASF94
  59 0015 10070000 		.4byte	.LASF95
  60 0019 00000000 		.4byte	.Ldebug_ranges0+0
  61 001d 00000000 		.4byte	0
  62 0021 00000000 		.4byte	.Ldebug_line0
  63 0025 02       		.uleb128 0x2
  64 0026 01       		.byte	0x1
  65 0027 06       		.byte	0x6
  66 0028 FC040000 		.4byte	.LASF0
  67 002c 02       		.uleb128 0x2
  68 002d 01       		.byte	0x1
  69 002e 08       		.byte	0x8
  70 002f 83040000 		.4byte	.LASF1
  71 0033 02       		.uleb128 0x2
  72 0034 02       		.byte	0x2
  73 0035 05       		.byte	0x5
ARM GAS  C:\Users\Sarah\AppData\Local\Temp\ccya0c3K.s 			page 4


  74 0036 B7000000 		.4byte	.LASF2
  75 003a 02       		.uleb128 0x2
  76 003b 02       		.byte	0x2
  77 003c 07       		.byte	0x7
  78 003d DC060000 		.4byte	.LASF3
  79 0041 02       		.uleb128 0x2
  80 0042 04       		.byte	0x4
  81 0043 05       		.byte	0x5
  82 0044 37030000 		.4byte	.LASF4
  83 0048 02       		.uleb128 0x2
  84 0049 04       		.byte	0x4
  85 004a 07       		.byte	0x7
  86 004b 8D050000 		.4byte	.LASF5
  87 004f 02       		.uleb128 0x2
  88 0050 08       		.byte	0x8
  89 0051 05       		.byte	0x5
  90 0052 23010000 		.4byte	.LASF6
  91 0056 02       		.uleb128 0x2
  92 0057 08       		.byte	0x8
  93 0058 07       		.byte	0x7
  94 0059 EA020000 		.4byte	.LASF7
  95 005d 03       		.uleb128 0x3
  96 005e 04       		.byte	0x4
  97 005f 05       		.byte	0x5
  98 0060 696E7400 		.ascii	"int\000"
  99 0064 02       		.uleb128 0x2
 100 0065 04       		.byte	0x4
 101 0066 07       		.byte	0x7
 102 0067 65050000 		.4byte	.LASF8
 103 006b 04       		.uleb128 0x4
 104 006c CE010000 		.4byte	.LASF85
 105 0070 02       		.byte	0x2
 106 0071 BA01     		.2byte	0x1ba
 107 0073 3A000000 		.4byte	0x3a
 108 0077 02       		.uleb128 0x2
 109 0078 04       		.byte	0x4
 110 0079 04       		.byte	0x4
 111 007a 7E020000 		.4byte	.LASF9
 112 007e 02       		.uleb128 0x2
 113 007f 08       		.byte	0x8
 114 0080 04       		.byte	0x4
 115 0081 0E080000 		.4byte	.LASF10
 116 0085 02       		.uleb128 0x2
 117 0086 01       		.byte	0x1
 118 0087 08       		.byte	0x8
 119 0088 BB060000 		.4byte	.LASF11
 120 008c 02       		.uleb128 0x2
 121 008d 04       		.byte	0x4
 122 008e 07       		.byte	0x7
 123 008f F9000000 		.4byte	.LASF12
 124 0093 05       		.uleb128 0x5
 125 0094 01       		.byte	0x1
 126 0095 05       		.byte	0x5
 127 0096 4D01     		.2byte	0x14d
 128 0098 76020000 		.4byte	0x276
 129 009c 06       		.uleb128 0x6
 130 009d 28020000 		.4byte	.LASF13
ARM GAS  C:\Users\Sarah\AppData\Local\Temp\ccya0c3K.s 			page 5


 131 00a1 00       		.sleb128 0
 132 00a2 06       		.uleb128 0x6
 133 00a3 68010000 		.4byte	.LASF14
 134 00a7 01       		.sleb128 1
 135 00a8 06       		.uleb128 0x6
 136 00a9 94090000 		.4byte	.LASF15
 137 00ad 02       		.sleb128 2
 138 00ae 06       		.uleb128 0x6
 139 00af 6A080000 		.4byte	.LASF16
 140 00b3 03       		.sleb128 3
 141 00b4 06       		.uleb128 0x6
 142 00b5 42010000 		.4byte	.LASF17
 143 00b9 04       		.sleb128 4
 144 00ba 06       		.uleb128 0x6
 145 00bb C9030000 		.4byte	.LASF18
 146 00bf 05       		.sleb128 5
 147 00c0 06       		.uleb128 0x6
 148 00c1 3E000000 		.4byte	.LASF19
 149 00c5 06       		.sleb128 6
 150 00c6 06       		.uleb128 0x6
 151 00c7 C8080000 		.4byte	.LASF20
 152 00cb 20       		.sleb128 32
 153 00cc 06       		.uleb128 0x6
 154 00cd 9F050000 		.4byte	.LASF21
 155 00d1 21       		.sleb128 33
 156 00d2 06       		.uleb128 0x6
 157 00d3 00000000 		.4byte	.LASF22
 158 00d7 22       		.sleb128 34
 159 00d8 06       		.uleb128 0x6
 160 00d9 E5030000 		.4byte	.LASF23
 161 00dd 23       		.sleb128 35
 162 00de 06       		.uleb128 0x6
 163 00df 49050000 		.4byte	.LASF24
 164 00e3 24       		.sleb128 36
 165 00e4 06       		.uleb128 0x6
 166 00e5 C1000000 		.4byte	.LASF25
 167 00e9 25       		.sleb128 37
 168 00ea 06       		.uleb128 0x6
 169 00eb 80030000 		.4byte	.LASF26
 170 00ef 26       		.sleb128 38
 171 00f0 06       		.uleb128 0x6
 172 00f1 61030000 		.4byte	.LASF27
 173 00f5 27       		.sleb128 39
 174 00f6 06       		.uleb128 0x6
 175 00f7 71000000 		.4byte	.LASF28
 176 00fb 28       		.sleb128 40
 177 00fc 06       		.uleb128 0x6
 178 00fd D7050000 		.4byte	.LASF29
 179 0101 29       		.sleb128 41
 180 0102 06       		.uleb128 0x6
 181 0103 6B060000 		.4byte	.LASF30
 182 0107 2A       		.sleb128 42
 183 0108 06       		.uleb128 0x6
 184 0109 AE070000 		.4byte	.LASF31
 185 010d 2B       		.sleb128 43
 186 010e 06       		.uleb128 0x6
 187 010f 2F060000 		.4byte	.LASF32
ARM GAS  C:\Users\Sarah\AppData\Local\Temp\ccya0c3K.s 			page 6


 188 0113 2C       		.sleb128 44
 189 0114 06       		.uleb128 0x6
 190 0115 9D020000 		.4byte	.LASF33
 191 0119 2D       		.sleb128 45
 192 011a 06       		.uleb128 0x6
 193 011b 93000000 		.4byte	.LASF34
 194 011f 2E       		.sleb128 46
 195 0120 06       		.uleb128 0x6
 196 0121 0C0B0000 		.4byte	.LASF35
 197 0125 2F       		.sleb128 47
 198 0126 06       		.uleb128 0x6
 199 0127 02010000 		.4byte	.LASF36
 200 012b 30       		.sleb128 48
 201 012c 06       		.uleb128 0x6
 202 012d 39040000 		.4byte	.LASF37
 203 0131 31       		.sleb128 49
 204 0132 06       		.uleb128 0x6
 205 0133 EF060000 		.4byte	.LASF38
 206 0137 32       		.sleb128 50
 207 0138 06       		.uleb128 0x6
 208 0139 94060000 		.4byte	.LASF39
 209 013d 33       		.sleb128 51
 210 013e 06       		.uleb128 0x6
 211 013f F4050000 		.4byte	.LASF40
 212 0143 34       		.sleb128 52
 213 0144 06       		.uleb128 0x6
 214 0145 4D080000 		.4byte	.LASF41
 215 0149 35       		.sleb128 53
 216 014a 06       		.uleb128 0x6
 217 014b 16030000 		.4byte	.LASF42
 218 014f 36       		.sleb128 54
 219 0150 06       		.uleb128 0x6
 220 0151 7B010000 		.4byte	.LASF43
 221 0155 37       		.sleb128 55
 222 0156 06       		.uleb128 0x6
 223 0157 57000000 		.4byte	.LASF44
 224 015b C000     		.sleb128 64
 225 015d 06       		.uleb128 0x6
 226 015e 72050000 		.4byte	.LASF45
 227 0162 C100     		.sleb128 65
 228 0164 06       		.uleb128 0x6
 229 0165 DB000000 		.4byte	.LASF46
 230 0169 C200     		.sleb128 66
 231 016b 06       		.uleb128 0x6
 232 016c B0010000 		.4byte	.LASF47
 233 0170 C300     		.sleb128 67
 234 0172 06       		.uleb128 0x6
 235 0173 52090000 		.4byte	.LASF48
 236 0177 C400     		.sleb128 68
 237 0179 06       		.uleb128 0x6
 238 017a EC080000 		.4byte	.LASF49
 239 017e C500     		.sleb128 69
 240 0180 06       		.uleb128 0x6
 241 0181 31090000 		.4byte	.LASF50
 242 0185 C600     		.sleb128 70
 243 0187 06       		.uleb128 0x6
 244 0188 DE040000 		.4byte	.LASF51
ARM GAS  C:\Users\Sarah\AppData\Local\Temp\ccya0c3K.s 			page 7


 245 018c C700     		.sleb128 71
 246 018e 06       		.uleb128 0x6
 247 018f 22050000 		.4byte	.LASF52
 248 0193 C800     		.sleb128 72
 249 0195 06       		.uleb128 0x6
 250 0196 84020000 		.4byte	.LASF53
 251 019a C900     		.sleb128 73
 252 019c 06       		.uleb128 0x6
 253 019d 71070000 		.4byte	.LASF54
 254 01a1 CA00     		.sleb128 74
 255 01a3 06       		.uleb128 0x6
 256 01a4 E8010000 		.4byte	.LASF55
 257 01a8 CB00     		.sleb128 75
 258 01aa 06       		.uleb128 0x6
 259 01ab 08050000 		.4byte	.LASF56
 260 01af CC00     		.sleb128 76
 261 01b1 06       		.uleb128 0x6
 262 01b2 24000000 		.4byte	.LASF57
 263 01b6 CD00     		.sleb128 77
 264 01b8 06       		.uleb128 0x6
 265 01b9 13090000 		.4byte	.LASF58
 266 01bd CE00     		.sleb128 78
 267 01bf 06       		.uleb128 0x6
 268 01c0 A0040000 		.4byte	.LASF59
 269 01c4 CF00     		.sleb128 79
 270 01c6 06       		.uleb128 0x6
 271 01c7 8D0A0000 		.4byte	.LASF60
 272 01cb D000     		.sleb128 80
 273 01cd 06       		.uleb128 0x6
 274 01ce 8F070000 		.4byte	.LASF61
 275 01d2 D100     		.sleb128 81
 276 01d4 06       		.uleb128 0x6
 277 01d5 A8030000 		.4byte	.LASF62
 278 01d9 D200     		.sleb128 82
 279 01db 06       		.uleb128 0x6
 280 01dc 40030000 		.4byte	.LASF63
 281 01e0 D300     		.sleb128 83
 282 01e2 06       		.uleb128 0x6
 283 01e3 07020000 		.4byte	.LASF64
 284 01e7 D400     		.sleb128 84
 285 01e9 06       		.uleb128 0x6
 286 01ea D60A0000 		.4byte	.LASF65
 287 01ee D500     		.sleb128 85
 288 01f0 06       		.uleb128 0x6
 289 01f1 DD090000 		.4byte	.LASF66
 290 01f5 D600     		.sleb128 86
 291 01f7 06       		.uleb128 0x6
 292 01f8 B4090000 		.4byte	.LASF67
 293 01fc D700     		.sleb128 87
 294 01fe 06       		.uleb128 0x6
 295 01ff 0C060000 		.4byte	.LASF68
 296 0203 D800     		.sleb128 88
 297 0205 06       		.uleb128 0x6
 298 0206 5D040000 		.4byte	.LASF69
 299 020a F000     		.sleb128 112
 300 020c 06       		.uleb128 0x6
 301 020d A2080000 		.4byte	.LASF70
ARM GAS  C:\Users\Sarah\AppData\Local\Temp\ccya0c3K.s 			page 8


 302 0211 F100     		.sleb128 113
 303 0213 06       		.uleb128 0x6
 304 0214 C0060000 		.4byte	.LASF71
 305 0218 F200     		.sleb128 114
 306 021a 06       		.uleb128 0x6
 307 021b 3F020000 		.4byte	.LASF72
 308 021f F300     		.sleb128 115
 309 0221 06       		.uleb128 0x6
 310 0222 1B040000 		.4byte	.LASF73
 311 0226 F400     		.sleb128 116
 312 0228 06       		.uleb128 0x6
 313 0229 B6050000 		.4byte	.LASF74
 314 022d F500     		.sleb128 117
 315 022f 06       		.uleb128 0x6
 316 0230 5D020000 		.4byte	.LASF75
 317 0234 F600     		.sleb128 118
 318 0236 06       		.uleb128 0x6
 319 0237 83080000 		.4byte	.LASF76
 320 023b F700     		.sleb128 119
 321 023d 06       		.uleb128 0x6
 322 023e EB070000 		.4byte	.LASF77
 323 0242 F800     		.sleb128 120
 324 0244 06       		.uleb128 0x6
 325 0245 15080000 		.4byte	.LASF78
 326 0249 F900     		.sleb128 121
 327 024b 06       		.uleb128 0x6
 328 024c 70090000 		.4byte	.LASF79
 329 0250 FA00     		.sleb128 122
 330 0252 06       		.uleb128 0x6
 331 0253 CD070000 		.4byte	.LASF80
 332 0257 FA01     		.sleb128 250
 333 0259 06       		.uleb128 0x6
 334 025a BF040000 		.4byte	.LASF81
 335 025e FB01     		.sleb128 251
 336 0260 06       		.uleb128 0x6
 337 0261 FA0A0000 		.4byte	.LASF82
 338 0265 FC01     		.sleb128 252
 339 0267 06       		.uleb128 0x6
 340 0268 53060000 		.4byte	.LASF83
 341 026c FD01     		.sleb128 253
 342 026e 06       		.uleb128 0x6
 343 026f A6090000 		.4byte	.LASF84
 344 0273 FF01     		.sleb128 255
 345 0275 00       		.byte	0
 346 0276 04       		.uleb128 0x4
 347 0277 AC0A0000 		.4byte	.LASF86
 348 027b 03       		.byte	0x3
 349 027c 8901     		.2byte	0x189
 350 027e 6B000000 		.4byte	0x6b
 351 0282 07       		.uleb128 0x7
 352 0283 04       		.byte	0x4
 353 0284 04       		.byte	0x4
 354 0285 41       		.byte	0x41
 355 0286 A3020000 		.4byte	0x2a3
 356 028a 08       		.uleb128 0x8
 357 028b 38080000 		.4byte	.LASF87
 358 028f 04       		.byte	0x4
ARM GAS  C:\Users\Sarah\AppData\Local\Temp\ccya0c3K.s 			page 9


 359 0290 44       		.byte	0x44
 360 0291 76020000 		.4byte	0x276
 361 0295 00       		.byte	0
 362 0296 08       		.uleb128 0x8
 363 0297 D5010000 		.4byte	.LASF88
 364 029b 04       		.byte	0x4
 365 029c 46       		.byte	0x46
 366 029d A3020000 		.4byte	0x2a3
 367 02a1 02       		.byte	0x2
 368 02a2 00       		.byte	0
 369 02a3 09       		.uleb128 0x9
 370 02a4 76020000 		.4byte	0x276
 371 02a8 B3020000 		.4byte	0x2b3
 372 02ac 0A       		.uleb128 0xa
 373 02ad 8C000000 		.4byte	0x8c
 374 02b1 00       		.byte	0
 375 02b2 00       		.byte	0
 376 02b3 0B       		.uleb128 0xb
 377 02b4 01030000 		.4byte	.LASF89
 378 02b8 04       		.byte	0x4
 379 02b9 48       		.byte	0x48
 380 02ba 82020000 		.4byte	0x282
 381 02be 07       		.uleb128 0x7
 382 02bf 06       		.byte	0x6
 383 02c0 04       		.byte	0x4
 384 02c1 4B       		.byte	0x4b
 385 02c2 DF020000 		.4byte	0x2df
 386 02c6 08       		.uleb128 0x8
 387 02c7 31010000 		.4byte	.LASF90
 388 02cb 04       		.byte	0x4
 389 02cc 4E       		.byte	0x4e
 390 02cd 76020000 		.4byte	0x276
 391 02d1 00       		.byte	0
 392 02d2 08       		.uleb128 0x8
 393 02d3 91040000 		.4byte	.LASF91
 394 02d7 04       		.byte	0x4
 395 02d8 51       		.byte	0x51
 396 02d9 DF020000 		.4byte	0x2df
 397 02dd 02       		.byte	0x2
 398 02de 00       		.byte	0
 399 02df 09       		.uleb128 0x9
 400 02e0 B3020000 		.4byte	0x2b3
 401 02e4 EF020000 		.4byte	0x2ef
 402 02e8 0A       		.uleb128 0xa
 403 02e9 8C000000 		.4byte	0x8c
 404 02ed 00       		.byte	0
 405 02ee 00       		.byte	0
 406 02ef 0B       		.uleb128 0xb
 407 02f0 0B040000 		.4byte	.LASF92
 408 02f4 04       		.byte	0x4
 409 02f5 53       		.byte	0x53
 410 02f6 BE020000 		.4byte	0x2be
 411 02fa 0C       		.uleb128 0xc
 412 02fb 57010000 		.4byte	.LASF96
 413 02ff 01       		.byte	0x1
 414 0300 44       		.byte	0x44
 415 0301 00000000 		.4byte	.LFB2
ARM GAS  C:\Users\Sarah\AppData\Local\Temp\ccya0c3K.s 			page 10


 416 0305 02000000 		.4byte	.LFE2-.LFB2
 417 0309 01       		.uleb128 0x1
 418 030a 9C       		.byte	0x9c
 419 030b 09       		.uleb128 0x9
 420 030c EF020000 		.4byte	0x2ef
 421 0310 1B030000 		.4byte	0x31b
 422 0314 0A       		.uleb128 0xa
 423 0315 8C000000 		.4byte	0x8c
 424 0319 00       		.byte	0
 425 031a 00       		.byte	0
 426 031b 0D       		.uleb128 0xd
 427 031c C80A0000 		.4byte	.LASF97
 428 0320 01       		.byte	0x1
 429 0321 1A       		.byte	0x1a
 430 0322 2C030000 		.4byte	0x32c
 431 0326 05       		.uleb128 0x5
 432 0327 03       		.byte	0x3
 433 0328 00000000 		.4byte	cyBle_customs
 434 032c 0E       		.uleb128 0xe
 435 032d 0B030000 		.4byte	0x30b
 436 0331 00       		.byte	0
 437              		.section	.debug_abbrev,"",%progbits
 438              	.Ldebug_abbrev0:
 439 0000 01       		.uleb128 0x1
 440 0001 11       		.uleb128 0x11
 441 0002 01       		.byte	0x1
 442 0003 25       		.uleb128 0x25
 443 0004 0E       		.uleb128 0xe
 444 0005 13       		.uleb128 0x13
 445 0006 0B       		.uleb128 0xb
 446 0007 03       		.uleb128 0x3
 447 0008 0E       		.uleb128 0xe
 448 0009 1B       		.uleb128 0x1b
 449 000a 0E       		.uleb128 0xe
 450 000b 55       		.uleb128 0x55
 451 000c 17       		.uleb128 0x17
 452 000d 11       		.uleb128 0x11
 453 000e 01       		.uleb128 0x1
 454 000f 10       		.uleb128 0x10
 455 0010 17       		.uleb128 0x17
 456 0011 00       		.byte	0
 457 0012 00       		.byte	0
 458 0013 02       		.uleb128 0x2
 459 0014 24       		.uleb128 0x24
 460 0015 00       		.byte	0
 461 0016 0B       		.uleb128 0xb
 462 0017 0B       		.uleb128 0xb
 463 0018 3E       		.uleb128 0x3e
 464 0019 0B       		.uleb128 0xb
 465 001a 03       		.uleb128 0x3
 466 001b 0E       		.uleb128 0xe
 467 001c 00       		.byte	0
 468 001d 00       		.byte	0
 469 001e 03       		.uleb128 0x3
 470 001f 24       		.uleb128 0x24
 471 0020 00       		.byte	0
 472 0021 0B       		.uleb128 0xb
ARM GAS  C:\Users\Sarah\AppData\Local\Temp\ccya0c3K.s 			page 11


 473 0022 0B       		.uleb128 0xb
 474 0023 3E       		.uleb128 0x3e
 475 0024 0B       		.uleb128 0xb
 476 0025 03       		.uleb128 0x3
 477 0026 08       		.uleb128 0x8
 478 0027 00       		.byte	0
 479 0028 00       		.byte	0
 480 0029 04       		.uleb128 0x4
 481 002a 16       		.uleb128 0x16
 482 002b 00       		.byte	0
 483 002c 03       		.uleb128 0x3
 484 002d 0E       		.uleb128 0xe
 485 002e 3A       		.uleb128 0x3a
 486 002f 0B       		.uleb128 0xb
 487 0030 3B       		.uleb128 0x3b
 488 0031 05       		.uleb128 0x5
 489 0032 49       		.uleb128 0x49
 490 0033 13       		.uleb128 0x13
 491 0034 00       		.byte	0
 492 0035 00       		.byte	0
 493 0036 05       		.uleb128 0x5
 494 0037 04       		.uleb128 0x4
 495 0038 01       		.byte	0x1
 496 0039 0B       		.uleb128 0xb
 497 003a 0B       		.uleb128 0xb
 498 003b 3A       		.uleb128 0x3a
 499 003c 0B       		.uleb128 0xb
 500 003d 3B       		.uleb128 0x3b
 501 003e 05       		.uleb128 0x5
 502 003f 01       		.uleb128 0x1
 503 0040 13       		.uleb128 0x13
 504 0041 00       		.byte	0
 505 0042 00       		.byte	0
 506 0043 06       		.uleb128 0x6
 507 0044 28       		.uleb128 0x28
 508 0045 00       		.byte	0
 509 0046 03       		.uleb128 0x3
 510 0047 0E       		.uleb128 0xe
 511 0048 1C       		.uleb128 0x1c
 512 0049 0D       		.uleb128 0xd
 513 004a 00       		.byte	0
 514 004b 00       		.byte	0
 515 004c 07       		.uleb128 0x7
 516 004d 13       		.uleb128 0x13
 517 004e 01       		.byte	0x1
 518 004f 0B       		.uleb128 0xb
 519 0050 0B       		.uleb128 0xb
 520 0051 3A       		.uleb128 0x3a
 521 0052 0B       		.uleb128 0xb
 522 0053 3B       		.uleb128 0x3b
 523 0054 0B       		.uleb128 0xb
 524 0055 01       		.uleb128 0x1
 525 0056 13       		.uleb128 0x13
 526 0057 00       		.byte	0
 527 0058 00       		.byte	0
 528 0059 08       		.uleb128 0x8
 529 005a 0D       		.uleb128 0xd
ARM GAS  C:\Users\Sarah\AppData\Local\Temp\ccya0c3K.s 			page 12


 530 005b 00       		.byte	0
 531 005c 03       		.uleb128 0x3
 532 005d 0E       		.uleb128 0xe
 533 005e 3A       		.uleb128 0x3a
 534 005f 0B       		.uleb128 0xb
 535 0060 3B       		.uleb128 0x3b
 536 0061 0B       		.uleb128 0xb
 537 0062 49       		.uleb128 0x49
 538 0063 13       		.uleb128 0x13
 539 0064 38       		.uleb128 0x38
 540 0065 0B       		.uleb128 0xb
 541 0066 00       		.byte	0
 542 0067 00       		.byte	0
 543 0068 09       		.uleb128 0x9
 544 0069 01       		.uleb128 0x1
 545 006a 01       		.byte	0x1
 546 006b 49       		.uleb128 0x49
 547 006c 13       		.uleb128 0x13
 548 006d 01       		.uleb128 0x1
 549 006e 13       		.uleb128 0x13
 550 006f 00       		.byte	0
 551 0070 00       		.byte	0
 552 0071 0A       		.uleb128 0xa
 553 0072 21       		.uleb128 0x21
 554 0073 00       		.byte	0
 555 0074 49       		.uleb128 0x49
 556 0075 13       		.uleb128 0x13
 557 0076 2F       		.uleb128 0x2f
 558 0077 0B       		.uleb128 0xb
 559 0078 00       		.byte	0
 560 0079 00       		.byte	0
 561 007a 0B       		.uleb128 0xb
 562 007b 16       		.uleb128 0x16
 563 007c 00       		.byte	0
 564 007d 03       		.uleb128 0x3
 565 007e 0E       		.uleb128 0xe
 566 007f 3A       		.uleb128 0x3a
 567 0080 0B       		.uleb128 0xb
 568 0081 3B       		.uleb128 0x3b
 569 0082 0B       		.uleb128 0xb
 570 0083 49       		.uleb128 0x49
 571 0084 13       		.uleb128 0x13
 572 0085 00       		.byte	0
 573 0086 00       		.byte	0
 574 0087 0C       		.uleb128 0xc
 575 0088 2E       		.uleb128 0x2e
 576 0089 00       		.byte	0
 577 008a 3F       		.uleb128 0x3f
 578 008b 19       		.uleb128 0x19
 579 008c 03       		.uleb128 0x3
 580 008d 0E       		.uleb128 0xe
 581 008e 3A       		.uleb128 0x3a
 582 008f 0B       		.uleb128 0xb
 583 0090 3B       		.uleb128 0x3b
 584 0091 0B       		.uleb128 0xb
 585 0092 27       		.uleb128 0x27
 586 0093 19       		.uleb128 0x19
ARM GAS  C:\Users\Sarah\AppData\Local\Temp\ccya0c3K.s 			page 13


 587 0094 11       		.uleb128 0x11
 588 0095 01       		.uleb128 0x1
 589 0096 12       		.uleb128 0x12
 590 0097 06       		.uleb128 0x6
 591 0098 40       		.uleb128 0x40
 592 0099 18       		.uleb128 0x18
 593 009a 9742     		.uleb128 0x2117
 594 009c 19       		.uleb128 0x19
 595 009d 00       		.byte	0
 596 009e 00       		.byte	0
 597 009f 0D       		.uleb128 0xd
 598 00a0 34       		.uleb128 0x34
 599 00a1 00       		.byte	0
 600 00a2 03       		.uleb128 0x3
 601 00a3 0E       		.uleb128 0xe
 602 00a4 3A       		.uleb128 0x3a
 603 00a5 0B       		.uleb128 0xb
 604 00a6 3B       		.uleb128 0x3b
 605 00a7 0B       		.uleb128 0xb
 606 00a8 49       		.uleb128 0x49
 607 00a9 13       		.uleb128 0x13
 608 00aa 3F       		.uleb128 0x3f
 609 00ab 19       		.uleb128 0x19
 610 00ac 02       		.uleb128 0x2
 611 00ad 18       		.uleb128 0x18
 612 00ae 00       		.byte	0
 613 00af 00       		.byte	0
 614 00b0 0E       		.uleb128 0xe
 615 00b1 26       		.uleb128 0x26
 616 00b2 00       		.byte	0
 617 00b3 49       		.uleb128 0x49
 618 00b4 13       		.uleb128 0x13
 619 00b5 00       		.byte	0
 620 00b6 00       		.byte	0
 621 00b7 00       		.byte	0
 622              		.section	.debug_aranges,"",%progbits
 623 0000 1C000000 		.4byte	0x1c
 624 0004 0200     		.2byte	0x2
 625 0006 00000000 		.4byte	.Ldebug_info0
 626 000a 04       		.byte	0x4
 627 000b 00       		.byte	0
 628 000c 0000     		.2byte	0
 629 000e 0000     		.2byte	0
 630 0010 00000000 		.4byte	.LFB2
 631 0014 02000000 		.4byte	.LFE2-.LFB2
 632 0018 00000000 		.4byte	0
 633 001c 00000000 		.4byte	0
 634              		.section	.debug_ranges,"",%progbits
 635              	.Ldebug_ranges0:
 636 0000 00000000 		.4byte	.LFB2
 637 0004 02000000 		.4byte	.LFE2
 638 0008 00000000 		.4byte	0
 639 000c 00000000 		.4byte	0
 640              		.section	.debug_line,"",%progbits
 641              	.Ldebug_line0:
 642 0000 92000000 		.section	.debug_str,"MS",%progbits,1
 642      02007900 
ARM GAS  C:\Users\Sarah\AppData\Local\Temp\ccya0c3K.s 			page 14


 642      00000201 
 642      FB0E0D00 
 642      01010101 
 643              	.LASF22:
 644 0000 4359424C 		.ascii	"CYBLE_EVT_GAP_PASSKEY_ENTRY_REQUEST\000"
 644      455F4556 
 644      545F4741 
 644      505F5041 
 644      53534B45 
 645              	.LASF57:
 646 0024 4359424C 		.ascii	"CYBLE_EVT_GATTC_WRITE_RSP\000"
 646      455F4556 
 646      545F4741 
 646      5454435F 
 646      57524954 
 647              	.LASF19:
 648 003e 4359424C 		.ascii	"CYBLE_EVT_MEMORY_REQUEST\000"
 648      455F4556 
 648      545F4D45 
 648      4D4F5259 
 648      5F524551 
 649              	.LASF44:
 650 0057 4359424C 		.ascii	"CYBLE_EVT_GATTC_ERROR_RSP\000"
 650      455F4556 
 650      545F4741 
 650      5454435F 
 650      4552524F 
 651              	.LASF28:
 652 0071 4359424C 		.ascii	"CYBLE_EVT_GAP_DEVICE_DISCONNECTED\000"
 652      455F4556 
 652      545F4741 
 652      505F4445 
 652      56494345 
 653              	.LASF34:
 654 0093 4359424C 		.ascii	"CYBLE_EVT_GAP_KEYPRESS_NOTIFICATION\000"
 654      455F4556 
 654      545F4741 
 654      505F4B45 
 654      59505245 
 655              	.LASF2:
 656 00b7 73686F72 		.ascii	"short int\000"
 656      7420696E 
 656      7400
 657              	.LASF25:
 658 00c1 4359424C 		.ascii	"CYBLE_EVT_GAP_AUTH_FAILED\000"
 658      455F4556 
 658      545F4741 
 658      505F4155 
 658      54485F46 
 659              	.LASF46:
 660 00db 4359424C 		.ascii	"CYBLE_EVT_GATT_DISCONNECT_IND\000"
 660      455F4556 
 660      545F4741 
 660      54545F44 
 660      4953434F 
 661              	.LASF12:
 662 00f9 73697A65 		.ascii	"sizetype\000"
ARM GAS  C:\Users\Sarah\AppData\Local\Temp\ccya0c3K.s 			page 15


 662      74797065 
 662      00
 663              	.LASF36:
 664 0102 4359424C 		.ascii	"CYBLE_EVT_GAP_DATA_LENGTH_CHANGE\000"
 664      455F4556 
 664      545F4741 
 664      505F4441 
 664      54415F4C 
 665              	.LASF6:
 666 0123 6C6F6E67 		.ascii	"long long int\000"
 666      206C6F6E 
 666      6720696E 
 666      7400
 667              	.LASF90:
 668 0131 63757374 		.ascii	"customServHandle\000"
 668      6F6D5365 
 668      72764861 
 668      6E646C65 
 668      00
 669              	.LASF17:
 670 0142 4359424C 		.ascii	"CYBLE_EVT_HCI_STATUS\000"
 670      455F4556 
 670      545F4843 
 670      495F5354 
 670      41545553 
 671              	.LASF96:
 672 0157 4379426C 		.ascii	"CyBle_CustomInit\000"
 672      655F4375 
 672      73746F6D 
 672      496E6974 
 672      00
 673              	.LASF14:
 674 0168 4359424C 		.ascii	"CYBLE_EVT_STACK_ON\000"
 674      455F4556 
 674      545F5354 
 674      41434B5F 
 674      4F4E00
 675              	.LASF43:
 676 017b 4359424C 		.ascii	"CYBLE_EVT_GAP_SMP_LOC_P256_KEYS_GEN_AND_SET_COMPLET"
 676      455F4556 
 676      545F4741 
 676      505F534D 
 676      505F4C4F 
 677 01ae 4500     		.ascii	"E\000"
 678              	.LASF47:
 679 01b0 4359424C 		.ascii	"CYBLE_EVT_GATTS_XCNHG_MTU_REQ\000"
 679      455F4556 
 679      545F4741 
 679      5454535F 
 679      58434E48 
 680              	.LASF85:
 681 01ce 75696E74 		.ascii	"uint16\000"
 681      313600
 682              	.LASF88:
 683 01d5 63757374 		.ascii	"customServCharDesc\000"
 683      6F6D5365 
 683      72764368 
ARM GAS  C:\Users\Sarah\AppData\Local\Temp\ccya0c3K.s 			page 16


 683      61724465 
 683      736300
 684              	.LASF55:
 685 01e8 4359424C 		.ascii	"CYBLE_EVT_GATTC_READ_MULTI_RSP\000"
 685      455F4556 
 685      545F4741 
 685      5454435F 
 685      52454144 
 686              	.LASF64:
 687 0207 4359424C 		.ascii	"CYBLE_EVT_GATTS_HANDLE_VALUE_CNF\000"
 687      455F4556 
 687      545F4741 
 687      5454535F 
 687      48414E44 
 688              	.LASF13:
 689 0228 4359424C 		.ascii	"CYBLE_EVT_HOST_INVALID\000"
 689      455F4556 
 689      545F484F 
 689      53545F49 
 689      4E56414C 
 690              	.LASF72:
 691 023f 4359424C 		.ascii	"CYBLE_EVT_L2CAP_CBFC_CONN_IND\000"
 691      455F4556 
 691      545F4C32 
 691      4341505F 
 691      43424643 
 692              	.LASF75:
 693 025d 4359424C 		.ascii	"CYBLE_EVT_L2CAP_CBFC_DISCONN_CNF\000"
 693      455F4556 
 693      545F4C32 
 693      4341505F 
 693      43424643 
 694              	.LASF9:
 695 027e 666C6F61 		.ascii	"float\000"
 695      7400
 696              	.LASF53:
 697 0284 4359424C 		.ascii	"CYBLE_EVT_GATTC_READ_RSP\000"
 697      455F4556 
 697      545F4741 
 697      5454435F 
 697      52454144 
 698              	.LASF33:
 699 029d 4359424C 		.ascii	"CYBLE_EVT_GAP_NUMERIC_COMPARISON_REQUEST\000"
 699      455F4556 
 699      545F4741 
 699      505F4E55 
 699      4D455249 
 700              	.LASF94:
 701 02c6 47656E65 		.ascii	"Generated_Source\\PSoC4\\BLE_custom.c\000"
 701      72617465 
 701      645F536F 
 701      75726365 
 701      5C50536F 
 702              	.LASF7:
 703 02ea 6C6F6E67 		.ascii	"long long unsigned int\000"
 703      206C6F6E 
 703      6720756E 
ARM GAS  C:\Users\Sarah\AppData\Local\Temp\ccya0c3K.s 			page 17


 703      7369676E 
 703      65642069 
 704              	.LASF89:
 705 0301 4359424C 		.ascii	"CYBLE_CUSTOMS_INFO_T\000"
 705      455F4355 
 705      53544F4D 
 705      535F494E 
 705      464F5F54 
 706              	.LASF42:
 707 0316 4359424C 		.ascii	"CYBLE_EVT_GAP_AUTH_REQ_REPLY_ERR\000"
 707      455F4556 
 707      545F4741 
 707      505F4155 
 707      54485F52 
 708              	.LASF4:
 709 0337 6C6F6E67 		.ascii	"long int\000"
 709      20696E74 
 709      00
 710              	.LASF63:
 711 0340 4359424C 		.ascii	"CYBLE_EVT_GATTC_HANDLE_VALUE_IND\000"
 711      455F4556 
 711      545F4741 
 711      5454435F 
 711      48414E44 
 712              	.LASF27:
 713 0361 4359424C 		.ascii	"CYBLE_EVT_GAP_DEVICE_CONNECTED\000"
 713      455F4556 
 713      545F4741 
 713      505F4445 
 713      56494345 
 714              	.LASF26:
 715 0380 4359424C 		.ascii	"CYBLE_EVT_GAPP_ADVERTISEMENT_START_STOP\000"
 715      455F4556 
 715      545F4741 
 715      50505F41 
 715      44564552 
 716              	.LASF62:
 717 03a8 4359424C 		.ascii	"CYBLE_EVT_GATTC_HANDLE_VALUE_NTF\000"
 717      455F4556 
 717      545F4741 
 717      5454435F 
 717      48414E44 
 718              	.LASF18:
 719 03c9 4359424C 		.ascii	"CYBLE_EVT_STACK_BUSY_STATUS\000"
 719      455F4556 
 719      545F5354 
 719      41434B5F 
 719      42555359 
 720              	.LASF23:
 721 03e5 4359424C 		.ascii	"CYBLE_EVT_GAP_PASSKEY_DISPLAY_REQUEST\000"
 721      455F4556 
 721      545F4741 
 721      505F5041 
 721      53534B45 
 722              	.LASF92:
 723 040b 4359424C 		.ascii	"CYBLE_CUSTOMS_T\000"
 723      455F4355 
ARM GAS  C:\Users\Sarah\AppData\Local\Temp\ccya0c3K.s 			page 18


 723      53544F4D 
 723      535F5400 
 724              	.LASF73:
 725 041b 4359424C 		.ascii	"CYBLE_EVT_L2CAP_CBFC_CONN_CNF\000"
 725      455F4556 
 725      545F4C32 
 725      4341505F 
 725      43424643 
 726              	.LASF37:
 727 0439 4359424C 		.ascii	"CYBLE_EVT_GAP_ENHANCE_CONN_COMPLETE\000"
 727      455F4556 
 727      545F4741 
 727      505F454E 
 727      48414E43 
 728              	.LASF69:
 729 045d 4359424C 		.ascii	"CYBLE_EVT_L2CAP_CONN_PARAM_UPDATE_REQ\000"
 729      455F4556 
 729      545F4C32 
 729      4341505F 
 729      434F4E4E 
 730              	.LASF1:
 731 0483 756E7369 		.ascii	"unsigned char\000"
 731      676E6564 
 731      20636861 
 731      7200
 732              	.LASF91:
 733 0491 63757374 		.ascii	"customServInfo\000"
 733      6F6D5365 
 733      7276496E 
 733      666F00
 734              	.LASF59:
 735 04a0 4359424C 		.ascii	"CYBLE_EVT_GATTS_PREP_WRITE_REQ\000"
 735      455F4556 
 735      545F4741 
 735      5454535F 
 735      50524550 
 736              	.LASF81:
 737 04bf 4359424C 		.ascii	"CYBLE_EVT_LE_PING_AUTH_TIMEOUT\000"
 737      455F4556 
 737      545F4C45 
 737      5F50494E 
 737      475F4155 
 738              	.LASF51:
 739 04de 4359424C 		.ascii	"CYBLE_EVT_GATTC_FIND_INFO_RSP\000"
 739      455F4556 
 739      545F4741 
 739      5454435F 
 739      46494E44 
 740              	.LASF0:
 741 04fc 7369676E 		.ascii	"signed char\000"
 741      65642063 
 741      68617200 
 742              	.LASF56:
 743 0508 4359424C 		.ascii	"CYBLE_EVT_GATTS_WRITE_REQ\000"
 743      455F4556 
 743      545F4741 
 743      5454535F 
ARM GAS  C:\Users\Sarah\AppData\Local\Temp\ccya0c3K.s 			page 19


 743      57524954 
 744              	.LASF52:
 745 0522 4359424C 		.ascii	"CYBLE_EVT_GATTC_FIND_BY_TYPE_VALUE_RSP\000"
 745      455F4556 
 745      545F4741 
 745      5454435F 
 745      46494E44 
 746              	.LASF24:
 747 0549 4359424C 		.ascii	"CYBLE_EVT_GAP_AUTH_COMPLETE\000"
 747      455F4556 
 747      545F4741 
 747      505F4155 
 747      54485F43 
 748              	.LASF8:
 749 0565 756E7369 		.ascii	"unsigned int\000"
 749      676E6564 
 749      20696E74 
 749      00
 750              	.LASF45:
 751 0572 4359424C 		.ascii	"CYBLE_EVT_GATT_CONNECT_IND\000"
 751      455F4556 
 751      545F4741 
 751      54545F43 
 751      4F4E4E45 
 752              	.LASF5:
 753 058d 6C6F6E67 		.ascii	"long unsigned int\000"
 753      20756E73 
 753      69676E65 
 753      6420696E 
 753      7400
 754              	.LASF21:
 755 059f 4359424C 		.ascii	"CYBLE_EVT_GAP_AUTH_REQ\000"
 755      455F4556 
 755      545F4741 
 755      505F4155 
 755      54485F52 
 756              	.LASF74:
 757 05b6 4359424C 		.ascii	"CYBLE_EVT_L2CAP_CBFC_DISCONN_IND\000"
 757      455F4556 
 757      545F4C32 
 757      4341505F 
 757      43424643 
 758              	.LASF29:
 759 05d7 4359424C 		.ascii	"CYBLE_EVT_GAP_ENCRYPT_CHANGE\000"
 759      455F4556 
 759      545F4741 
 759      505F454E 
 759      43525950 
 760              	.LASF40:
 761 05f4 4359424C 		.ascii	"CYBLE_EVT_GAP_CONN_ESTB\000"
 761      455F4556 
 761      545F4741 
 761      505F434F 
 761      4E4E5F45 
 762              	.LASF68:
 763 060c 4359424C 		.ascii	"CYBLE_EVT_GATTC_LONG_PROCEDURE_END\000"
 763      455F4556 
ARM GAS  C:\Users\Sarah\AppData\Local\Temp\ccya0c3K.s 			page 20


 763      545F4741 
 763      5454435F 
 763      4C4F4E47 
 764              	.LASF32:
 765 062f 4359424C 		.ascii	"CYBLE_EVT_GAP_KEYINFO_EXCHNGE_CMPLT\000"
 765      455F4556 
 765      545F4741 
 765      505F4B45 
 765      59494E46 
 766              	.LASF83:
 767 0653 4359424C 		.ascii	"CYBLE_EVT_FLASH_CORRUPT\000"
 767      455F4556 
 767      545F464C 
 767      4153485F 
 767      434F5252 
 768              	.LASF30:
 769 066b 4359424C 		.ascii	"CYBLE_EVT_GAP_CONNECTION_UPDATE_COMPLETE\000"
 769      455F4556 
 769      545F4741 
 769      505F434F 
 769      4E4E4543 
 770              	.LASF39:
 771 0694 4359424C 		.ascii	"CYBLE_EVT_GAP_SMP_NEGOTIATED_AUTH_INFO\000"
 771      455F4556 
 771      545F4741 
 771      505F534D 
 771      505F4E45 
 772              	.LASF11:
 773 06bb 63686172 		.ascii	"char\000"
 773      00
 774              	.LASF71:
 775 06c0 4359424C 		.ascii	"CYBLE_EVT_L2CAP_COMMAND_REJ\000"
 775      455F4556 
 775      545F4C32 
 775      4341505F 
 775      434F4D4D 
 776              	.LASF3:
 777 06dc 73686F72 		.ascii	"short unsigned int\000"
 777      7420756E 
 777      7369676E 
 777      65642069 
 777      6E7400
 778              	.LASF38:
 779 06ef 4359424C 		.ascii	"CYBLE_EVT_GAPC_DIRECT_ADV_REPORT\000"
 779      455F4556 
 779      545F4741 
 779      50435F44 
 779      49524543 
 780              	.LASF95:
 781 0710 433A5C55 		.ascii	"C:\\Users\\Sarah\\Documents\\DVCS\\bleapp-master\\b"
 781      73657273 
 781      5C536172 
 781      61685C44 
 781      6F63756D 
 782 073d 6C656170 		.ascii	"leapp-master\\PSoC_Creator\\capsenseled\\VentBLE.cy"
 782      702D6D61 
 782      73746572 
ARM GAS  C:\Users\Sarah\AppData\Local\Temp\ccya0c3K.s 			page 21


 782      5C50536F 
 782      435F4372 
 783 076d 64736E00 		.ascii	"dsn\000"
 784              	.LASF54:
 785 0771 4359424C 		.ascii	"CYBLE_EVT_GATTC_READ_BLOB_RSP\000"
 785      455F4556 
 785      545F4741 
 785      5454435F 
 785      52454144 
 786              	.LASF61:
 787 078f 4359424C 		.ascii	"CYBLE_EVT_GATTC_EXEC_WRITE_RSP\000"
 787      455F4556 
 787      545F4741 
 787      5454435F 
 787      45584543 
 788              	.LASF31:
 789 07ae 4359424C 		.ascii	"CYBLE_EVT_GAPC_SCAN_START_STOP\000"
 789      455F4556 
 789      545F4741 
 789      50435F53 
 789      43414E5F 
 790              	.LASF80:
 791 07cd 4359424C 		.ascii	"CYBLE_EVT_PENDING_FLASH_WRITE\000"
 791      455F4556 
 791      545F5045 
 791      4E44494E 
 791      475F464C 
 792              	.LASF77:
 793 07eb 4359424C 		.ascii	"CYBLE_EVT_L2CAP_CBFC_RX_CREDIT_IND\000"
 793      455F4556 
 793      545F4C32 
 793      4341505F 
 793      43424643 
 794              	.LASF10:
 795 080e 646F7562 		.ascii	"double\000"
 795      6C6500
 796              	.LASF78:
 797 0815 4359424C 		.ascii	"CYBLE_EVT_L2CAP_CBFC_TX_CREDIT_IND\000"
 797      455F4556 
 797      545F4C32 
 797      4341505F 
 797      43424643 
 798              	.LASF87:
 799 0838 63757374 		.ascii	"customServCharHandle\000"
 799      6F6D5365 
 799      72764368 
 799      61724861 
 799      6E646C65 
 800              	.LASF41:
 801 084d 4359424C 		.ascii	"CYBLE_EVT_GAP_SCAN_REQ_RECVD\000"
 801      455F4556 
 801      545F4741 
 801      505F5343 
 801      414E5F52 
 802              	.LASF16:
 803 086a 4359424C 		.ascii	"CYBLE_EVT_HARDWARE_ERROR\000"
 803      455F4556 
ARM GAS  C:\Users\Sarah\AppData\Local\Temp\ccya0c3K.s 			page 22


 803      545F4841 
 803      52445741 
 803      52455F45 
 804              	.LASF76:
 805 0883 4359424C 		.ascii	"CYBLE_EVT_L2CAP_CBFC_DATA_READ\000"
 805      455F4556 
 805      545F4C32 
 805      4341505F 
 805      43424643 
 806              	.LASF70:
 807 08a2 4359424C 		.ascii	"CYBLE_EVT_L2CAP_CONN_PARAM_UPDATE_RSP\000"
 807      455F4556 
 807      545F4C32 
 807      4341505F 
 807      434F4E4E 
 808              	.LASF20:
 809 08c8 4359424C 		.ascii	"CYBLE_EVT_GAPC_SCAN_PROGRESS_RESULT\000"
 809      455F4556 
 809      545F4741 
 809      50435F53 
 809      43414E5F 
 810              	.LASF49:
 811 08ec 4359424C 		.ascii	"CYBLE_EVT_GATTC_READ_BY_GROUP_TYPE_RSP\000"
 811      455F4556 
 811      545F4741 
 811      5454435F 
 811      52454144 
 812              	.LASF58:
 813 0913 4359424C 		.ascii	"CYBLE_EVT_GATTS_WRITE_CMD_REQ\000"
 813      455F4556 
 813      545F4741 
 813      5454535F 
 813      57524954 
 814              	.LASF50:
 815 0931 4359424C 		.ascii	"CYBLE_EVT_GATTC_READ_BY_TYPE_RSP\000"
 815      455F4556 
 815      545F4741 
 815      5454435F 
 815      52454144 
 816              	.LASF48:
 817 0952 4359424C 		.ascii	"CYBLE_EVT_GATTC_XCHNG_MTU_RSP\000"
 817      455F4556 
 817      545F4741 
 817      5454435F 
 817      5843484E 
 818              	.LASF79:
 819 0970 4359424C 		.ascii	"CYBLE_EVT_L2CAP_CBFC_DATA_WRITE_IND\000"
 819      455F4556 
 819      545F4C32 
 819      4341505F 
 819      43424643 
 820              	.LASF15:
 821 0994 4359424C 		.ascii	"CYBLE_EVT_TIMEOUT\000"
 821      455F4556 
 821      545F5449 
 821      4D454F55 
 821      5400
ARM GAS  C:\Users\Sarah\AppData\Local\Temp\ccya0c3K.s 			page 23


 822              	.LASF84:
 823 09a6 4359424C 		.ascii	"CYBLE_EVT_MAX\000"
 823      455F4556 
 823      545F4D41 
 823      5800
 824              	.LASF67:
 825 09b4 4359424C 		.ascii	"CYBLE_EVT_GATTS_READ_CHAR_VAL_ACCESS_REQ\000"
 825      455F4556 
 825      545F4741 
 825      5454535F 
 825      52454144 
 826              	.LASF66:
 827 09dd 4359424C 		.ascii	"CYBLE_EVT_GATTC_STOP_CMD_COMPLETE\000"
 827      455F4556 
 827      545F4741 
 827      5454435F 
 827      53544F50 
 828              	.LASF93:
 829 09ff 474E5520 		.ascii	"GNU C 4.9.3 20150303 (release) [ARM/embedded-4_9-br"
 829      4320342E 
 829      392E3320 
 829      32303135 
 829      30333033 
 830 0a32 616E6368 		.ascii	"anch revision 221220] -mcpu=cortex-m0 -mthumb -g -O"
 830      20726576 
 830      6973696F 
 830      6E203232 
 830      31323230 
 831 0a65 67202D66 		.ascii	"g -ffunction-sections -ffat-lto-objects\000"
 831      66756E63 
 831      74696F6E 
 831      2D736563 
 831      74696F6E 
 832              	.LASF60:
 833 0a8d 4359424C 		.ascii	"CYBLE_EVT_GATTS_EXEC_WRITE_REQ\000"
 833      455F4556 
 833      545F4741 
 833      5454535F 
 833      45584543 
 834              	.LASF86:
 835 0aac 4359424C 		.ascii	"CYBLE_GATT_DB_ATTR_HANDLE_T\000"
 835      455F4741 
 835      54545F44 
 835      425F4154 
 835      54525F48 
 836              	.LASF97:
 837 0ac8 6379426C 		.ascii	"cyBle_customs\000"
 837      655F6375 
 837      73746F6D 
 837      7300
 838              	.LASF65:
 839 0ad6 4359424C 		.ascii	"CYBLE_EVT_GATTS_DATA_SIGNED_CMD_REQ\000"
 839      455F4556 
 839      545F4741 
 839      5454535F 
 839      44415441 
 840              	.LASF82:
ARM GAS  C:\Users\Sarah\AppData\Local\Temp\ccya0c3K.s 			page 24


 841 0afa 4359424C 		.ascii	"CYBLE_EVT_HCI_PKT\000"
 841      455F4556 
 841      545F4843 
 841      495F504B 
 841      5400
 842              	.LASF35:
 843 0b0c 4359424C 		.ascii	"CYBLE_EVT_GAP_OOB_GENERATED_NOTIFICATION\000"
 843      455F4556 
 843      545F4741 
 843      505F4F4F 
 843      425F4745 
 844              		.ident	"GCC: (GNU Tools for ARM Embedded Processors) 4.9.3 20150303 (release) [ARM/embedded-4_9-br
