ARM GAS  C:\Users\Sarah\AppData\Local\Temp\ccWUFBfW.s 			page 1


   1              		.cpu cortex-m0
   2              		.fpu softvfp
   3              		.eabi_attribute 20, 1
   4              		.eabi_attribute 21, 1
   5              		.eabi_attribute 23, 3
   6              		.eabi_attribute 24, 1
   7              		.eabi_attribute 25, 1
   8              		.eabi_attribute 26, 1
   9              		.eabi_attribute 30, 1
  10              		.eabi_attribute 34, 0
  11              		.eabi_attribute 18, 4
  12              		.code	16
  13              		.file	"main.c"
  14              		.text
  15              	.Ltext0:
  16              		.cfi_sections	.debug_frame
  17              		.section	.text.Stack_Handler,"ax",%progbits
  18              		.align	2
  19              		.global	Stack_Handler
  20              		.code	16
  21              		.thumb_func
  22              		.type	Stack_Handler, %function
  23              	Stack_Handler:
  24              	.LFB37:
  25              		.file 1 "main.c"
   1:main.c        **** /* ========================================
   2:main.c        ****  *
   3:main.c        ****  * Copyright YOUR COMPANY, THE YEAR
   4:main.c        ****  * All Rights Reserved
   5:main.c        ****  * UNPUBLISHED, LICENSED SOFTWARE.
   6:main.c        ****  *
   7:main.c        ****  * CONFIDENTIAL AND PROPRIETARY INFORMATION
   8:main.c        ****  * WHICH IS THE PROPERTY OF your company.
   9:main.c        ****  *
  10:main.c        ****  * ========================================
  11:main.c        **** */
  12:main.c        **** #include "project.h"
  13:main.c        **** 
  14:main.c        **** CYBLE_CONN_HANDLE_T connectionHandle;
  15:main.c        **** 
  16:main.c        **** void Stack_Handler( uint32 eventCode, void * eventParam)
  17:main.c        **** {
  26              		.loc 1 17 0
  27              		.cfi_startproc
  28              	.LVL0:
  29 0000 10B5     		push	{r4, lr}
  30              		.cfi_def_cfa_offset 8
  31              		.cfi_offset 4, -8
  32              		.cfi_offset 14, -4
  33 0002 0C1C     		mov	r4, r1
  18:main.c        ****     
  19:main.c        ****     CYBLE_GATTS_WRITE_CMD_REQ_PARAM_T* wrReq;
  20:main.c        ****     
  21:main.c        ****     switch (eventCode)
  34              		.loc 1 21 0
  35 0004 2828     		cmp	r0, #40
  36 0006 08D0     		beq	.L3
ARM GAS  C:\Users\Sarah\AppData\Local\Temp\ccWUFBfW.s 			page 2


  37 0008 02D8     		bhi	.L4
  38 000a 0128     		cmp	r0, #1
  39 000c 05D0     		beq	.L3
  40 000e 27E0     		b	.L1
  41              	.L4:
  42 0010 4128     		cmp	r0, #65
  43 0012 09D0     		beq	.L5
  44 0014 4C28     		cmp	r0, #76
  45 0016 0FD0     		beq	.L6
  46 0018 22E0     		b	.L1
  47              	.L3:
  22:main.c        ****     {
  23:main.c        ****         case CYBLE_EVT_STACK_ON:
  24:main.c        ****         case CYBLE_EVT_GAP_DEVICE_DISCONNECTED:
  25:main.c        ****             CyBle_GappStartAdvertisement(CYBLE_ADVERTISING_FAST);
  48              		.loc 1 25 0
  49 001a 0020     		mov	r0, #0
  50              	.LVL1:
  51 001c FFF7FEFF 		bl	CyBle_GappStartAdvertisement
  52              	.LVL2:
  26:main.c        ****             LED_Scan_Write(1);
  53              		.loc 1 26 0
  54 0020 0120     		mov	r0, #1
  55 0022 FFF7FEFF 		bl	LED_Scan_Write
  56              	.LVL3:
  27:main.c        ****             break;
  57              		.loc 1 27 0
  58 0026 1BE0     		b	.L1
  59              	.LVL4:
  60              	.L5:
  28:main.c        ****         case CYBLE_EVT_GATT_CONNECT_IND:
  29:main.c        ****             connectionHandle = *(CYBLE_CONN_HANDLE_T *)eventParam;
  61              		.loc 1 29 0
  62 0028 0E48     		ldr	r0, .L8
  63              	.LVL5:
  64 002a 0222     		mov	r2, #2
  65 002c FFF7FEFF 		bl	memcpy
  66              	.LVL6:
  30:main.c        ****             LED_Scan_Write(0);
  67              		.loc 1 30 0
  68 0030 0020     		mov	r0, #0
  69 0032 FFF7FEFF 		bl	LED_Scan_Write
  70              	.LVL7:
  31:main.c        ****             break;
  71              		.loc 1 31 0
  72 0036 13E0     		b	.L1
  73              	.LVL8:
  74              	.L6:
  32:main.c        ****         case CYBLE_EVT_GATTS_WRITE_REQ:
  33:main.c        ****             wrReq = (CYBLE_GATTS_WRITE_REQ_PARAM_T*)eventParam;
  34:main.c        ****             if (wrReq->handleValPair.attrHandle == CYBLE_VENTSERVICE_LED_CHAR_HANDLE)
  75              		.loc 1 34 0
  76 0038 8B89     		ldrh	r3, [r1, #12]
  77 003a 122B     		cmp	r3, #18
  78 003c 09D1     		bne	.L7
  35:main.c        ****             {
  36:main.c        ****                 CyBle_GattsWriteAttributeValue (&wrReq->handleValPair, 0, &connectionHandle, CYBLE_
ARM GAS  C:\Users\Sarah\AppData\Local\Temp\ccWUFBfW.s 			page 3


  79              		.loc 1 36 0
  80 003e 081D     		add	r0, r1, #4
  81              	.LVL9:
  82 0040 0021     		mov	r1, #0
  83              	.LVL10:
  84 0042 084A     		ldr	r2, .L8
  85 0044 0023     		mov	r3, #0
  86 0046 FFF7FEFF 		bl	CyBle_GattsWriteAttributeValue
  87              	.LVL11:
  37:main.c        ****                 LED_Conf_Write(wrReq->handleValPair.value.val[0]);
  88              		.loc 1 37 0
  89 004a 6368     		ldr	r3, [r4, #4]
  90 004c 1878     		ldrb	r0, [r3]
  91 004e FFF7FEFF 		bl	LED_Conf_Write
  92              	.LVL12:
  93              	.L7:
  38:main.c        ****             }
  39:main.c        ****             CyBle_GattsWriteRsp(connectionHandle);
  94              		.loc 1 39 0
  95 0052 044A     		ldr	r2, .L8
  96 0054 1378     		ldrb	r3, [r2]
  97 0056 5078     		ldrb	r0, [r2, #1]
  98 0058 0002     		lsl	r0, r0, #8
  99 005a 1843     		orr	r0, r3
 100 005c FFF7FEFF 		bl	CyBle_GattsWriteRsp
 101              	.LVL13:
 102              	.L1:
  40:main.c        ****             break;
  41:main.c        ****         
  42:main.c        ****         
  43:main.c        ****     }
  44:main.c        **** }
 103              		.loc 1 44 0
 104              		@ sp needed
 105              	.LVL14:
 106 0060 10BD     		pop	{r4, pc}
 107              	.L9:
 108 0062 C046     		.align	2
 109              	.L8:
 110 0064 00000000 		.word	connectionHandle
 111              		.cfi_endproc
 112              	.LFE37:
 113              		.size	Stack_Handler, .-Stack_Handler
 114              		.section	.text.main,"ax",%progbits
 115              		.align	2
 116              		.global	main
 117              		.code	16
 118              		.thumb_func
 119              		.type	main, %function
 120              	main:
 121              	.LFB38:
  45:main.c        **** 
  46:main.c        **** int main(void)
  47:main.c        **** {
 122              		.loc 1 47 0
 123              		.cfi_startproc
 124 0000 08B5     		push	{r3, lr}
ARM GAS  C:\Users\Sarah\AppData\Local\Temp\ccWUFBfW.s 			page 4


 125              		.cfi_def_cfa_offset 8
 126              		.cfi_offset 3, -8
 127              		.cfi_offset 14, -4
  48:main.c        ****     CyGlobalIntEnable; /* Enable global interrupts. */
 128              		.loc 1 48 0
 129              	@ 48 "main.c" 1
 130 0002 62B6     		CPSIE   i
 131              	@ 0 "" 2
  49:main.c        **** 
  50:main.c        ****     /* Place your initialization/startup code here (e.g. MyInst_Start()) */
  51:main.c        **** 
  52:main.c        ****     CyBle_Start( Stack_Handler );
 132              		.loc 1 52 0
 133              		.code	16
 134 0004 0548     		ldr	r0, .L12
 135 0006 FFF7FEFF 		bl	CyBle_Start
 136              	.LVL15:
  53:main.c        ****     LED_Conf_Write(0);
 137              		.loc 1 53 0
 138 000a 0020     		mov	r0, #0
 139 000c FFF7FEFF 		bl	LED_Conf_Write
 140              	.LVL16:
  54:main.c        ****     LED_Scan_Write(1);
 141              		.loc 1 54 0
 142 0010 0120     		mov	r0, #1
 143 0012 FFF7FEFF 		bl	LED_Scan_Write
 144              	.LVL17:
 145              	.L11:
  55:main.c        ****     
  56:main.c        ****     for(;;)
  57:main.c        ****     {
  58:main.c        ****         CyBle_ProcessEvents();
 146              		.loc 1 58 0 discriminator 1
 147 0016 FFF7FEFF 		bl	CyBle_ProcessEvents
 148              	.LVL18:
  59:main.c        ****     }
 149              		.loc 1 59 0 discriminator 1
 150 001a FCE7     		b	.L11
 151              	.L13:
 152              		.align	2
 153              	.L12:
 154 001c 00000000 		.word	Stack_Handler
 155              		.cfi_endproc
 156              	.LFE38:
 157              		.size	main, .-main
 158              		.comm	connectionHandle,2,4
 159              		.text
 160              	.Letext0:
 161              		.file 2 "Generated_Source\\PSoC4/cytypes.h"
 162              		.file 3 "Generated_Source\\PSoC4/BLE_Stack.h"
 163              		.file 4 "Generated_Source\\PSoC4/BLE_StackGatt.h"
 164              		.file 5 "Generated_Source\\PSoC4/BLE_StackGattServer.h"
 165              		.file 6 "Generated_Source\\PSoC4/BLE.h"
 166              		.file 7 "Generated_Source\\PSoC4/BLE_StackGattDb.h"
 167              		.file 8 "Generated_Source\\PSoC4/LED_Scan.h"
 168              		.file 9 "Generated_Source\\PSoC4/LED_Conf.h"
 169              		.section	.debug_info,"",%progbits
ARM GAS  C:\Users\Sarah\AppData\Local\Temp\ccWUFBfW.s 			page 5


 170              	.Ldebug_info0:
 171 0000 95070000 		.4byte	0x795
 172 0004 0400     		.2byte	0x4
 173 0006 00000000 		.4byte	.Ldebug_abbrev0
 174 000a 04       		.byte	0x4
 175 000b 01       		.uleb128 0x1
 176 000c 870E0000 		.4byte	.LASF185
 177 0010 01       		.byte	0x1
 178 0011 A5090000 		.4byte	.LASF186
 179 0015 46120000 		.4byte	.LASF187
 180 0019 00000000 		.4byte	.Ldebug_ranges0+0
 181 001d 00000000 		.4byte	0
 182 0021 00000000 		.4byte	.Ldebug_line0
 183 0025 02       		.uleb128 0x2
 184 0026 01       		.byte	0x1
 185 0027 06       		.byte	0x6
 186 0028 05040000 		.4byte	.LASF0
 187 002c 02       		.uleb128 0x2
 188 002d 01       		.byte	0x1
 189 002e 08       		.byte	0x8
 190 002f FF0D0000 		.4byte	.LASF1
 191 0033 02       		.uleb128 0x2
 192 0034 02       		.byte	0x2
 193 0035 05       		.byte	0x5
 194 0036 150F0000 		.4byte	.LASF2
 195 003a 02       		.uleb128 0x2
 196 003b 02       		.byte	0x2
 197 003c 07       		.byte	0x7
 198 003d ED120000 		.4byte	.LASF3
 199 0041 02       		.uleb128 0x2
 200 0042 04       		.byte	0x4
 201 0043 05       		.byte	0x5
 202 0044 96020000 		.4byte	.LASF4
 203 0048 02       		.uleb128 0x2
 204 0049 04       		.byte	0x4
 205 004a 07       		.byte	0x7
 206 004b DE070000 		.4byte	.LASF5
 207 004f 02       		.uleb128 0x2
 208 0050 08       		.byte	0x8
 209 0051 05       		.byte	0x5
 210 0052 F7030000 		.4byte	.LASF6
 211 0056 02       		.uleb128 0x2
 212 0057 08       		.byte	0x8
 213 0058 07       		.byte	0x7
 214 0059 D1060000 		.4byte	.LASF7
 215 005d 03       		.uleb128 0x3
 216 005e 04       		.byte	0x4
 217 005f 05       		.byte	0x5
 218 0060 696E7400 		.ascii	"int\000"
 219 0064 02       		.uleb128 0x2
 220 0065 04       		.byte	0x4
 221 0066 07       		.byte	0x7
 222 0067 4B110000 		.4byte	.LASF8
 223 006b 04       		.uleb128 0x4
 224 006c 42050000 		.4byte	.LASF9
 225 0070 02       		.byte	0x2
 226 0071 B901     		.2byte	0x1b9
ARM GAS  C:\Users\Sarah\AppData\Local\Temp\ccWUFBfW.s 			page 6


 227 0073 2C000000 		.4byte	0x2c
 228 0077 04       		.uleb128 0x4
 229 0078 3F000000 		.4byte	.LASF10
 230 007c 02       		.byte	0x2
 231 007d BA01     		.2byte	0x1ba
 232 007f 3A000000 		.4byte	0x3a
 233 0083 04       		.uleb128 0x4
 234 0084 E1050000 		.4byte	.LASF11
 235 0088 02       		.byte	0x2
 236 0089 BB01     		.2byte	0x1bb
 237 008b 48000000 		.4byte	0x48
 238 008f 02       		.uleb128 0x2
 239 0090 04       		.byte	0x4
 240 0091 04       		.byte	0x4
 241 0092 5B0D0000 		.4byte	.LASF12
 242 0096 02       		.uleb128 0x2
 243 0097 08       		.byte	0x8
 244 0098 04       		.byte	0x4
 245 0099 67050000 		.4byte	.LASF13
 246 009d 02       		.uleb128 0x2
 247 009e 01       		.byte	0x1
 248 009f 08       		.byte	0x8
 249 00a0 D0100000 		.4byte	.LASF14
 250 00a4 02       		.uleb128 0x2
 251 00a5 04       		.byte	0x4
 252 00a6 07       		.byte	0x7
 253 00a7 5F0B0000 		.4byte	.LASF15
 254 00ab 05       		.uleb128 0x5
 255 00ac 04       		.byte	0x4
 256 00ad 06       		.uleb128 0x6
 257 00ae 04       		.byte	0x4
 258 00af B3000000 		.4byte	0xb3
 259 00b3 07       		.uleb128 0x7
 260 00b4 C3000000 		.4byte	0xc3
 261 00b8 08       		.uleb128 0x8
 262 00b9 83000000 		.4byte	0x83
 263 00bd 08       		.uleb128 0x8
 264 00be AB000000 		.4byte	0xab
 265 00c2 00       		.byte	0
 266 00c3 09       		.uleb128 0x9
 267 00c4 01       		.byte	0x1
 268 00c5 03       		.byte	0x3
 269 00c6 4D01     		.2byte	0x14d
 270 00c8 A6020000 		.4byte	0x2a6
 271 00cc 0A       		.uleb128 0xa
 272 00cd F0080000 		.4byte	.LASF16
 273 00d1 00       		.sleb128 0
 274 00d2 0A       		.uleb128 0xa
 275 00d3 11040000 		.4byte	.LASF17
 276 00d7 01       		.sleb128 1
 277 00d8 0A       		.uleb128 0xa
 278 00d9 84020000 		.4byte	.LASF18
 279 00dd 02       		.sleb128 2
 280 00de 0A       		.uleb128 0xa
 281 00df D4120000 		.4byte	.LASF19
 282 00e3 03       		.sleb128 3
 283 00e4 0A       		.uleb128 0xa
ARM GAS  C:\Users\Sarah\AppData\Local\Temp\ccWUFBfW.s 			page 7


 284 00e5 F4020000 		.4byte	.LASF20
 285 00e9 04       		.sleb128 4
 286 00ea 0A       		.uleb128 0xa
 287 00eb 23000000 		.4byte	.LASF21
 288 00ef 05       		.sleb128 5
 289 00f0 0A       		.uleb128 0xa
 290 00f1 25090000 		.4byte	.LASF22
 291 00f5 06       		.sleb128 6
 292 00f6 0A       		.uleb128 0xa
 293 00f7 A90A0000 		.4byte	.LASF23
 294 00fb 20       		.sleb128 32
 295 00fc 0A       		.uleb128 0xa
 296 00fd 6D040000 		.4byte	.LASF24
 297 0101 21       		.sleb128 33
 298 0102 0A       		.uleb128 0xa
 299 0103 62090000 		.4byte	.LASF25
 300 0107 22       		.sleb128 34
 301 0108 0A       		.uleb128 0xa
 302 0109 0F0A0000 		.4byte	.LASF26
 303 010d 23       		.sleb128 35
 304 010e 0A       		.uleb128 0xa
 305 010f 680C0000 		.4byte	.LASF27
 306 0113 24       		.sleb128 36
 307 0114 0A       		.uleb128 0xa
 308 0115 AB0B0000 		.4byte	.LASF28
 309 0119 25       		.sleb128 37
 310 011a 0A       		.uleb128 0xa
 311 011b F0040000 		.4byte	.LASF29
 312 011f 26       		.sleb128 38
 313 0120 0A       		.uleb128 0xa
 314 0121 86090000 		.4byte	.LASF30
 315 0125 27       		.sleb128 39
 316 0126 0A       		.uleb128 0xa
 317 0127 29110000 		.4byte	.LASF31
 318 012b 28       		.sleb128 40
 319 012c 0A       		.uleb128 0xa
 320 012d F40F0000 		.4byte	.LASF32
 321 0131 29       		.sleb128 41
 322 0132 0A       		.uleb128 0xa
 323 0133 4A010000 		.4byte	.LASF33
 324 0137 2A       		.sleb128 42
 325 0138 0A       		.uleb128 0xa
 326 0139 C7010000 		.4byte	.LASF34
 327 013d 2B       		.sleb128 43
 328 013e 0A       		.uleb128 0xa
 329 013f E6140000 		.4byte	.LASF35
 330 0143 2C       		.sleb128 44
 331 0144 0A       		.uleb128 0xa
 332 0145 7E030000 		.4byte	.LASF36
 333 0149 2D       		.sleb128 45
 334 014a 0A       		.uleb128 0xa
 335 014b 130E0000 		.4byte	.LASF37
 336 014f 2E       		.sleb128 46
 337 0150 0A       		.uleb128 0xa
 338 0151 E6010000 		.4byte	.LASF38
 339 0155 2F       		.sleb128 47
 340 0156 0A       		.uleb128 0xa
ARM GAS  C:\Users\Sarah\AppData\Local\Temp\ccWUFBfW.s 			page 8


 341 0157 000C0000 		.4byte	.LASF39
 342 015b 30       		.sleb128 48
 343 015c 0A       		.uleb128 0xa
 344 015d 5C150000 		.4byte	.LASF40
 345 0161 31       		.sleb128 49
 346 0162 0A       		.uleb128 0xa
 347 0163 DF0B0000 		.4byte	.LASF41
 348 0167 32       		.sleb128 50
 349 0168 0A       		.uleb128 0xa
 350 0169 5C100000 		.4byte	.LASF42
 351 016d 33       		.sleb128 51
 352 016e 0A       		.uleb128 0xa
 353 016f F0070000 		.4byte	.LASF43
 354 0173 34       		.sleb128 52
 355 0174 0A       		.uleb128 0xa
 356 0175 210C0000 		.4byte	.LASF44
 357 0179 35       		.sleb128 53
 358 017a 0A       		.uleb128 0xa
 359 017b AC090000 		.4byte	.LASF45
 360 017f 36       		.sleb128 54
 361 0180 0A       		.uleb128 0xa
 362 0181 E10A0000 		.4byte	.LASF46
 363 0185 37       		.sleb128 55
 364 0186 0A       		.uleb128 0xa
 365 0187 00130000 		.4byte	.LASF47
 366 018b C000     		.sleb128 64
 367 018d 0A       		.uleb128 0xa
 368 018e 350A0000 		.4byte	.LASF48
 369 0192 C100     		.sleb128 65
 370 0194 0A       		.uleb128 0xa
 371 0195 9C150000 		.4byte	.LASF49
 372 0199 C200     		.sleb128 66
 373 019b 0A       		.uleb128 0xa
 374 019c CE130000 		.4byte	.LASF50
 375 01a0 C300     		.sleb128 67
 376 01a2 0A       		.uleb128 0xa
 377 01a3 45080000 		.4byte	.LASF51
 378 01a7 C400     		.sleb128 68
 379 01a9 0A       		.uleb128 0xa
 380 01aa 340D0000 		.4byte	.LASF52
 381 01ae C500     		.sleb128 69
 382 01b0 0A       		.uleb128 0xa
 383 01b1 3E0B0000 		.4byte	.LASF53
 384 01b5 C600     		.sleb128 70
 385 01b7 0A       		.uleb128 0xa
 386 01b8 07090000 		.4byte	.LASF54
 387 01bc C700     		.sleb128 71
 388 01be 0A       		.uleb128 0xa
 389 01bf AA140000 		.4byte	.LASF55
 390 01c3 C800     		.sleb128 72
 391 01c5 0A       		.uleb128 0xa
 392 01c6 84040000 		.4byte	.LASF56
 393 01ca C900     		.sleb128 73
 394 01cc 0A       		.uleb128 0xa
 395 01cd 1A140000 		.4byte	.LASF57
 396 01d1 CA00     		.sleb128 74
 397 01d3 0A       		.uleb128 0xa
ARM GAS  C:\Users\Sarah\AppData\Local\Temp\ccWUFBfW.s 			page 9


 398 01d4 0F020000 		.4byte	.LASF58
 399 01d8 CB00     		.sleb128 75
 400 01da 0A       		.uleb128 0xa
 401 01db 2B080000 		.4byte	.LASF59
 402 01df CC00     		.sleb128 76
 403 01e1 0A       		.uleb128 0xa
 404 01e2 C50B0000 		.4byte	.LASF60
 405 01e6 CD00     		.sleb128 77
 406 01e8 0A       		.uleb128 0xa
 407 01e9 D2040000 		.4byte	.LASF61
 408 01ed CE00     		.sleb128 78
 409 01ef 0A       		.uleb128 0xa
 410 01f0 D50F0000 		.4byte	.LASF62
 411 01f4 CF00     		.sleb128 79
 412 01f6 0A       		.uleb128 0xa
 413 01f7 2E020000 		.4byte	.LASF63
 414 01fb D000     		.sleb128 80
 415 01fd 0A       		.uleb128 0xa
 416 01fe 48050000 		.4byte	.LASF64
 417 0202 D100     		.sleb128 81
 418 0204 0A       		.uleb128 0xa
 419 0205 970C0000 		.4byte	.LASF65
 420 0209 D200     		.sleb128 82
 421 020b 0A       		.uleb128 0xa
 422 020c 1F0F0000 		.4byte	.LASF66
 423 0210 D300     		.sleb128 83
 424 0212 0A       		.uleb128 0xa
 425 0213 11100000 		.4byte	.LASF67
 426 0217 D400     		.sleb128 84
 427 0219 0A       		.uleb128 0xa
 428 021a 63080000 		.4byte	.LASF68
 429 021e D500     		.sleb128 85
 430 0220 0A       		.uleb128 0xa
 431 0221 0D070000 		.4byte	.LASF69
 432 0225 D600     		.sleb128 86
 433 0227 0A       		.uleb128 0xa
 434 0228 58110000 		.4byte	.LASF70
 435 022c D700     		.sleb128 87
 436 022e 0A       		.uleb128 0xa
 437 022f 87080000 		.4byte	.LASF71
 438 0233 D800     		.sleb128 88
 439 0235 0A       		.uleb128 0xa
 440 0236 3C060000 		.4byte	.LASF72
 441 023a F000     		.sleb128 112
 442 023c 0A       		.uleb128 0xa
 443 023d 31150000 		.4byte	.LASF73
 444 0241 F100     		.sleb128 113
 445 0243 0A       		.uleb128 0xa
 446 0244 560A0000 		.4byte	.LASF74
 447 0248 F200     		.sleb128 114
 448 024a 0A       		.uleb128 0xa
 449 024b 4D020000 		.4byte	.LASF75
 450 024f F300     		.sleb128 115
 451 0251 0A       		.uleb128 0xa
 452 0252 F00C0000 		.4byte	.LASF76
 453 0256 F400     		.sleb128 116
 454 0258 0A       		.uleb128 0xa
ARM GAS  C:\Users\Sarah\AppData\Local\Temp\ccWUFBfW.s 			page 10


 455 0259 6E050000 		.4byte	.LASF77
 456 025d F500     		.sleb128 117
 457 025f 0A       		.uleb128 0xa
 458 0260 73010000 		.4byte	.LASF78
 459 0264 F600     		.sleb128 118
 460 0266 0A       		.uleb128 0xa
 461 0267 6A000000 		.4byte	.LASF79
 462 026b F700     		.sleb128 119
 463 026d 0A       		.uleb128 0xa
 464 026e 00000000 		.4byte	.LASF80
 465 0272 F800     		.sleb128 120
 466 0274 0A       		.uleb128 0xa
 467 0275 90110000 		.4byte	.LASF81
 468 0279 F900     		.sleb128 121
 469 027b 0A       		.uleb128 0xa
 470 027c 84060000 		.4byte	.LASF82
 471 0280 FA00     		.sleb128 122
 472 0282 0A       		.uleb128 0xa
 473 0283 13150000 		.4byte	.LASF83
 474 0287 FA01     		.sleb128 250
 475 0289 0A       		.uleb128 0xa
 476 028a 4D070000 		.4byte	.LASF84
 477 028e FB01     		.sleb128 251
 478 0290 0A       		.uleb128 0xa
 479 0291 800F0000 		.4byte	.LASF85
 480 0295 FC01     		.sleb128 252
 481 0297 0A       		.uleb128 0xa
 482 0298 E2150000 		.4byte	.LASF86
 483 029c FD01     		.sleb128 253
 484 029e 0A       		.uleb128 0xa
 485 029f 0B060000 		.4byte	.LASF87
 486 02a3 FF01     		.sleb128 255
 487 02a5 00       		.byte	0
 488 02a6 09       		.uleb128 0x9
 489 02a7 02       		.byte	0x2
 490 02a8 03       		.byte	0x3
 491 02a9 0204     		.2byte	0x402
 492 02ab 7D030000 		.4byte	0x37d
 493 02af 0A       		.uleb128 0xa
 494 02b0 19060000 		.4byte	.LASF88
 495 02b4 00       		.sleb128 0
 496 02b5 0A       		.uleb128 0xa
 497 02b6 8F050000 		.4byte	.LASF89
 498 02ba 01       		.sleb128 1
 499 02bb 0A       		.uleb128 0xa
 500 02bc 4A130000 		.4byte	.LASF90
 501 02c0 02       		.sleb128 2
 502 02c1 0A       		.uleb128 0xa
 503 02c2 D1000000 		.4byte	.LASF91
 504 02c6 03       		.sleb128 3
 505 02c7 0A       		.uleb128 0xa
 506 02c8 F7130000 		.4byte	.LASF92
 507 02cc 04       		.sleb128 4
 508 02cd 0A       		.uleb128 0xa
 509 02ce 2F070000 		.4byte	.LASF93
 510 02d2 05       		.sleb128 5
 511 02d3 0A       		.uleb128 0xa
ARM GAS  C:\Users\Sarah\AppData\Local\Temp\ccWUFBfW.s 			page 11


 512 02d4 920F0000 		.4byte	.LASF94
 513 02d8 06       		.sleb128 6
 514 02d9 0A       		.uleb128 0xa
 515 02da 46040000 		.4byte	.LASF95
 516 02de 07       		.sleb128 7
 517 02df 0A       		.uleb128 0xa
 518 02e0 FA150000 		.4byte	.LASF96
 519 02e4 08       		.sleb128 8
 520 02e5 0A       		.uleb128 0xa
 521 02e6 D1140000 		.4byte	.LASF97
 522 02ea 09       		.sleb128 9
 523 02eb 0A       		.uleb128 0xa
 524 02ec A60D0000 		.4byte	.LASF98
 525 02f0 0A       		.sleb128 10
 526 02f1 0A       		.uleb128 0xa
 527 02f2 D5100000 		.4byte	.LASF99
 528 02f6 0B       		.sleb128 11
 529 02f7 0A       		.uleb128 0xa
 530 02f8 58030000 		.4byte	.LASF100
 531 02fc 0C       		.sleb128 12
 532 02fd 0A       		.uleb128 0xa
 533 02fe BC020000 		.4byte	.LASF101
 534 0302 0D       		.sleb128 13
 535 0303 0A       		.uleb128 0xa
 536 0304 B5070000 		.4byte	.LASF102
 537 0308 0E       		.sleb128 14
 538 0309 0A       		.uleb128 0xa
 539 030a 5B0F0000 		.4byte	.LASF103
 540 030e 0F       		.sleb128 15
 541 030f 0A       		.uleb128 0xa
 542 0310 18120000 		.4byte	.LASF104
 543 0314 10       		.sleb128 16
 544 0315 0A       		.uleb128 0xa
 545 0316 AA080000 		.4byte	.LASF105
 546 031a 11       		.sleb128 17
 547 031b 0A       		.uleb128 0xa
 548 031c 18050000 		.4byte	.LASF106
 549 0320 12       		.sleb128 18
 550 0321 0A       		.uleb128 0xa
 551 0322 BA150000 		.4byte	.LASF107
 552 0326 13       		.sleb128 19
 553 0327 0A       		.uleb128 0xa
 554 0328 24040000 		.4byte	.LASF108
 555 032c 27       		.sleb128 39
 556 032d 0A       		.uleb128 0xa
 557 032e F3110000 		.4byte	.LASF109
 558 0332 28       		.sleb128 40
 559 0333 0A       		.uleb128 0xa
 560 0334 54140000 		.4byte	.LASF110
 561 0338 29       		.sleb128 41
 562 0339 0A       		.uleb128 0xa
 563 033a 9F020000 		.4byte	.LASF111
 564 033e 2A       		.sleb128 42
 565 033f 0A       		.uleb128 0xa
 566 0340 94010000 		.4byte	.LASF112
 567 0344 2B       		.sleb128 43
 568 0345 0A       		.uleb128 0xa
ARM GAS  C:\Users\Sarah\AppData\Local\Temp\ccWUFBfW.s 			page 12


 569 0346 260B0000 		.4byte	.LASF113
 570 034a 2C       		.sleb128 44
 571 034b 0A       		.uleb128 0xa
 572 034c 38140000 		.4byte	.LASF114
 573 0350 FE01     		.sleb128 254
 574 0352 0A       		.uleb128 0xa
 575 0353 160B0000 		.4byte	.LASF115
 576 0357 FF01     		.sleb128 255
 577 0359 0A       		.uleb128 0xa
 578 035a 6B020000 		.4byte	.LASF116
 579 035e 8002     		.sleb128 256
 580 0360 0A       		.uleb128 0xa
 581 0361 B80C0000 		.4byte	.LASF117
 582 0365 8102     		.sleb128 257
 583 0367 0A       		.uleb128 0xa
 584 0368 C00D0000 		.4byte	.LASF118
 585 036c 8202     		.sleb128 258
 586 036e 0A       		.uleb128 0xa
 587 036f B8040000 		.4byte	.LASF119
 588 0373 8302     		.sleb128 259
 589 0375 0A       		.uleb128 0xa
 590 0376 B9100000 		.4byte	.LASF120
 591 037a 8402     		.sleb128 260
 592 037c 00       		.byte	0
 593 037d 04       		.uleb128 0x4
 594 037e 840C0000 		.4byte	.LASF121
 595 0382 03       		.byte	0x3
 596 0383 7104     		.2byte	0x471
 597 0385 A6020000 		.4byte	0x2a6
 598 0389 06       		.uleb128 0x6
 599 038a 04       		.byte	0x4
 600 038b 6B000000 		.4byte	0x6b
 601 038f 0B       		.uleb128 0xb
 602 0390 01       		.byte	0x1
 603 0391 04       		.byte	0x4
 604 0392 A5       		.byte	0xa5
 605 0393 97040000 		.4byte	0x497
 606 0397 0A       		.uleb128 0xa
 607 0398 28060000 		.4byte	.LASF122
 608 039c 00       		.sleb128 0
 609 039d 0A       		.uleb128 0xa
 610 039e 2C010000 		.4byte	.LASF123
 611 03a2 01       		.sleb128 1
 612 03a3 0A       		.uleb128 0xa
 613 03a4 62060000 		.4byte	.LASF124
 614 03a8 02       		.sleb128 2
 615 03a9 0A       		.uleb128 0xa
 616 03aa E8050000 		.4byte	.LASF125
 617 03ae 03       		.sleb128 3
 618 03af 0A       		.uleb128 0xa
 619 03b0 9D040000 		.4byte	.LASF126
 620 03b4 04       		.sleb128 4
 621 03b5 0A       		.uleb128 0xa
 622 03b6 CC030000 		.4byte	.LASF127
 623 03ba 05       		.sleb128 5
 624 03bb 0A       		.uleb128 0xa
 625 03bc F6000000 		.4byte	.LASF128
ARM GAS  C:\Users\Sarah\AppData\Local\Temp\ccWUFBfW.s 			page 13


 626 03c0 06       		.sleb128 6
 627 03c1 0A       		.uleb128 0xa
 628 03c2 A8060000 		.4byte	.LASF129
 629 03c6 07       		.sleb128 7
 630 03c7 0A       		.uleb128 0xa
 631 03c8 3E0C0000 		.4byte	.LASF130
 632 03cc 08       		.sleb128 8
 633 03cd 0A       		.uleb128 0xa
 634 03ce 610D0000 		.4byte	.LASF131
 635 03d2 09       		.sleb128 9
 636 03d3 0A       		.uleb128 0xa
 637 03d4 08080000 		.4byte	.LASF132
 638 03d8 0A       		.sleb128 10
 639 03d9 0A       		.uleb128 0xa
 640 03da CE080000 		.4byte	.LASF133
 641 03de 0B       		.sleb128 11
 642 03df 0A       		.uleb128 0xa
 643 03e0 9D000000 		.4byte	.LASF134
 644 03e4 0C       		.sleb128 12
 645 03e5 0A       		.uleb128 0xa
 646 03e6 370E0000 		.4byte	.LASF135
 647 03ea 0D       		.sleb128 13
 648 03eb 0A       		.uleb128 0xa
 649 03ec B3110000 		.4byte	.LASF136
 650 03f0 0E       		.sleb128 14
 651 03f1 0A       		.uleb128 0xa
 652 03f2 96130000 		.4byte	.LASF137
 653 03f6 0F       		.sleb128 15
 654 03f7 0A       		.uleb128 0xa
 655 03f8 AD050000 		.4byte	.LASF138
 656 03fc 10       		.sleb128 16
 657 03fd 0A       		.uleb128 0xa
 658 03fe 680B0000 		.4byte	.LASF139
 659 0402 11       		.sleb128 17
 660 0403 0A       		.uleb128 0xa
 661 0404 F5100000 		.4byte	.LASF140
 662 0408 8001     		.sleb128 128
 663 040a 0A       		.uleb128 0xa
 664 040b 83100000 		.4byte	.LASF141
 665 040f 8001     		.sleb128 128
 666 0411 0A       		.uleb128 0xa
 667 0412 68130000 		.4byte	.LASF142
 668 0416 8001     		.sleb128 128
 669 0418 0A       		.uleb128 0xa
 670 0419 720A0000 		.4byte	.LASF143
 671 041d 8001     		.sleb128 128
 672 041f 0A       		.uleb128 0xa
 673 0420 EF090000 		.4byte	.LASF144
 674 0424 8001     		.sleb128 128
 675 0426 0A       		.uleb128 0xa
 676 0427 87070000 		.4byte	.LASF145
 677 042b 8001     		.sleb128 128
 678 042d 0A       		.uleb128 0xa
 679 042e A7030000 		.4byte	.LASF146
 680 0432 8001     		.sleb128 128
 681 0434 0A       		.uleb128 0xa
 682 0435 400F0000 		.4byte	.LASF147
ARM GAS  C:\Users\Sarah\AppData\Local\Temp\ccWUFBfW.s 			page 14


 683 0439 8001     		.sleb128 128
 684 043b 0A       		.uleb128 0xa
 685 043c 5C0E0000 		.4byte	.LASF148
 686 0440 8101     		.sleb128 129
 687 0442 0A       		.uleb128 0xa
 688 0443 09030000 		.4byte	.LASF149
 689 0447 8101     		.sleb128 129
 690 0449 0A       		.uleb128 0xa
 691 044a 6C070000 		.4byte	.LASF150
 692 044e 8101     		.sleb128 129
 693 0450 0A       		.uleb128 0xa
 694 0451 46000000 		.4byte	.LASF151
 695 0455 8101     		.sleb128 129
 696 0457 0A       		.uleb128 0xa
 697 0458 70140000 		.4byte	.LASF152
 698 045c 8201     		.sleb128 130
 699 045e 0A       		.uleb128 0xa
 700 045f AC0F0000 		.4byte	.LASF153
 701 0463 A001     		.sleb128 160
 702 0465 0A       		.uleb128 0xa
 703 0466 3E090000 		.4byte	.LASF154
 704 046a A001     		.sleb128 160
 705 046c 0A       		.uleb128 0xa
 706 046d 2A030000 		.4byte	.LASF155
 707 0471 A101     		.sleb128 161
 708 0473 0A       		.uleb128 0xa
 709 0474 0E0D0000 		.4byte	.LASF156
 710 0478 A201     		.sleb128 162
 711 047a 0A       		.uleb128 0xa
 712 047b D1110000 		.4byte	.LASF157
 713 047f A301     		.sleb128 163
 714 0481 0A       		.uleb128 0xa
 715 0482 32100000 		.4byte	.LASF158
 716 0486 FD01     		.sleb128 253
 717 0488 0A       		.uleb128 0xa
 718 0489 A7120000 		.4byte	.LASF159
 719 048d FE01     		.sleb128 254
 720 048f 0A       		.uleb128 0xa
 721 0490 E30D0000 		.4byte	.LASF160
 722 0494 FF01     		.sleb128 255
 723 0496 00       		.byte	0
 724 0497 04       		.uleb128 0x4
 725 0498 D9090000 		.4byte	.LASF161
 726 049c 04       		.byte	0x4
 727 049d 5F01     		.2byte	0x15f
 728 049f 8F030000 		.4byte	0x38f
 729 04a3 04       		.uleb128 0x4
 730 04a4 80150000 		.4byte	.LASF162
 731 04a8 04       		.byte	0x4
 732 04a9 8901     		.2byte	0x189
 733 04ab 77000000 		.4byte	0x77
 734 04af 0C       		.uleb128 0xc
 735 04b0 02       		.byte	0x2
 736 04b1 04       		.byte	0x4
 737 04b2 9301     		.2byte	0x193
 738 04b4 D3040000 		.4byte	0x4d3
 739 04b8 0D       		.uleb128 0xd
ARM GAS  C:\Users\Sarah\AppData\Local\Temp\ccWUFBfW.s 			page 15


 740 04b9 0A150000 		.4byte	.LASF163
 741 04bd 04       		.byte	0x4
 742 04be 9A01     		.2byte	0x19a
 743 04c0 6B000000 		.4byte	0x6b
 744 04c4 00       		.byte	0
 745 04c5 0D       		.uleb128 0xd
 746 04c6 500A0000 		.4byte	.LASF164
 747 04ca 04       		.byte	0x4
 748 04cb A001     		.2byte	0x1a0
 749 04cd 6B000000 		.4byte	0x6b
 750 04d1 01       		.byte	0x1
 751 04d2 00       		.byte	0
 752 04d3 04       		.uleb128 0x4
 753 04d4 89000000 		.4byte	.LASF165
 754 04d8 04       		.byte	0x4
 755 04d9 A201     		.2byte	0x1a2
 756 04db AF040000 		.4byte	0x4af
 757 04df 0C       		.uleb128 0xc
 758 04e0 08       		.byte	0x8
 759 04e1 04       		.byte	0x4
 760 04e2 BE01     		.2byte	0x1be
 761 04e4 10050000 		.4byte	0x510
 762 04e8 0E       		.uleb128 0xe
 763 04e9 76616C00 		.ascii	"val\000"
 764 04ed 04       		.byte	0x4
 765 04ee C101     		.2byte	0x1c1
 766 04f0 89030000 		.4byte	0x389
 767 04f4 00       		.byte	0
 768 04f5 0E       		.uleb128 0xe
 769 04f6 6C656E00 		.ascii	"len\000"
 770 04fa 04       		.byte	0x4
 771 04fb C401     		.2byte	0x1c4
 772 04fd 77000000 		.4byte	0x77
 773 0501 04       		.byte	0x4
 774 0502 0D       		.uleb128 0xd
 775 0503 63040000 		.4byte	.LASF166
 776 0507 04       		.byte	0x4
 777 0508 CB01     		.2byte	0x1cb
 778 050a 77000000 		.4byte	0x77
 779 050e 06       		.byte	0x6
 780 050f 00       		.byte	0
 781 0510 04       		.uleb128 0x4
 782 0511 E1020000 		.4byte	.LASF167
 783 0515 04       		.byte	0x4
 784 0516 CD01     		.2byte	0x1cd
 785 0518 DF040000 		.4byte	0x4df
 786 051c 0C       		.uleb128 0xc
 787 051d 0C       		.byte	0xc
 788 051e 04       		.byte	0x4
 789 051f D001     		.2byte	0x1d0
 790 0521 40050000 		.4byte	0x540
 791 0525 0D       		.uleb128 0xd
 792 0526 E8060000 		.4byte	.LASF168
 793 052a 04       		.byte	0x4
 794 052b D301     		.2byte	0x1d3
 795 052d 10050000 		.4byte	0x510
 796 0531 00       		.byte	0
ARM GAS  C:\Users\Sarah\AppData\Local\Temp\ccWUFBfW.s 			page 16


 797 0532 0D       		.uleb128 0xd
 798 0533 C6060000 		.4byte	.LASF169
 799 0537 04       		.byte	0x4
 800 0538 D601     		.2byte	0x1d6
 801 053a A3040000 		.4byte	0x4a3
 802 053e 08       		.byte	0x8
 803 053f 00       		.byte	0
 804 0540 04       		.uleb128 0x4
 805 0541 D10C0000 		.4byte	.LASF170
 806 0545 04       		.byte	0x4
 807 0546 D801     		.2byte	0x1d8
 808 0548 1C050000 		.4byte	0x51c
 809 054c 0F       		.uleb128 0xf
 810 054d 10       		.byte	0x10
 811 054e 05       		.byte	0x5
 812 054f 8A       		.byte	0x8a
 813 0550 6D050000 		.4byte	0x56d
 814 0554 10       		.uleb128 0x10
 815 0555 C6000000 		.4byte	.LASF171
 816 0559 05       		.byte	0x5
 817 055a 8D       		.byte	0x8d
 818 055b D3040000 		.4byte	0x4d3
 819 055f 00       		.byte	0
 820 0560 10       		.uleb128 0x10
 821 0561 1A130000 		.4byte	.LASF172
 822 0565 05       		.byte	0x5
 823 0566 90       		.byte	0x90
 824 0567 40050000 		.4byte	0x540
 825 056b 04       		.byte	0x4
 826 056c 00       		.byte	0
 827 056d 11       		.uleb128 0x11
 828 056e 8D0B0000 		.4byte	.LASF173
 829 0572 05       		.byte	0x5
 830 0573 92       		.byte	0x92
 831 0574 4C050000 		.4byte	0x54c
 832 0578 11       		.uleb128 0x11
 833 0579 28130000 		.4byte	.LASF174
 834 057d 05       		.byte	0x5
 835 057e 95       		.byte	0x95
 836 057f 6D050000 		.4byte	0x56d
 837 0583 04       		.uleb128 0x4
 838 0584 BD130000 		.4byte	.LASF175
 839 0588 06       		.byte	0x6
 840 0589 0302     		.2byte	0x203
 841 058b AD000000 		.4byte	0xad
 842 058f 12       		.uleb128 0x12
 843 0590 D3050000 		.4byte	.LASF188
 844 0594 01       		.byte	0x1
 845 0595 10       		.byte	0x10
 846 0596 00000000 		.4byte	.LFB37
 847 059a 68000000 		.4byte	.LFE37-.LFB37
 848 059e 01       		.uleb128 0x1
 849 059f 9C       		.byte	0x9c
 850 05a0 60060000 		.4byte	0x660
 851 05a4 13       		.uleb128 0x13
 852 05a5 4E030000 		.4byte	.LASF176
 853 05a9 01       		.byte	0x1
ARM GAS  C:\Users\Sarah\AppData\Local\Temp\ccWUFBfW.s 			page 17


 854 05aa 10       		.byte	0x10
 855 05ab 83000000 		.4byte	0x83
 856 05af 00000000 		.4byte	.LLST0
 857 05b3 13       		.uleb128 0x13
 858 05b4 EC130000 		.4byte	.LASF177
 859 05b8 01       		.byte	0x1
 860 05b9 10       		.byte	0x10
 861 05ba AB000000 		.4byte	0xab
 862 05be 53000000 		.4byte	.LLST1
 863 05c2 14       		.uleb128 0x14
 864 05c3 0D0E0000 		.4byte	.LASF189
 865 05c7 01       		.byte	0x1
 866 05c8 13       		.byte	0x13
 867 05c9 60060000 		.4byte	0x660
 868 05cd AB000000 		.4byte	.LLST2
 869 05d1 15       		.uleb128 0x15
 870 05d2 20000000 		.4byte	.LVL2
 871 05d6 D7060000 		.4byte	0x6d7
 872 05da E4050000 		.4byte	0x5e4
 873 05de 16       		.uleb128 0x16
 874 05df 01       		.uleb128 0x1
 875 05e0 50       		.byte	0x50
 876 05e1 01       		.uleb128 0x1
 877 05e2 30       		.byte	0x30
 878 05e3 00       		.byte	0
 879 05e4 15       		.uleb128 0x15
 880 05e5 26000000 		.4byte	.LVL3
 881 05e9 ED060000 		.4byte	0x6ed
 882 05ed F7050000 		.4byte	0x5f7
 883 05f1 16       		.uleb128 0x16
 884 05f2 01       		.uleb128 0x1
 885 05f3 50       		.byte	0x50
 886 05f4 01       		.uleb128 0x1
 887 05f5 31       		.byte	0x31
 888 05f6 00       		.byte	0
 889 05f7 15       		.uleb128 0x15
 890 05f8 30000000 		.4byte	.LVL6
 891 05fc FE060000 		.4byte	0x6fe
 892 0600 13060000 		.4byte	0x613
 893 0604 16       		.uleb128 0x16
 894 0605 01       		.uleb128 0x1
 895 0606 52       		.byte	0x52
 896 0607 01       		.uleb128 0x1
 897 0608 32       		.byte	0x32
 898 0609 16       		.uleb128 0x16
 899 060a 01       		.uleb128 0x1
 900 060b 50       		.byte	0x50
 901 060c 05       		.uleb128 0x5
 902 060d 03       		.byte	0x3
 903 060e 00000000 		.4byte	connectionHandle
 904 0612 00       		.byte	0
 905 0613 15       		.uleb128 0x15
 906 0614 36000000 		.4byte	.LVL7
 907 0618 ED060000 		.4byte	0x6ed
 908 061c 26060000 		.4byte	0x626
 909 0620 16       		.uleb128 0x16
 910 0621 01       		.uleb128 0x1
ARM GAS  C:\Users\Sarah\AppData\Local\Temp\ccWUFBfW.s 			page 18


 911 0622 50       		.byte	0x50
 912 0623 01       		.uleb128 0x1
 913 0624 30       		.byte	0x30
 914 0625 00       		.byte	0
 915 0626 15       		.uleb128 0x15
 916 0627 4A000000 		.4byte	.LVL11
 917 062b 22070000 		.4byte	0x722
 918 062f 4D060000 		.4byte	0x64d
 919 0633 16       		.uleb128 0x16
 920 0634 01       		.uleb128 0x1
 921 0635 53       		.byte	0x53
 922 0636 01       		.uleb128 0x1
 923 0637 30       		.byte	0x30
 924 0638 16       		.uleb128 0x16
 925 0639 01       		.uleb128 0x1
 926 063a 52       		.byte	0x52
 927 063b 05       		.uleb128 0x5
 928 063c 03       		.byte	0x3
 929 063d 00000000 		.4byte	connectionHandle
 930 0641 16       		.uleb128 0x16
 931 0642 01       		.uleb128 0x1
 932 0643 51       		.byte	0x51
 933 0644 01       		.uleb128 0x1
 934 0645 30       		.byte	0x30
 935 0646 16       		.uleb128 0x16
 936 0647 01       		.uleb128 0x1
 937 0648 50       		.byte	0x50
 938 0649 02       		.uleb128 0x2
 939 064a 74       		.byte	0x74
 940 064b 04       		.sleb128 4
 941 064c 00       		.byte	0
 942 064d 17       		.uleb128 0x17
 943 064e 52000000 		.4byte	.LVL12
 944 0652 53070000 		.4byte	0x753
 945 0656 17       		.uleb128 0x17
 946 0657 60000000 		.4byte	.LVL13
 947 065b 64070000 		.4byte	0x764
 948 065f 00       		.byte	0
 949 0660 06       		.uleb128 0x6
 950 0661 04       		.byte	0x4
 951 0662 78050000 		.4byte	0x578
 952 0666 18       		.uleb128 0x18
 953 0667 57150000 		.4byte	.LASF190
 954 066b 01       		.byte	0x1
 955 066c 2E       		.byte	0x2e
 956 066d 5D000000 		.4byte	0x5d
 957 0671 00000000 		.4byte	.LFB38
 958 0675 20000000 		.4byte	.LFE38-.LFB38
 959 0679 01       		.uleb128 0x1
 960 067a 9C       		.byte	0x9c
 961 067b C6060000 		.4byte	0x6c6
 962 067f 15       		.uleb128 0x15
 963 0680 0A000000 		.4byte	.LVL15
 964 0684 7A070000 		.4byte	0x77a
 965 0688 96060000 		.4byte	0x696
 966 068c 16       		.uleb128 0x16
 967 068d 01       		.uleb128 0x1
ARM GAS  C:\Users\Sarah\AppData\Local\Temp\ccWUFBfW.s 			page 19


 968 068e 50       		.byte	0x50
 969 068f 05       		.uleb128 0x5
 970 0690 03       		.byte	0x3
 971 0691 00000000 		.4byte	Stack_Handler
 972 0695 00       		.byte	0
 973 0696 15       		.uleb128 0x15
 974 0697 10000000 		.4byte	.LVL16
 975 069b 53070000 		.4byte	0x753
 976 069f A9060000 		.4byte	0x6a9
 977 06a3 16       		.uleb128 0x16
 978 06a4 01       		.uleb128 0x1
 979 06a5 50       		.byte	0x50
 980 06a6 01       		.uleb128 0x1
 981 06a7 30       		.byte	0x30
 982 06a8 00       		.byte	0
 983 06a9 15       		.uleb128 0x15
 984 06aa 16000000 		.4byte	.LVL17
 985 06ae ED060000 		.4byte	0x6ed
 986 06b2 BC060000 		.4byte	0x6bc
 987 06b6 16       		.uleb128 0x16
 988 06b7 01       		.uleb128 0x1
 989 06b8 50       		.byte	0x50
 990 06b9 01       		.uleb128 0x1
 991 06ba 31       		.byte	0x31
 992 06bb 00       		.byte	0
 993 06bc 17       		.uleb128 0x17
 994 06bd 1A000000 		.4byte	.LVL18
 995 06c1 90070000 		.4byte	0x790
 996 06c5 00       		.byte	0
 997 06c6 19       		.uleb128 0x19
 998 06c7 1B010000 		.4byte	.LASF191
 999 06cb 01       		.byte	0x1
 1000 06cc 0E       		.byte	0xe
 1001 06cd D3040000 		.4byte	0x4d3
 1002 06d1 05       		.uleb128 0x5
 1003 06d2 03       		.byte	0x3
 1004 06d3 00000000 		.4byte	connectionHandle
 1005 06d7 1A       		.uleb128 0x1a
 1006 06d8 890D0000 		.4byte	.LASF180
 1007 06dc 06       		.byte	0x6
 1008 06dd 8002     		.2byte	0x280
 1009 06df 7D030000 		.4byte	0x37d
 1010 06e3 ED060000 		.4byte	0x6ed
 1011 06e7 08       		.uleb128 0x8
 1012 06e8 6B000000 		.4byte	0x6b
 1013 06ec 00       		.byte	0
 1014 06ed 1B       		.uleb128 0x1b
 1015 06ee 6F030000 		.4byte	.LASF178
 1016 06f2 08       		.byte	0x8
 1017 06f3 33       		.byte	0x33
 1018 06f4 FE060000 		.4byte	0x6fe
 1019 06f8 08       		.uleb128 0x8
 1020 06f9 6B000000 		.4byte	0x6b
 1021 06fd 00       		.byte	0
 1022 06fe 1C       		.uleb128 0x1c
 1023 06ff 3B050000 		.4byte	.LASF179
 1024 0703 AB000000 		.4byte	0xab
ARM GAS  C:\Users\Sarah\AppData\Local\Temp\ccWUFBfW.s 			page 20


 1025 0707 1B070000 		.4byte	0x71b
 1026 070b 08       		.uleb128 0x8
 1027 070c AB000000 		.4byte	0xab
 1028 0710 08       		.uleb128 0x8
 1029 0711 1B070000 		.4byte	0x71b
 1030 0715 08       		.uleb128 0x8
 1031 0716 A4000000 		.4byte	0xa4
 1032 071a 00       		.byte	0
 1033 071b 06       		.uleb128 0x6
 1034 071c 04       		.byte	0x4
 1035 071d 21070000 		.4byte	0x721
 1036 0721 1D       		.uleb128 0x1d
 1037 0722 1A       		.uleb128 0x1a
 1038 0723 EE060000 		.4byte	.LASF181
 1039 0727 07       		.byte	0x7
 1040 0728 7E01     		.2byte	0x17e
 1041 072a 97040000 		.4byte	0x497
 1042 072e 47070000 		.4byte	0x747
 1043 0732 08       		.uleb128 0x8
 1044 0733 47070000 		.4byte	0x747
 1045 0737 08       		.uleb128 0x8
 1046 0738 77000000 		.4byte	0x77
 1047 073c 08       		.uleb128 0x8
 1048 073d 4D070000 		.4byte	0x74d
 1049 0741 08       		.uleb128 0x8
 1050 0742 6B000000 		.4byte	0x6b
 1051 0746 00       		.byte	0
 1052 0747 06       		.uleb128 0x6
 1053 0748 04       		.byte	0x4
 1054 0749 40050000 		.4byte	0x540
 1055 074d 06       		.uleb128 0x6
 1056 074e 04       		.byte	0x4
 1057 074f D3040000 		.4byte	0x4d3
 1058 0753 1B       		.uleb128 0x1b
 1059 0754 81110000 		.4byte	.LASF182
 1060 0758 09       		.byte	0x9
 1061 0759 33       		.byte	0x33
 1062 075a 64070000 		.4byte	0x764
 1063 075e 08       		.uleb128 0x8
 1064 075f 6B000000 		.4byte	0x6b
 1065 0763 00       		.byte	0
 1066 0764 1A       		.uleb128 0x1a
 1067 0765 96140000 		.4byte	.LASF183
 1068 0769 05       		.byte	0x5
 1069 076a C201     		.2byte	0x1c2
 1070 076c 7D030000 		.4byte	0x37d
 1071 0770 7A070000 		.4byte	0x77a
 1072 0774 08       		.uleb128 0x8
 1073 0775 D3040000 		.4byte	0x4d3
 1074 0779 00       		.byte	0
 1075 077a 1A       		.uleb128 0x1a
 1076 077b CD090000 		.4byte	.LASF184
 1077 077f 06       		.byte	0x6
 1078 0780 7002     		.2byte	0x270
 1079 0782 7D030000 		.4byte	0x37d
 1080 0786 90070000 		.4byte	0x790
 1081 078a 08       		.uleb128 0x8
ARM GAS  C:\Users\Sarah\AppData\Local\Temp\ccWUFBfW.s 			page 21


 1082 078b 83050000 		.4byte	0x583
 1083 078f 00       		.byte	0
 1084 0790 1E       		.uleb128 0x1e
 1085 0791 CD0A0000 		.4byte	.LASF192
 1086 0795 03       		.byte	0x3
 1087 0796 E107     		.2byte	0x7e1
 1088 0798 00       		.byte	0
 1089              		.section	.debug_abbrev,"",%progbits
 1090              	.Ldebug_abbrev0:
 1091 0000 01       		.uleb128 0x1
 1092 0001 11       		.uleb128 0x11
 1093 0002 01       		.byte	0x1
 1094 0003 25       		.uleb128 0x25
 1095 0004 0E       		.uleb128 0xe
 1096 0005 13       		.uleb128 0x13
 1097 0006 0B       		.uleb128 0xb
 1098 0007 03       		.uleb128 0x3
 1099 0008 0E       		.uleb128 0xe
 1100 0009 1B       		.uleb128 0x1b
 1101 000a 0E       		.uleb128 0xe
 1102 000b 55       		.uleb128 0x55
 1103 000c 17       		.uleb128 0x17
 1104 000d 11       		.uleb128 0x11
 1105 000e 01       		.uleb128 0x1
 1106 000f 10       		.uleb128 0x10
 1107 0010 17       		.uleb128 0x17
 1108 0011 00       		.byte	0
 1109 0012 00       		.byte	0
 1110 0013 02       		.uleb128 0x2
 1111 0014 24       		.uleb128 0x24
 1112 0015 00       		.byte	0
 1113 0016 0B       		.uleb128 0xb
 1114 0017 0B       		.uleb128 0xb
 1115 0018 3E       		.uleb128 0x3e
 1116 0019 0B       		.uleb128 0xb
 1117 001a 03       		.uleb128 0x3
 1118 001b 0E       		.uleb128 0xe
 1119 001c 00       		.byte	0
 1120 001d 00       		.byte	0
 1121 001e 03       		.uleb128 0x3
 1122 001f 24       		.uleb128 0x24
 1123 0020 00       		.byte	0
 1124 0021 0B       		.uleb128 0xb
 1125 0022 0B       		.uleb128 0xb
 1126 0023 3E       		.uleb128 0x3e
 1127 0024 0B       		.uleb128 0xb
 1128 0025 03       		.uleb128 0x3
 1129 0026 08       		.uleb128 0x8
 1130 0027 00       		.byte	0
 1131 0028 00       		.byte	0
 1132 0029 04       		.uleb128 0x4
 1133 002a 16       		.uleb128 0x16
 1134 002b 00       		.byte	0
 1135 002c 03       		.uleb128 0x3
 1136 002d 0E       		.uleb128 0xe
 1137 002e 3A       		.uleb128 0x3a
 1138 002f 0B       		.uleb128 0xb
ARM GAS  C:\Users\Sarah\AppData\Local\Temp\ccWUFBfW.s 			page 22


 1139 0030 3B       		.uleb128 0x3b
 1140 0031 05       		.uleb128 0x5
 1141 0032 49       		.uleb128 0x49
 1142 0033 13       		.uleb128 0x13
 1143 0034 00       		.byte	0
 1144 0035 00       		.byte	0
 1145 0036 05       		.uleb128 0x5
 1146 0037 0F       		.uleb128 0xf
 1147 0038 00       		.byte	0
 1148 0039 0B       		.uleb128 0xb
 1149 003a 0B       		.uleb128 0xb
 1150 003b 00       		.byte	0
 1151 003c 00       		.byte	0
 1152 003d 06       		.uleb128 0x6
 1153 003e 0F       		.uleb128 0xf
 1154 003f 00       		.byte	0
 1155 0040 0B       		.uleb128 0xb
 1156 0041 0B       		.uleb128 0xb
 1157 0042 49       		.uleb128 0x49
 1158 0043 13       		.uleb128 0x13
 1159 0044 00       		.byte	0
 1160 0045 00       		.byte	0
 1161 0046 07       		.uleb128 0x7
 1162 0047 15       		.uleb128 0x15
 1163 0048 01       		.byte	0x1
 1164 0049 27       		.uleb128 0x27
 1165 004a 19       		.uleb128 0x19
 1166 004b 01       		.uleb128 0x1
 1167 004c 13       		.uleb128 0x13
 1168 004d 00       		.byte	0
 1169 004e 00       		.byte	0
 1170 004f 08       		.uleb128 0x8
 1171 0050 05       		.uleb128 0x5
 1172 0051 00       		.byte	0
 1173 0052 49       		.uleb128 0x49
 1174 0053 13       		.uleb128 0x13
 1175 0054 00       		.byte	0
 1176 0055 00       		.byte	0
 1177 0056 09       		.uleb128 0x9
 1178 0057 04       		.uleb128 0x4
 1179 0058 01       		.byte	0x1
 1180 0059 0B       		.uleb128 0xb
 1181 005a 0B       		.uleb128 0xb
 1182 005b 3A       		.uleb128 0x3a
 1183 005c 0B       		.uleb128 0xb
 1184 005d 3B       		.uleb128 0x3b
 1185 005e 05       		.uleb128 0x5
 1186 005f 01       		.uleb128 0x1
 1187 0060 13       		.uleb128 0x13
 1188 0061 00       		.byte	0
 1189 0062 00       		.byte	0
 1190 0063 0A       		.uleb128 0xa
 1191 0064 28       		.uleb128 0x28
 1192 0065 00       		.byte	0
 1193 0066 03       		.uleb128 0x3
 1194 0067 0E       		.uleb128 0xe
 1195 0068 1C       		.uleb128 0x1c
ARM GAS  C:\Users\Sarah\AppData\Local\Temp\ccWUFBfW.s 			page 23


 1196 0069 0D       		.uleb128 0xd
 1197 006a 00       		.byte	0
 1198 006b 00       		.byte	0
 1199 006c 0B       		.uleb128 0xb
 1200 006d 04       		.uleb128 0x4
 1201 006e 01       		.byte	0x1
 1202 006f 0B       		.uleb128 0xb
 1203 0070 0B       		.uleb128 0xb
 1204 0071 3A       		.uleb128 0x3a
 1205 0072 0B       		.uleb128 0xb
 1206 0073 3B       		.uleb128 0x3b
 1207 0074 0B       		.uleb128 0xb
 1208 0075 01       		.uleb128 0x1
 1209 0076 13       		.uleb128 0x13
 1210 0077 00       		.byte	0
 1211 0078 00       		.byte	0
 1212 0079 0C       		.uleb128 0xc
 1213 007a 13       		.uleb128 0x13
 1214 007b 01       		.byte	0x1
 1215 007c 0B       		.uleb128 0xb
 1216 007d 0B       		.uleb128 0xb
 1217 007e 3A       		.uleb128 0x3a
 1218 007f 0B       		.uleb128 0xb
 1219 0080 3B       		.uleb128 0x3b
 1220 0081 05       		.uleb128 0x5
 1221 0082 01       		.uleb128 0x1
 1222 0083 13       		.uleb128 0x13
 1223 0084 00       		.byte	0
 1224 0085 00       		.byte	0
 1225 0086 0D       		.uleb128 0xd
 1226 0087 0D       		.uleb128 0xd
 1227 0088 00       		.byte	0
 1228 0089 03       		.uleb128 0x3
 1229 008a 0E       		.uleb128 0xe
 1230 008b 3A       		.uleb128 0x3a
 1231 008c 0B       		.uleb128 0xb
 1232 008d 3B       		.uleb128 0x3b
 1233 008e 05       		.uleb128 0x5
 1234 008f 49       		.uleb128 0x49
 1235 0090 13       		.uleb128 0x13
 1236 0091 38       		.uleb128 0x38
 1237 0092 0B       		.uleb128 0xb
 1238 0093 00       		.byte	0
 1239 0094 00       		.byte	0
 1240 0095 0E       		.uleb128 0xe
 1241 0096 0D       		.uleb128 0xd
 1242 0097 00       		.byte	0
 1243 0098 03       		.uleb128 0x3
 1244 0099 08       		.uleb128 0x8
 1245 009a 3A       		.uleb128 0x3a
 1246 009b 0B       		.uleb128 0xb
 1247 009c 3B       		.uleb128 0x3b
 1248 009d 05       		.uleb128 0x5
 1249 009e 49       		.uleb128 0x49
 1250 009f 13       		.uleb128 0x13
 1251 00a0 38       		.uleb128 0x38
 1252 00a1 0B       		.uleb128 0xb
ARM GAS  C:\Users\Sarah\AppData\Local\Temp\ccWUFBfW.s 			page 24


 1253 00a2 00       		.byte	0
 1254 00a3 00       		.byte	0
 1255 00a4 0F       		.uleb128 0xf
 1256 00a5 13       		.uleb128 0x13
 1257 00a6 01       		.byte	0x1
 1258 00a7 0B       		.uleb128 0xb
 1259 00a8 0B       		.uleb128 0xb
 1260 00a9 3A       		.uleb128 0x3a
 1261 00aa 0B       		.uleb128 0xb
 1262 00ab 3B       		.uleb128 0x3b
 1263 00ac 0B       		.uleb128 0xb
 1264 00ad 01       		.uleb128 0x1
 1265 00ae 13       		.uleb128 0x13
 1266 00af 00       		.byte	0
 1267 00b0 00       		.byte	0
 1268 00b1 10       		.uleb128 0x10
 1269 00b2 0D       		.uleb128 0xd
 1270 00b3 00       		.byte	0
 1271 00b4 03       		.uleb128 0x3
 1272 00b5 0E       		.uleb128 0xe
 1273 00b6 3A       		.uleb128 0x3a
 1274 00b7 0B       		.uleb128 0xb
 1275 00b8 3B       		.uleb128 0x3b
 1276 00b9 0B       		.uleb128 0xb
 1277 00ba 49       		.uleb128 0x49
 1278 00bb 13       		.uleb128 0x13
 1279 00bc 38       		.uleb128 0x38
 1280 00bd 0B       		.uleb128 0xb
 1281 00be 00       		.byte	0
 1282 00bf 00       		.byte	0
 1283 00c0 11       		.uleb128 0x11
 1284 00c1 16       		.uleb128 0x16
 1285 00c2 00       		.byte	0
 1286 00c3 03       		.uleb128 0x3
 1287 00c4 0E       		.uleb128 0xe
 1288 00c5 3A       		.uleb128 0x3a
 1289 00c6 0B       		.uleb128 0xb
 1290 00c7 3B       		.uleb128 0x3b
 1291 00c8 0B       		.uleb128 0xb
 1292 00c9 49       		.uleb128 0x49
 1293 00ca 13       		.uleb128 0x13
 1294 00cb 00       		.byte	0
 1295 00cc 00       		.byte	0
 1296 00cd 12       		.uleb128 0x12
 1297 00ce 2E       		.uleb128 0x2e
 1298 00cf 01       		.byte	0x1
 1299 00d0 3F       		.uleb128 0x3f
 1300 00d1 19       		.uleb128 0x19
 1301 00d2 03       		.uleb128 0x3
 1302 00d3 0E       		.uleb128 0xe
 1303 00d4 3A       		.uleb128 0x3a
 1304 00d5 0B       		.uleb128 0xb
 1305 00d6 3B       		.uleb128 0x3b
 1306 00d7 0B       		.uleb128 0xb
 1307 00d8 27       		.uleb128 0x27
 1308 00d9 19       		.uleb128 0x19
 1309 00da 11       		.uleb128 0x11
ARM GAS  C:\Users\Sarah\AppData\Local\Temp\ccWUFBfW.s 			page 25


 1310 00db 01       		.uleb128 0x1
 1311 00dc 12       		.uleb128 0x12
 1312 00dd 06       		.uleb128 0x6
 1313 00de 40       		.uleb128 0x40
 1314 00df 18       		.uleb128 0x18
 1315 00e0 9742     		.uleb128 0x2117
 1316 00e2 19       		.uleb128 0x19
 1317 00e3 01       		.uleb128 0x1
 1318 00e4 13       		.uleb128 0x13
 1319 00e5 00       		.byte	0
 1320 00e6 00       		.byte	0
 1321 00e7 13       		.uleb128 0x13
 1322 00e8 05       		.uleb128 0x5
 1323 00e9 00       		.byte	0
 1324 00ea 03       		.uleb128 0x3
 1325 00eb 0E       		.uleb128 0xe
 1326 00ec 3A       		.uleb128 0x3a
 1327 00ed 0B       		.uleb128 0xb
 1328 00ee 3B       		.uleb128 0x3b
 1329 00ef 0B       		.uleb128 0xb
 1330 00f0 49       		.uleb128 0x49
 1331 00f1 13       		.uleb128 0x13
 1332 00f2 02       		.uleb128 0x2
 1333 00f3 17       		.uleb128 0x17
 1334 00f4 00       		.byte	0
 1335 00f5 00       		.byte	0
 1336 00f6 14       		.uleb128 0x14
 1337 00f7 34       		.uleb128 0x34
 1338 00f8 00       		.byte	0
 1339 00f9 03       		.uleb128 0x3
 1340 00fa 0E       		.uleb128 0xe
 1341 00fb 3A       		.uleb128 0x3a
 1342 00fc 0B       		.uleb128 0xb
 1343 00fd 3B       		.uleb128 0x3b
 1344 00fe 0B       		.uleb128 0xb
 1345 00ff 49       		.uleb128 0x49
 1346 0100 13       		.uleb128 0x13
 1347 0101 02       		.uleb128 0x2
 1348 0102 17       		.uleb128 0x17
 1349 0103 00       		.byte	0
 1350 0104 00       		.byte	0
 1351 0105 15       		.uleb128 0x15
 1352 0106 898201   		.uleb128 0x4109
 1353 0109 01       		.byte	0x1
 1354 010a 11       		.uleb128 0x11
 1355 010b 01       		.uleb128 0x1
 1356 010c 31       		.uleb128 0x31
 1357 010d 13       		.uleb128 0x13
 1358 010e 01       		.uleb128 0x1
 1359 010f 13       		.uleb128 0x13
 1360 0110 00       		.byte	0
 1361 0111 00       		.byte	0
 1362 0112 16       		.uleb128 0x16
 1363 0113 8A8201   		.uleb128 0x410a
 1364 0116 00       		.byte	0
 1365 0117 02       		.uleb128 0x2
 1366 0118 18       		.uleb128 0x18
ARM GAS  C:\Users\Sarah\AppData\Local\Temp\ccWUFBfW.s 			page 26


 1367 0119 9142     		.uleb128 0x2111
 1368 011b 18       		.uleb128 0x18
 1369 011c 00       		.byte	0
 1370 011d 00       		.byte	0
 1371 011e 17       		.uleb128 0x17
 1372 011f 898201   		.uleb128 0x4109
 1373 0122 00       		.byte	0
 1374 0123 11       		.uleb128 0x11
 1375 0124 01       		.uleb128 0x1
 1376 0125 31       		.uleb128 0x31
 1377 0126 13       		.uleb128 0x13
 1378 0127 00       		.byte	0
 1379 0128 00       		.byte	0
 1380 0129 18       		.uleb128 0x18
 1381 012a 2E       		.uleb128 0x2e
 1382 012b 01       		.byte	0x1
 1383 012c 3F       		.uleb128 0x3f
 1384 012d 19       		.uleb128 0x19
 1385 012e 03       		.uleb128 0x3
 1386 012f 0E       		.uleb128 0xe
 1387 0130 3A       		.uleb128 0x3a
 1388 0131 0B       		.uleb128 0xb
 1389 0132 3B       		.uleb128 0x3b
 1390 0133 0B       		.uleb128 0xb
 1391 0134 27       		.uleb128 0x27
 1392 0135 19       		.uleb128 0x19
 1393 0136 49       		.uleb128 0x49
 1394 0137 13       		.uleb128 0x13
 1395 0138 11       		.uleb128 0x11
 1396 0139 01       		.uleb128 0x1
 1397 013a 12       		.uleb128 0x12
 1398 013b 06       		.uleb128 0x6
 1399 013c 40       		.uleb128 0x40
 1400 013d 18       		.uleb128 0x18
 1401 013e 9742     		.uleb128 0x2117
 1402 0140 19       		.uleb128 0x19
 1403 0141 01       		.uleb128 0x1
 1404 0142 13       		.uleb128 0x13
 1405 0143 00       		.byte	0
 1406 0144 00       		.byte	0
 1407 0145 19       		.uleb128 0x19
 1408 0146 34       		.uleb128 0x34
 1409 0147 00       		.byte	0
 1410 0148 03       		.uleb128 0x3
 1411 0149 0E       		.uleb128 0xe
 1412 014a 3A       		.uleb128 0x3a
 1413 014b 0B       		.uleb128 0xb
 1414 014c 3B       		.uleb128 0x3b
 1415 014d 0B       		.uleb128 0xb
 1416 014e 49       		.uleb128 0x49
 1417 014f 13       		.uleb128 0x13
 1418 0150 3F       		.uleb128 0x3f
 1419 0151 19       		.uleb128 0x19
 1420 0152 02       		.uleb128 0x2
 1421 0153 18       		.uleb128 0x18
 1422 0154 00       		.byte	0
 1423 0155 00       		.byte	0
ARM GAS  C:\Users\Sarah\AppData\Local\Temp\ccWUFBfW.s 			page 27


 1424 0156 1A       		.uleb128 0x1a
 1425 0157 2E       		.uleb128 0x2e
 1426 0158 01       		.byte	0x1
 1427 0159 3F       		.uleb128 0x3f
 1428 015a 19       		.uleb128 0x19
 1429 015b 03       		.uleb128 0x3
 1430 015c 0E       		.uleb128 0xe
 1431 015d 3A       		.uleb128 0x3a
 1432 015e 0B       		.uleb128 0xb
 1433 015f 3B       		.uleb128 0x3b
 1434 0160 05       		.uleb128 0x5
 1435 0161 27       		.uleb128 0x27
 1436 0162 19       		.uleb128 0x19
 1437 0163 49       		.uleb128 0x49
 1438 0164 13       		.uleb128 0x13
 1439 0165 3C       		.uleb128 0x3c
 1440 0166 19       		.uleb128 0x19
 1441 0167 01       		.uleb128 0x1
 1442 0168 13       		.uleb128 0x13
 1443 0169 00       		.byte	0
 1444 016a 00       		.byte	0
 1445 016b 1B       		.uleb128 0x1b
 1446 016c 2E       		.uleb128 0x2e
 1447 016d 01       		.byte	0x1
 1448 016e 3F       		.uleb128 0x3f
 1449 016f 19       		.uleb128 0x19
 1450 0170 03       		.uleb128 0x3
 1451 0171 0E       		.uleb128 0xe
 1452 0172 3A       		.uleb128 0x3a
 1453 0173 0B       		.uleb128 0xb
 1454 0174 3B       		.uleb128 0x3b
 1455 0175 0B       		.uleb128 0xb
 1456 0176 27       		.uleb128 0x27
 1457 0177 19       		.uleb128 0x19
 1458 0178 3C       		.uleb128 0x3c
 1459 0179 19       		.uleb128 0x19
 1460 017a 01       		.uleb128 0x1
 1461 017b 13       		.uleb128 0x13
 1462 017c 00       		.byte	0
 1463 017d 00       		.byte	0
 1464 017e 1C       		.uleb128 0x1c
 1465 017f 2E       		.uleb128 0x2e
 1466 0180 01       		.byte	0x1
 1467 0181 3F       		.uleb128 0x3f
 1468 0182 19       		.uleb128 0x19
 1469 0183 03       		.uleb128 0x3
 1470 0184 0E       		.uleb128 0xe
 1471 0185 27       		.uleb128 0x27
 1472 0186 19       		.uleb128 0x19
 1473 0187 49       		.uleb128 0x49
 1474 0188 13       		.uleb128 0x13
 1475 0189 34       		.uleb128 0x34
 1476 018a 19       		.uleb128 0x19
 1477 018b 3C       		.uleb128 0x3c
 1478 018c 19       		.uleb128 0x19
 1479 018d 01       		.uleb128 0x1
 1480 018e 13       		.uleb128 0x13
ARM GAS  C:\Users\Sarah\AppData\Local\Temp\ccWUFBfW.s 			page 28


 1481 018f 00       		.byte	0
 1482 0190 00       		.byte	0
 1483 0191 1D       		.uleb128 0x1d
 1484 0192 26       		.uleb128 0x26
 1485 0193 00       		.byte	0
 1486 0194 00       		.byte	0
 1487 0195 00       		.byte	0
 1488 0196 1E       		.uleb128 0x1e
 1489 0197 2E       		.uleb128 0x2e
 1490 0198 00       		.byte	0
 1491 0199 3F       		.uleb128 0x3f
 1492 019a 19       		.uleb128 0x19
 1493 019b 03       		.uleb128 0x3
 1494 019c 0E       		.uleb128 0xe
 1495 019d 3A       		.uleb128 0x3a
 1496 019e 0B       		.uleb128 0xb
 1497 019f 3B       		.uleb128 0x3b
 1498 01a0 05       		.uleb128 0x5
 1499 01a1 27       		.uleb128 0x27
 1500 01a2 19       		.uleb128 0x19
 1501 01a3 3C       		.uleb128 0x3c
 1502 01a4 19       		.uleb128 0x19
 1503 01a5 00       		.byte	0
 1504 01a6 00       		.byte	0
 1505 01a7 00       		.byte	0
 1506              		.section	.debug_loc,"",%progbits
 1507              	.Ldebug_loc0:
 1508              	.LLST0:
 1509 0000 00000000 		.4byte	.LVL0
 1510 0004 1C000000 		.4byte	.LVL1
 1511 0008 0100     		.2byte	0x1
 1512 000a 50       		.byte	0x50
 1513 000b 1C000000 		.4byte	.LVL1
 1514 000f 28000000 		.4byte	.LVL4
 1515 0013 0400     		.2byte	0x4
 1516 0015 F3       		.byte	0xf3
 1517 0016 01       		.uleb128 0x1
 1518 0017 50       		.byte	0x50
 1519 0018 9F       		.byte	0x9f
 1520 0019 28000000 		.4byte	.LVL4
 1521 001d 2A000000 		.4byte	.LVL5
 1522 0021 0100     		.2byte	0x1
 1523 0023 50       		.byte	0x50
 1524 0024 2A000000 		.4byte	.LVL5
 1525 0028 38000000 		.4byte	.LVL8
 1526 002c 0400     		.2byte	0x4
 1527 002e F3       		.byte	0xf3
 1528 002f 01       		.uleb128 0x1
 1529 0030 50       		.byte	0x50
 1530 0031 9F       		.byte	0x9f
 1531 0032 38000000 		.4byte	.LVL8
 1532 0036 40000000 		.4byte	.LVL9
 1533 003a 0100     		.2byte	0x1
 1534 003c 50       		.byte	0x50
 1535 003d 40000000 		.4byte	.LVL9
 1536 0041 68000000 		.4byte	.LFE37
 1537 0045 0400     		.2byte	0x4
ARM GAS  C:\Users\Sarah\AppData\Local\Temp\ccWUFBfW.s 			page 29


 1538 0047 F3       		.byte	0xf3
 1539 0048 01       		.uleb128 0x1
 1540 0049 50       		.byte	0x50
 1541 004a 9F       		.byte	0x9f
 1542 004b 00000000 		.4byte	0
 1543 004f 00000000 		.4byte	0
 1544              	.LLST1:
 1545 0053 00000000 		.4byte	.LVL0
 1546 0057 1F000000 		.4byte	.LVL2-1
 1547 005b 0100     		.2byte	0x1
 1548 005d 51       		.byte	0x51
 1549 005e 1F000000 		.4byte	.LVL2-1
 1550 0062 28000000 		.4byte	.LVL4
 1551 0066 0100     		.2byte	0x1
 1552 0068 54       		.byte	0x54
 1553 0069 28000000 		.4byte	.LVL4
 1554 006d 2F000000 		.4byte	.LVL6-1
 1555 0071 0100     		.2byte	0x1
 1556 0073 51       		.byte	0x51
 1557 0074 2F000000 		.4byte	.LVL6-1
 1558 0078 38000000 		.4byte	.LVL8
 1559 007c 0100     		.2byte	0x1
 1560 007e 54       		.byte	0x54
 1561 007f 38000000 		.4byte	.LVL8
 1562 0083 42000000 		.4byte	.LVL10
 1563 0087 0100     		.2byte	0x1
 1564 0089 51       		.byte	0x51
 1565 008a 42000000 		.4byte	.LVL10
 1566 008e 60000000 		.4byte	.LVL14
 1567 0092 0100     		.2byte	0x1
 1568 0094 54       		.byte	0x54
 1569 0095 60000000 		.4byte	.LVL14
 1570 0099 68000000 		.4byte	.LFE37
 1571 009d 0400     		.2byte	0x4
 1572 009f F3       		.byte	0xf3
 1573 00a0 01       		.uleb128 0x1
 1574 00a1 51       		.byte	0x51
 1575 00a2 9F       		.byte	0x9f
 1576 00a3 00000000 		.4byte	0
 1577 00a7 00000000 		.4byte	0
 1578              	.LLST2:
 1579 00ab 38000000 		.4byte	.LVL8
 1580 00af 42000000 		.4byte	.LVL10
 1581 00b3 0100     		.2byte	0x1
 1582 00b5 51       		.byte	0x51
 1583 00b6 42000000 		.4byte	.LVL10
 1584 00ba 60000000 		.4byte	.LVL13
 1585 00be 0100     		.2byte	0x1
 1586 00c0 54       		.byte	0x54
 1587 00c1 00000000 		.4byte	0
 1588 00c5 00000000 		.4byte	0
 1589              		.section	.debug_aranges,"",%progbits
 1590 0000 24000000 		.4byte	0x24
 1591 0004 0200     		.2byte	0x2
 1592 0006 00000000 		.4byte	.Ldebug_info0
 1593 000a 04       		.byte	0x4
 1594 000b 00       		.byte	0
ARM GAS  C:\Users\Sarah\AppData\Local\Temp\ccWUFBfW.s 			page 30


 1595 000c 0000     		.2byte	0
 1596 000e 0000     		.2byte	0
 1597 0010 00000000 		.4byte	.LFB37
 1598 0014 68000000 		.4byte	.LFE37-.LFB37
 1599 0018 00000000 		.4byte	.LFB38
 1600 001c 20000000 		.4byte	.LFE38-.LFB38
 1601 0020 00000000 		.4byte	0
 1602 0024 00000000 		.4byte	0
 1603              		.section	.debug_ranges,"",%progbits
 1604              	.Ldebug_ranges0:
 1605 0000 00000000 		.4byte	.LFB37
 1606 0004 68000000 		.4byte	.LFE37
 1607 0008 00000000 		.4byte	.LFB38
 1608 000c 20000000 		.4byte	.LFE38
 1609 0010 00000000 		.4byte	0
 1610 0014 00000000 		.4byte	0
 1611              		.section	.debug_line,"",%progbits
 1612              	.Ldebug_line0:
 1613 0000 F4000000 		.section	.debug_str,"MS",%progbits,1
 1613      0200B600 
 1613      00000201 
 1613      FB0E0D00 
 1613      01010101 
 1614              	.LASF80:
 1615 0000 4359424C 		.ascii	"CYBLE_EVT_L2CAP_CBFC_RX_CREDIT_IND\000"
 1615      455F4556 
 1615      545F4C32 
 1615      4341505F 
 1615      43424643 
 1616              	.LASF21:
 1617 0023 4359424C 		.ascii	"CYBLE_EVT_STACK_BUSY_STATUS\000"
 1617      455F4556 
 1617      545F5354 
 1617      41434B5F 
 1617      42555359 
 1618              	.LASF10:
 1619 003f 75696E74 		.ascii	"uint16\000"
 1619      313600
 1620              	.LASF151:
 1621 0046 4359424C 		.ascii	"CYBLE_GATTS_ERR_HPS_INVALID_REQUEST\000"
 1621      455F4741 
 1621      5454535F 
 1621      4552525F 
 1621      4850535F 
 1622              	.LASF79:
 1623 006a 4359424C 		.ascii	"CYBLE_EVT_L2CAP_CBFC_DATA_READ\000"
 1623      455F4556 
 1623      545F4C32 
 1623      4341505F 
 1623      43424643 
 1624              	.LASF165:
 1625 0089 4359424C 		.ascii	"CYBLE_CONN_HANDLE_T\000"
 1625      455F434F 
 1625      4E4E5F48 
 1625      414E444C 
 1625      455F5400 
 1626              	.LASF134:
ARM GAS  C:\Users\Sarah\AppData\Local\Temp\ccWUFBfW.s 			page 31


 1627 009d 4359424C 		.ascii	"CYBLE_GATT_ERR_INSUFFICIENT_ENC_KEY_SIZE\000"
 1627      455F4741 
 1627      54545F45 
 1627      52525F49 
 1627      4E535546 
 1628              	.LASF171:
 1629 00c6 636F6E6E 		.ascii	"connHandle\000"
 1629      48616E64 
 1629      6C6500
 1630              	.LASF91:
 1631 00d1 4359424C 		.ascii	"CYBLE_ERROR_MEMORY_ALLOCATION_FAILED\000"
 1631      455F4552 
 1631      524F525F 
 1631      4D454D4F 
 1631      52595F41 
 1632              	.LASF128:
 1633 00f6 4359424C 		.ascii	"CYBLE_GATT_ERR_REQUEST_NOT_SUPPORTED\000"
 1633      455F4741 
 1633      54545F45 
 1633      52525F52 
 1633      45515545 
 1634              	.LASF191:
 1635 011b 636F6E6E 		.ascii	"connectionHandle\000"
 1635      65637469 
 1635      6F6E4861 
 1635      6E646C65 
 1635      00
 1636              	.LASF123:
 1637 012c 4359424C 		.ascii	"CYBLE_GATT_ERR_INVALID_HANDLE\000"
 1637      455F4741 
 1637      54545F45 
 1637      52525F49 
 1637      4E56414C 
 1638              	.LASF33:
 1639 014a 4359424C 		.ascii	"CYBLE_EVT_GAP_CONNECTION_UPDATE_COMPLETE\000"
 1639      455F4556 
 1639      545F4741 
 1639      505F434F 
 1639      4E4E4543 
 1640              	.LASF78:
 1641 0173 4359424C 		.ascii	"CYBLE_EVT_L2CAP_CBFC_DISCONN_CNF\000"
 1641      455F4556 
 1641      545F4C32 
 1641      4341505F 
 1641      43424643 
 1642              	.LASF112:
 1643 0194 4359424C 		.ascii	"CYBLE_ERROR_UNSUPPORTED_FEATURE_OR_PARAMETER_VALUE\000"
 1643      455F4552 
 1643      524F525F 
 1643      554E5355 
 1643      50504F52 
 1644              	.LASF34:
 1645 01c7 4359424C 		.ascii	"CYBLE_EVT_GAPC_SCAN_START_STOP\000"
 1645      455F4556 
 1645      545F4741 
 1645      50435F53 
 1645      43414E5F 
ARM GAS  C:\Users\Sarah\AppData\Local\Temp\ccWUFBfW.s 			page 32


 1646              	.LASF38:
 1647 01e6 4359424C 		.ascii	"CYBLE_EVT_GAP_OOB_GENERATED_NOTIFICATION\000"
 1647      455F4556 
 1647      545F4741 
 1647      505F4F4F 
 1647      425F4745 
 1648              	.LASF58:
 1649 020f 4359424C 		.ascii	"CYBLE_EVT_GATTC_READ_MULTI_RSP\000"
 1649      455F4556 
 1649      545F4741 
 1649      5454435F 
 1649      52454144 
 1650              	.LASF63:
 1651 022e 4359424C 		.ascii	"CYBLE_EVT_GATTS_EXEC_WRITE_REQ\000"
 1651      455F4556 
 1651      545F4741 
 1651      5454535F 
 1651      45584543 
 1652              	.LASF75:
 1653 024d 4359424C 		.ascii	"CYBLE_EVT_L2CAP_CBFC_CONN_IND\000"
 1653      455F4556 
 1653      545F4C32 
 1653      4341505F 
 1653      43424643 
 1654              	.LASF116:
 1655 026b 4359424C 		.ascii	"CYBLE_ERROR_NTF_DISABLED\000"
 1655      455F4552 
 1655      524F525F 
 1655      4E54465F 
 1655      44495341 
 1656              	.LASF18:
 1657 0284 4359424C 		.ascii	"CYBLE_EVT_TIMEOUT\000"
 1657      455F4556 
 1657      545F5449 
 1657      4D454F55 
 1657      5400
 1658              	.LASF4:
 1659 0296 6C6F6E67 		.ascii	"long int\000"
 1659      20696E74 
 1659      00
 1660              	.LASF111:
 1661 029f 4359424C 		.ascii	"CYBLE_ERROR_HARDWARE_FAILURE\000"
 1661      455F4552 
 1661      524F525F 
 1661      48415244 
 1661      57415245 
 1662              	.LASF101:
 1663 02bc 4359424C 		.ascii	"CYBLE_ERROR_L2CAP_PSM_WRONG_ENCODING\000"
 1663      455F4552 
 1663      524F525F 
 1663      4C324341 
 1663      505F5053 
 1664              	.LASF167:
 1665 02e1 4359424C 		.ascii	"CYBLE_GATT_VALUE_T\000"
 1665      455F4741 
 1665      54545F56 
 1665      414C5545 
ARM GAS  C:\Users\Sarah\AppData\Local\Temp\ccWUFBfW.s 			page 33


 1665      5F5400
 1666              	.LASF20:
 1667 02f4 4359424C 		.ascii	"CYBLE_EVT_HCI_STATUS\000"
 1667      455F4556 
 1667      545F4843 
 1667      495F5354 
 1667      41545553 
 1668              	.LASF149:
 1669 0309 4359424C 		.ascii	"CYBLE_GATTS_ERR_OPERATION_FAILED\000"
 1669      455F4741 
 1669      5454535F 
 1669      4552525F 
 1669      4F504552 
 1670              	.LASF155:
 1671 032a 4359424C 		.ascii	"CYBLE_GATT_ERR_ANCS_INVALID_COMMAND\000"
 1671      455F4741 
 1671      54545F45 
 1671      52525F41 
 1671      4E43535F 
 1672              	.LASF176:
 1673 034e 6576656E 		.ascii	"eventCode\000"
 1673      74436F64 
 1673      6500
 1674              	.LASF100:
 1675 0358 4359424C 		.ascii	"CYBLE_ERROR_SEC_FAILED\000"
 1675      455F4552 
 1675      524F525F 
 1675      5345435F 
 1675      4641494C 
 1676              	.LASF178:
 1677 036f 4C45445F 		.ascii	"LED_Scan_Write\000"
 1677      5363616E 
 1677      5F577269 
 1677      746500
 1678              	.LASF36:
 1679 037e 4359424C 		.ascii	"CYBLE_EVT_GAP_NUMERIC_COMPARISON_REQUEST\000"
 1679      455F4556 
 1679      545F4741 
 1679      505F4E55 
 1679      4D455249 
 1680              	.LASF146:
 1681 03a7 4359424C 		.ascii	"CYBLE_GATT_ERR_OP_CODE_NOT_SUPPORTED\000"
 1681      455F4741 
 1681      54545F45 
 1681      52525F4F 
 1681      505F434F 
 1682              	.LASF127:
 1683 03cc 4359424C 		.ascii	"CYBLE_GATT_ERR_INSUFFICIENT_AUTHENTICATION\000"
 1683      455F4741 
 1683      54545F45 
 1683      52525F49 
 1683      4E535546 
 1684              	.LASF6:
 1685 03f7 6C6F6E67 		.ascii	"long long int\000"
 1685      206C6F6E 
 1685      6720696E 
 1685      7400
ARM GAS  C:\Users\Sarah\AppData\Local\Temp\ccWUFBfW.s 			page 34


 1686              	.LASF0:
 1687 0405 7369676E 		.ascii	"signed char\000"
 1687      65642063 
 1687      68617200 
 1688              	.LASF17:
 1689 0411 4359424C 		.ascii	"CYBLE_EVT_STACK_ON\000"
 1689      455F4556 
 1689      545F5354 
 1689      41434B5F 
 1689      4F4E00
 1690              	.LASF108:
 1691 0424 4359424C 		.ascii	"CYBLE_ERROR_DEVICE_ALREADY_EXISTS\000"
 1691      455F4552 
 1691      524F525F 
 1691      44455649 
 1691      43455F41 
 1692              	.LASF95:
 1693 0446 4359424C 		.ascii	"CYBLE_ERROR_NO_DEVICE_ENTITY\000"
 1693      455F4552 
 1693      524F525F 
 1693      4E4F5F44 
 1693      45564943 
 1694              	.LASF166:
 1695 0463 61637475 		.ascii	"actualLen\000"
 1695      616C4C65 
 1695      6E00
 1696              	.LASF24:
 1697 046d 4359424C 		.ascii	"CYBLE_EVT_GAP_AUTH_REQ\000"
 1697      455F4556 
 1697      545F4741 
 1697      505F4155 
 1697      54485F52 
 1698              	.LASF56:
 1699 0484 4359424C 		.ascii	"CYBLE_EVT_GATTC_READ_RSP\000"
 1699      455F4556 
 1699      545F4741 
 1699      5454435F 
 1699      52454144 
 1700              	.LASF126:
 1701 049d 4359424C 		.ascii	"CYBLE_GATT_ERR_INVALID_PDU\000"
 1701      455F4741 
 1701      54545F45 
 1701      52525F49 
 1701      4E56414C 
 1702              	.LASF119:
 1703 04b8 4359424C 		.ascii	"CYBLE_ERROR_INVALID_STATE\000"
 1703      455F4552 
 1703      524F525F 
 1703      494E5641 
 1703      4C49445F 
 1704              	.LASF61:
 1705 04d2 4359424C 		.ascii	"CYBLE_EVT_GATTS_WRITE_CMD_REQ\000"
 1705      455F4556 
 1705      545F4741 
 1705      5454535F 
 1705      57524954 
 1706              	.LASF29:
ARM GAS  C:\Users\Sarah\AppData\Local\Temp\ccWUFBfW.s 			page 35


 1707 04f0 4359424C 		.ascii	"CYBLE_EVT_GAPP_ADVERTISEMENT_START_STOP\000"
 1707      455F4556 
 1707      545F4741 
 1707      50505F41 
 1707      44564552 
 1708              	.LASF106:
 1709 0518 4359424C 		.ascii	"CYBLE_ERROR_L2CAP_PSM_NOT_IN_RANGE\000"
 1709      455F4552 
 1709      524F525F 
 1709      4C324341 
 1709      505F5053 
 1710              	.LASF179:
 1711 053b 6D656D63 		.ascii	"memcpy\000"
 1711      707900
 1712              	.LASF9:
 1713 0542 75696E74 		.ascii	"uint8\000"
 1713      3800
 1714              	.LASF64:
 1715 0548 4359424C 		.ascii	"CYBLE_EVT_GATTC_EXEC_WRITE_RSP\000"
 1715      455F4556 
 1715      545F4741 
 1715      5454435F 
 1715      45584543 
 1716              	.LASF13:
 1717 0567 646F7562 		.ascii	"double\000"
 1717      6C6500
 1718              	.LASF77:
 1719 056e 4359424C 		.ascii	"CYBLE_EVT_L2CAP_CBFC_DISCONN_IND\000"
 1719      455F4556 
 1719      545F4C32 
 1719      4341505F 
 1719      43424643 
 1720              	.LASF89:
 1721 058f 4359424C 		.ascii	"CYBLE_ERROR_INVALID_PARAMETER\000"
 1721      455F4552 
 1721      524F525F 
 1721      494E5641 
 1721      4C49445F 
 1722              	.LASF138:
 1723 05ad 4359424C 		.ascii	"CYBLE_GATT_ERR_UNSUPPORTED_GROUP_TYPE\000"
 1723      455F4741 
 1723      54545F45 
 1723      52525F55 
 1723      4E535550 
 1724              	.LASF188:
 1725 05d3 53746163 		.ascii	"Stack_Handler\000"
 1725      6B5F4861 
 1725      6E646C65 
 1725      7200
 1726              	.LASF11:
 1727 05e1 75696E74 		.ascii	"uint32\000"
 1727      333200
 1728              	.LASF125:
 1729 05e8 4359424C 		.ascii	"CYBLE_GATT_ERR_WRITE_NOT_PERMITTED\000"
 1729      455F4741 
 1729      54545F45 
 1729      52525F57 
ARM GAS  C:\Users\Sarah\AppData\Local\Temp\ccWUFBfW.s 			page 36


 1729      52495445 
 1730              	.LASF87:
 1731 060b 4359424C 		.ascii	"CYBLE_EVT_MAX\000"
 1731      455F4556 
 1731      545F4D41 
 1731      5800
 1732              	.LASF88:
 1733 0619 4359424C 		.ascii	"CYBLE_ERROR_OK\000"
 1733      455F4552 
 1733      524F525F 
 1733      4F4B00
 1734              	.LASF122:
 1735 0628 4359424C 		.ascii	"CYBLE_GATT_ERR_NONE\000"
 1735      455F4741 
 1735      54545F45 
 1735      52525F4E 
 1735      4F4E4500 
 1736              	.LASF72:
 1737 063c 4359424C 		.ascii	"CYBLE_EVT_L2CAP_CONN_PARAM_UPDATE_REQ\000"
 1737      455F4556 
 1737      545F4C32 
 1737      4341505F 
 1737      434F4E4E 
 1738              	.LASF124:
 1739 0662 4359424C 		.ascii	"CYBLE_GATT_ERR_READ_NOT_PERMITTED\000"
 1739      455F4741 
 1739      54545F45 
 1739      52525F52 
 1739      4541445F 
 1740              	.LASF82:
 1741 0684 4359424C 		.ascii	"CYBLE_EVT_L2CAP_CBFC_DATA_WRITE_IND\000"
 1741      455F4556 
 1741      545F4C32 
 1741      4341505F 
 1741      43424643 
 1742              	.LASF129:
 1743 06a8 4359424C 		.ascii	"CYBLE_GATT_ERR_INVALID_OFFSET\000"
 1743      455F4741 
 1743      54545F45 
 1743      52525F49 
 1743      4E56414C 
 1744              	.LASF169:
 1745 06c6 61747472 		.ascii	"attrHandle\000"
 1745      48616E64 
 1745      6C6500
 1746              	.LASF7:
 1747 06d1 6C6F6E67 		.ascii	"long long unsigned int\000"
 1747      206C6F6E 
 1747      6720756E 
 1747      7369676E 
 1747      65642069 
 1748              	.LASF168:
 1749 06e8 76616C75 		.ascii	"value\000"
 1749      6500
 1750              	.LASF181:
 1751 06ee 4379426C 		.ascii	"CyBle_GattsWriteAttributeValue\000"
 1751      655F4761 
ARM GAS  C:\Users\Sarah\AppData\Local\Temp\ccWUFBfW.s 			page 37


 1751      74747357 
 1751      72697465 
 1751      41747472 
 1752              	.LASF69:
 1753 070d 4359424C 		.ascii	"CYBLE_EVT_GATTC_STOP_CMD_COMPLETE\000"
 1753      455F4556 
 1753      545F4741 
 1753      5454435F 
 1753      53544F50 
 1754              	.LASF93:
 1755 072f 4359424C 		.ascii	"CYBLE_ERROR_OOB_NOT_AVAILABLE\000"
 1755      455F4552 
 1755      524F525F 
 1755      4F4F425F 
 1755      4E4F545F 
 1756              	.LASF84:
 1757 074d 4359424C 		.ascii	"CYBLE_EVT_LE_PING_AUTH_TIMEOUT\000"
 1757      455F4556 
 1757      545F4C45 
 1757      5F50494E 
 1757      475F4155 
 1758              	.LASF150:
 1759 076c 4359424C 		.ascii	"CYBLE_GATT_ERR_INVALID_CRC\000"
 1759      455F4741 
 1759      54545F45 
 1759      52525F49 
 1759      4E56414C 
 1760              	.LASF145:
 1761 0787 4359424C 		.ascii	"CYBLE_GATTS_ERR_PROCEDURE_ALREADY_IN_PROGRESS\000"
 1761      455F4741 
 1761      5454535F 
 1761      4552525F 
 1761      50524F43 
 1762              	.LASF102:
 1763 07b5 4359424C 		.ascii	"CYBLE_ERROR_L2CAP_PSM_ALREADY_REGISTERED\000"
 1763      455F4552 
 1763      524F525F 
 1763      4C324341 
 1763      505F5053 
 1764              	.LASF5:
 1765 07de 6C6F6E67 		.ascii	"long unsigned int\000"
 1765      20756E73 
 1765      69676E65 
 1765      6420696E 
 1765      7400
 1766              	.LASF43:
 1767 07f0 4359424C 		.ascii	"CYBLE_EVT_GAP_CONN_ESTB\000"
 1767      455F4556 
 1767      545F4741 
 1767      505F434F 
 1767      4E4E5F45 
 1768              	.LASF132:
 1769 0808 4359424C 		.ascii	"CYBLE_GATT_ERR_ATTRIBUTE_NOT_FOUND\000"
 1769      455F4741 
 1769      54545F45 
 1769      52525F41 
 1769      54545249 
ARM GAS  C:\Users\Sarah\AppData\Local\Temp\ccWUFBfW.s 			page 38


 1770              	.LASF59:
 1771 082b 4359424C 		.ascii	"CYBLE_EVT_GATTS_WRITE_REQ\000"
 1771      455F4556 
 1771      545F4741 
 1771      5454535F 
 1771      57524954 
 1772              	.LASF51:
 1773 0845 4359424C 		.ascii	"CYBLE_EVT_GATTC_XCHNG_MTU_RSP\000"
 1773      455F4556 
 1773      545F4741 
 1773      5454435F 
 1773      5843484E 
 1774              	.LASF68:
 1775 0863 4359424C 		.ascii	"CYBLE_EVT_GATTS_DATA_SIGNED_CMD_REQ\000"
 1775      455F4556 
 1775      545F4741 
 1775      5454535F 
 1775      44415441 
 1776              	.LASF71:
 1777 0887 4359424C 		.ascii	"CYBLE_EVT_GATTC_LONG_PROCEDURE_END\000"
 1777      455F4556 
 1777      545F4741 
 1777      5454435F 
 1777      4C4F4E47 
 1778              	.LASF105:
 1779 08aa 4359424C 		.ascii	"CYBLE_ERROR_L2CAP_CHANNEL_NOT_FOUND\000"
 1779      455F4552 
 1779      524F525F 
 1779      4C324341 
 1779      505F4348 
 1780              	.LASF133:
 1781 08ce 4359424C 		.ascii	"CYBLE_GATT_ERR_ATTRIBUTE_NOT_LONG\000"
 1781      455F4741 
 1781      54545F45 
 1781      52525F41 
 1781      54545249 
 1782              	.LASF16:
 1783 08f0 4359424C 		.ascii	"CYBLE_EVT_HOST_INVALID\000"
 1783      455F4556 
 1783      545F484F 
 1783      53545F49 
 1783      4E56414C 
 1784              	.LASF54:
 1785 0907 4359424C 		.ascii	"CYBLE_EVT_GATTC_FIND_INFO_RSP\000"
 1785      455F4556 
 1785      545F4741 
 1785      5454435F 
 1785      46494E44 
 1786              	.LASF22:
 1787 0925 4359424C 		.ascii	"CYBLE_EVT_MEMORY_REQUEST\000"
 1787      455F4556 
 1787      545F4D45 
 1787      4D4F5259 
 1787      5F524551 
 1788              	.LASF154:
 1789 093e 4359424C 		.ascii	"CYBLE_GATT_ERR_ANCS_UNKNOWN_COMMAND\000"
 1789      455F4741 
ARM GAS  C:\Users\Sarah\AppData\Local\Temp\ccWUFBfW.s 			page 39


 1789      54545F45 
 1789      52525F41 
 1789      4E43535F 
 1790              	.LASF25:
 1791 0962 4359424C 		.ascii	"CYBLE_EVT_GAP_PASSKEY_ENTRY_REQUEST\000"
 1791      455F4556 
 1791      545F4741 
 1791      505F5041 
 1791      53534B45 
 1792              	.LASF30:
 1793 0986 4359424C 		.ascii	"CYBLE_EVT_GAP_DEVICE_CONNECTED\000"
 1793      455F4556 
 1793      545F4741 
 1793      505F4445 
 1793      56494345 
 1794              	.LASF186:
 1795 09a5 6D61696E 		.ascii	"main.c\000"
 1795      2E6300
 1796              	.LASF45:
 1797 09ac 4359424C 		.ascii	"CYBLE_EVT_GAP_AUTH_REQ_REPLY_ERR\000"
 1797      455F4556 
 1797      545F4741 
 1797      505F4155 
 1797      54485F52 
 1798              	.LASF184:
 1799 09cd 4379426C 		.ascii	"CyBle_Start\000"
 1799      655F5374 
 1799      61727400 
 1800              	.LASF161:
 1801 09d9 4359424C 		.ascii	"CYBLE_GATT_ERR_CODE_T\000"
 1801      455F4741 
 1801      54545F45 
 1801      52525F43 
 1801      4F44455F 
 1802              	.LASF144:
 1803 09ef 4359424C 		.ascii	"CYBLE_GATT_ERR_HTS_OUT_OF_RANGE\000"
 1803      455F4741 
 1803      54545F45 
 1803      52525F48 
 1803      54535F4F 
 1804              	.LASF26:
 1805 0a0f 4359424C 		.ascii	"CYBLE_EVT_GAP_PASSKEY_DISPLAY_REQUEST\000"
 1805      455F4556 
 1805      545F4741 
 1805      505F5041 
 1805      53534B45 
 1806              	.LASF48:
 1807 0a35 4359424C 		.ascii	"CYBLE_EVT_GATT_CONNECT_IND\000"
 1807      455F4556 
 1807      545F4741 
 1807      54545F43 
 1807      4F4E4E45 
 1808              	.LASF164:
 1809 0a50 61747449 		.ascii	"attId\000"
 1809      6400
 1810              	.LASF74:
 1811 0a56 4359424C 		.ascii	"CYBLE_EVT_L2CAP_COMMAND_REJ\000"
ARM GAS  C:\Users\Sarah\AppData\Local\Temp\ccWUFBfW.s 			page 40


 1811      455F4556 
 1811      545F4C32 
 1811      4341505F 
 1811      434F4D4D 
 1812              	.LASF143:
 1813 0a72 4359424C 		.ascii	"CYBLE_GATT_ERR_CPS_INAPPROPRIATE_CONNECTION_PARAMET"
 1813      455F4741 
 1813      54545F45 
 1813      52525F43 
 1813      50535F49 
 1814 0aa5 45525300 		.ascii	"ERS\000"
 1815              	.LASF23:
 1816 0aa9 4359424C 		.ascii	"CYBLE_EVT_GAPC_SCAN_PROGRESS_RESULT\000"
 1816      455F4556 
 1816      545F4741 
 1816      50435F53 
 1816      43414E5F 
 1817              	.LASF192:
 1818 0acd 4379426C 		.ascii	"CyBle_ProcessEvents\000"
 1818      655F5072 
 1818      6F636573 
 1818      73457665 
 1818      6E747300 
 1819              	.LASF46:
 1820 0ae1 4359424C 		.ascii	"CYBLE_EVT_GAP_SMP_LOC_P256_KEYS_GEN_AND_SET_COMPLET"
 1820      455F4556 
 1820      545F4741 
 1820      505F534D 
 1820      505F4C4F 
 1821 0b14 4500     		.ascii	"E\000"
 1822              	.LASF115:
 1823 0b16 4359424C 		.ascii	"CYBLE_ERROR_MAX\000"
 1823      455F4552 
 1823      524F525F 
 1823      4D415800 
 1824              	.LASF113:
 1825 0b26 4359424C 		.ascii	"CYBLE_ERROR_FLASH_WRITE\000"
 1825      455F4552 
 1825      524F525F 
 1825      464C4153 
 1825      485F5752 
 1826              	.LASF53:
 1827 0b3e 4359424C 		.ascii	"CYBLE_EVT_GATTC_READ_BY_TYPE_RSP\000"
 1827      455F4556 
 1827      545F4741 
 1827      5454435F 
 1827      52454144 
 1828              	.LASF15:
 1829 0b5f 73697A65 		.ascii	"sizetype\000"
 1829      74797065 
 1829      00
 1830              	.LASF139:
 1831 0b68 4359424C 		.ascii	"CYBLE_GATT_ERR_INSUFFICIENT_RESOURCE\000"
 1831      455F4741 
 1831      54545F45 
 1831      52525F49 
 1831      4E535546 
ARM GAS  C:\Users\Sarah\AppData\Local\Temp\ccWUFBfW.s 			page 41


 1832              	.LASF173:
 1833 0b8d 4359424C 		.ascii	"CYBLE_GATTS_WRITE_REQ_PARAM_T\000"
 1833      455F4741 
 1833      5454535F 
 1833      57524954 
 1833      455F5245 
 1834              	.LASF28:
 1835 0bab 4359424C 		.ascii	"CYBLE_EVT_GAP_AUTH_FAILED\000"
 1835      455F4556 
 1835      545F4741 
 1835      505F4155 
 1835      54485F46 
 1836              	.LASF60:
 1837 0bc5 4359424C 		.ascii	"CYBLE_EVT_GATTC_WRITE_RSP\000"
 1837      455F4556 
 1837      545F4741 
 1837      5454435F 
 1837      57524954 
 1838              	.LASF41:
 1839 0bdf 4359424C 		.ascii	"CYBLE_EVT_GAPC_DIRECT_ADV_REPORT\000"
 1839      455F4556 
 1839      545F4741 
 1839      50435F44 
 1839      49524543 
 1840              	.LASF39:
 1841 0c00 4359424C 		.ascii	"CYBLE_EVT_GAP_DATA_LENGTH_CHANGE\000"
 1841      455F4556 
 1841      545F4741 
 1841      505F4441 
 1841      54415F4C 
 1842              	.LASF44:
 1843 0c21 4359424C 		.ascii	"CYBLE_EVT_GAP_SCAN_REQ_RECVD\000"
 1843      455F4556 
 1843      545F4741 
 1843      505F5343 
 1843      414E5F52 
 1844              	.LASF130:
 1845 0c3e 4359424C 		.ascii	"CYBLE_GATT_ERR_INSUFFICIENT_AUTHORIZATION\000"
 1845      455F4741 
 1845      54545F45 
 1845      52525F49 
 1845      4E535546 
 1846              	.LASF27:
 1847 0c68 4359424C 		.ascii	"CYBLE_EVT_GAP_AUTH_COMPLETE\000"
 1847      455F4556 
 1847      545F4741 
 1847      505F4155 
 1847      54485F43 
 1848              	.LASF121:
 1849 0c84 4359424C 		.ascii	"CYBLE_API_RESULT_T\000"
 1849      455F4150 
 1849      495F5245 
 1849      53554C54 
 1849      5F5400
 1850              	.LASF65:
 1851 0c97 4359424C 		.ascii	"CYBLE_EVT_GATTC_HANDLE_VALUE_NTF\000"
 1851      455F4556 
ARM GAS  C:\Users\Sarah\AppData\Local\Temp\ccWUFBfW.s 			page 42


 1851      545F4741 
 1851      5454435F 
 1851      48414E44 
 1852              	.LASF117:
 1853 0cb8 4359424C 		.ascii	"CYBLE_ERROR_IND_DISABLED\000"
 1853      455F4552 
 1853      524F525F 
 1853      494E445F 
 1853      44495341 
 1854              	.LASF170:
 1855 0cd1 4359424C 		.ascii	"CYBLE_GATT_HANDLE_VALUE_PAIR_T\000"
 1855      455F4741 
 1855      54545F48 
 1855      414E444C 
 1855      455F5641 
 1856              	.LASF76:
 1857 0cf0 4359424C 		.ascii	"CYBLE_EVT_L2CAP_CBFC_CONN_CNF\000"
 1857      455F4556 
 1857      545F4C32 
 1857      4341505F 
 1857      43424643 
 1858              	.LASF156:
 1859 0d0e 4359424C 		.ascii	"CYBLE_GATT_ERR_ANCS_INVALID_PARAMETER\000"
 1859      455F4741 
 1859      54545F45 
 1859      52525F41 
 1859      4E43535F 
 1860              	.LASF52:
 1861 0d34 4359424C 		.ascii	"CYBLE_EVT_GATTC_READ_BY_GROUP_TYPE_RSP\000"
 1861      455F4556 
 1861      545F4741 
 1861      5454435F 
 1861      52454144 
 1862              	.LASF12:
 1863 0d5b 666C6F61 		.ascii	"float\000"
 1863      7400
 1864              	.LASF131:
 1865 0d61 4359424C 		.ascii	"CYBLE_GATT_ERR_PREPARE_WRITE_QUEUE_FULL\000"
 1865      455F4741 
 1865      54545F45 
 1865      52525F50 
 1865      52455041 
 1866              	.LASF180:
 1867 0d89 4379426C 		.ascii	"CyBle_GappStartAdvertisement\000"
 1867      655F4761 
 1867      70705374 
 1867      61727441 
 1867      64766572 
 1868              	.LASF98:
 1869 0da6 4359424C 		.ascii	"CYBLE_ERROR_TX_POWER_READ\000"
 1869      455F4552 
 1869      524F525F 
 1869      54585F50 
 1869      4F574552 
 1870              	.LASF118:
 1871 0dc0 4359424C 		.ascii	"CYBLE_ERROR_CHAR_IS_NOT_DISCOVERED\000"
 1871      455F4552 
ARM GAS  C:\Users\Sarah\AppData\Local\Temp\ccWUFBfW.s 			page 43


 1871      524F525F 
 1871      43484152 
 1871      5F49535F 
 1872              	.LASF160:
 1873 0de3 4359424C 		.ascii	"CYBLE_GATT_ERR_OUT_OF_RANGE\000"
 1873      455F4741 
 1873      54545F45 
 1873      52525F4F 
 1873      55545F4F 
 1874              	.LASF1:
 1875 0dff 756E7369 		.ascii	"unsigned char\000"
 1875      676E6564 
 1875      20636861 
 1875      7200
 1876              	.LASF189:
 1877 0e0d 77725265 		.ascii	"wrReq\000"
 1877      7100
 1878              	.LASF37:
 1879 0e13 4359424C 		.ascii	"CYBLE_EVT_GAP_KEYPRESS_NOTIFICATION\000"
 1879      455F4556 
 1879      545F4741 
 1879      505F4B45 
 1879      59505245 
 1880              	.LASF135:
 1881 0e37 4359424C 		.ascii	"CYBLE_GATT_ERR_INVALID_ATTRIBUTE_LEN\000"
 1881      455F4741 
 1881      54545F45 
 1881      52525F49 
 1881      4E56414C 
 1882              	.LASF148:
 1883 0e5c 4359424C 		.ascii	"CYBLE_GATTS_ERR_CCCD_IMPROPERLY_CONFIGURED\000"
 1883      455F4741 
 1883      5454535F 
 1883      4552525F 
 1883      43434344 
 1884              	.LASF185:
 1885 0e87 474E5520 		.ascii	"GNU C 4.9.3 20150303 (release) [ARM/embedded-4_9-br"
 1885      4320342E 
 1885      392E3320 
 1885      32303135 
 1885      30333033 
 1886 0eba 616E6368 		.ascii	"anch revision 221220] -mcpu=cortex-m0 -mthumb -g -O"
 1886      20726576 
 1886      6973696F 
 1886      6E203232 
 1886      31323230 
 1887 0eed 67202D66 		.ascii	"g -ffunction-sections -ffat-lto-objects\000"
 1887      66756E63 
 1887      74696F6E 
 1887      2D736563 
 1887      74696F6E 
 1888              	.LASF2:
 1889 0f15 73686F72 		.ascii	"short int\000"
 1889      7420696E 
 1889      7400
 1890              	.LASF66:
 1891 0f1f 4359424C 		.ascii	"CYBLE_EVT_GATTC_HANDLE_VALUE_IND\000"
ARM GAS  C:\Users\Sarah\AppData\Local\Temp\ccWUFBfW.s 			page 44


 1891      455F4556 
 1891      545F4741 
 1891      5454435F 
 1891      48414E44 
 1892              	.LASF147:
 1893 0f40 4359424C 		.ascii	"CYBLE_GATT_ERR_MISSING_CRC\000"
 1893      455F4741 
 1893      54545F45 
 1893      52525F4D 
 1893      49535349 
 1894              	.LASF103:
 1895 0f5b 4359424C 		.ascii	"CYBLE_ERROR_L2CAP_PSM_NOT_REGISTERED\000"
 1895      455F4552 
 1895      524F525F 
 1895      4C324341 
 1895      505F5053 
 1896              	.LASF85:
 1897 0f80 4359424C 		.ascii	"CYBLE_EVT_HCI_PKT\000"
 1897      455F4556 
 1897      545F4843 
 1897      495F504B 
 1897      5400
 1898              	.LASF94:
 1899 0f92 4359424C 		.ascii	"CYBLE_ERROR_NO_CONNECTION\000"
 1899      455F4552 
 1899      524F525F 
 1899      4E4F5F43 
 1899      4F4E4E45 
 1900              	.LASF153:
 1901 0fac 4359424C 		.ascii	"CYBLE_GATT_ERR_ANS_COMMAND_NOT_SUPPORTED\000"
 1901      455F4741 
 1901      54545F45 
 1901      52525F41 
 1901      4E535F43 
 1902              	.LASF62:
 1903 0fd5 4359424C 		.ascii	"CYBLE_EVT_GATTS_PREP_WRITE_REQ\000"
 1903      455F4556 
 1903      545F4741 
 1903      5454535F 
 1903      50524550 
 1904              	.LASF32:
 1905 0ff4 4359424C 		.ascii	"CYBLE_EVT_GAP_ENCRYPT_CHANGE\000"
 1905      455F4556 
 1905      545F4741 
 1905      505F454E 
 1905      43525950 
 1906              	.LASF67:
 1907 1011 4359424C 		.ascii	"CYBLE_EVT_GATTS_HANDLE_VALUE_CNF\000"
 1907      455F4556 
 1907      545F4741 
 1907      5454535F 
 1907      48414E44 
 1908              	.LASF158:
 1909 1032 4359424C 		.ascii	"CYBLE_GATT_ERR_CCCD_IMPROPERLY_CONFIGURED\000"
 1909      455F4741 
 1909      54545F45 
 1909      52525F43 
ARM GAS  C:\Users\Sarah\AppData\Local\Temp\ccWUFBfW.s 			page 45


 1909      4343445F 
 1910              	.LASF42:
 1911 105c 4359424C 		.ascii	"CYBLE_EVT_GAP_SMP_NEGOTIATED_AUTH_INFO\000"
 1911      455F4556 
 1911      545F4741 
 1911      505F534D 
 1911      505F4E45 
 1912              	.LASF141:
 1913 1083 4359424C 		.ascii	"CYBLE_GATT_ERR_HEART_RATE_CONTROL_POINT_NOT_SUPPORT"
 1913      455F4741 
 1913      54545F45 
 1913      52525F48 
 1913      45415254 
 1914 10b6 454400   		.ascii	"ED\000"
 1915              	.LASF120:
 1916 10b9 4359424C 		.ascii	"CYBLE_ERROR_STACK_BUSY\000"
 1916      455F4552 
 1916      524F525F 
 1916      53544143 
 1916      4B5F4255 
 1917              	.LASF14:
 1918 10d0 63686172 		.ascii	"char\000"
 1918      00
 1919              	.LASF99:
 1920 10d5 4359424C 		.ascii	"CYBLE_ERROR_BT_ON_NOT_COMPLETED\000"
 1920      455F4552 
 1920      524F525F 
 1920      42545F4F 
 1920      4E5F4E4F 
 1921              	.LASF140:
 1922 10f5 4359424C 		.ascii	"CYBLE_GATT_ERR_TRIGGER_CODITION_VALUE_NOT_SUPPORTED"
 1922      455F4741 
 1922      54545F45 
 1922      52525F54 
 1922      52494747 
 1923 1128 00       		.ascii	"\000"
 1924              	.LASF31:
 1925 1129 4359424C 		.ascii	"CYBLE_EVT_GAP_DEVICE_DISCONNECTED\000"
 1925      455F4556 
 1925      545F4741 
 1925      505F4445 
 1925      56494345 
 1926              	.LASF8:
 1927 114b 756E7369 		.ascii	"unsigned int\000"
 1927      676E6564 
 1927      20696E74 
 1927      00
 1928              	.LASF70:
 1929 1158 4359424C 		.ascii	"CYBLE_EVT_GATTS_READ_CHAR_VAL_ACCESS_REQ\000"
 1929      455F4556 
 1929      545F4741 
 1929      5454535F 
 1929      52454144 
 1930              	.LASF182:
 1931 1181 4C45445F 		.ascii	"LED_Conf_Write\000"
 1931      436F6E66 
 1931      5F577269 
ARM GAS  C:\Users\Sarah\AppData\Local\Temp\ccWUFBfW.s 			page 46


 1931      746500
 1932              	.LASF81:
 1933 1190 4359424C 		.ascii	"CYBLE_EVT_L2CAP_CBFC_TX_CREDIT_IND\000"
 1933      455F4556 
 1933      545F4C32 
 1933      4341505F 
 1933      43424643 
 1934              	.LASF136:
 1935 11b3 4359424C 		.ascii	"CYBLE_GATT_ERR_UNLIKELY_ERROR\000"
 1935      455F4741 
 1935      54545F45 
 1935      52525F55 
 1935      4E4C494B 
 1936              	.LASF157:
 1937 11d1 4359424C 		.ascii	"CYBLE_GATT_ERR_ANCS_ACTION_FAILED\000"
 1937      455F4741 
 1937      54545F45 
 1937      52525F41 
 1937      4E43535F 
 1938              	.LASF109:
 1939 11f3 4359424C 		.ascii	"CYBLE_ERROR_FLASH_WRITE_NOT_PERMITED\000"
 1939      455F4552 
 1939      524F525F 
 1939      464C4153 
 1939      485F5752 
 1940              	.LASF104:
 1941 1218 4359424C 		.ascii	"CYBLE_ERROR_L2CAP_CONNECTION_ENTITY_NOT_FOUND\000"
 1941      455F4552 
 1941      524F525F 
 1941      4C324341 
 1941      505F434F 
 1942              	.LASF187:
 1943 1246 433A5C55 		.ascii	"C:\\Users\\Sarah\\Documents\\DVCS\\bleapp-master\\b"
 1943      73657273 
 1943      5C536172 
 1943      61685C44 
 1943      6F63756D 
 1944 1273 6C656170 		.ascii	"leapp-master\\PSoC_Creator\\capsenseled\\VentBLE.cy"
 1944      702D6D61 
 1944      73746572 
 1944      5C50536F 
 1944      435F4372 
 1945 12a3 64736E00 		.ascii	"dsn\000"
 1946              	.LASF159:
 1947 12a7 4359424C 		.ascii	"CYBLE_GATT_ERR_PROCEDURE_ALREADY_IN_PROGRESS\000"
 1947      455F4741 
 1947      54545F45 
 1947      52525F50 
 1947      524F4345 
 1948              	.LASF19:
 1949 12d4 4359424C 		.ascii	"CYBLE_EVT_HARDWARE_ERROR\000"
 1949      455F4556 
 1949      545F4841 
 1949      52445741 
 1949      52455F45 
 1950              	.LASF3:
 1951 12ed 73686F72 		.ascii	"short unsigned int\000"
ARM GAS  C:\Users\Sarah\AppData\Local\Temp\ccWUFBfW.s 			page 47


 1951      7420756E 
 1951      7369676E 
 1951      65642069 
 1951      6E7400
 1952              	.LASF47:
 1953 1300 4359424C 		.ascii	"CYBLE_EVT_GATTC_ERROR_RSP\000"
 1953      455F4556 
 1953      545F4741 
 1953      5454435F 
 1953      4552524F 
 1954              	.LASF172:
 1955 131a 68616E64 		.ascii	"handleValPair\000"
 1955      6C655661 
 1955      6C506169 
 1955      7200
 1956              	.LASF174:
 1957 1328 4359424C 		.ascii	"CYBLE_GATTS_WRITE_CMD_REQ_PARAM_T\000"
 1957      455F4741 
 1957      5454535F 
 1957      57524954 
 1957      455F434D 
 1958              	.LASF90:
 1959 134a 4359424C 		.ascii	"CYBLE_ERROR_INVALID_OPERATION\000"
 1959      455F4552 
 1959      524F525F 
 1959      494E5641 
 1959      4C49445F 
 1960              	.LASF142:
 1961 1368 4359424C 		.ascii	"CYBLE_GATT_ERR_USER_DATA_ACCESS_NOT_PERMITTED\000"
 1961      455F4741 
 1961      54545F45 
 1961      52525F55 
 1961      5345525F 
 1962              	.LASF137:
 1963 1396 4359424C 		.ascii	"CYBLE_GATT_ERR_INSUFFICIENT_ENCRYPTION\000"
 1963      455F4741 
 1963      54545F45 
 1963      52525F49 
 1963      4E535546 
 1964              	.LASF175:
 1965 13bd 4359424C 		.ascii	"CYBLE_CALLBACK_T\000"
 1965      455F4341 
 1965      4C4C4241 
 1965      434B5F54 
 1965      00
 1966              	.LASF50:
 1967 13ce 4359424C 		.ascii	"CYBLE_EVT_GATTS_XCNHG_MTU_REQ\000"
 1967      455F4556 
 1967      545F4741 
 1967      5454535F 
 1967      58434E48 
 1968              	.LASF177:
 1969 13ec 6576656E 		.ascii	"eventParam\000"
 1969      74506172 
 1969      616D00
 1970              	.LASF92:
 1971 13f7 4359424C 		.ascii	"CYBLE_ERROR_INSUFFICIENT_RESOURCES\000"
ARM GAS  C:\Users\Sarah\AppData\Local\Temp\ccWUFBfW.s 			page 48


 1971      455F4552 
 1971      524F525F 
 1971      494E5355 
 1971      46464943 
 1972              	.LASF57:
 1973 141a 4359424C 		.ascii	"CYBLE_EVT_GATTC_READ_BLOB_RSP\000"
 1973      455F4556 
 1973      545F4741 
 1973      5454435F 
 1973      52454144 
 1974              	.LASF114:
 1975 1438 4359424C 		.ascii	"CYBLE_ERROR_CONTROLLER_BUSY\000"
 1975      455F4552 
 1975      524F525F 
 1975      434F4E54 
 1975      524F4C4C 
 1976              	.LASF110:
 1977 1454 4359424C 		.ascii	"CYBLE_ERROR_MIC_AUTH_FAILED\000"
 1977      455F4552 
 1977      524F525F 
 1977      4D49435F 
 1977      41555448 
 1978              	.LASF152:
 1979 1470 4359424C 		.ascii	"CYBLE_GATTS_ERR_NETWORK_NOT_AVAILABLE\000"
 1979      455F4741 
 1979      5454535F 
 1979      4552525F 
 1979      4E455457 
 1980              	.LASF183:
 1981 1496 4379426C 		.ascii	"CyBle_GattsWriteRsp\000"
 1981      655F4761 
 1981      74747357 
 1981      72697465 
 1981      52737000 
 1982              	.LASF55:
 1983 14aa 4359424C 		.ascii	"CYBLE_EVT_GATTC_FIND_BY_TYPE_VALUE_RSP\000"
 1983      455F4556 
 1983      545F4741 
 1983      5454435F 
 1983      46494E44 
 1984              	.LASF97:
 1985 14d1 4359424C 		.ascii	"CYBLE_ERROR_GAP_ROLE\000"
 1985      455F4552 
 1985      524F525F 
 1985      4741505F 
 1985      524F4C45 
 1986              	.LASF35:
 1987 14e6 4359424C 		.ascii	"CYBLE_EVT_GAP_KEYINFO_EXCHNGE_CMPLT\000"
 1987      455F4556 
 1987      545F4741 
 1987      505F4B45 
 1987      59494E46 
 1988              	.LASF163:
 1989 150a 62644861 		.ascii	"bdHandle\000"
 1989      6E646C65 
 1989      00
 1990              	.LASF83:
ARM GAS  C:\Users\Sarah\AppData\Local\Temp\ccWUFBfW.s 			page 49


 1991 1513 4359424C 		.ascii	"CYBLE_EVT_PENDING_FLASH_WRITE\000"
 1991      455F4556 
 1991      545F5045 
 1991      4E44494E 
 1991      475F464C 
 1992              	.LASF73:
 1993 1531 4359424C 		.ascii	"CYBLE_EVT_L2CAP_CONN_PARAM_UPDATE_RSP\000"
 1993      455F4556 
 1993      545F4C32 
 1993      4341505F 
 1993      434F4E4E 
 1994              	.LASF190:
 1995 1557 6D61696E 		.ascii	"main\000"
 1995      00
 1996              	.LASF40:
 1997 155c 4359424C 		.ascii	"CYBLE_EVT_GAP_ENHANCE_CONN_COMPLETE\000"
 1997      455F4556 
 1997      545F4741 
 1997      505F454E 
 1997      48414E43 
 1998              	.LASF162:
 1999 1580 4359424C 		.ascii	"CYBLE_GATT_DB_ATTR_HANDLE_T\000"
 1999      455F4741 
 1999      54545F44 
 1999      425F4154 
 1999      54525F48 
 2000              	.LASF49:
 2001 159c 4359424C 		.ascii	"CYBLE_EVT_GATT_DISCONNECT_IND\000"
 2001      455F4556 
 2001      545F4741 
 2001      54545F44 
 2001      4953434F 
 2002              	.LASF107:
 2003 15ba 4359424C 		.ascii	"CYBLE_ERROR_GATT_DB_INVALID_ATTR_HANDLE\000"
 2003      455F4552 
 2003      524F525F 
 2003      47415454 
 2003      5F44425F 
 2004              	.LASF86:
 2005 15e2 4359424C 		.ascii	"CYBLE_EVT_FLASH_CORRUPT\000"
 2005      455F4556 
 2005      545F464C 
 2005      4153485F 
 2005      434F5252 
 2006              	.LASF96:
 2007 15fa 4359424C 		.ascii	"CYBLE_ERROR_REPEATED_ATTEMPTS\000"
 2007      455F4552 
 2007      524F525F 
 2007      52455045 
 2007      41544544 
 2008              		.ident	"GCC: (GNU Tools for ARM Embedded Processors) 4.9.3 20150303 (release) [ARM/embedded-4_9-br
