--------------- Build Started: 04/16/2017 17:54:40 Project: SegmentDisplay, Configuration: ARM GCC 4.9-2015-q1-update Debug ---------------
cydsfit.exe -.appdatapath "C:\Users\Sarah\AppData\Local\Cypress Semiconductor\PSoC Creator\4.0" -.fdsnotice -.fdswarpdepfile=warp_dependencies.txt -.fdselabdepfile=elab_dependencies.txt -.fdsbldfile=generated_files.txt -.fdsreffile=referenced_files.txt -p C:\Users\Sarah\Documents\DVCS\Workspace01\SegmentDisplay.cydsn\SegmentDisplay.cyprj -d CY8C4248LQI-BL583 -s C:\Users\Sarah\Documents\DVCS\Workspace01\SegmentDisplay.cydsn\Generated_Source\PSoC4 -- -yv2 -q10 -ygs -o2 -v3 -.fftcfgtype=LE
Elaborating Design...
HDL Generation...
Synthesis...
Tech Mapping...
ADD: pft.M0040: information: The following 5 pin(s) will be assigned a location by the fitter: \LCD_Seg_1:Seg(3)\, \LCD_Seg_1:Seg(4)\, \LCD_Seg_1:Seg(5)\, \LCD_Seg_1:Seg(6)\, \LCD_Seg_1:Seg(7)\
Analog Placement...
Analog Routing...
Analog Code Generation...
Digital Placement...
Digital Routing...
Bitstream Generation...
Bitstream Verification...
Static timing analysis...
API Generation...
Dependency Generation...
Cleanup...
arm-none-eabi-gcc.exe -mcpu=cortex-m0 -mthumb -I. -IGenerated_Source\PSoC4 -Wa,-alh=.\CortexM0\ARM_GCC_493\Debug/main.lst -g -D DEBUG -Wall -ffunction-sections -Og -ffat-lto-objects -c main.c -o .\CortexM0\ARM_GCC_493\Debug\main.o
arm-none-eabi-gcc.exe -mcpu=cortex-m0 -mthumb -I. -IGenerated_Source\PSoC4 -Wa,-alh=.\CortexM0\ARM_GCC_493\Debug/LCD_Seg_1.lst -g -D DEBUG -Wall -ffunction-sections -Og -ffat-lto-objects -c Generated_Source\PSoC4\LCD_Seg_1.c -o .\CortexM0\ARM_GCC_493\Debug\LCD_Seg_1.o
arm-none-eabi-gcc.exe -mcpu=cortex-m0 -mthumb -I. -IGenerated_Source\PSoC4 -Wa,-alh=.\CortexM0\ARM_GCC_493\Debug/LCD_Seg_1_PM.lst -g -D DEBUG -Wall -ffunction-sections -Og -ffat-lto-objects -c Generated_Source\PSoC4\LCD_Seg_1_PM.c -o .\CortexM0\ARM_GCC_493\Debug\LCD_Seg_1_PM.o
arm-none-eabi-ar.exe: creating .\CortexM0\ARM_GCC_493\Debug\SegmentDisplay.a
arm-none-eabi-ar.exe -rs .\CortexM0\ARM_GCC_493\Debug\SegmentDisplay.a .\CortexM0\ARM_GCC_493\Debug\cyfitter_cfg.o .\CortexM0\ARM_GCC_493\Debug\LCD_Seg_1.o .\CortexM0\ARM_GCC_493\Debug\LCD_Seg_1_PM.o .\CortexM0\ARM_GCC_493\Debug\Clock_1.o .\CortexM0\ARM_GCC_493\Debug\CyFlash.o .\CortexM0\ARM_GCC_493\Debug\CyLib.o .\CortexM0\ARM_GCC_493\Debug\cyPm.o .\CortexM0\ARM_GCC_493\Debug\cyutils.o .\CortexM0\ARM_GCC_493\Debug\CyDMA.o .\CortexM0\ARM_GCC_493\Debug\CyLFClk.o .\CortexM0\ARM_GCC_493\Debug\CyBootAsmGnu.o
arm-none-eabi-gcc.exe -Wl,--start-group -o .\CortexM0\ARM_GCC_493\Debug\SegmentDisplay.elf .\CortexM0\ARM_GCC_493\Debug\main.o .\CortexM0\ARM_GCC_493\Debug\cymetadata.o .\CortexM0\ARM_GCC_493\Debug\Cm0Start.o .\CortexM0\ARM_GCC_493\Debug\SegmentDisplay.a "C:\Program Files (x86)\Cypress\PSoC Creator\4.0\PSoC Creator\psoc\content\cycomponentlibrary\CyComponentLibrary.cylib\CortexM0\ARM_GCC_493\Debug\CyComponentLibrary.a" -mcpu=cortex-m0 -mthumb -g -ffunction-sections -Og -ffat-lto-objects -L Generated_Source\PSoC4 -Wl,-Map,.\CortexM0\ARM_GCC_493\Debug/SegmentDisplay.map -T C:\Users\Sarah\Documents\DVCS\Workspace01\SegmentDisplay.cydsn\Generated_Source\PSoC4\cm0gcc.ld -specs=nano.specs -Wl,--gc-sections -Wl,--end-group
cyelftool.exe -C C:\Users\Sarah\Documents\DVCS\Workspace01\SegmentDisplay.cydsn\CortexM0\ARM_GCC_493\Debug\SegmentDisplay.elf --flash_row_size 256 --flash_size 262144
cyelftool.exe -S C:\Users\Sarah\Documents\DVCS\Workspace01\SegmentDisplay.cydsn\CortexM0\ARM_GCC_493\Debug\SegmentDisplay.elf
Flash used: 3184 of 262144 bytes (1.2 %).
SRAM used: 2588 of 32768 bytes (7.9 %). Stack: 2048 bytes. Heap: 128 bytes.
--------------- Build Succeeded: 04/16/2017 17:54:48 ---------------
