Loading plugins phase: Elapsed time ==> 0s.539ms
<CYPRESSTAG name="CyDsfit arguments...">
cydsfit arguments: -.fdsnotice -.fdswarpdepfile=warp_dependencies.txt -.fdselabdepfile=elab_dependencies.txt -.fdsbldfile=generated_files.txt -.fdsreffile=referenced_files.txt -p C:\Users\Sarah\Documents\PSoC Creator\CE210289_CapSense_P4_Linear_Slider01\CE210289_CapSense_P4_Linear_Slider01.cydsn\CE210289_CapSense_P4_Linear_Slider01.cyprj -d CY8C4248LQI-BL583 -s C:\Users\Sarah\Documents\PSoC Creator\CE210289_CapSense_P4_Linear_Slider01\CE210289_CapSense_P4_Linear_Slider01.cydsn\Generated_Source\PSoC4 -- -yv2 -q10 -ygs -o2 -v3 -.fftcfgtype=LE</CYPRESSTAG>
<CYPRESSTAG name="Design elaboration results...">
</CYPRESSTAG>
Elaboration phase: Elapsed time ==> 2s.203ms
<CYPRESSTAG name="HDL generation results...">
</CYPRESSTAG>
HDL generation phase: Elapsed time ==> 0s.158ms
<CYPRESSTAG name="Synthesis results...">

     | | | | | | |
   _________________
  -|               |-
  -|               |-
  -|               |-
  -|    CYPRESS    |-
  -|               |-
  -|               |-   Warp Verilog Synthesis Compiler: Version 6.3 IR 41
  -|               |-   Copyright (C) 1991-2001 Cypress Semiconductor
   |_______________|
     | | | | | | |

======================================================================
Compiling:  CE210289_CapSense_P4_Linear_Slider01.v
Program  :   C:\Program Files (x86)\Cypress\PSoC Creator\4.0\PSoC Creator\warp\bin\warp.exe
Options  :    -yv2 -q10 -ygs -o2 -v3 -.fftcfgtype=LE -ya -.fftprj=C:\Users\Sarah\Documents\PSoC Creator\CE210289_CapSense_P4_Linear_Slider01\CE210289_CapSense_P4_Linear_Slider01.cydsn\CE210289_CapSense_P4_Linear_Slider01.cyprj -dcpsoc3 CE210289_CapSense_P4_Linear_Slider01.v -verilog
======================================================================

======================================================================
Compiling:  CE210289_CapSense_P4_Linear_Slider01.v
Program  :   C:\Program Files (x86)\Cypress\PSoC Creator\4.0\PSoC Creator\warp\bin\warp.exe
Options  :    -yv2 -q10 -ygs -o2 -v3 -.fftcfgtype=LE -ya -.fftprj=C:\Users\Sarah\Documents\PSoC Creator\CE210289_CapSense_P4_Linear_Slider01\CE210289_CapSense_P4_Linear_Slider01.cydsn\CE210289_CapSense_P4_Linear_Slider01.cyprj -dcpsoc3 CE210289_CapSense_P4_Linear_Slider01.v -verilog
======================================================================

======================================================================
Compiling:  CE210289_CapSense_P4_Linear_Slider01.v
Program  :   vlogfe
Options  :    -yv2 -q10 -ygs -o2 -v3 -.fftcfgtype=LE -ya -.fftprj=C:\Users\Sarah\Documents\PSoC Creator\CE210289_CapSense_P4_Linear_Slider01\CE210289_CapSense_P4_Linear_Slider01.cydsn\CE210289_CapSense_P4_Linear_Slider01.cyprj -dcpsoc3 -verilog CE210289_CapSense_P4_Linear_Slider01.v
======================================================================

vlogfe V6.3 IR 41:  Verilog parser
Mon Apr 03 15:58:19 2017


======================================================================
Compiling:  CE210289_CapSense_P4_Linear_Slider01.v
Program  :   vpp
Options  :    -yv2 -q10 CE210289_CapSense_P4_Linear_Slider01.v
======================================================================

vpp V6.3 IR 41:  Verilog Pre-Processor
Mon Apr 03 15:58:19 2017

Flattening file 'C:\Program Files (x86)\Cypress\PSoC Creator\4.0\PSoC Creator\psoc\content\cyprimitives\CyPrimitives.cylib\OneTerminal\OneTerminal.v'
Flattening file 'C:\Program Files (x86)\Cypress\PSoC Creator\4.0\PSoC Creator\psoc\content\cyprimitives\CyPrimitives.cylib\ZeroTerminal\ZeroTerminal.v'
Flattening file 'C:\Program Files (x86)\Cypress\PSoC Creator\4.0\PSoC Creator\psoc\content\cyprimitives\CyPrimitives.cylib\or_v1_0\or_v1_0.v'
Flattening file 'C:\Program Files (x86)\Cypress\PSoC Creator\4.0\PSoC Creator\psoc\content\cyprimitives\CyPrimitives.cylib\cy_analog_virtualmux_v1_0\cy_analog_virtualmux_v1_0.v'
Flattening file 'C:\Program Files (x86)\Cypress\PSoC Creator\4.0\PSoC Creator\psoc\content\cyprimitives\CyPrimitives.cylib\cy_virtualmux_v1_0\cy_virtualmux_v1_0.v'

vpp:  No errors.

Library 'work' => directory 'lcpsoc3'
General_symbol_table
General_symbol_table
Linking 'C:\Program Files (x86)\Cypress\PSoC Creator\4.0\PSoC Creator\warp\lib\common\std.vhd'.
Linking 'C:\Program Files (x86)\Cypress\PSoC Creator\4.0\PSoC Creator\warp\lib\common\cypress.vhd'.
Linking 'C:\Program Files (x86)\Cypress\PSoC Creator\4.0\PSoC Creator\warp\lib\common\work\cypress.vif'.
Linking 'C:\Program Files (x86)\Cypress\PSoC Creator\4.0\PSoC Creator\warp\lib\ieee\work\stdlogic.vif'.
Linking 'C:\Program Files (x86)\Cypress\PSoC Creator\4.0\PSoC Creator\warp\lib\common\stdlogic\lpmpkg.vif'.
Linking 'C:\Program Files (x86)\Cypress\PSoC Creator\4.0\PSoC Creator\warp\lib\common\stdlogic\rtlpkg.vif'.
Linking 'C:\Program Files (x86)\Cypress\PSoC Creator\4.0\PSoC Creator\warp\lib\common\stdlogic\mod_cnst.vif'.
Linking 'C:\Program Files (x86)\Cypress\PSoC Creator\4.0\PSoC Creator\warp\lib\common\stdlogic\mod_mthv.vif'.
Linking 'C:\Program Files (x86)\Cypress\PSoC Creator\4.0\PSoC Creator\warp\lib\common\stdlogic\mod_genv.vif'.
Using control file 'CE210289_CapSense_P4_Linear_Slider01.ctl'.

vlogfe:  No errors.


======================================================================
Compiling:  CE210289_CapSense_P4_Linear_Slider01.v
Program  :   tovif
Options  :    -yv2 -q10 -ygs -o2 -v3 -.fftcfgtype=LE -ya -.fftprj=C:\Users\Sarah\Documents\PSoC Creator\CE210289_CapSense_P4_Linear_Slider01\CE210289_CapSense_P4_Linear_Slider01.cydsn\CE210289_CapSense_P4_Linear_Slider01.cyprj -dcpsoc3 -verilog CE210289_CapSense_P4_Linear_Slider01.v
======================================================================

tovif V6.3 IR 41:  High-level synthesis
Mon Apr 03 15:58:19 2017

Linking 'C:\Program Files (x86)\Cypress\PSoC Creator\4.0\PSoC Creator\warp\lib\common\std.vhd'.
Linking 'C:\Program Files (x86)\Cypress\PSoC Creator\4.0\PSoC Creator\warp\lib\common\cypress.vhd'.
Linking 'C:\Program Files (x86)\Cypress\PSoC Creator\4.0\PSoC Creator\warp\lib\common\work\cypress.vif'.
Linking 'C:\Program Files (x86)\Cypress\PSoC Creator\4.0\PSoC Creator\warp\lib\ieee\work\stdlogic.vif'.
Linking 'C:\Program Files (x86)\Cypress\PSoC Creator\4.0\PSoC Creator\warp\lib\common\stdlogic\lpmpkg.vif'.
Linking 'C:\Program Files (x86)\Cypress\PSoC Creator\4.0\PSoC Creator\warp\lib\common\stdlogic\rtlpkg.vif'.
Linking 'C:\Program Files (x86)\Cypress\PSoC Creator\4.0\PSoC Creator\warp\lib\common\stdlogic\mod_cnst.vif'.
Linking 'C:\Program Files (x86)\Cypress\PSoC Creator\4.0\PSoC Creator\warp\lib\common\stdlogic\mod_mthv.vif'.
Linking 'C:\Program Files (x86)\Cypress\PSoC Creator\4.0\PSoC Creator\warp\lib\common\stdlogic\mod_genv.vif'.
Linking 'C:\Users\Sarah\Documents\PSoC Creator\CE210289_CapSense_P4_Linear_Slider01\CE210289_CapSense_P4_Linear_Slider01.cydsn\codegentemp\CE210289_CapSense_P4_Linear_Slider01.ctl'.
Linking 'C:\Program Files (x86)\Cypress\PSoC Creator\4.0\PSoC Creator\psoc\content\cyprimitives\CyPrimitives.cylib\OneTerminal\OneTerminal.v'.
Linking 'C:\Users\Sarah\Documents\PSoC Creator\CE210289_CapSense_P4_Linear_Slider01\CE210289_CapSense_P4_Linear_Slider01.cydsn\codegentemp\CE210289_CapSense_P4_Linear_Slider01.v'.
Linking 'C:\Program Files (x86)\Cypress\PSoC Creator\4.0\PSoC Creator\psoc\content\cyprimitives\CyPrimitives.cylib\ZeroTerminal\ZeroTerminal.v'.
Linking 'C:\Program Files (x86)\Cypress\PSoC Creator\4.0\PSoC Creator\psoc\content\cyprimitives\CyPrimitives.cylib\or_v1_0\or_v1_0.v'.
Linking 'C:\Program Files (x86)\Cypress\PSoC Creator\4.0\PSoC Creator\psoc\content\cyprimitives\CyPrimitives.cylib\cy_analog_virtualmux_v1_0\cy_analog_virtualmux_v1_0.v'.
Linking 'C:\Program Files (x86)\Cypress\PSoC Creator\4.0\PSoC Creator\psoc\content\cyprimitives\CyPrimitives.cylib\cy_virtualmux_v1_0\cy_virtualmux_v1_0.v'.

tovif:  No errors.


======================================================================
Compiling:  CE210289_CapSense_P4_Linear_Slider01.v
Program  :   topld
Options  :    -yv2 -q10 -ygs -o2 -v3 -.fftcfgtype=LE -ya -.fftprj=C:\Users\Sarah\Documents\PSoC Creator\CE210289_CapSense_P4_Linear_Slider01\CE210289_CapSense_P4_Linear_Slider01.cydsn\CE210289_CapSense_P4_Linear_Slider01.cyprj -dcpsoc3 -verilog CE210289_CapSense_P4_Linear_Slider01.v
======================================================================

topld V6.3 IR 41:  Synthesis and optimization
Mon Apr 03 15:58:19 2017

Linking 'C:\Program Files (x86)\Cypress\PSoC Creator\4.0\PSoC Creator\warp\lib\common\std.vhd'.
Linking 'C:\Program Files (x86)\Cypress\PSoC Creator\4.0\PSoC Creator\warp\lib\common\cypress.vhd'.
Linking 'C:\Program Files (x86)\Cypress\PSoC Creator\4.0\PSoC Creator\warp\lib\common\work\cypress.vif'.
Linking 'C:\Program Files (x86)\Cypress\PSoC Creator\4.0\PSoC Creator\warp\lib\ieee\work\stdlogic.vif'.
Linking 'C:\Program Files (x86)\Cypress\PSoC Creator\4.0\PSoC Creator\warp\lib\common\stdlogic\lpmpkg.vif'.
Linking 'C:\Program Files (x86)\Cypress\PSoC Creator\4.0\PSoC Creator\warp\lib\common\stdlogic\rtlpkg.vif'.
Linking 'C:\Program Files (x86)\Cypress\PSoC Creator\4.0\PSoC Creator\warp\lib\common\stdlogic\mod_cnst.vif'.
Linking 'C:\Program Files (x86)\Cypress\PSoC Creator\4.0\PSoC Creator\warp\lib\common\stdlogic\mod_mthv.vif'.
Linking 'C:\Program Files (x86)\Cypress\PSoC Creator\4.0\PSoC Creator\warp\lib\common\stdlogic\mod_genv.vif'.
Linking 'C:\Users\Sarah\Documents\PSoC Creator\CE210289_CapSense_P4_Linear_Slider01\CE210289_CapSense_P4_Linear_Slider01.cydsn\codegentemp\CE210289_CapSense_P4_Linear_Slider01.ctl'.
Linking 'C:\Program Files (x86)\Cypress\PSoC Creator\4.0\PSoC Creator\psoc\content\cyprimitives\CyPrimitives.cylib\OneTerminal\OneTerminal.v'.
Linking 'C:\Users\Sarah\Documents\PSoC Creator\CE210289_CapSense_P4_Linear_Slider01\CE210289_CapSense_P4_Linear_Slider01.cydsn\codegentemp\CE210289_CapSense_P4_Linear_Slider01.v'.
Linking 'C:\Program Files (x86)\Cypress\PSoC Creator\4.0\PSoC Creator\psoc\content\cyprimitives\CyPrimitives.cylib\ZeroTerminal\ZeroTerminal.v'.
Linking 'C:\Program Files (x86)\Cypress\PSoC Creator\4.0\PSoC Creator\psoc\content\cyprimitives\CyPrimitives.cylib\or_v1_0\or_v1_0.v'.
Linking 'C:\Program Files (x86)\Cypress\PSoC Creator\4.0\PSoC Creator\psoc\content\cyprimitives\CyPrimitives.cylib\cy_analog_virtualmux_v1_0\cy_analog_virtualmux_v1_0.v'.
Linking 'C:\Program Files (x86)\Cypress\PSoC Creator\4.0\PSoC Creator\psoc\content\cyprimitives\CyPrimitives.cylib\cy_virtualmux_v1_0\cy_virtualmux_v1_0.v'.
Linking 'C:\Program Files (x86)\Cypress\PSoC Creator\4.0\PSoC Creator\warp\lib\lcpsoc3\stdlogic\cpsoc3.vif'.

----------------------------------------------------------
Detecting unused logic.
----------------------------------------------------------
    User names
	\CapSense:Net_1664\
	\CapSense:Net_1665\
	\EZI2C:Net_1257\
	\EZI2C:uncfg_rx_irq\
	\EZI2C:Net_1099\
	\EZI2C:Net_1258\
	Net_33
	Net_34
	Net_43
	Net_44
	Net_45
	Net_46
	Net_47
	Net_48
	Net_49


Deleted 15 User equations/components.
Deleted 0 Synthesized equations/components.

------------------------------------------------------
Alias Detection
------------------------------------------------------
Aliasing \CapSense:Net_1921\ to \CapSense:Net_1919\
Aliasing \CapSense:tmpOE__Cmod_net_0\ to \CapSense:IDACComp:Net_3\
Aliasing zero to \CapSense:Net_1919\
Aliasing one to \CapSense:IDACComp:Net_3\
Aliasing \CapSense:tmpOE__Sns_net_4\ to \CapSense:IDACComp:Net_3\
Aliasing \CapSense:tmpOE__Sns_net_3\ to \CapSense:IDACComp:Net_3\
Aliasing \CapSense:tmpOE__Sns_net_2\ to \CapSense:IDACComp:Net_3\
Aliasing \CapSense:tmpOE__Sns_net_1\ to \CapSense:IDACComp:Net_3\
Aliasing \CapSense:tmpOE__Sns_net_0\ to \CapSense:IDACComp:Net_3\
Aliasing \CapSense:IDACMod:Net_3\ to \CapSense:IDACComp:Net_3\
Aliasing \EZI2C:select_s_wire\ to \CapSense:Net_1919\
Aliasing \EZI2C:rx_wire\ to \CapSense:Net_1919\
Aliasing \EZI2C:sclk_s_wire\ to \CapSense:Net_1919\
Aliasing \EZI2C:mosi_s_wire\ to \CapSense:Net_1919\
Aliasing \EZI2C:miso_m_wire\ to \CapSense:Net_1919\
Aliasing \EZI2C:tmpOE__sda_net_0\ to \CapSense:IDACComp:Net_3\
Aliasing \EZI2C:tmpOE__scl_net_0\ to \CapSense:IDACComp:Net_3\
Aliasing \EZI2C:cts_wire\ to \CapSense:Net_1919\
Removing Lhs of wire \CapSense:Net_1921\[21] = \CapSense:Net_1919\[17]
Removing Rhs of wire \CapSense:tmpOE__Cmod_net_0\[27] = \CapSense:IDACComp:Net_3\[2]
Removing Rhs of wire zero[28] = \CapSense:Net_1919\[17]
Removing Rhs of wire one[32] = \CapSense:tmpOE__Cmod_net_0\[27]
Removing Lhs of wire \CapSense:tmpOE__Sns_net_4\[35] = one[32]
Removing Lhs of wire \CapSense:tmpOE__Sns_net_3\[36] = one[32]
Removing Lhs of wire \CapSense:tmpOE__Sns_net_2\[37] = one[32]
Removing Lhs of wire \CapSense:tmpOE__Sns_net_1\[38] = one[32]
Removing Lhs of wire \CapSense:tmpOE__Sns_net_0\[39] = one[32]
Removing Lhs of wire \CapSense:IDACMod:Net_3\[54] = one[32]
Removing Lhs of wire \EZI2C:select_s_wire\[59] = zero[28]
Removing Lhs of wire \EZI2C:rx_wire\[60] = zero[28]
Removing Lhs of wire \EZI2C:Net_1170\[63] = \EZI2C:Net_847\[58]
Removing Lhs of wire \EZI2C:sclk_s_wire\[64] = zero[28]
Removing Lhs of wire \EZI2C:mosi_s_wire\[65] = zero[28]
Removing Lhs of wire \EZI2C:miso_m_wire\[66] = zero[28]
Removing Lhs of wire \EZI2C:tmpOE__sda_net_0\[68] = one[32]
Removing Lhs of wire \EZI2C:tmpOE__scl_net_0\[74] = one[32]
Removing Lhs of wire \EZI2C:cts_wire\[83] = zero[28]

------------------------------------------------------
Aliased 0 equations, 19 wires.
------------------------------------------------------

----------------------------------------------------------
Circuit simplification
----------------------------------------------------------

Substituting virtuals - pass 1:


----------------------------------------------------------
Circuit simplification results:

	Expanded 0 signals.
	Turned 0 signals into soft nodes.
	Maximum default expansion cost was set at 3.
----------------------------------------------------------

topld:  No errors.

CYPRESS_DIR    : C:\Program Files (x86)\Cypress\PSoC Creator\4.0\PSoC Creator\warp
Warp Program   : C:\Program Files (x86)\Cypress\PSoC Creator\4.0\PSoC Creator\warp\bin\warp.exe
Warp Arguments : -yv2 -q10 -ygs -o2 -v3 -.fftcfgtype=LE -ya "-.fftprj=C:\Users\Sarah\Documents\PSoC Creator\CE210289_CapSense_P4_Linear_Slider01\CE210289_CapSense_P4_Linear_Slider01.cydsn\CE210289_CapSense_P4_Linear_Slider01.cyprj" -dcpsoc3 CE210289_CapSense_P4_Linear_Slider01.v -verilog
</CYPRESSTAG>
Warp synthesis phase: Elapsed time ==> 0s.390ms
<CYPRESSTAG name="Fitter results...">
<CYPRESSTAG name="Fitter startup details...">
cyp3fit: V4.0.0.432, Family: PSoC3, Started at: Monday, 03 April 2017 15:58:19
Options: -yv2 -q10 -ygs -o2 -v3 -.fftcfgtype=LE -ya -.fftprj=C:\Users\Sarah\Documents\PSoC Creator\CE210289_CapSense_P4_Linear_Slider01\CE210289_CapSense_P4_Linear_Slider01.cydsn\CE210289_CapSense_P4_Linear_Slider01.cyprj -d CY8C4248LQI-BL583 CE210289_CapSense_P4_Linear_Slider01.v -verilog
</CYPRESSTAG>
<CYPRESSTAG name="Design parsing">
Design parsing phase: Elapsed time ==> 0s.088ms
</CYPRESSTAG>
<CYPRESSTAG name="Tech Mapping">
<CYPRESSTAG name="Initial Mapping" icon="FILE_RPT_TECHM">
<CYPRESSTAG name="Global Clock Selection" icon="FILE_RPT_TECHM">
    Fixed Function Clock 5: Automatic-assigning  clock 'CapSense_ModClk'. Signal=\CapSense:Net_1946_ff5\
    Fixed Function Clock 4: Automatic-assigning  clock 'CapSense_SnsClk'. Signal=\CapSense:Net_1785_ff4\
    Fixed Function Clock 1: Automatic-assigning  clock 'EZI2C_SCBCLK'. Signal=\EZI2C:Net_847_ff1\
<CYPRESSTAG name="UDB Clock/Enable Remapping Results">
</CYPRESSTAG>
</CYPRESSTAG>

Removing unused cells resulting from optimization
Done removing unused cells.
<CYPRESSTAG name="Duplicate Macrocell detection">
</CYPRESSTAG>
</CYPRESSTAG>
<CYPRESSTAG name="Duplicate Macrocell detection">
</CYPRESSTAG>
<CYPRESSTAG name="Design Equations" icon="FILE_RPT_EQUATION">

------------------------------------------------------------
Design Equations
------------------------------------------------------------
    <CYPRESSTAG name="Pin listing">

    ------------------------------------------------------------
    Pin listing
    ------------------------------------------------------------

    Pin : Name = \CapSense:Cmod(0)\
        Attributes:
            Alias: Cmod
            In Group/Port: True
            In Sync Option: AUTO
            Out Sync Option: AUTO
            Interrupt generated: False
            Interrupt mode: NONE
            Drive mode: HI_Z_ANALOG
            VTrip: EITHER
            Slew: FAST
            Input Sync needed: False
            Output Sync needed: False
            SC shield enabled: False
            POR State: ANY
            LCD Mode: COMMON
            Register Mode: RegComb
            CaSense Mode: NEITHER
            Treat as pin: True
            Is OE Registered: False
            Uses Analog: True
            Can contain Digital: False
            Is SIO: False
            SIO Output Buf: NONREGULATED
            SIO Input Buf: SINGLE_ENDED
            SIO HiFreq: LOW
            SIO Hyst: DISABLED
            SIO Vtrip: MULTIPLIER_0_5
            SIO Multiplier Index: 0
            SIO RefSel: VCC_IO
            Required Capabilitites: ANALOG
            Initial Value: 0
            IO Voltage: 0
        PORT MAP (
            pa_out => \CapSense:Cmod(0)\__PA ,
            analog_term => \CapSense:Net_1924\ ,
            pad => \CapSense:Cmod(0)_PAD\ );
        Properties:
        {
            port_location = "PORT(4,0)"
        }

    Pin : Name = \CapSense:Sns(0)\
        Attributes:
            Alias: LinearSlider0_Sns0
            In Group/Port: True
            In Sync Option: AUTO
            Out Sync Option: AUTO
            Interrupt generated: False
            Interrupt mode: NONE
            Drive mode: HI_Z_ANALOG
            VTrip: EITHER
            Slew: FAST
            Input Sync needed: False
            Output Sync needed: False
            SC shield enabled: False
            POR State: ANY
            LCD Mode: COMMON
            Register Mode: RegComb
            CaSense Mode: NEITHER
            Treat as pin: True
            Is OE Registered: False
            Uses Analog: True
            Can contain Digital: False
            Is SIO: False
            SIO Output Buf: NONREGULATED
            SIO Input Buf: SINGLE_ENDED
            SIO HiFreq: LOW
            SIO Hyst: DISABLED
            SIO Vtrip: MULTIPLIER_0_5
            SIO Multiplier Index: 0
            SIO RefSel: VCC_IO
            Required Capabilitites: ANALOG
            Initial Value: 0
            IO Voltage: 0
        PORT MAP (
            pa_out => \CapSense:Sns(0)\__PA ,
            analog_term => \CapSense:Net_1909_0\ ,
            pad => \CapSense:Sns(0)_PAD\ );
        Properties:
        {
            port_location = "PORT(2,1)"
        }

    Pin : Name = \CapSense:Sns(1)\
        Attributes:
            Alias: LinearSlider0_Sns1
            In Group/Port: True
            In Sync Option: AUTO
            Out Sync Option: AUTO
            Interrupt generated: False
            Interrupt mode: NONE
            Drive mode: HI_Z_ANALOG
            VTrip: EITHER
            Slew: FAST
            Input Sync needed: False
            Output Sync needed: False
            SC shield enabled: False
            POR State: ANY
            LCD Mode: COMMON
            Register Mode: RegComb
            CaSense Mode: NEITHER
            Treat as pin: True
            Is OE Registered: False
            Uses Analog: True
            Can contain Digital: False
            Is SIO: False
            SIO Output Buf: NONREGULATED
            SIO Input Buf: SINGLE_ENDED
            SIO HiFreq: LOW
            SIO Hyst: DISABLED
            SIO Vtrip: MULTIPLIER_0_5
            SIO Multiplier Index: 0
            SIO RefSel: VCC_IO
            Required Capabilitites: ANALOG
            Initial Value: 1
            IO Voltage: 0
        PORT MAP (
            pa_out => \CapSense:Sns(1)\__PA ,
            analog_term => \CapSense:Net_1909_0\ ,
            pad => \CapSense:Sns(1)_PAD\ );
        Properties:
        {
            port_location = "PORT(2,2)"
        }

    Pin : Name = \CapSense:Sns(2)\
        Attributes:
            Alias: LinearSlider0_Sns2
            In Group/Port: True
            In Sync Option: AUTO
            Out Sync Option: AUTO
            Interrupt generated: False
            Interrupt mode: NONE
            Drive mode: HI_Z_ANALOG
            VTrip: EITHER
            Slew: FAST
            Input Sync needed: False
            Output Sync needed: False
            SC shield enabled: False
            POR State: ANY
            LCD Mode: COMMON
            Register Mode: RegComb
            CaSense Mode: NEITHER
            Treat as pin: True
            Is OE Registered: False
            Uses Analog: True
            Can contain Digital: False
            Is SIO: False
            SIO Output Buf: NONREGULATED
            SIO Input Buf: SINGLE_ENDED
            SIO HiFreq: LOW
            SIO Hyst: DISABLED
            SIO Vtrip: MULTIPLIER_0_5
            SIO Multiplier Index: 0
            SIO RefSel: VCC_IO
            Required Capabilitites: ANALOG
            Initial Value: 1
            IO Voltage: 0
        PORT MAP (
            pa_out => \CapSense:Sns(2)\__PA ,
            analog_term => \CapSense:Net_1909_0\ ,
            pad => \CapSense:Sns(2)_PAD\ );
        Properties:
        {
            port_location = "PORT(2,3)"
        }

    Pin : Name = \CapSense:Sns(3)\
        Attributes:
            Alias: LinearSlider0_Sns3
            In Group/Port: True
            In Sync Option: AUTO
            Out Sync Option: AUTO
            Interrupt generated: False
            Interrupt mode: NONE
            Drive mode: HI_Z_ANALOG
            VTrip: EITHER
            Slew: FAST
            Input Sync needed: False
            Output Sync needed: False
            SC shield enabled: False
            POR State: ANY
            LCD Mode: COMMON
            Register Mode: RegComb
            CaSense Mode: NEITHER
            Treat as pin: True
            Is OE Registered: False
            Uses Analog: True
            Can contain Digital: False
            Is SIO: False
            SIO Output Buf: NONREGULATED
            SIO Input Buf: SINGLE_ENDED
            SIO HiFreq: LOW
            SIO Hyst: DISABLED
            SIO Vtrip: MULTIPLIER_0_5
            SIO Multiplier Index: 0
            SIO RefSel: VCC_IO
            Required Capabilitites: ANALOG
            Initial Value: 1
            IO Voltage: 0
        PORT MAP (
            pa_out => \CapSense:Sns(3)\__PA ,
            analog_term => \CapSense:Net_1909_0\ ,
            pad => \CapSense:Sns(3)_PAD\ );
        Properties:
        {
            port_location = "PORT(2,4)"
        }

    Pin : Name = \CapSense:Sns(4)\
        Attributes:
            Alias: LinearSlider0_Sns4
            In Group/Port: True
            In Sync Option: AUTO
            Out Sync Option: AUTO
            Interrupt generated: False
            Interrupt mode: NONE
            Drive mode: HI_Z_ANALOG
            VTrip: EITHER
            Slew: FAST
            Input Sync needed: False
            Output Sync needed: False
            SC shield enabled: False
            POR State: ANY
            LCD Mode: COMMON
            Register Mode: RegComb
            CaSense Mode: NEITHER
            Treat as pin: True
            Is OE Registered: False
            Uses Analog: True
            Can contain Digital: False
            Is SIO: False
            SIO Output Buf: NONREGULATED
            SIO Input Buf: SINGLE_ENDED
            SIO HiFreq: LOW
            SIO Hyst: DISABLED
            SIO Vtrip: MULTIPLIER_0_5
            SIO Multiplier Index: 0
            SIO RefSel: VCC_IO
            Required Capabilitites: ANALOG
            Initial Value: 1
            IO Voltage: 0
        PORT MAP (
            pa_out => \CapSense:Sns(4)\__PA ,
            analog_term => \CapSense:Net_1909_0\ ,
            pad => \CapSense:Sns(4)_PAD\ );
        Properties:
        {
            port_location = "PORT(2,5)"
        }

    Pin : Name = \EZI2C:sda(0)\
        Attributes:
            In Group/Port: True
            In Sync Option: NOSYNC
            Out Sync Option: NOSYNC
            Interrupt generated: False
            Interrupt mode: NONE
            Drive mode: OPEN_DRAIN_LO
            VTrip: CMOS
            Slew: FAST
            Input Sync needed: False
            Output Sync needed: False
            SC shield enabled: False
            POR State: ANY
            LCD Mode: COMMON
            Register Mode: RegComb
            CaSense Mode: NEITHER
            Treat as pin: True
            Is OE Registered: False
            Uses Analog: False
            Can contain Digital: True
            Is SIO: False
            SIO Output Buf: NONREGULATED
            SIO Input Buf: SINGLE_ENDED
            SIO HiFreq: LOW
            SIO Hyst: DISABLED
            SIO Vtrip: MULTIPLIER_0_5
            SIO Multiplier Index: 0
            SIO RefSel: VCC_IO
            Required Capabilitites: DIGITAL
            Initial Value: 1
            IO Voltage: 0
        PORT MAP (
            pa_out => \EZI2C:sda(0)\__PA ,
            fb => \EZI2C:sda_wire\ ,
            pad => \EZI2C:sda(0)_PAD\ );
        Properties:
        {
            port_location = "PORT(3,4)"
        }

    Pin : Name = \EZI2C:scl(0)\
        Attributes:
            In Group/Port: True
            In Sync Option: NOSYNC
            Out Sync Option: NOSYNC
            Interrupt generated: False
            Interrupt mode: NONE
            Drive mode: OPEN_DRAIN_LO
            VTrip: CMOS
            Slew: FAST
            Input Sync needed: False
            Output Sync needed: False
            SC shield enabled: False
            POR State: ANY
            LCD Mode: COMMON
            Register Mode: RegComb
            CaSense Mode: NEITHER
            Treat as pin: True
            Is OE Registered: False
            Uses Analog: False
            Can contain Digital: True
            Is SIO: False
            SIO Output Buf: NONREGULATED
            SIO Input Buf: SINGLE_ENDED
            SIO HiFreq: LOW
            SIO Hyst: DISABLED
            SIO Vtrip: MULTIPLIER_0_5
            SIO Multiplier Index: 0
            SIO RefSel: VCC_IO
            Required Capabilitites: DIGITAL
            Initial Value: 1
            IO Voltage: 0
        PORT MAP (
            pa_out => \EZI2C:scl(0)\__PA ,
            fb => \EZI2C:scl_wire\ ,
            pad => \EZI2C:scl(0)_PAD\ );
        Properties:
        {
            port_location = "PORT(3,5)"
        }
    </CYPRESSTAG>
    <CYPRESSTAG name="Macrocell listing" icon="FILE_RPT_EQUATION">

    ------------------------------------------------------------
    Macrocell listing
    ------------------------------------------------------------

    MacroCell: Name=__ONE__, Mode=(Combinatorial)
        Total # of inputs        : 0
        Total # of product terms : 0
            Clock Enable: True
        Main Equation            : 0 pterms
        !(
            0
        );
        Output = __ONE__ (fanout=2)
    </CYPRESSTAG>
    <CYPRESSTAG name="Datapath listing">
    </CYPRESSTAG>
    <CYPRESSTAG name="Status register listing">
    </CYPRESSTAG>
    <CYPRESSTAG name="StatusI register listing">
    </CYPRESSTAG>
    <CYPRESSTAG name="Sync listing">
    </CYPRESSTAG>
    <CYPRESSTAG name="Control register listing">
    </CYPRESSTAG>
    <CYPRESSTAG name="Count7 listing">
    </CYPRESSTAG>
    <CYPRESSTAG name="DRQ listing">
    </CYPRESSTAG>
    <CYPRESSTAG name="Interrupt listing">

    ------------------------------------------------------------
    Interrupt listing
    ------------------------------------------------------------

    interrupt: Name =\CapSense:ISR\
        PORT MAP (
            interrupt => \CapSense:Net_815\ );
        Properties:
        {
            int_type = "10"
            is_nmi = 0
        }

    interrupt: Name =\EZI2C:SCB_IRQ\
        PORT MAP (
            interrupt => Net_35 );
        Properties:
        {
            int_type = "10"
            is_nmi = 0
        }
    </CYPRESSTAG>
</CYPRESSTAG>
<CYPRESSTAG name="Technology mapping summary" expanded>

------------------------------------------------------------
Technology mapping summary
------------------------------------------------------------

Resource Type                 : Used : Free :  Max :  % Used
============================================================
Digital Clocks                :    0 :    4 :    4 :  0.00 %
Interrupts                    :    2 :   30 :   32 :  6.25 %
IO                            :   10 :   28 :   38 : 26.32 %
Segment LCD                   :    0 :    1 :    1 :  0.00 %
CapSense                      :    1 :    0 :    1 : 100.00 %
Die Temp                      :    0 :    1 :    1 :  0.00 %
Serial Communication (SCB)    :    1 :    1 :    2 : 50.00 %
BLE                           :    0 :    1 :    1 :  0.00 %
DMA Channels                  :    0 :    8 :    8 :  0.00 %
Timer/Counter/PWM             :    0 :    4 :    4 :  0.00 %
UDB                           :      :      :      :        
  Macrocells                  :    1 :   31 :   32 :  3.13 %
  Unique P-terms              :    0 :   64 :   64 :  0.00 %
  Total P-terms               :    0 :      :      :        
  Datapath Cells              :    0 :    4 :    4 :  0.00 %
  Status Cells                :    0 :    4 :    4 :  0.00 %
  Control Cells               :    0 :    4 :    4 :  0.00 %
Comparator/Opamp              :    0 :    4 :    4 :  0.00 %
LP Comparator                 :    0 :    2 :    2 :  0.00 %
SAR ADC                       :    0 :    1 :    1 :  0.00 %
DAC                           :      :      :      :        
  7-bit IDAC                  :    1 :    0 :    1 : 100.00 %
  8-bit IDAC                  :    1 :    0 :    1 : 100.00 %
</CYPRESSTAG>
Technology Mapping: Elapsed time ==> 0s.257ms
Tech Mapping phase: Elapsed time ==> 0s.431ms
</CYPRESSTAG>
<CYPRESSTAG name="Analog Placement">
<CYPRESSTAG name="Analog Placement">
Elapsed time ==> 0.2475266s
</CYPRESSTAG>
Analog Placement phase: Elapsed time ==> 0s.625ms
</CYPRESSTAG>
<CYPRESSTAG name="Analog Routing">
<CYPRESSTAG name="Analog Routing">
Route success=True, Iterations=1 Elapsed=0.0448009 secs
</CYPRESSTAG>
Analog Routing phase: Elapsed time ==> 0s.053ms
</CYPRESSTAG>
<CYPRESSTAG name="Analog Code Generation">
============ Analog Final Answer Routes ============
Dump of CyAnalogRoutingResultsDB
Map of net to items {
  Net: \CapSense:Net_1909_0\ {
    source0
    swh_13
    amuxbusa_sar
    P2_P41
    p2_1
    P2_P42
    p2_2
    P2_P44
    p2_4
    P2_P43
    p2_3
    P2_P45
    p2_5
    swhv_1
    idac0_out
    P4_P40
    p4_0
  }
}
Map of item to net {
  source0                                          -> \CapSense:Net_1909_0\
  swh_13                                           -> \CapSense:Net_1909_0\
  amuxbusa_sar                                     -> \CapSense:Net_1909_0\
  P2_P41                                           -> \CapSense:Net_1909_0\
  p2_1                                             -> \CapSense:Net_1909_0\
  P2_P42                                           -> \CapSense:Net_1909_0\
  p2_2                                             -> \CapSense:Net_1909_0\
  P2_P44                                           -> \CapSense:Net_1909_0\
  p2_4                                             -> \CapSense:Net_1909_0\
  P2_P43                                           -> \CapSense:Net_1909_0\
  p2_3                                             -> \CapSense:Net_1909_0\
  P2_P45                                           -> \CapSense:Net_1909_0\
  p2_5                                             -> \CapSense:Net_1909_0\
  swhv_1                                           -> \CapSense:Net_1909_0\
  idac0_out                                        -> \CapSense:Net_1909_0\
  P4_P40                                           -> \CapSense:Net_1909_0\
  p4_0                                             -> \CapSense:Net_1909_0\
}
Mux Info {
}
Analog Code Generation phase: Elapsed time ==> 0s.097ms
</CYPRESSTAG>
<CYPRESSTAG name="Digital Placement">
<CYPRESSTAG name="Detailed placement messages">
I2659: No Constrained paths were found. The placer will run in non-timing driven mode.
I2076: Total run-time: 0.2 sec.

</CYPRESSTAG>
<CYPRESSTAG name="PLD Packing">
<CYPRESSTAG name="PLD Packing Summary" expanded>

------------------------------------------------------------
PLD Packing Summary
------------------------------------------------------------
            Resource Type : Used : Free :  Max :  % Used
    ====================================================
                     PLDs :    1 :    7 :    8 :  12.50%

<CYPRESSTAG name="PLD Statistics">

        PLD Resource Type :     Average/LAB
    =======================================
                   Inputs :            0.00
                   Pterms :            0.00
               Macrocells :            1.00
</CYPRESSTAG>
<CYPRESSTAG name="Packed PLD Contents">
Packed PLD Contents not displayed at this verbose level.</CYPRESSTAG>
</CYPRESSTAG>
PLD Packing: Elapsed time ==> 0s.031ms
</CYPRESSTAG>
<CYPRESSTAG name="Partitioning">
<CYPRESSTAG name="Initial Partitioning Summary">
Initial Partitioning Summary not displayed at this verbose level.</CYPRESSTAG>
<CYPRESSTAG name="Final Partitioning Summary">
Final Partitioning Summary not displayed at this verbose level.</CYPRESSTAG>
Partitioning: Elapsed time ==> 0s.097ms
</CYPRESSTAG>
<CYPRESSTAG name="Final Placement Summary">

------------------------------------------------------------
Final Placement Summary
------------------------------------------------------------

       Resource Type :      Count : Avg Inputs : Avg Outputs
    ========================================================
                 UDB :          1 :       0.00 :       1.00
<CYPRESSTAG name="Final Placement Details">
<CYPRESSTAG name="Component Details">

------------------------------------------------------------
Component Placement Details
------------------------------------------------------------
UDB [UDB=(0,0)] is empty.
UDB [UDB=(0,1)] contents:
LAB@[UDB=(0,1)][LB=0] #macrocells=1, #inputs=0, #pterms=0
{
    [McSlotId=0]:     MacroCell: Name=__ONE__, Mode=(Combinatorial) @ [UDB=(0,1)][LB=0][MC=0]
        Total # of inputs        : 0
        Total # of product terms : 0
            Clock Enable: True
        Main Equation            : 0 pterms
        !(
            0
        );
        Output = __ONE__ (fanout=2)
        Properties               : 
        {
        }

    [McSlotId=1]: (empty)
    [McSlotId=2]: (empty)
    [McSlotId=3]: (empty)
}

UDB [UDB=(1,0)] is empty.
UDB [UDB=(1,1)] is empty.
Intr container @ [IntrContainer=(0)]: 
  Intr@ [IntrContainer=(0)][IntrId=(10)] 
    interrupt: Name =\EZI2C:SCB_IRQ\
        PORT MAP (
            interrupt => Net_35 );
        Properties:
        {
            int_type = "10"
            is_nmi = 0
        }
  Intr@ [IntrContainer=(0)][IntrId=(16)] 
    interrupt: Name =\CapSense:ISR\
        PORT MAP (
            interrupt => \CapSense:Net_815\ );
        Properties:
        {
            int_type = "10"
            is_nmi = 0
        }
Drq container @ [DrqContainer=(0)]: empty
Port 0 is empty
Port 1 is empty
Port 2 contains the following IO cells:
[IoId=1]: 
Pin : Name = \CapSense:Sns(0)\
    Attributes:
        Alias: LinearSlider0_Sns0
        In Group/Port: True
        In Sync Option: AUTO
        Out Sync Option: AUTO
        Interrupt generated: False
        Interrupt mode: NONE
        Drive mode: HI_Z_ANALOG
        VTrip: EITHER
        Slew: FAST
        Input Sync needed: False
        Output Sync needed: False
        SC shield enabled: False
        POR State: ANY
        LCD Mode: COMMON
        Register Mode: RegComb
        CaSense Mode: NEITHER
        Treat as pin: True
        Is OE Registered: False
        Uses Analog: True
        Can contain Digital: False
        Is SIO: False
        SIO Output Buf: NONREGULATED
        SIO Input Buf: SINGLE_ENDED
        SIO HiFreq: LOW
        SIO Hyst: DISABLED
        SIO Vtrip: MULTIPLIER_0_5
        SIO Multiplier Index: 0
        SIO RefSel: VCC_IO
        Required Capabilitites: ANALOG
        Initial Value: 0
        IO Voltage: 0
    PORT MAP (
        pa_out => \CapSense:Sns(0)\__PA ,
        analog_term => \CapSense:Net_1909_0\ ,
        pad => \CapSense:Sns(0)_PAD\ );
    Properties:
    {
        port_location = "PORT(2,1)"
    }

[IoId=2]: 
Pin : Name = \CapSense:Sns(1)\
    Attributes:
        Alias: LinearSlider0_Sns1
        In Group/Port: True
        In Sync Option: AUTO
        Out Sync Option: AUTO
        Interrupt generated: False
        Interrupt mode: NONE
        Drive mode: HI_Z_ANALOG
        VTrip: EITHER
        Slew: FAST
        Input Sync needed: False
        Output Sync needed: False
        SC shield enabled: False
        POR State: ANY
        LCD Mode: COMMON
        Register Mode: RegComb
        CaSense Mode: NEITHER
        Treat as pin: True
        Is OE Registered: False
        Uses Analog: True
        Can contain Digital: False
        Is SIO: False
        SIO Output Buf: NONREGULATED
        SIO Input Buf: SINGLE_ENDED
        SIO HiFreq: LOW
        SIO Hyst: DISABLED
        SIO Vtrip: MULTIPLIER_0_5
        SIO Multiplier Index: 0
        SIO RefSel: VCC_IO
        Required Capabilitites: ANALOG
        Initial Value: 1
        IO Voltage: 0
    PORT MAP (
        pa_out => \CapSense:Sns(1)\__PA ,
        analog_term => \CapSense:Net_1909_0\ ,
        pad => \CapSense:Sns(1)_PAD\ );
    Properties:
    {
        port_location = "PORT(2,2)"
    }

[IoId=3]: 
Pin : Name = \CapSense:Sns(2)\
    Attributes:
        Alias: LinearSlider0_Sns2
        In Group/Port: True
        In Sync Option: AUTO
        Out Sync Option: AUTO
        Interrupt generated: False
        Interrupt mode: NONE
        Drive mode: HI_Z_ANALOG
        VTrip: EITHER
        Slew: FAST
        Input Sync needed: False
        Output Sync needed: False
        SC shield enabled: False
        POR State: ANY
        LCD Mode: COMMON
        Register Mode: RegComb
        CaSense Mode: NEITHER
        Treat as pin: True
        Is OE Registered: False
        Uses Analog: True
        Can contain Digital: False
        Is SIO: False
        SIO Output Buf: NONREGULATED
        SIO Input Buf: SINGLE_ENDED
        SIO HiFreq: LOW
        SIO Hyst: DISABLED
        SIO Vtrip: MULTIPLIER_0_5
        SIO Multiplier Index: 0
        SIO RefSel: VCC_IO
        Required Capabilitites: ANALOG
        Initial Value: 1
        IO Voltage: 0
    PORT MAP (
        pa_out => \CapSense:Sns(2)\__PA ,
        analog_term => \CapSense:Net_1909_0\ ,
        pad => \CapSense:Sns(2)_PAD\ );
    Properties:
    {
        port_location = "PORT(2,3)"
    }

[IoId=4]: 
Pin : Name = \CapSense:Sns(3)\
    Attributes:
        Alias: LinearSlider0_Sns3
        In Group/Port: True
        In Sync Option: AUTO
        Out Sync Option: AUTO
        Interrupt generated: False
        Interrupt mode: NONE
        Drive mode: HI_Z_ANALOG
        VTrip: EITHER
        Slew: FAST
        Input Sync needed: False
        Output Sync needed: False
        SC shield enabled: False
        POR State: ANY
        LCD Mode: COMMON
        Register Mode: RegComb
        CaSense Mode: NEITHER
        Treat as pin: True
        Is OE Registered: False
        Uses Analog: True
        Can contain Digital: False
        Is SIO: False
        SIO Output Buf: NONREGULATED
        SIO Input Buf: SINGLE_ENDED
        SIO HiFreq: LOW
        SIO Hyst: DISABLED
        SIO Vtrip: MULTIPLIER_0_5
        SIO Multiplier Index: 0
        SIO RefSel: VCC_IO
        Required Capabilitites: ANALOG
        Initial Value: 1
        IO Voltage: 0
    PORT MAP (
        pa_out => \CapSense:Sns(3)\__PA ,
        analog_term => \CapSense:Net_1909_0\ ,
        pad => \CapSense:Sns(3)_PAD\ );
    Properties:
    {
        port_location = "PORT(2,4)"
    }

[IoId=5]: 
Pin : Name = \CapSense:Sns(4)\
    Attributes:
        Alias: LinearSlider0_Sns4
        In Group/Port: True
        In Sync Option: AUTO
        Out Sync Option: AUTO
        Interrupt generated: False
        Interrupt mode: NONE
        Drive mode: HI_Z_ANALOG
        VTrip: EITHER
        Slew: FAST
        Input Sync needed: False
        Output Sync needed: False
        SC shield enabled: False
        POR State: ANY
        LCD Mode: COMMON
        Register Mode: RegComb
        CaSense Mode: NEITHER
        Treat as pin: True
        Is OE Registered: False
        Uses Analog: True
        Can contain Digital: False
        Is SIO: False
        SIO Output Buf: NONREGULATED
        SIO Input Buf: SINGLE_ENDED
        SIO HiFreq: LOW
        SIO Hyst: DISABLED
        SIO Vtrip: MULTIPLIER_0_5
        SIO Multiplier Index: 0
        SIO RefSel: VCC_IO
        Required Capabilitites: ANALOG
        Initial Value: 1
        IO Voltage: 0
    PORT MAP (
        pa_out => \CapSense:Sns(4)\__PA ,
        analog_term => \CapSense:Net_1909_0\ ,
        pad => \CapSense:Sns(4)_PAD\ );
    Properties:
    {
        port_location = "PORT(2,5)"
    }

Port 3 contains the following IO cells:
[IoId=4]: 
Pin : Name = \EZI2C:sda(0)\
    Attributes:
        In Group/Port: True
        In Sync Option: NOSYNC
        Out Sync Option: NOSYNC
        Interrupt generated: False
        Interrupt mode: NONE
        Drive mode: OPEN_DRAIN_LO
        VTrip: CMOS
        Slew: FAST
        Input Sync needed: False
        Output Sync needed: False
        SC shield enabled: False
        POR State: ANY
        LCD Mode: COMMON
        Register Mode: RegComb
        CaSense Mode: NEITHER
        Treat as pin: True
        Is OE Registered: False
        Uses Analog: False
        Can contain Digital: True
        Is SIO: False
        SIO Output Buf: NONREGULATED
        SIO Input Buf: SINGLE_ENDED
        SIO HiFreq: LOW
        SIO Hyst: DISABLED
        SIO Vtrip: MULTIPLIER_0_5
        SIO Multiplier Index: 0
        SIO RefSel: VCC_IO
        Required Capabilitites: DIGITAL
        Initial Value: 1
        IO Voltage: 0
    PORT MAP (
        pa_out => \EZI2C:sda(0)\__PA ,
        fb => \EZI2C:sda_wire\ ,
        pad => \EZI2C:sda(0)_PAD\ );
    Properties:
    {
        port_location = "PORT(3,4)"
    }

[IoId=5]: 
Pin : Name = \EZI2C:scl(0)\
    Attributes:
        In Group/Port: True
        In Sync Option: NOSYNC
        Out Sync Option: NOSYNC
        Interrupt generated: False
        Interrupt mode: NONE
        Drive mode: OPEN_DRAIN_LO
        VTrip: CMOS
        Slew: FAST
        Input Sync needed: False
        Output Sync needed: False
        SC shield enabled: False
        POR State: ANY
        LCD Mode: COMMON
        Register Mode: RegComb
        CaSense Mode: NEITHER
        Treat as pin: True
        Is OE Registered: False
        Uses Analog: False
        Can contain Digital: True
        Is SIO: False
        SIO Output Buf: NONREGULATED
        SIO Input Buf: SINGLE_ENDED
        SIO HiFreq: LOW
        SIO Hyst: DISABLED
        SIO Vtrip: MULTIPLIER_0_5
        SIO Multiplier Index: 0
        SIO RefSel: VCC_IO
        Required Capabilitites: DIGITAL
        Initial Value: 1
        IO Voltage: 0
    PORT MAP (
        pa_out => \EZI2C:scl(0)\__PA ,
        fb => \EZI2C:scl_wire\ ,
        pad => \EZI2C:scl(0)_PAD\ );
    Properties:
    {
        port_location = "PORT(3,5)"
    }

Port 4 contains the following IO cells:
[IoId=0]: 
Pin : Name = \CapSense:Cmod(0)\
    Attributes:
        Alias: Cmod
        In Group/Port: True
        In Sync Option: AUTO
        Out Sync Option: AUTO
        Interrupt generated: False
        Interrupt mode: NONE
        Drive mode: HI_Z_ANALOG
        VTrip: EITHER
        Slew: FAST
        Input Sync needed: False
        Output Sync needed: False
        SC shield enabled: False
        POR State: ANY
        LCD Mode: COMMON
        Register Mode: RegComb
        CaSense Mode: NEITHER
        Treat as pin: True
        Is OE Registered: False
        Uses Analog: True
        Can contain Digital: False
        Is SIO: False
        SIO Output Buf: NONREGULATED
        SIO Input Buf: SINGLE_ENDED
        SIO HiFreq: LOW
        SIO Hyst: DISABLED
        SIO Vtrip: MULTIPLIER_0_5
        SIO Multiplier Index: 0
        SIO RefSel: VCC_IO
        Required Capabilitites: ANALOG
        Initial Value: 0
        IO Voltage: 0
    PORT MAP (
        pa_out => \CapSense:Cmod(0)\__PA ,
        pad => \CapSense:Cmod(0)_PAD\ );
    Properties:
    {
        port_location = "PORT(4,0)"
    }

Port 5 is empty
Port 6 is empty
ARM group 0: empty
Clock group 0: 
    Clock Block @ F(Clock,0): 
    m0s8clockblockcell: Name =ClockBlock
        PORT MAP (
            hfclk => ClockBlock_HFCLK ,
            imo => ClockBlock_IMO ,
            ext => ClockBlock_EXTCLK ,
            sysclk => ClockBlock_SYSCLK ,
            eco => ClockBlock_ECO ,
            ilo => ClockBlock_ILO ,
            lfclk => ClockBlock_LFCLK ,
            wco => ClockBlock_WCO ,
            dsi_in_0 => ClockBlock_Routed1 ,
            ff_div_5 => \CapSense:Net_1946_ff5\ ,
            ff_div_4 => \CapSense:Net_1785_ff4\ ,
            ff_div_1 => \EZI2C:Net_847_ff1\ );
        Properties:
        {
        }
PM group 0: empty
SPC group 0: empty
WDT group 0: empty
FSS group 0: empty
LP Comparator group 0: empty
Serial Communication (SCB) group 0: 
    SCB Block @ F(SCB,1): 
    m0s8scbcell: Name =\EZI2C:SCB\
        PORT MAP (
            clock => \EZI2C:Net_847_ff1\ ,
            interrupt => Net_35 ,
            tx => \EZI2C:tx_wire\ ,
            rts => \EZI2C:rts_wire\ ,
            mosi_m => \EZI2C:mosi_m_wire\ ,
            select_m_3 => \EZI2C:select_m_wire_3\ ,
            select_m_2 => \EZI2C:select_m_wire_2\ ,
            select_m_1 => \EZI2C:select_m_wire_1\ ,
            select_m_0 => \EZI2C:select_m_wire_0\ ,
            sclk_m => \EZI2C:sclk_m_wire\ ,
            miso_s => \EZI2C:miso_s_wire\ ,
            scl => \EZI2C:scl_wire\ ,
            sda => \EZI2C:sda_wire\ ,
            tx_req => Net_38 ,
            rx_req => Net_37 );
        Properties:
        {
            cy_registers = ""
            scb_mode = 0
        }
CapSense group 0: 
    PSoC4 CapSense @ F(CSD,0): 
    p4csdcell: Name =\CapSense:CSD\
        PORT MAP (
            source => \CapSense:Net_1909_0\ ,
            shield => \CapSense:Net_817\ ,
            csh => \CapSense:Net_2084\ ,
            cmod => \CapSense:Net_804\ ,
            sense_out => \CapSense:Net_1913\ ,
            sample_out => \CapSense:Net_1911\ ,
            clk1 => \CapSense:Net_1785_ff4\ ,
            clk2 => \CapSense:Net_1946_ff5\ ,
            irq => \CapSense:Net_815\ );
        Properties:
        {
            cy_registers = ""
            is_capsense = 1
            is_cmod_charge = 0
            is_csh_charge = 0
            is_mutual = 0
            rx_count = 1
            sensors_count = 5
            shield_count = 1
            tx_count = 1
        }
8-bit IDAC group 0: 
    PSoC4 8-bit IDAC @ F(CSIDAC8,0): 
    p4csidac8cell: Name =\CapSense:IDACMod:cy_psoc4_idac\
        PORT MAP (
            en => __ONE__ );
        Properties:
        {
            cy_registers = ""
            resolution = 8
        }
7-bit IDAC group 0: 
    PSoC4 7-bit IDAC @ F(CSIDAC7,0): 
    p4csidac7cell: Name =\CapSense:IDACComp:cy_psoc4_idac\
        PORT MAP (
            en => __ONE__ );
        Properties:
        {
            cy_registers = ""
            resolution = 7
        }
Timer/Counter/PWM group 0: empty
Comparator/Opamp group 0: empty
Die Temp group 0: empty
SAR ADC group 0: empty
Segment LCD group 0: empty
CLK_GEN group 0: 
    M0S8 Clock Gen Block @ F(CLK_GEN,0): 
    m0s8clockgenblockcell: Name =ClockGenBlock
        PORT MAP (
             );
        Properties:
        {
        }
LPCOMPBLOCK group 0: empty
PASSBLOCK group 0: empty
ANAPUMP group 0: empty
BLE group 0: empty
GANGED_PICU group 0: empty
WCO group 0: empty
M0S8DMAC group 0: empty
</CYPRESSTAG>
<CYPRESSTAG name="Port Configuration Details">

------------------------------------------------------------
Port Configuration report
------------------------------------------------------------
     |     |       | Interrupt |                  |                    | 
Port | Pin | Fixed |      Type |       Drive Mode |               Name | Connections
-----+-----+-------+-----------+------------------+--------------------+------------------------------
   2 |   1 |     * |      NONE |      HI_Z_ANALOG |  \CapSense:Sns(0)\ | Analog(\CapSense:Net_1909_0\)
     |   2 |     * |      NONE |      HI_Z_ANALOG |  \CapSense:Sns(1)\ | Analog(\CapSense:Net_1909_0\)
     |   3 |     * |      NONE |      HI_Z_ANALOG |  \CapSense:Sns(2)\ | Analog(\CapSense:Net_1909_0\)
     |   4 |     * |      NONE |      HI_Z_ANALOG |  \CapSense:Sns(3)\ | Analog(\CapSense:Net_1909_0\)
     |   5 |     * |      NONE |      HI_Z_ANALOG |  \CapSense:Sns(4)\ | Analog(\CapSense:Net_1909_0\)
-----+-----+-------+-----------+------------------+--------------------+------------------------------
   3 |   4 |     * |      NONE |    OPEN_DRAIN_LO |     \EZI2C:sda(0)\ | FB(\EZI2C:sda_wire\)
     |   5 |     * |      NONE |    OPEN_DRAIN_LO |     \EZI2C:scl(0)\ | FB(\EZI2C:scl_wire\)
-----+-----+-------+-----------+------------------+--------------------+------------------------------
   4 |   0 |     * |      NONE |      HI_Z_ANALOG | \CapSense:Cmod(0)\ | 
------------------------------------------------------------------------------------------------------
</CYPRESSTAG>
</CYPRESSTAG>
</CYPRESSTAG>
Digital component placer commit/Report: Elapsed time ==> 0s.021ms
Digital Placement phase: Elapsed time ==> 0s.850ms
</CYPRESSTAG>
<CYPRESSTAG name="Digital Routing">
Routing successful.
Digital Routing phase: Elapsed time ==> 0s.868ms
</CYPRESSTAG>
<CYPRESSTAG name="Bitstream Generation">
Bitstream Generation phase: Elapsed time ==> 0s.601ms
</CYPRESSTAG>
<CYPRESSTAG name="Bitstream Verification">
Bitstream Verification phase: Elapsed time ==> 0s.131ms
</CYPRESSTAG>
<CYPRESSTAG name="Static timing analysis">
Timing report is in CE210289_CapSense_P4_Linear_Slider01_timing.html.
Static timing analysis phase: Elapsed time ==> 0s.304ms
</CYPRESSTAG>
<CYPRESSTAG name="Data reporting">
Data reporting phase: Elapsed time ==> 0s.008ms
</CYPRESSTAG>
<CYPRESSTAG name="Database update...">
Design database save phase: Elapsed time ==> 0s.196ms
</CYPRESSTAG>
cydsfit: Elapsed time ==> 4s.330ms
</CYPRESSTAG>
Fitter phase: Elapsed time ==> 4s.341ms
API generation phase: Elapsed time ==> 2s.822ms
Dependency generation phase: Elapsed time ==> 0s.046ms
Cleanup phase: Elapsed time ==> 0s.003ms
