ARM GAS  C:\Users\Sarah\AppData\Local\Temp\cc060oF3.s 			page 1


   1              		.cpu cortex-m0
   2              		.fpu softvfp
   3              		.eabi_attribute 20, 1
   4              		.eabi_attribute 21, 1
   5              		.eabi_attribute 23, 3
   6              		.eabi_attribute 24, 1
   7              		.eabi_attribute 25, 1
   8              		.eabi_attribute 26, 1
   9              		.eabi_attribute 30, 1
  10              		.eabi_attribute 34, 0
  11              		.eabi_attribute 18, 4
  12              		.code	16
  13              		.file	"main.c"
  14              		.text
  15              	.Ltext0:
  16              		.cfi_sections	.debug_frame
  17              		.global	__aeabi_f2d
  18              		.section	.text.main,"ax",%progbits
  19              		.align	2
  20              		.global	main
  21              		.code	16
  22              		.thumb_func
  23              		.type	main, %function
  24              	main:
  25              	.LFB37:
  26              		.file 1 "main.c"
   1:main.c        **** /* ========================================
   2:main.c        ****  *
   3:main.c        ****  * Copyright YOUR COMPANY, THE YEAR
   4:main.c        ****  * All Rights Reserved
   5:main.c        ****  * UNPUBLISHED, LICENSED SOFTWARE.
   6:main.c        ****  *
   7:main.c        ****  * CONFIDENTIAL AND PROPRIETARY INFORMATION
   8:main.c        ****  * WHICH IS THE PROPERTY OF your company.
   9:main.c        ****  *
  10:main.c        ****  * ========================================
  11:main.c        **** */
  12:main.c        **** #include "project.h"
  13:main.c        **** #include <stdio.h>
  14:main.c        **** 
  15:main.c        **** 
  16:main.c        **** 
  17:main.c        **** int main(void)
  18:main.c        **** {
  27              		.loc 1 18 0
  28              		.cfi_startproc
  29 0000 00B5     		push	{lr}
  30              		.cfi_def_cfa_offset 4
  31              		.cfi_offset 14, -4
  32 0002 95B0     		sub	sp, sp, #84
  33              		.cfi_def_cfa_offset 88
  19:main.c        ****     CyGlobalIntEnable; /* Enable global interrupts. */
  34              		.loc 1 19 0
  35              	@ 19 "main.c" 1
  36 0004 62B6     		CPSIE   i
  37              	@ 0 "" 2
  20:main.c        **** 
ARM GAS  C:\Users\Sarah\AppData\Local\Temp\cc060oF3.s 			page 2


  21:main.c        **** 	OneWire_Start();
  38              		.loc 1 21 0
  39              		.code	16
  40 0006 FFF7FEFF 		bl	OneWire_Start
  41              	.LVL0:
  42              	.L4:
  18:main.c        ****     CyGlobalIntEnable; /* Enable global interrupts. */
  43              		.loc 1 18 0
  44 000a 0122     		mov	r2, #1
  45              	.LVL1:
  46              	.L3:
  22:main.c        ****     
  23:main.c        ****     int flag = 1;
  24:main.c        ****     
  25:main.c        ****     for(;;)
  26:main.c        ****     {
  27:main.c        ****         
  28:main.c        ****         if (flag == 1)
  47              		.loc 1 28 0
  48 000c 012A     		cmp	r2, #1
  49 000e 08D1     		bne	.L2
  50              	.LVL2:
  29:main.c        ****         {
  30:main.c        ****             flag = 0;
  31:main.c        ****             LED_Write(1);
  51              		.loc 1 31 0
  52 0010 0120     		mov	r0, #1
  53 0012 FFF7FEFF 		bl	LED_Write
  54              	.LVL3:
  32:main.c        ****             CyDelay(3000);
  55              		.loc 1 32 0
  56 0016 1148     		ldr	r0, .L5
  57 0018 FFF7FEFF 		bl	CyDelay
  58              	.LVL4:
  33:main.c        ****             OneWire_SendTemperatureRequest();
  59              		.loc 1 33 0
  60 001c FFF7FEFF 		bl	OneWire_SendTemperatureRequest
  61              	.LVL5:
  30:main.c        ****             LED_Write(1);
  62              		.loc 1 30 0
  63 0020 0022     		mov	r2, #0
  64              	.LVL6:
  65              	.L2:
  34:main.c        ****         }
  35:main.c        ****         
  36:main.c        ****         if (OneWire_DataReady)
  66              		.loc 1 36 0
  67 0022 0F4B     		ldr	r3, .L5+4
  68 0024 1B78     		ldrb	r3, [r3]
  69 0026 002B     		cmp	r3, #0
  70 0028 F0D0     		beq	.L3
  71              	.LBB2:
  37:main.c        ****         {
  38:main.c        ****             OneWire_ReadTemperature();
  72              		.loc 1 38 0
  73 002a FFF7FEFF 		bl	OneWire_ReadTemperature
  74              	.LVL7:
ARM GAS  C:\Users\Sarah\AppData\Local\Temp\cc060oF3.s 			page 3


  39:main.c        ****             LED_Write(0);
  75              		.loc 1 39 0
  76 002e 0020     		mov	r0, #0
  77 0030 FFF7FEFF 		bl	LED_Write
  78              	.LVL8:
  40:main.c        ****             char strMsg[80]={};
  79              		.loc 1 40 0
  80 0034 6846     		mov	r0, sp
  81 0036 0021     		mov	r1, #0
  82 0038 5022     		mov	r2, #80
  83 003a FFF7FEFF 		bl	memset
  84              	.LVL9:
  41:main.c        ****             sprintf(strMsg,"%.2f\r\n", 
  42:main.c        ****                     OneWire_GetTemperatureAsFloat(0)   
  85              		.loc 1 42 0
  86 003e 0020     		mov	r0, #0
  87 0040 FFF7FEFF 		bl	OneWire_GetTemperatureAsFloat
  88              	.LVL10:
  41:main.c        ****             sprintf(strMsg,"%.2f\r\n", 
  89              		.loc 1 41 0
  90 0044 FFF7FEFF 		bl	__aeabi_f2d
  91              	.LVL11:
  92 0048 021C     		mov	r2, r0
  93 004a 0B1C     		mov	r3, r1
  94 004c 6846     		mov	r0, sp
  95 004e 0549     		ldr	r1, .L5+8
  96 0050 FFF7FEFF 		bl	sprintf
  97              	.LVL12:
  43:main.c        ****                     //25675 ticks
  44:main.c        ****             );
  45:main.c        ****             CyDelay(3000);
  98              		.loc 1 45 0
  99 0054 0148     		ldr	r0, .L5
 100 0056 FFF7FEFF 		bl	CyDelay
 101              	.LVL13:
 102 005a D6E7     		b	.L4
 103              	.L6:
 104              		.align	2
 105              	.L5:
 106 005c B80B0000 		.word	3000
 107 0060 00000000 		.word	OneWire_DataReady
 108 0064 00000000 		.word	.LC1
 109              	.LBE2:
 110              		.cfi_endproc
 111              	.LFE37:
 112              		.size	main, .-main
 113              		.comm	OneWire_DataReady,1,1
 114              		.comm	OneWire_Sensor,32,4
 115              		.section	.rodata.str1.4,"aMS",%progbits,1
 116              		.align	2
 117              	.LC1:
 118 0000 252E3266 		.ascii	"%.2f\015\012\000"
 118      0D0A00
 119 0007 00       		.text
 120              	.Letext0:
 121              		.file 2 "Generated_Source\\PSoC4/cytypes.h"
 122              		.file 3 "Generated_Source\\PSoC4/OneWire.h"
ARM GAS  C:\Users\Sarah\AppData\Local\Temp\cc060oF3.s 			page 4


 123              		.file 4 "Generated_Source\\PSoC4/LED.h"
 124              		.file 5 "c:\\program files (x86)\\cypress\\psoc creator\\4.0\\psoc creator\\import\\gnu\\arm\\4.9.
 125              		.file 6 "Generated_Source\\PSoC4/CyLib.h"
 126              		.section	.debug_info,"",%progbits
 127              	.Ldebug_info0:
 128 0000 BD020000 		.4byte	0x2bd
 129 0004 0400     		.2byte	0x4
 130 0006 00000000 		.4byte	.Ldebug_abbrev0
 131 000a 04       		.byte	0x4
 132 000b 01       		.uleb128 0x1
 133 000c 7A010000 		.4byte	.LASF30
 134 0010 01       		.byte	0x1
 135 0011 6E010000 		.4byte	.LASF31
 136 0015 2A000000 		.4byte	.LASF32
 137 0019 00000000 		.4byte	.Ldebug_ranges0+0
 138 001d 00000000 		.4byte	0
 139 0021 00000000 		.4byte	.Ldebug_line0
 140 0025 02       		.uleb128 0x2
 141 0026 01       		.byte	0x1
 142 0027 06       		.byte	0x6
 143 0028 2B020000 		.4byte	.LASF0
 144 002c 02       		.uleb128 0x2
 145 002d 01       		.byte	0x1
 146 002e 08       		.byte	0x8
 147 002f B6000000 		.4byte	.LASF1
 148 0033 02       		.uleb128 0x2
 149 0034 02       		.byte	0x2
 150 0035 05       		.byte	0x5
 151 0036 08020000 		.4byte	.LASF2
 152 003a 02       		.uleb128 0x2
 153 003b 02       		.byte	0x2
 154 003c 07       		.byte	0x7
 155 003d 79000000 		.4byte	.LASF3
 156 0041 02       		.uleb128 0x2
 157 0042 04       		.byte	0x4
 158 0043 05       		.byte	0x5
 159 0044 12020000 		.4byte	.LASF4
 160 0048 02       		.uleb128 0x2
 161 0049 04       		.byte	0x4
 162 004a 07       		.byte	0x7
 163 004b C4000000 		.4byte	.LASF5
 164 004f 02       		.uleb128 0x2
 165 0050 08       		.byte	0x8
 166 0051 05       		.byte	0x5
 167 0052 60010000 		.4byte	.LASF6
 168 0056 02       		.uleb128 0x2
 169 0057 08       		.byte	0x8
 170 0058 07       		.byte	0x7
 171 0059 40010000 		.4byte	.LASF7
 172 005d 03       		.uleb128 0x3
 173 005e 04       		.byte	0x4
 174 005f 05       		.byte	0x5
 175 0060 696E7400 		.ascii	"int\000"
 176 0064 02       		.uleb128 0x2
 177 0065 04       		.byte	0x4
 178 0066 07       		.byte	0x7
 179 0067 33010000 		.4byte	.LASF8
ARM GAS  C:\Users\Sarah\AppData\Local\Temp\cc060oF3.s 			page 5


 180 006b 04       		.uleb128 0x4
 181 006c D6000000 		.4byte	.LASF9
 182 0070 02       		.byte	0x2
 183 0071 B901     		.2byte	0x1b9
 184 0073 2C000000 		.4byte	0x2c
 185 0077 04       		.uleb128 0x4
 186 0078 01010000 		.4byte	.LASF10
 187 007c 02       		.byte	0x2
 188 007d BA01     		.2byte	0x1ba
 189 007f 3A000000 		.4byte	0x3a
 190 0083 04       		.uleb128 0x4
 191 0084 27010000 		.4byte	.LASF11
 192 0088 02       		.byte	0x2
 193 0089 BB01     		.2byte	0x1bb
 194 008b 48000000 		.4byte	0x48
 195 008f 02       		.uleb128 0x2
 196 0090 04       		.byte	0x4
 197 0091 04       		.byte	0x4
 198 0092 93000000 		.4byte	.LASF12
 199 0096 02       		.uleb128 0x2
 200 0097 08       		.byte	0x8
 201 0098 04       		.byte	0x4
 202 0099 E3000000 		.4byte	.LASF13
 203 009d 02       		.uleb128 0x2
 204 009e 01       		.byte	0x1
 205 009f 08       		.byte	0x8
 206 00a0 75010000 		.4byte	.LASF14
 207 00a4 05       		.uleb128 0x5
 208 00a5 6B000000 		.4byte	0x6b
 209 00a9 06       		.uleb128 0x6
 210 00aa 1B020000 		.4byte	.LASF33
 211 00ae 04       		.byte	0x4
 212 00af 03       		.byte	0x3
 213 00b0 30       		.byte	0x30
 214 00b1 CE000000 		.4byte	0xce
 215 00b5 07       		.uleb128 0x7
 216 00b6 6D000000 		.4byte	.LASF15
 217 00ba 03       		.byte	0x3
 218 00bb 31       		.byte	0x31
 219 00bc 77000000 		.4byte	0x77
 220 00c0 00       		.byte	0
 221 00c1 07       		.uleb128 0x7
 222 00c2 18000000 		.4byte	.LASF16
 223 00c6 03       		.byte	0x3
 224 00c7 32       		.byte	0x32
 225 00c8 6B000000 		.4byte	0x6b
 226 00cc 02       		.byte	0x2
 227 00cd 00       		.byte	0
 228 00ce 02       		.uleb128 0x2
 229 00cf 04       		.byte	0x4
 230 00d0 07       		.byte	0x7
 231 00d1 57010000 		.4byte	.LASF17
 232 00d5 08       		.uleb128 0x8
 233 00d6 04       		.byte	0x4
 234 00d7 09       		.uleb128 0x9
 235 00d8 04       		.byte	0x4
 236 00d9 9D000000 		.4byte	0x9d
ARM GAS  C:\Users\Sarah\AppData\Local\Temp\cc060oF3.s 			page 6


 237 00dd 09       		.uleb128 0x9
 238 00de 04       		.byte	0x4
 239 00df E3000000 		.4byte	0xe3
 240 00e3 0A       		.uleb128 0xa
 241 00e4 9D000000 		.4byte	0x9d
 242 00e8 0B       		.uleb128 0xb
 243 00e9 EA000000 		.4byte	.LASF34
 244 00ed 01       		.byte	0x1
 245 00ee 11       		.byte	0x11
 246 00ef 5D000000 		.4byte	0x5d
 247 00f3 00000000 		.4byte	.LFB37
 248 00f7 68000000 		.4byte	.LFE37-.LFB37
 249 00fb 01       		.uleb128 0x1
 250 00fc 9C       		.byte	0x9c
 251 00fd E4010000 		.4byte	0x1e4
 252 0101 0C       		.uleb128 0xc
 253 0102 2E010000 		.4byte	.LASF18
 254 0106 01       		.byte	0x1
 255 0107 17       		.byte	0x17
 256 0108 5D000000 		.4byte	0x5d
 257 010c 00000000 		.4byte	.LLST0
 258 0110 0D       		.uleb128 0xd
 259 0111 2A000000 		.4byte	.LBB2
 260 0115 3E000000 		.4byte	.LBE2-.LBB2
 261 0119 A9010000 		.4byte	0x1a9
 262 011d 0E       		.uleb128 0xe
 263 011e 8C000000 		.4byte	.LASF19
 264 0122 01       		.byte	0x1
 265 0123 28       		.byte	0x28
 266 0124 E4010000 		.4byte	0x1e4
 267 0128 03       		.uleb128 0x3
 268 0129 91       		.byte	0x91
 269 012a A87F     		.sleb128 -88
 270 012c 0F       		.uleb128 0xf
 271 012d 2E000000 		.4byte	.LVL7
 272 0131 26020000 		.4byte	0x226
 273 0135 10       		.uleb128 0x10
 274 0136 34000000 		.4byte	.LVL8
 275 013a 37020000 		.4byte	0x237
 276 013e 48010000 		.4byte	0x148
 277 0142 11       		.uleb128 0x11
 278 0143 01       		.uleb128 0x1
 279 0144 50       		.byte	0x50
 280 0145 01       		.uleb128 0x1
 281 0146 30       		.byte	0x30
 282 0147 00       		.byte	0
 283 0148 10       		.uleb128 0x10
 284 0149 3E000000 		.4byte	.LVL9
 285 014d 48020000 		.4byte	0x248
 286 0151 67010000 		.4byte	0x167
 287 0155 11       		.uleb128 0x11
 288 0156 01       		.uleb128 0x1
 289 0157 52       		.byte	0x52
 290 0158 02       		.uleb128 0x2
 291 0159 08       		.byte	0x8
 292 015a 50       		.byte	0x50
 293 015b 11       		.uleb128 0x11
ARM GAS  C:\Users\Sarah\AppData\Local\Temp\cc060oF3.s 			page 7


 294 015c 01       		.uleb128 0x1
 295 015d 51       		.byte	0x51
 296 015e 01       		.uleb128 0x1
 297 015f 30       		.byte	0x30
 298 0160 11       		.uleb128 0x11
 299 0161 01       		.uleb128 0x1
 300 0162 50       		.byte	0x50
 301 0163 02       		.uleb128 0x2
 302 0164 7D       		.byte	0x7d
 303 0165 00       		.sleb128 0
 304 0166 00       		.byte	0
 305 0167 10       		.uleb128 0x10
 306 0168 44000000 		.4byte	.LVL10
 307 016c 65020000 		.4byte	0x265
 308 0170 7A010000 		.4byte	0x17a
 309 0174 11       		.uleb128 0x11
 310 0175 01       		.uleb128 0x1
 311 0176 50       		.byte	0x50
 312 0177 01       		.uleb128 0x1
 313 0178 30       		.byte	0x30
 314 0179 00       		.byte	0
 315 017a 10       		.uleb128 0x10
 316 017b 54000000 		.4byte	.LVL12
 317 017f 7A020000 		.4byte	0x27a
 318 0183 97010000 		.4byte	0x197
 319 0187 11       		.uleb128 0x11
 320 0188 01       		.uleb128 0x1
 321 0189 51       		.byte	0x51
 322 018a 05       		.uleb128 0x5
 323 018b 03       		.byte	0x3
 324 018c 00000000 		.4byte	.LC1
 325 0190 11       		.uleb128 0x11
 326 0191 01       		.uleb128 0x1
 327 0192 50       		.byte	0x50
 328 0193 02       		.uleb128 0x2
 329 0194 7D       		.byte	0x7d
 330 0195 00       		.sleb128 0
 331 0196 00       		.byte	0
 332 0197 12       		.uleb128 0x12
 333 0198 5A000000 		.4byte	.LVL13
 334 019c 95020000 		.4byte	0x295
 335 01a0 11       		.uleb128 0x11
 336 01a1 01       		.uleb128 0x1
 337 01a2 50       		.byte	0x50
 338 01a3 03       		.uleb128 0x3
 339 01a4 0A       		.byte	0xa
 340 01a5 B80B     		.2byte	0xbb8
 341 01a7 00       		.byte	0
 342 01a8 00       		.byte	0
 343 01a9 0F       		.uleb128 0xf
 344 01aa 0A000000 		.4byte	.LVL0
 345 01ae A6020000 		.4byte	0x2a6
 346 01b2 10       		.uleb128 0x10
 347 01b3 16000000 		.4byte	.LVL3
 348 01b7 37020000 		.4byte	0x237
 349 01bb C5010000 		.4byte	0x1c5
 350 01bf 11       		.uleb128 0x11
ARM GAS  C:\Users\Sarah\AppData\Local\Temp\cc060oF3.s 			page 8


 351 01c0 01       		.uleb128 0x1
 352 01c1 50       		.byte	0x50
 353 01c2 01       		.uleb128 0x1
 354 01c3 31       		.byte	0x31
 355 01c4 00       		.byte	0
 356 01c5 10       		.uleb128 0x10
 357 01c6 1C000000 		.4byte	.LVL4
 358 01ca 95020000 		.4byte	0x295
 359 01ce DA010000 		.4byte	0x1da
 360 01d2 11       		.uleb128 0x11
 361 01d3 01       		.uleb128 0x1
 362 01d4 50       		.byte	0x50
 363 01d5 03       		.uleb128 0x3
 364 01d6 0A       		.byte	0xa
 365 01d7 B80B     		.2byte	0xbb8
 366 01d9 00       		.byte	0
 367 01da 0F       		.uleb128 0xf
 368 01db 20000000 		.4byte	.LVL5
 369 01df B3020000 		.4byte	0x2b3
 370 01e3 00       		.byte	0
 371 01e4 13       		.uleb128 0x13
 372 01e5 9D000000 		.4byte	0x9d
 373 01e9 F4010000 		.4byte	0x1f4
 374 01ed 14       		.uleb128 0x14
 375 01ee CE000000 		.4byte	0xce
 376 01f2 4F       		.byte	0x4f
 377 01f3 00       		.byte	0
 378 01f4 13       		.uleb128 0x13
 379 01f5 A9000000 		.4byte	0xa9
 380 01f9 04020000 		.4byte	0x204
 381 01fd 14       		.uleb128 0x14
 382 01fe CE000000 		.4byte	0xce
 383 0202 07       		.byte	0x7
 384 0203 00       		.byte	0
 385 0204 15       		.uleb128 0x15
 386 0205 A7000000 		.4byte	.LASF20
 387 0209 03       		.byte	0x3
 388 020a 34       		.byte	0x34
 389 020b F4010000 		.4byte	0x1f4
 390 020f 05       		.uleb128 0x5
 391 0210 03       		.byte	0x3
 392 0211 00000000 		.4byte	OneWire_Sensor
 393 0215 15       		.uleb128 0x15
 394 0216 EF000000 		.4byte	.LASF21
 395 021a 03       		.byte	0x3
 396 021b 39       		.byte	0x39
 397 021c A4000000 		.4byte	0xa4
 398 0220 05       		.uleb128 0x5
 399 0221 03       		.byte	0x3
 400 0222 00000000 		.4byte	OneWire_DataReady
 401 0226 16       		.uleb128 0x16
 402 0227 00000000 		.4byte	.LASF22
 403 022b 03       		.byte	0x3
 404 022c 4E       		.byte	0x4e
 405 022d 6B000000 		.4byte	0x6b
 406 0231 37020000 		.4byte	0x237
 407 0235 17       		.uleb128 0x17
ARM GAS  C:\Users\Sarah\AppData\Local\Temp\cc060oF3.s 			page 9


 408 0236 00       		.byte	0
 409 0237 18       		.uleb128 0x18
 410 0238 20000000 		.4byte	.LASF23
 411 023c 04       		.byte	0x4
 412 023d 33       		.byte	0x33
 413 023e 48020000 		.4byte	0x248
 414 0242 19       		.uleb128 0x19
 415 0243 6B000000 		.4byte	0x6b
 416 0247 00       		.byte	0
 417 0248 1A       		.uleb128 0x1a
 418 0249 DC000000 		.4byte	.LASF24
 419 024d D5000000 		.4byte	0xd5
 420 0251 65020000 		.4byte	0x265
 421 0255 19       		.uleb128 0x19
 422 0256 D5000000 		.4byte	0xd5
 423 025a 19       		.uleb128 0x19
 424 025b 5D000000 		.4byte	0x5d
 425 025f 19       		.uleb128 0x19
 426 0260 CE000000 		.4byte	0xce
 427 0264 00       		.byte	0
 428 0265 1B       		.uleb128 0x1b
 429 0266 47020000 		.4byte	.LASF25
 430 026a 03       		.byte	0x3
 431 026b 52       		.byte	0x52
 432 026c 8F000000 		.4byte	0x8f
 433 0270 7A020000 		.4byte	0x27a
 434 0274 19       		.uleb128 0x19
 435 0275 6B000000 		.4byte	0x6b
 436 0279 00       		.byte	0
 437 027a 1B       		.uleb128 0x1b
 438 027b 37020000 		.4byte	.LASF26
 439 027f 05       		.byte	0x5
 440 0280 DE       		.byte	0xde
 441 0281 5D000000 		.4byte	0x5d
 442 0285 95020000 		.4byte	0x295
 443 0289 19       		.uleb128 0x19
 444 028a D7000000 		.4byte	0xd7
 445 028e 19       		.uleb128 0x19
 446 028f DD000000 		.4byte	0xdd
 447 0293 17       		.uleb128 0x17
 448 0294 00       		.byte	0
 449 0295 18       		.uleb128 0x18
 450 0296 3F020000 		.4byte	.LASF27
 451 029a 06       		.byte	0x6
 452 029b D9       		.byte	0xd9
 453 029c A6020000 		.4byte	0x2a6
 454 02a0 19       		.uleb128 0x19
 455 02a1 83000000 		.4byte	0x83
 456 02a5 00       		.byte	0
 457 02a6 1C       		.uleb128 0x1c
 458 02a7 99000000 		.4byte	.LASF28
 459 02ab 03       		.byte	0x3
 460 02ac 4A       		.byte	0x4a
 461 02ad B3020000 		.4byte	0x2b3
 462 02b1 17       		.uleb128 0x17
 463 02b2 00       		.byte	0
 464 02b3 1D       		.uleb128 0x1d
ARM GAS  C:\Users\Sarah\AppData\Local\Temp\cc060oF3.s 			page 10


 465 02b4 08010000 		.4byte	.LASF29
 466 02b8 03       		.byte	0x3
 467 02b9 4D       		.byte	0x4d
 468 02ba 6B000000 		.4byte	0x6b
 469 02be 17       		.uleb128 0x17
 470 02bf 00       		.byte	0
 471 02c0 00       		.byte	0
 472              		.section	.debug_abbrev,"",%progbits
 473              	.Ldebug_abbrev0:
 474 0000 01       		.uleb128 0x1
 475 0001 11       		.uleb128 0x11
 476 0002 01       		.byte	0x1
 477 0003 25       		.uleb128 0x25
 478 0004 0E       		.uleb128 0xe
 479 0005 13       		.uleb128 0x13
 480 0006 0B       		.uleb128 0xb
 481 0007 03       		.uleb128 0x3
 482 0008 0E       		.uleb128 0xe
 483 0009 1B       		.uleb128 0x1b
 484 000a 0E       		.uleb128 0xe
 485 000b 55       		.uleb128 0x55
 486 000c 17       		.uleb128 0x17
 487 000d 11       		.uleb128 0x11
 488 000e 01       		.uleb128 0x1
 489 000f 10       		.uleb128 0x10
 490 0010 17       		.uleb128 0x17
 491 0011 00       		.byte	0
 492 0012 00       		.byte	0
 493 0013 02       		.uleb128 0x2
 494 0014 24       		.uleb128 0x24
 495 0015 00       		.byte	0
 496 0016 0B       		.uleb128 0xb
 497 0017 0B       		.uleb128 0xb
 498 0018 3E       		.uleb128 0x3e
 499 0019 0B       		.uleb128 0xb
 500 001a 03       		.uleb128 0x3
 501 001b 0E       		.uleb128 0xe
 502 001c 00       		.byte	0
 503 001d 00       		.byte	0
 504 001e 03       		.uleb128 0x3
 505 001f 24       		.uleb128 0x24
 506 0020 00       		.byte	0
 507 0021 0B       		.uleb128 0xb
 508 0022 0B       		.uleb128 0xb
 509 0023 3E       		.uleb128 0x3e
 510 0024 0B       		.uleb128 0xb
 511 0025 03       		.uleb128 0x3
 512 0026 08       		.uleb128 0x8
 513 0027 00       		.byte	0
 514 0028 00       		.byte	0
 515 0029 04       		.uleb128 0x4
 516 002a 16       		.uleb128 0x16
 517 002b 00       		.byte	0
 518 002c 03       		.uleb128 0x3
 519 002d 0E       		.uleb128 0xe
 520 002e 3A       		.uleb128 0x3a
 521 002f 0B       		.uleb128 0xb
ARM GAS  C:\Users\Sarah\AppData\Local\Temp\cc060oF3.s 			page 11


 522 0030 3B       		.uleb128 0x3b
 523 0031 05       		.uleb128 0x5
 524 0032 49       		.uleb128 0x49
 525 0033 13       		.uleb128 0x13
 526 0034 00       		.byte	0
 527 0035 00       		.byte	0
 528 0036 05       		.uleb128 0x5
 529 0037 35       		.uleb128 0x35
 530 0038 00       		.byte	0
 531 0039 49       		.uleb128 0x49
 532 003a 13       		.uleb128 0x13
 533 003b 00       		.byte	0
 534 003c 00       		.byte	0
 535 003d 06       		.uleb128 0x6
 536 003e 13       		.uleb128 0x13
 537 003f 01       		.byte	0x1
 538 0040 03       		.uleb128 0x3
 539 0041 0E       		.uleb128 0xe
 540 0042 0B       		.uleb128 0xb
 541 0043 0B       		.uleb128 0xb
 542 0044 3A       		.uleb128 0x3a
 543 0045 0B       		.uleb128 0xb
 544 0046 3B       		.uleb128 0x3b
 545 0047 0B       		.uleb128 0xb
 546 0048 01       		.uleb128 0x1
 547 0049 13       		.uleb128 0x13
 548 004a 00       		.byte	0
 549 004b 00       		.byte	0
 550 004c 07       		.uleb128 0x7
 551 004d 0D       		.uleb128 0xd
 552 004e 00       		.byte	0
 553 004f 03       		.uleb128 0x3
 554 0050 0E       		.uleb128 0xe
 555 0051 3A       		.uleb128 0x3a
 556 0052 0B       		.uleb128 0xb
 557 0053 3B       		.uleb128 0x3b
 558 0054 0B       		.uleb128 0xb
 559 0055 49       		.uleb128 0x49
 560 0056 13       		.uleb128 0x13
 561 0057 38       		.uleb128 0x38
 562 0058 0B       		.uleb128 0xb
 563 0059 00       		.byte	0
 564 005a 00       		.byte	0
 565 005b 08       		.uleb128 0x8
 566 005c 0F       		.uleb128 0xf
 567 005d 00       		.byte	0
 568 005e 0B       		.uleb128 0xb
 569 005f 0B       		.uleb128 0xb
 570 0060 00       		.byte	0
 571 0061 00       		.byte	0
 572 0062 09       		.uleb128 0x9
 573 0063 0F       		.uleb128 0xf
 574 0064 00       		.byte	0
 575 0065 0B       		.uleb128 0xb
 576 0066 0B       		.uleb128 0xb
 577 0067 49       		.uleb128 0x49
 578 0068 13       		.uleb128 0x13
ARM GAS  C:\Users\Sarah\AppData\Local\Temp\cc060oF3.s 			page 12


 579 0069 00       		.byte	0
 580 006a 00       		.byte	0
 581 006b 0A       		.uleb128 0xa
 582 006c 26       		.uleb128 0x26
 583 006d 00       		.byte	0
 584 006e 49       		.uleb128 0x49
 585 006f 13       		.uleb128 0x13
 586 0070 00       		.byte	0
 587 0071 00       		.byte	0
 588 0072 0B       		.uleb128 0xb
 589 0073 2E       		.uleb128 0x2e
 590 0074 01       		.byte	0x1
 591 0075 3F       		.uleb128 0x3f
 592 0076 19       		.uleb128 0x19
 593 0077 03       		.uleb128 0x3
 594 0078 0E       		.uleb128 0xe
 595 0079 3A       		.uleb128 0x3a
 596 007a 0B       		.uleb128 0xb
 597 007b 3B       		.uleb128 0x3b
 598 007c 0B       		.uleb128 0xb
 599 007d 27       		.uleb128 0x27
 600 007e 19       		.uleb128 0x19
 601 007f 49       		.uleb128 0x49
 602 0080 13       		.uleb128 0x13
 603 0081 11       		.uleb128 0x11
 604 0082 01       		.uleb128 0x1
 605 0083 12       		.uleb128 0x12
 606 0084 06       		.uleb128 0x6
 607 0085 40       		.uleb128 0x40
 608 0086 18       		.uleb128 0x18
 609 0087 9642     		.uleb128 0x2116
 610 0089 19       		.uleb128 0x19
 611 008a 01       		.uleb128 0x1
 612 008b 13       		.uleb128 0x13
 613 008c 00       		.byte	0
 614 008d 00       		.byte	0
 615 008e 0C       		.uleb128 0xc
 616 008f 34       		.uleb128 0x34
 617 0090 00       		.byte	0
 618 0091 03       		.uleb128 0x3
 619 0092 0E       		.uleb128 0xe
 620 0093 3A       		.uleb128 0x3a
 621 0094 0B       		.uleb128 0xb
 622 0095 3B       		.uleb128 0x3b
 623 0096 0B       		.uleb128 0xb
 624 0097 49       		.uleb128 0x49
 625 0098 13       		.uleb128 0x13
 626 0099 02       		.uleb128 0x2
 627 009a 17       		.uleb128 0x17
 628 009b 00       		.byte	0
 629 009c 00       		.byte	0
 630 009d 0D       		.uleb128 0xd
 631 009e 0B       		.uleb128 0xb
 632 009f 01       		.byte	0x1
 633 00a0 11       		.uleb128 0x11
 634 00a1 01       		.uleb128 0x1
 635 00a2 12       		.uleb128 0x12
ARM GAS  C:\Users\Sarah\AppData\Local\Temp\cc060oF3.s 			page 13


 636 00a3 06       		.uleb128 0x6
 637 00a4 01       		.uleb128 0x1
 638 00a5 13       		.uleb128 0x13
 639 00a6 00       		.byte	0
 640 00a7 00       		.byte	0
 641 00a8 0E       		.uleb128 0xe
 642 00a9 34       		.uleb128 0x34
 643 00aa 00       		.byte	0
 644 00ab 03       		.uleb128 0x3
 645 00ac 0E       		.uleb128 0xe
 646 00ad 3A       		.uleb128 0x3a
 647 00ae 0B       		.uleb128 0xb
 648 00af 3B       		.uleb128 0x3b
 649 00b0 0B       		.uleb128 0xb
 650 00b1 49       		.uleb128 0x49
 651 00b2 13       		.uleb128 0x13
 652 00b3 02       		.uleb128 0x2
 653 00b4 18       		.uleb128 0x18
 654 00b5 00       		.byte	0
 655 00b6 00       		.byte	0
 656 00b7 0F       		.uleb128 0xf
 657 00b8 898201   		.uleb128 0x4109
 658 00bb 00       		.byte	0
 659 00bc 11       		.uleb128 0x11
 660 00bd 01       		.uleb128 0x1
 661 00be 31       		.uleb128 0x31
 662 00bf 13       		.uleb128 0x13
 663 00c0 00       		.byte	0
 664 00c1 00       		.byte	0
 665 00c2 10       		.uleb128 0x10
 666 00c3 898201   		.uleb128 0x4109
 667 00c6 01       		.byte	0x1
 668 00c7 11       		.uleb128 0x11
 669 00c8 01       		.uleb128 0x1
 670 00c9 31       		.uleb128 0x31
 671 00ca 13       		.uleb128 0x13
 672 00cb 01       		.uleb128 0x1
 673 00cc 13       		.uleb128 0x13
 674 00cd 00       		.byte	0
 675 00ce 00       		.byte	0
 676 00cf 11       		.uleb128 0x11
 677 00d0 8A8201   		.uleb128 0x410a
 678 00d3 00       		.byte	0
 679 00d4 02       		.uleb128 0x2
 680 00d5 18       		.uleb128 0x18
 681 00d6 9142     		.uleb128 0x2111
 682 00d8 18       		.uleb128 0x18
 683 00d9 00       		.byte	0
 684 00da 00       		.byte	0
 685 00db 12       		.uleb128 0x12
 686 00dc 898201   		.uleb128 0x4109
 687 00df 01       		.byte	0x1
 688 00e0 11       		.uleb128 0x11
 689 00e1 01       		.uleb128 0x1
 690 00e2 31       		.uleb128 0x31
 691 00e3 13       		.uleb128 0x13
 692 00e4 00       		.byte	0
ARM GAS  C:\Users\Sarah\AppData\Local\Temp\cc060oF3.s 			page 14


 693 00e5 00       		.byte	0
 694 00e6 13       		.uleb128 0x13
 695 00e7 01       		.uleb128 0x1
 696 00e8 01       		.byte	0x1
 697 00e9 49       		.uleb128 0x49
 698 00ea 13       		.uleb128 0x13
 699 00eb 01       		.uleb128 0x1
 700 00ec 13       		.uleb128 0x13
 701 00ed 00       		.byte	0
 702 00ee 00       		.byte	0
 703 00ef 14       		.uleb128 0x14
 704 00f0 21       		.uleb128 0x21
 705 00f1 00       		.byte	0
 706 00f2 49       		.uleb128 0x49
 707 00f3 13       		.uleb128 0x13
 708 00f4 2F       		.uleb128 0x2f
 709 00f5 0B       		.uleb128 0xb
 710 00f6 00       		.byte	0
 711 00f7 00       		.byte	0
 712 00f8 15       		.uleb128 0x15
 713 00f9 34       		.uleb128 0x34
 714 00fa 00       		.byte	0
 715 00fb 03       		.uleb128 0x3
 716 00fc 0E       		.uleb128 0xe
 717 00fd 3A       		.uleb128 0x3a
 718 00fe 0B       		.uleb128 0xb
 719 00ff 3B       		.uleb128 0x3b
 720 0100 0B       		.uleb128 0xb
 721 0101 49       		.uleb128 0x49
 722 0102 13       		.uleb128 0x13
 723 0103 3F       		.uleb128 0x3f
 724 0104 19       		.uleb128 0x19
 725 0105 02       		.uleb128 0x2
 726 0106 18       		.uleb128 0x18
 727 0107 00       		.byte	0
 728 0108 00       		.byte	0
 729 0109 16       		.uleb128 0x16
 730 010a 2E       		.uleb128 0x2e
 731 010b 01       		.byte	0x1
 732 010c 3F       		.uleb128 0x3f
 733 010d 19       		.uleb128 0x19
 734 010e 03       		.uleb128 0x3
 735 010f 0E       		.uleb128 0xe
 736 0110 3A       		.uleb128 0x3a
 737 0111 0B       		.uleb128 0xb
 738 0112 3B       		.uleb128 0x3b
 739 0113 0B       		.uleb128 0xb
 740 0114 49       		.uleb128 0x49
 741 0115 13       		.uleb128 0x13
 742 0116 3C       		.uleb128 0x3c
 743 0117 19       		.uleb128 0x19
 744 0118 01       		.uleb128 0x1
 745 0119 13       		.uleb128 0x13
 746 011a 00       		.byte	0
 747 011b 00       		.byte	0
 748 011c 17       		.uleb128 0x17
 749 011d 18       		.uleb128 0x18
ARM GAS  C:\Users\Sarah\AppData\Local\Temp\cc060oF3.s 			page 15


 750 011e 00       		.byte	0
 751 011f 00       		.byte	0
 752 0120 00       		.byte	0
 753 0121 18       		.uleb128 0x18
 754 0122 2E       		.uleb128 0x2e
 755 0123 01       		.byte	0x1
 756 0124 3F       		.uleb128 0x3f
 757 0125 19       		.uleb128 0x19
 758 0126 03       		.uleb128 0x3
 759 0127 0E       		.uleb128 0xe
 760 0128 3A       		.uleb128 0x3a
 761 0129 0B       		.uleb128 0xb
 762 012a 3B       		.uleb128 0x3b
 763 012b 0B       		.uleb128 0xb
 764 012c 27       		.uleb128 0x27
 765 012d 19       		.uleb128 0x19
 766 012e 3C       		.uleb128 0x3c
 767 012f 19       		.uleb128 0x19
 768 0130 01       		.uleb128 0x1
 769 0131 13       		.uleb128 0x13
 770 0132 00       		.byte	0
 771 0133 00       		.byte	0
 772 0134 19       		.uleb128 0x19
 773 0135 05       		.uleb128 0x5
 774 0136 00       		.byte	0
 775 0137 49       		.uleb128 0x49
 776 0138 13       		.uleb128 0x13
 777 0139 00       		.byte	0
 778 013a 00       		.byte	0
 779 013b 1A       		.uleb128 0x1a
 780 013c 2E       		.uleb128 0x2e
 781 013d 01       		.byte	0x1
 782 013e 3F       		.uleb128 0x3f
 783 013f 19       		.uleb128 0x19
 784 0140 03       		.uleb128 0x3
 785 0141 0E       		.uleb128 0xe
 786 0142 27       		.uleb128 0x27
 787 0143 19       		.uleb128 0x19
 788 0144 49       		.uleb128 0x49
 789 0145 13       		.uleb128 0x13
 790 0146 34       		.uleb128 0x34
 791 0147 19       		.uleb128 0x19
 792 0148 3C       		.uleb128 0x3c
 793 0149 19       		.uleb128 0x19
 794 014a 01       		.uleb128 0x1
 795 014b 13       		.uleb128 0x13
 796 014c 00       		.byte	0
 797 014d 00       		.byte	0
 798 014e 1B       		.uleb128 0x1b
 799 014f 2E       		.uleb128 0x2e
 800 0150 01       		.byte	0x1
 801 0151 3F       		.uleb128 0x3f
 802 0152 19       		.uleb128 0x19
 803 0153 03       		.uleb128 0x3
 804 0154 0E       		.uleb128 0xe
 805 0155 3A       		.uleb128 0x3a
 806 0156 0B       		.uleb128 0xb
ARM GAS  C:\Users\Sarah\AppData\Local\Temp\cc060oF3.s 			page 16


 807 0157 3B       		.uleb128 0x3b
 808 0158 0B       		.uleb128 0xb
 809 0159 27       		.uleb128 0x27
 810 015a 19       		.uleb128 0x19
 811 015b 49       		.uleb128 0x49
 812 015c 13       		.uleb128 0x13
 813 015d 3C       		.uleb128 0x3c
 814 015e 19       		.uleb128 0x19
 815 015f 01       		.uleb128 0x1
 816 0160 13       		.uleb128 0x13
 817 0161 00       		.byte	0
 818 0162 00       		.byte	0
 819 0163 1C       		.uleb128 0x1c
 820 0164 2E       		.uleb128 0x2e
 821 0165 01       		.byte	0x1
 822 0166 3F       		.uleb128 0x3f
 823 0167 19       		.uleb128 0x19
 824 0168 03       		.uleb128 0x3
 825 0169 0E       		.uleb128 0xe
 826 016a 3A       		.uleb128 0x3a
 827 016b 0B       		.uleb128 0xb
 828 016c 3B       		.uleb128 0x3b
 829 016d 0B       		.uleb128 0xb
 830 016e 3C       		.uleb128 0x3c
 831 016f 19       		.uleb128 0x19
 832 0170 01       		.uleb128 0x1
 833 0171 13       		.uleb128 0x13
 834 0172 00       		.byte	0
 835 0173 00       		.byte	0
 836 0174 1D       		.uleb128 0x1d
 837 0175 2E       		.uleb128 0x2e
 838 0176 01       		.byte	0x1
 839 0177 3F       		.uleb128 0x3f
 840 0178 19       		.uleb128 0x19
 841 0179 03       		.uleb128 0x3
 842 017a 0E       		.uleb128 0xe
 843 017b 3A       		.uleb128 0x3a
 844 017c 0B       		.uleb128 0xb
 845 017d 3B       		.uleb128 0x3b
 846 017e 0B       		.uleb128 0xb
 847 017f 49       		.uleb128 0x49
 848 0180 13       		.uleb128 0x13
 849 0181 3C       		.uleb128 0x3c
 850 0182 19       		.uleb128 0x19
 851 0183 00       		.byte	0
 852 0184 00       		.byte	0
 853 0185 00       		.byte	0
 854              		.section	.debug_loc,"",%progbits
 855              	.Ldebug_loc0:
 856              	.LLST0:
 857 0000 0A000000 		.4byte	.LVL0
 858 0004 0C000000 		.4byte	.LVL1
 859 0008 0200     		.2byte	0x2
 860 000a 31       		.byte	0x31
 861 000b 9F       		.byte	0x9f
 862 000c 0C000000 		.4byte	.LVL1
 863 0010 10000000 		.4byte	.LVL2
ARM GAS  C:\Users\Sarah\AppData\Local\Temp\cc060oF3.s 			page 17


 864 0014 0100     		.2byte	0x1
 865 0016 52       		.byte	0x52
 866 0017 10000000 		.4byte	.LVL2
 867 001b 22000000 		.4byte	.LVL6
 868 001f 0200     		.2byte	0x2
 869 0021 30       		.byte	0x30
 870 0022 9F       		.byte	0x9f
 871 0023 22000000 		.4byte	.LVL6
 872 0027 2D000000 		.4byte	.LVL7-1
 873 002b 0100     		.2byte	0x1
 874 002d 52       		.byte	0x52
 875 002e 5A000000 		.4byte	.LVL13
 876 0032 68000000 		.4byte	.LFE37
 877 0036 0200     		.2byte	0x2
 878 0038 31       		.byte	0x31
 879 0039 9F       		.byte	0x9f
 880 003a 00000000 		.4byte	0
 881 003e 00000000 		.4byte	0
 882              		.section	.debug_aranges,"",%progbits
 883 0000 1C000000 		.4byte	0x1c
 884 0004 0200     		.2byte	0x2
 885 0006 00000000 		.4byte	.Ldebug_info0
 886 000a 04       		.byte	0x4
 887 000b 00       		.byte	0
 888 000c 0000     		.2byte	0
 889 000e 0000     		.2byte	0
 890 0010 00000000 		.4byte	.LFB37
 891 0014 68000000 		.4byte	.LFE37-.LFB37
 892 0018 00000000 		.4byte	0
 893 001c 00000000 		.4byte	0
 894              		.section	.debug_ranges,"",%progbits
 895              	.Ldebug_ranges0:
 896 0000 00000000 		.4byte	.LFB37
 897 0004 68000000 		.4byte	.LFE37
 898 0008 00000000 		.4byte	0
 899 000c 00000000 		.4byte	0
 900              		.section	.debug_line,"",%progbits
 901              	.Ldebug_line0:
 902 0000 FB000000 		.section	.debug_str,"MS",%progbits,1
 902      0200D500 
 902      00000201 
 902      FB0E0D00 
 902      01010101 
 903              	.LASF22:
 904 0000 4F6E6557 		.ascii	"OneWire_ReadTemperature\000"
 904      6972655F 
 904      52656164 
 904      54656D70 
 904      65726174 
 905              	.LASF16:
 906 0018 70726573 		.ascii	"present\000"
 906      656E7400 
 907              	.LASF23:
 908 0020 4C45445F 		.ascii	"LED_Write\000"
 908      57726974 
 908      6500
 909              	.LASF32:
ARM GAS  C:\Users\Sarah\AppData\Local\Temp\cc060oF3.s 			page 18


 910 002a 433A5C55 		.ascii	"C:\\Users\\Sarah\\Documents\\PSoC Creator\\Workspac"
 910      73657273 
 910      5C536172 
 910      61685C44 
 910      6F63756D 
 911 0058 6530315C 		.ascii	"e01\\TempSensor.cydsn\000"
 911      54656D70 
 911      53656E73 
 911      6F722E63 
 911      7964736E 
 912              	.LASF15:
 913 006d 54656D70 		.ascii	"Temperature\000"
 913      65726174 
 913      75726500 
 914              	.LASF3:
 915 0079 73686F72 		.ascii	"short unsigned int\000"
 915      7420756E 
 915      7369676E 
 915      65642069 
 915      6E7400
 916              	.LASF19:
 917 008c 7374724D 		.ascii	"strMsg\000"
 917      736700
 918              	.LASF12:
 919 0093 666C6F61 		.ascii	"float\000"
 919      7400
 920              	.LASF28:
 921 0099 4F6E6557 		.ascii	"OneWire_Start\000"
 921      6972655F 
 921      53746172 
 921      7400
 922              	.LASF20:
 923 00a7 4F6E6557 		.ascii	"OneWire_Sensor\000"
 923      6972655F 
 923      53656E73 
 923      6F7200
 924              	.LASF1:
 925 00b6 756E7369 		.ascii	"unsigned char\000"
 925      676E6564 
 925      20636861 
 925      7200
 926              	.LASF5:
 927 00c4 6C6F6E67 		.ascii	"long unsigned int\000"
 927      20756E73 
 927      69676E65 
 927      6420696E 
 927      7400
 928              	.LASF9:
 929 00d6 75696E74 		.ascii	"uint8\000"
 929      3800
 930              	.LASF24:
 931 00dc 6D656D73 		.ascii	"memset\000"
 931      657400
 932              	.LASF13:
 933 00e3 646F7562 		.ascii	"double\000"
 933      6C6500
 934              	.LASF34:
ARM GAS  C:\Users\Sarah\AppData\Local\Temp\cc060oF3.s 			page 19


 935 00ea 6D61696E 		.ascii	"main\000"
 935      00
 936              	.LASF21:
 937 00ef 4F6E6557 		.ascii	"OneWire_DataReady\000"
 937      6972655F 
 937      44617461 
 937      52656164 
 937      7900
 938              	.LASF10:
 939 0101 75696E74 		.ascii	"uint16\000"
 939      313600
 940              	.LASF29:
 941 0108 4F6E6557 		.ascii	"OneWire_SendTemperatureRequest\000"
 941      6972655F 
 941      53656E64 
 941      54656D70 
 941      65726174 
 942              	.LASF11:
 943 0127 75696E74 		.ascii	"uint32\000"
 943      333200
 944              	.LASF18:
 945 012e 666C6167 		.ascii	"flag\000"
 945      00
 946              	.LASF8:
 947 0133 756E7369 		.ascii	"unsigned int\000"
 947      676E6564 
 947      20696E74 
 947      00
 948              	.LASF7:
 949 0140 6C6F6E67 		.ascii	"long long unsigned int\000"
 949      206C6F6E 
 949      6720756E 
 949      7369676E 
 949      65642069 
 950              	.LASF17:
 951 0157 73697A65 		.ascii	"sizetype\000"
 951      74797065 
 951      00
 952              	.LASF6:
 953 0160 6C6F6E67 		.ascii	"long long int\000"
 953      206C6F6E 
 953      6720696E 
 953      7400
 954              	.LASF31:
 955 016e 6D61696E 		.ascii	"main.c\000"
 955      2E6300
 956              	.LASF14:
 957 0175 63686172 		.ascii	"char\000"
 957      00
 958              	.LASF30:
 959 017a 474E5520 		.ascii	"GNU C 4.9.3 20150303 (release) [ARM/embedded-4_9-br"
 959      4320342E 
 959      392E3320 
 959      32303135 
 959      30333033 
 960 01ad 616E6368 		.ascii	"anch revision 221220] -mcpu=cortex-m0 -mthumb -g -O"
 960      20726576 
ARM GAS  C:\Users\Sarah\AppData\Local\Temp\cc060oF3.s 			page 20


 960      6973696F 
 960      6E203232 
 960      31323230 
 961 01e0 67202D66 		.ascii	"g -ffunction-sections -ffat-lto-objects\000"
 961      66756E63 
 961      74696F6E 
 961      2D736563 
 961      74696F6E 
 962              	.LASF2:
 963 0208 73686F72 		.ascii	"short int\000"
 963      7420696E 
 963      7400
 964              	.LASF4:
 965 0212 6C6F6E67 		.ascii	"long int\000"
 965      20696E74 
 965      00
 966              	.LASF33:
 967 021b 4F6E6557 		.ascii	"OneWire_TSensor\000"
 967      6972655F 
 967      5453656E 
 967      736F7200 
 968              	.LASF0:
 969 022b 7369676E 		.ascii	"signed char\000"
 969      65642063 
 969      68617200 
 970              	.LASF26:
 971 0237 73707269 		.ascii	"sprintf\000"
 971      6E746600 
 972              	.LASF27:
 973 023f 43794465 		.ascii	"CyDelay\000"
 973      6C617900 
 974              	.LASF25:
 975 0247 4F6E6557 		.ascii	"OneWire_GetTemperatureAsFloat\000"
 975      6972655F 
 975      47657454 
 975      656D7065 
 975      72617475 
 976              		.ident	"GCC: (GNU Tools for ARM Embedded Processors) 4.9.3 20150303 (release) [ARM/embedded-4_9-br
